[1.578s] Invoking command in '/home/shibin/ws_sensor_combined/src/rrt_package': PYTHONPATH=/home/shibin/ws_sensor_combined/build/rrt_package/prefix_override:/usr/lib/python3/dist-packages/colcon_core/task/python/colcon_distutils_commands:/home/shibin/ws_sensor_combined/install/rrt_package/lib/python3.10/site-packages:${PYTHONPATH} /usr/bin/python3 -W ignore:setup.py install is deprecated -W ignore:easy_install command is deprecated setup.py egg_info --egg-base ../../build/rrt_package build --build-base /home/shibin/ws_sensor_combined/build/rrt_package/build install --record /home/shibin/ws_sensor_combined/build/rrt_package/install.log --single-version-externally-managed install_data
[2.037s] running egg_info
[2.037s] writing ../../build/rrt_package/rrt_package.egg-info/PKG-INFO
[2.038s] writing dependency_links to ../../build/rrt_package/rrt_package.egg-info/dependency_links.txt
[2.038s] writing entry points to ../../build/rrt_package/rrt_package.egg-info/entry_points.txt
[2.038s] writing requirements to ../../build/rrt_package/rrt_package.egg-info/requires.txt
[2.038s] writing top-level names to ../../build/rrt_package/rrt_package.egg-info/top_level.txt
[2.040s] reading manifest file '../../build/rrt_package/rrt_package.egg-info/SOURCES.txt'
[2.040s] adding license file 'LICENSE'
[2.041s] writing manifest file '../../build/rrt_package/rrt_package.egg-info/SOURCES.txt'
[2.041s] running build
[2.041s] running build_py
[2.042s] copying rrt_package/my_node.py -> /home/shibin/ws_sensor_combined/build/rrt_package/build/lib/rrt_package
[2.042s] running install
[2.042s] running install_lib
[2.043s] copying /home/shibin/ws_sensor_combined/build/rrt_package/build/lib/rrt_package/my_node.py -> /home/shibin/ws_sensor_combined/install/rrt_package/lib/python3.10/site-packages/rrt_package
[2.044s] byte-compiling /home/shibin/ws_sensor_combined/install/rrt_package/lib/python3.10/site-packages/rrt_package/my_node.py to my_node.cpython-310.pyc
[2.047s] running install_data
[2.047s] running install_egg_info
[2.049s] removing '/home/shibin/ws_sensor_combined/install/rrt_package/lib/python3.10/site-packages/rrt_package-0.0.0-py3.10.egg-info' (and everything under it)
[2.050s] Copying ../../build/rrt_package/rrt_package.egg-info to /home/shibin/ws_sensor_combined/install/rrt_package/lib/python3.10/site-packages/rrt_package-0.0.0-py3.10.egg-info
[2.051s] running install_scripts
[2.075s] Installing my_node script to /home/shibin/ws_sensor_combined/install/rrt_package/lib/rrt_package
[2.075s] Installing my_node2 script to /home/shibin/ws_sensor_combined/install/rrt_package/lib/rrt_package
[2.075s] writing list of installed files to '/home/shibin/ws_sensor_combined/build/rrt_package/install.log'
[2.408s] Invoked command in '/home/shibin/ws_sensor_combined/src/rrt_package' returned '0': PYTHONPATH=/home/shibin/ws_sensor_combined/build/rrt_package/prefix_override:/usr/lib/python3/dist-packages/colcon_core/task/python/colcon_distutils_commands:/home/shibin/ws_sensor_combined/install/rrt_package/lib/python3.10/site-packages:${PYTHONPATH} /usr/bin/python3 -W ignore:setup.py install is deprecated -W ignore:easy_install command is deprecated setup.py egg_info --egg-base ../../build/rrt_package build --build-base /home/shibin/ws_sensor_combined/build/rrt_package/build install --record /home/shibin/ws_sensor_combined/build/rrt_package/install.log --single-version-externally-managed install_data
