running egg_info
creating ../../build/rrt_package/rrt_package.egg-info
writing ../../build/rrt_package/rrt_package.egg-info/PKG-INFO
writing dependency_links to ../../build/rrt_package/rrt_package.egg-info/dependency_links.txt
writing entry points to ../../build/rrt_package/rrt_package.egg-info/entry_points.txt
writing requirements to ../../build/rrt_package/rrt_package.egg-info/requires.txt
writing top-level names to ../../build/rrt_package/rrt_package.egg-info/top_level.txt
writing manifest file '../../build/rrt_package/rrt_package.egg-info/SOURCES.txt'
reading manifest file '../../build/rrt_package/rrt_package.egg-info/SOURCES.txt'
adding license file 'LICENSE'
writing manifest file '../../build/rrt_package/rrt_package.egg-info/SOURCES.txt'
running build
running build_py
creating /home/shibin/ws_sensor_combined/build/rrt_package/build
creating /home/shibin/ws_sensor_combined/build/rrt_package/build/lib
creating /home/shibin/ws_sensor_combined/build/rrt_package/build/lib/rrt_package
copying rrt_package/__init__.py -> /home/shibin/ws_sensor_combined/build/rrt_package/build/lib/rrt_package
copying rrt_package/my_node.py -> /home/shibin/ws_sensor_combined/build/rrt_package/build/lib/rrt_package
running install
running install_lib
creating /home/shibin/ws_sensor_combined/install/rrt_package/lib/python3.10/site-packages/rrt_package
copying /home/shibin/ws_sensor_combined/build/rrt_package/build/lib/rrt_package/__init__.py -> /home/shibin/ws_sensor_combined/install/rrt_package/lib/python3.10/site-packages/rrt_package
copying /home/shibin/ws_sensor_combined/build/rrt_package/build/lib/rrt_package/my_node.py -> /home/shibin/ws_sensor_combined/install/rrt_package/lib/python3.10/site-packages/rrt_package
byte-compiling /home/shibin/ws_sensor_combined/install/rrt_package/lib/python3.10/site-packages/rrt_package/__init__.py to __init__.cpython-310.pyc
byte-compiling /home/shibin/ws_sensor_combined/install/rrt_package/lib/python3.10/site-packages/rrt_package/my_node.py to my_node.cpython-310.pyc
running install_data
creating /home/shibin/ws_sensor_combined/install/rrt_package/share/ament_index
creating /home/shibin/ws_sensor_combined/install/rrt_package/share/ament_index/resource_index
creating /home/shibin/ws_sensor_combined/install/rrt_package/share/ament_index/resource_index/packages
copying resource/rrt_package -> /home/shibin/ws_sensor_combined/install/rrt_package/share/ament_index/resource_index/packages
copying package.xml -> /home/shibin/ws_sensor_combined/install/rrt_package/share/rrt_package
running install_egg_info
Copying ../../build/rrt_package/rrt_package.egg-info to /home/shibin/ws_sensor_combined/install/rrt_package/lib/python3.10/site-packages/rrt_package-0.0.0-py3.10.egg-info
running install_scripts
Installing my_node script to /home/shibin/ws_sensor_combined/install/rrt_package/lib/rrt_package
writing list of installed files to '/home/shibin/ws_sensor_combined/build/rrt_package/install.log'
