[1.773s] Invoking command in '/home/shibin/ros2_ws/src/rrt_package': PYTHONPATH=/home/shibin/ros2_ws/build/rrt_package/prefix_override:/usr/lib/python3/dist-packages/colcon_core/task/python/colcon_distutils_commands:/home/shibin/ros2_ws/install/rrt_package/lib/python3.10/site-packages:${PYTHONPATH} /usr/bin/python3 -W ignore:setup.py install is deprecated -W ignore:easy_install command is deprecated setup.py egg_info --egg-base ../../build/rrt_package build --build-base /home/shibin/ros2_ws/build/rrt_package/build install --record /home/shibin/ros2_ws/build/rrt_package/install.log --single-version-externally-managed install_data
[2.653s] running egg_info
[2.711s] writing ../../build/rrt_package/rrt_package.egg-info/PKG-INFO
[2.714s] writing dependency_links to ../../build/rrt_package/rrt_package.egg-info/dependency_links.txt
[2.715s] writing entry points to ../../build/rrt_package/rrt_package.egg-info/entry_points.txt
[2.715s] writing requirements to ../../build/rrt_package/rrt_package.egg-info/requires.txt
[2.718s] writing top-level names to ../../build/rrt_package/rrt_package.egg-info/top_level.txt
[2.850s] reading manifest file '../../build/rrt_package/rrt_package.egg-info/SOURCES.txt'
[2.853s] adding license file 'LICENSE'
[2.856s] writing manifest file '../../build/rrt_package/rrt_package.egg-info/SOURCES.txt'
[2.856s] running build
[2.857s] running build_py
[2.858s] copying rrt_package/my_node2.py -> /home/shibin/ros2_ws/build/rrt_package/build/lib/rrt_package
[2.858s] copying rrt_package/lidar_data_node.py -> /home/shibin/ros2_ws/build/rrt_package/build/lib/rrt_package
[2.859s] copying rrt_package/my_node4.py -> /home/shibin/ros2_ws/build/rrt_package/build/lib/rrt_package
[2.860s] copying rrt_package/my_node.py -> /home/shibin/ros2_ws/build/rrt_package/build/lib/rrt_package
[2.860s] copying rrt_package/mynode3.py -> /home/shibin/ros2_ws/build/rrt_package/build/lib/rrt_package
[2.862s] copying rrt_package/__init__.py -> /home/shibin/ros2_ws/build/rrt_package/build/lib/rrt_package
[2.862s] running install
[2.877s] running install_lib
[2.936s] running install_data
[2.939s] copying resource/rrt_package -> /home/shibin/ros2_ws/install/rrt_package/share/ament_index/resource_index/packages
[2.940s] copying package.xml -> /home/shibin/ros2_ws/install/rrt_package/share/rrt_package
[2.940s] running install_egg_info
[2.996s] removing '/home/shibin/ros2_ws/install/rrt_package/lib/python3.10/site-packages/rrt_package-0.0.0-py3.10.egg-info' (and everything under it)
[2.997s] Copying ../../build/rrt_package/rrt_package.egg-info to /home/shibin/ros2_ws/install/rrt_package/lib/python3.10/site-packages/rrt_package-0.0.0-py3.10.egg-info
[3.000s] running install_scripts
[3.496s] Installing lidar_data_node script to /home/shibin/ros2_ws/install/rrt_package/lib/rrt_package
[3.498s] Installing my_node script to /home/shibin/ros2_ws/install/rrt_package/lib/rrt_package
[3.499s] Installing my_node2 script to /home/shibin/ros2_ws/install/rrt_package/lib/rrt_package
[3.499s] Installing my_node4 script to /home/shibin/ros2_ws/install/rrt_package/lib/rrt_package
[3.499s] Installing mynode3 script to /home/shibin/ros2_ws/install/rrt_package/lib/rrt_package
[3.500s] writing list of installed files to '/home/shibin/ros2_ws/build/rrt_package/install.log'
[3.570s] Invoked command in '/home/shibin/ros2_ws/src/rrt_package' returned '0': PYTHONPATH=/home/shibin/ros2_ws/build/rrt_package/prefix_override:/usr/lib/python3/dist-packages/colcon_core/task/python/colcon_distutils_commands:/home/shibin/ros2_ws/install/rrt_package/lib/python3.10/site-packages:${PYTHONPATH} /usr/bin/python3 -W ignore:setup.py install is deprecated -W ignore:easy_install command is deprecated setup.py egg_info --egg-base ../../build/rrt_package build --build-base /home/shibin/ros2_ws/build/rrt_package/build install --record /home/shibin/ros2_ws/build/rrt_package/install.log --single-version-externally-managed install_data
