[0.120s] Invoking command in '/home/shibin/ros2_ws/build/px4_msgs_old': CMAKE_PREFIX_PATH=${CMAKE_PREFIX_PATH}:/home/shibin/ros2_ws/install/rrt_package:/home/shibin/ros2_ws/install/px4_offboard:/opt/ros/humble /usr/bin/cmake --build /home/shibin/ros2_ws/build/px4_msgs_old -- -j8 -l8
[1.530s] Invoked command in '/home/shibin/ros2_ws/build/px4_msgs_old' returned '0': CMAKE_PREFIX_PATH=${CMAKE_PREFIX_PATH}:/home/shibin/ros2_ws/install/rrt_package:/home/shibin/ros2_ws/install/px4_offboard:/opt/ros/humble /usr/bin/cmake --build /home/shibin/ros2_ws/build/px4_msgs_old -- -j8 -l8
[1.578s] Invoking command in '/home/shibin/ros2_ws/build/px4_msgs_old': CMAKE_PREFIX_PATH=${CMAKE_PREFIX_PATH}:/home/shibin/ros2_ws/install/rrt_package:/home/shibin/ros2_ws/install/px4_offboard:/opt/ros/humble /usr/bin/cmake --install /home/shibin/ros2_ws/build/px4_msgs_old
[1.612s] -- Install configuration: ""
[1.613s] -- Up-to-date: /home/shibin/ros2_ws/install/px4_msgs_old/share/ament_index/resource_index/package_run_dependencies/px4_msgs_old
[1.613s] -- Up-to-date: /home/shibin/ros2_ws/install/px4_msgs_old/share/ament_index/resource_index/parent_prefix_path/px4_msgs_old
[1.614s] -- Up-to-date: /home/shibin/ros2_ws/install/px4_msgs_old/share/px4_msgs_old/environment/ament_prefix_path.sh
[1.614s] -- Up-to-date: /home/shibin/ros2_ws/install/px4_msgs_old/share/px4_msgs_old/environment/ament_prefix_path.dsv
[1.615s] -- Up-to-date: /home/shibin/ros2_ws/install/px4_msgs_old/share/px4_msgs_old/environment/path.sh
[1.616s] -- Up-to-date: /home/shibin/ros2_ws/install/px4_msgs_old/share/px4_msgs_old/environment/path.dsv
[1.621s] -- Up-to-date: /home/shibin/ros2_ws/install/px4_msgs_old/share/px4_msgs_old/local_setup.bash
[1.621s] -- Up-to-date: /home/shibin/ros2_ws/install/px4_msgs_old/share/px4_msgs_old/local_setup.sh
[1.622s] -- Up-to-date: /home/shibin/ros2_ws/install/px4_msgs_old/share/px4_msgs_old/local_setup.zsh
[1.627s] -- Up-to-date: /home/shibin/ros2_ws/install/px4_msgs_old/share/px4_msgs_old/local_setup.dsv
[1.628s] -- Installing: /home/shibin/ros2_ws/install/px4_msgs_old/share/px4_msgs_old/package.dsv
[1.628s] -- Up-to-date: /home/shibin/ros2_ws/install/px4_msgs_old/share/ament_index/resource_index/packages/px4_msgs_old
[1.629s] -- Up-to-date: /home/shibin/ros2_ws/install/px4_msgs_old/share/px4_msgs_old/cmake/ament_cmake_export_dependencies-extras.cmake
[1.638s] -- Up-to-date: /home/shibin/ros2_ws/install/px4_msgs_old/share/px4_msgs_old/cmake/px4_msgs_oldConfig.cmake
[1.638s] -- Up-to-date: /home/shibin/ros2_ws/install/px4_msgs_old/share/px4_msgs_old/cmake/px4_msgs_oldConfig-version.cmake
[1.639s] -- Up-to-date: /home/shibin/ros2_ws/install/px4_msgs_old/share/px4_msgs_old/package.xml
[1.650s] Invoked command in '/home/shibin/ros2_ws/build/px4_msgs_old' returned '0': CMAKE_PREFIX_PATH=${CMAKE_PREFIX_PATH}:/home/shibin/ros2_ws/install/rrt_package:/home/shibin/ros2_ws/install/px4_offboard:/opt/ros/humble /usr/bin/cmake --install /home/shibin/ros2_ws/build/px4_msgs_old
