[0.148s] DEBUG:colcon:Command line arguments: ['/usr/bin/colcon', 'build']
[0.148s] DEBUG:colcon:Parsed command line arguments: Namespace(log_base=None, log_level=None, verb_name='build', build_base='build', install_base='install', merge_install=False, symlink_install=False, test_result_base=None, continue_on_error=False, executor='parallel', parallel_workers=8, event_handlers=None, ignore_user_meta=False, metas=['./colcon.meta'], base_paths=['.'], packages_ignore=None, packages_ignore_regex=None, paths=None, packages_up_to=None, packages_up_to_regex=None, packages_above=None, packages_above_and_dependencies=None, packages_above_depth=None, packages_select_by_dep=None, packages_skip_by_dep=None, packages_skip_up_to=None, packages_select_build_failed=False, packages_skip_build_finished=False, packages_select_test_failures=False, packages_skip_test_passed=False, packages_select=None, packages_skip=None, packages_select_regex=None, packages_skip_regex=None, packages_start=None, packages_end=None, allow_overriding=[], cmake_args=None, cmake_target=None, cmake_target_skip_unavailable=False, cmake_clean_cache=False, cmake_clean_first=False, cmake_force_configure=False, ament_cmake_args=None, catkin_cmake_args=None, catkin_skip_building_tests=False, mixin_files=None, mixin=None, verb_parser=<colcon_mixin.mixin.mixin_argument.MixinArgumentDecorator object at 0x79e7ddd63af0>, verb_extension=<colcon_core.verb.build.BuildVerb object at 0x79e7ddeb0a60>, main=<bound method BuildVerb.main of <colcon_core.verb.build.BuildVerb object at 0x79e7ddeb0a60>>, mixin_verb=('build',))
[0.459s] Level 1:colcon.colcon_core.package_discovery:discover_packages(colcon_meta) check parameters
[0.459s] Level 1:colcon.colcon_core.package_discovery:discover_packages(recursive) check parameters
[0.460s] Level 1:colcon.colcon_core.package_discovery:discover_packages(ignore) check parameters
[0.460s] Level 1:colcon.colcon_core.package_discovery:discover_packages(path) check parameters
[0.460s] Level 1:colcon.colcon_core.package_discovery:discover_packages(colcon_meta) discover
[0.460s] Level 1:colcon.colcon_core.package_discovery:discover_packages(recursive) discover
[0.460s] INFO:colcon.colcon_core.package_discovery:Crawling recursively for packages in '/home/shibin/ws_sensor_combined'
[0.460s] Level 1:colcon.colcon_core.package_identification:_identify(.) by extensions ['ignore', 'ignore_ament_install']
[0.460s] Level 1:colcon.colcon_core.package_identification:_identify(.) by extension 'ignore'
[0.460s] Level 1:colcon.colcon_core.package_identification:_identify(.) by extension 'ignore_ament_install'
[0.460s] Level 1:colcon.colcon_core.package_identification:_identify(.) by extensions ['colcon_pkg']
[0.460s] Level 1:colcon.colcon_core.package_identification:_identify(.) by extension 'colcon_pkg'
[0.460s] Level 1:colcon.colcon_core.package_identification:_identify(.) by extensions ['colcon_meta']
[0.460s] Level 1:colcon.colcon_core.package_identification:_identify(.) by extension 'colcon_meta'
[0.460s] Level 1:colcon.colcon_core.package_identification:_identify(.) by extensions ['ros']
[0.460s] Level 1:colcon.colcon_core.package_identification:_identify(.) by extension 'ros'
[0.472s] Level 1:colcon.colcon_core.package_identification:_identify(.) by extensions ['cmake', 'python']
[0.472s] Level 1:colcon.colcon_core.package_identification:_identify(.) by extension 'cmake'
[0.472s] Level 1:colcon.colcon_core.package_identification:_identify(.) by extension 'python'
[0.472s] Level 1:colcon.colcon_core.package_identification:_identify(.) by extensions ['python_setup_py']
[0.472s] Level 1:colcon.colcon_core.package_identification:_identify(.) by extension 'python_setup_py'
[0.473s] Level 1:colcon.colcon_core.package_identification:_identify(build) by extensions ['ignore', 'ignore_ament_install']
[0.473s] Level 1:colcon.colcon_core.package_identification:_identify(build) by extension 'ignore'
[0.473s] Level 1:colcon.colcon_core.package_identification:_identify(build) ignored
[0.473s] Level 1:colcon.colcon_core.package_identification:_identify(install) by extensions ['ignore', 'ignore_ament_install']
[0.473s] Level 1:colcon.colcon_core.package_identification:_identify(install) by extension 'ignore'
[0.473s] Level 1:colcon.colcon_core.package_identification:_identify(install) ignored
[0.473s] Level 1:colcon.colcon_core.package_identification:_identify(log) by extensions ['ignore', 'ignore_ament_install']
[0.473s] Level 1:colcon.colcon_core.package_identification:_identify(log) by extension 'ignore'
[0.473s] Level 1:colcon.colcon_core.package_identification:_identify(log) ignored
[0.473s] Level 1:colcon.colcon_core.package_identification:_identify(src) by extensions ['ignore', 'ignore_ament_install']
[0.473s] Level 1:colcon.colcon_core.package_identification:_identify(src) by extension 'ignore'
[0.473s] Level 1:colcon.colcon_core.package_identification:_identify(src) by extension 'ignore_ament_install'
[0.473s] Level 1:colcon.colcon_core.package_identification:_identify(src) by extensions ['colcon_pkg']
[0.473s] Level 1:colcon.colcon_core.package_identification:_identify(src) by extension 'colcon_pkg'
[0.474s] Level 1:colcon.colcon_core.package_identification:_identify(src) by extensions ['colcon_meta']
[0.474s] Level 1:colcon.colcon_core.package_identification:_identify(src) by extension 'colcon_meta'
[0.474s] Level 1:colcon.colcon_core.package_identification:_identify(src) by extensions ['ros']
[0.474s] Level 1:colcon.colcon_core.package_identification:_identify(src) by extension 'ros'
[0.474s] Level 1:colcon.colcon_core.package_identification:_identify(src) by extensions ['cmake', 'python']
[0.474s] Level 1:colcon.colcon_core.package_identification:_identify(src) by extension 'cmake'
[0.474s] Level 1:colcon.colcon_core.package_identification:_identify(src) by extension 'python'
[0.474s] Level 1:colcon.colcon_core.package_identification:_identify(src) by extensions ['python_setup_py']
[0.474s] Level 1:colcon.colcon_core.package_identification:_identify(src) by extension 'python_setup_py'
[0.474s] Level 1:colcon.colcon_core.package_identification:_identify(src/gazebo_ros_bridge) by extensions ['ignore', 'ignore_ament_install']
[0.474s] Level 1:colcon.colcon_core.package_identification:_identify(src/gazebo_ros_bridge) by extension 'ignore'
[0.474s] Level 1:colcon.colcon_core.package_identification:_identify(src/gazebo_ros_bridge) by extension 'ignore_ament_install'
[0.474s] Level 1:colcon.colcon_core.package_identification:_identify(src/gazebo_ros_bridge) by extensions ['colcon_pkg']
[0.474s] Level 1:colcon.colcon_core.package_identification:_identify(src/gazebo_ros_bridge) by extension 'colcon_pkg'
[0.474s] Level 1:colcon.colcon_core.package_identification:_identify(src/gazebo_ros_bridge) by extensions ['colcon_meta']
[0.474s] Level 1:colcon.colcon_core.package_identification:_identify(src/gazebo_ros_bridge) by extension 'colcon_meta'
[0.474s] Level 1:colcon.colcon_core.package_identification:_identify(src/gazebo_ros_bridge) by extensions ['ros']
[0.474s] Level 1:colcon.colcon_core.package_identification:_identify(src/gazebo_ros_bridge) by extension 'ros'
[0.477s] DEBUG:colcon.colcon_core.package_identification:Package 'src/gazebo_ros_bridge' with type 'ros.ament_python' and name 'gazebo_ros_bridge'
[0.478s] Level 1:colcon.colcon_core.package_identification:_identify(src/px4_msgs) by extensions ['ignore', 'ignore_ament_install']
[0.478s] Level 1:colcon.colcon_core.package_identification:_identify(src/px4_msgs) by extension 'ignore'
[0.478s] Level 1:colcon.colcon_core.package_identification:_identify(src/px4_msgs) by extension 'ignore_ament_install'
[0.478s] Level 1:colcon.colcon_core.package_identification:_identify(src/px4_msgs) by extensions ['colcon_pkg']
[0.478s] Level 1:colcon.colcon_core.package_identification:_identify(src/px4_msgs) by extension 'colcon_pkg'
[0.478s] Level 1:colcon.colcon_core.package_identification:_identify(src/px4_msgs) by extensions ['colcon_meta']
[0.478s] Level 1:colcon.colcon_core.package_identification:_identify(src/px4_msgs) by extension 'colcon_meta'
[0.478s] Level 1:colcon.colcon_core.package_identification:_identify(src/px4_msgs) by extensions ['ros']
[0.478s] Level 1:colcon.colcon_core.package_identification:_identify(src/px4_msgs) by extension 'ros'
[0.479s] DEBUG:colcon.colcon_core.package_identification:Package 'src/px4_msgs' with type 'ros.ament_cmake' and name 'px4_msgs'
[0.479s] Level 1:colcon.colcon_core.package_identification:_identify(src/px4_ros_com) by extensions ['ignore', 'ignore_ament_install']
[0.479s] Level 1:colcon.colcon_core.package_identification:_identify(src/px4_ros_com) by extension 'ignore'
[0.479s] Level 1:colcon.colcon_core.package_identification:_identify(src/px4_ros_com) by extension 'ignore_ament_install'
[0.479s] Level 1:colcon.colcon_core.package_identification:_identify(src/px4_ros_com) by extensions ['colcon_pkg']
[0.479s] Level 1:colcon.colcon_core.package_identification:_identify(src/px4_ros_com) by extension 'colcon_pkg'
[0.479s] Level 1:colcon.colcon_core.package_identification:_identify(src/px4_ros_com) by extensions ['colcon_meta']
[0.479s] Level 1:colcon.colcon_core.package_identification:_identify(src/px4_ros_com) by extension 'colcon_meta'
[0.479s] Level 1:colcon.colcon_core.package_identification:_identify(src/px4_ros_com) by extensions ['ros']
[0.479s] Level 1:colcon.colcon_core.package_identification:_identify(src/px4_ros_com) by extension 'ros'
[0.481s] DEBUG:colcon.colcon_core.package_identification:Package 'src/px4_ros_com' with type 'ros.ament_cmake' and name 'px4_ros_com'
[0.481s] Level 1:colcon.colcon_core.package_identification:_identify(src/rrt_package) by extensions ['ignore', 'ignore_ament_install']
[0.481s] Level 1:colcon.colcon_core.package_identification:_identify(src/rrt_package) by extension 'ignore'
[0.481s] Level 1:colcon.colcon_core.package_identification:_identify(src/rrt_package) by extension 'ignore_ament_install'
[0.481s] Level 1:colcon.colcon_core.package_identification:_identify(src/rrt_package) by extensions ['colcon_pkg']
[0.481s] Level 1:colcon.colcon_core.package_identification:_identify(src/rrt_package) by extension 'colcon_pkg'
[0.481s] Level 1:colcon.colcon_core.package_identification:_identify(src/rrt_package) by extensions ['colcon_meta']
[0.481s] Level 1:colcon.colcon_core.package_identification:_identify(src/rrt_package) by extension 'colcon_meta'
[0.481s] Level 1:colcon.colcon_core.package_identification:_identify(src/rrt_package) by extensions ['ros']
[0.481s] Level 1:colcon.colcon_core.package_identification:_identify(src/rrt_package) by extension 'ros'
[0.482s] DEBUG:colcon.colcon_core.package_identification:Package 'src/rrt_package' with type 'ros.ament_python' and name 'rrt_package'
[0.482s] Level 1:colcon.colcon_core.package_discovery:discover_packages(recursive) using defaults
[0.482s] Level 1:colcon.colcon_core.package_discovery:discover_packages(ignore) discover
[0.482s] Level 1:colcon.colcon_core.package_discovery:discover_packages(ignore) using defaults
[0.482s] Level 1:colcon.colcon_core.package_discovery:discover_packages(path) discover
[0.482s] Level 1:colcon.colcon_core.package_discovery:discover_packages(path) using defaults
[0.507s] Level 1:colcon.colcon_core.package_discovery:discover_packages(prefix_path) check parameters
[0.507s] Level 1:colcon.colcon_core.package_discovery:discover_packages(prefix_path) discover
[0.511s] DEBUG:colcon.colcon_installed_package_information.package_discovery:Found 5 installed packages in /home/shibin/project_ws/install
[0.511s] DEBUG:colcon.colcon_installed_package_information.package_discovery:Found 3 installed packages in /home/shibin/ws_sensor_combined/install
[0.513s] DEBUG:colcon.colcon_installed_package_information.package_discovery:Found 378 installed packages in /opt/ros/humble
[0.515s] Level 1:colcon.colcon_core.package_discovery:discover_packages(prefix_path) using defaults
[0.565s] Level 5:colcon.colcon_core.verb:set package 'gazebo_ros_bridge' build argument 'cmake_args' from command line to 'None'
[0.565s] Level 5:colcon.colcon_core.verb:set package 'gazebo_ros_bridge' build argument 'cmake_target' from command line to 'None'
[0.565s] Level 5:colcon.colcon_core.verb:set package 'gazebo_ros_bridge' build argument 'cmake_target_skip_unavailable' from command line to 'False'
[0.565s] Level 5:colcon.colcon_core.verb:set package 'gazebo_ros_bridge' build argument 'cmake_clean_cache' from command line to 'False'
[0.565s] Level 5:colcon.colcon_core.verb:set package 'gazebo_ros_bridge' build argument 'cmake_clean_first' from command line to 'False'
[0.565s] Level 5:colcon.colcon_core.verb:set package 'gazebo_ros_bridge' build argument 'cmake_force_configure' from command line to 'False'
[0.565s] Level 5:colcon.colcon_core.verb:set package 'gazebo_ros_bridge' build argument 'ament_cmake_args' from command line to 'None'
[0.565s] Level 5:colcon.colcon_core.verb:set package 'gazebo_ros_bridge' build argument 'catkin_cmake_args' from command line to 'None'
[0.565s] Level 5:colcon.colcon_core.verb:set package 'gazebo_ros_bridge' build argument 'catkin_skip_building_tests' from command line to 'False'
[0.565s] DEBUG:colcon.colcon_core.verb:Building package 'gazebo_ros_bridge' with the following arguments: {'ament_cmake_args': None, 'build_base': '/home/shibin/ws_sensor_combined/build/gazebo_ros_bridge', 'catkin_cmake_args': None, 'catkin_skip_building_tests': False, 'cmake_args': None, 'cmake_clean_cache': False, 'cmake_clean_first': False, 'cmake_force_configure': False, 'cmake_target': None, 'cmake_target_skip_unavailable': False, 'install_base': '/home/shibin/ws_sensor_combined/install/gazebo_ros_bridge', 'merge_install': False, 'path': '/home/shibin/ws_sensor_combined/src/gazebo_ros_bridge', 'symlink_install': False, 'test_result_base': None}
[0.566s] Level 5:colcon.colcon_core.verb:set package 'px4_msgs' build argument 'cmake_args' from command line to 'None'
[0.566s] Level 5:colcon.colcon_core.verb:set package 'px4_msgs' build argument 'cmake_target' from command line to 'None'
[0.566s] Level 5:colcon.colcon_core.verb:set package 'px4_msgs' build argument 'cmake_target_skip_unavailable' from command line to 'False'
[0.566s] Level 5:colcon.colcon_core.verb:set package 'px4_msgs' build argument 'cmake_clean_cache' from command line to 'False'
[0.566s] Level 5:colcon.colcon_core.verb:set package 'px4_msgs' build argument 'cmake_clean_first' from command line to 'False'
[0.566s] Level 5:colcon.colcon_core.verb:set package 'px4_msgs' build argument 'cmake_force_configure' from command line to 'False'
[0.566s] Level 5:colcon.colcon_core.verb:set package 'px4_msgs' build argument 'ament_cmake_args' from command line to 'None'
[0.566s] Level 5:colcon.colcon_core.verb:set package 'px4_msgs' build argument 'catkin_cmake_args' from command line to 'None'
[0.566s] Level 5:colcon.colcon_core.verb:set package 'px4_msgs' build argument 'catkin_skip_building_tests' from command line to 'False'
[0.566s] DEBUG:colcon.colcon_core.verb:Building package 'px4_msgs' with the following arguments: {'ament_cmake_args': None, 'build_base': '/home/shibin/ws_sensor_combined/build/px4_msgs', 'catkin_cmake_args': None, 'catkin_skip_building_tests': False, 'cmake_args': None, 'cmake_clean_cache': False, 'cmake_clean_first': False, 'cmake_force_configure': False, 'cmake_target': None, 'cmake_target_skip_unavailable': False, 'install_base': '/home/shibin/ws_sensor_combined/install/px4_msgs', 'merge_install': False, 'path': '/home/shibin/ws_sensor_combined/src/px4_msgs', 'symlink_install': False, 'test_result_base': None}
[0.566s] Level 5:colcon.colcon_core.verb:set package 'rrt_package' build argument 'cmake_args' from command line to 'None'
[0.566s] Level 5:colcon.colcon_core.verb:set package 'rrt_package' build argument 'cmake_target' from command line to 'None'
[0.566s] Level 5:colcon.colcon_core.verb:set package 'rrt_package' build argument 'cmake_target_skip_unavailable' from command line to 'False'
[0.566s] Level 5:colcon.colcon_core.verb:set package 'rrt_package' build argument 'cmake_clean_cache' from command line to 'False'
[0.566s] Level 5:colcon.colcon_core.verb:set package 'rrt_package' build argument 'cmake_clean_first' from command line to 'False'
[0.566s] Level 5:colcon.colcon_core.verb:set package 'rrt_package' build argument 'cmake_force_configure' from command line to 'False'
[0.566s] Level 5:colcon.colcon_core.verb:set package 'rrt_package' build argument 'ament_cmake_args' from command line to 'None'
[0.566s] Level 5:colcon.colcon_core.verb:set package 'rrt_package' build argument 'catkin_cmake_args' from command line to 'None'
[0.566s] Level 5:colcon.colcon_core.verb:set package 'rrt_package' build argument 'catkin_skip_building_tests' from command line to 'False'
[0.566s] DEBUG:colcon.colcon_core.verb:Building package 'rrt_package' with the following arguments: {'ament_cmake_args': None, 'build_base': '/home/shibin/ws_sensor_combined/build/rrt_package', 'catkin_cmake_args': None, 'catkin_skip_building_tests': False, 'cmake_args': None, 'cmake_clean_cache': False, 'cmake_clean_first': False, 'cmake_force_configure': False, 'cmake_target': None, 'cmake_target_skip_unavailable': False, 'install_base': '/home/shibin/ws_sensor_combined/install/rrt_package', 'merge_install': False, 'path': '/home/shibin/ws_sensor_combined/src/rrt_package', 'symlink_install': False, 'test_result_base': None}
[0.567s] Level 5:colcon.colcon_core.verb:set package 'px4_ros_com' build argument 'cmake_args' from command line to 'None'
[0.567s] Level 5:colcon.colcon_core.verb:set package 'px4_ros_com' build argument 'cmake_target' from command line to 'None'
[0.567s] Level 5:colcon.colcon_core.verb:set package 'px4_ros_com' build argument 'cmake_target_skip_unavailable' from command line to 'False'
[0.567s] Level 5:colcon.colcon_core.verb:set package 'px4_ros_com' build argument 'cmake_clean_cache' from command line to 'False'
[0.567s] Level 5:colcon.colcon_core.verb:set package 'px4_ros_com' build argument 'cmake_clean_first' from command line to 'False'
[0.567s] Level 5:colcon.colcon_core.verb:set package 'px4_ros_com' build argument 'cmake_force_configure' from command line to 'False'
[0.567s] Level 5:colcon.colcon_core.verb:set package 'px4_ros_com' build argument 'ament_cmake_args' from command line to 'None'
[0.567s] Level 5:colcon.colcon_core.verb:set package 'px4_ros_com' build argument 'catkin_cmake_args' from command line to 'None'
[0.567s] Level 5:colcon.colcon_core.verb:set package 'px4_ros_com' build argument 'catkin_skip_building_tests' from command line to 'False'
[0.567s] DEBUG:colcon.colcon_core.verb:Building package 'px4_ros_com' with the following arguments: {'ament_cmake_args': None, 'build_base': '/home/shibin/ws_sensor_combined/build/px4_ros_com', 'catkin_cmake_args': None, 'catkin_skip_building_tests': False, 'cmake_args': None, 'cmake_clean_cache': False, 'cmake_clean_first': False, 'cmake_force_configure': False, 'cmake_target': None, 'cmake_target_skip_unavailable': False, 'install_base': '/home/shibin/ws_sensor_combined/install/px4_ros_com', 'merge_install': False, 'path': '/home/shibin/ws_sensor_combined/src/px4_ros_com', 'symlink_install': False, 'test_result_base': None}
[0.567s] INFO:colcon.colcon_core.executor:Executing jobs using 'parallel' executor
[0.568s] DEBUG:colcon.colcon_parallel_executor.executor.parallel:run_until_complete
[0.568s] INFO:colcon.colcon_ros.task.ament_cmake.build:Building ROS package in '/home/shibin/ws_sensor_combined/src/px4_msgs' with build type 'ament_cmake'
[0.568s] INFO:colcon.colcon_cmake.task.cmake.build:Building CMake package in '/home/shibin/ws_sensor_combined/src/px4_msgs'
[0.572s] INFO:colcon.colcon_core.plugin_system:Skipping extension 'colcon_core.shell.bat': Not used on non-Windows systems
[0.572s] INFO:colcon.colcon_core.shell:Skip shell extension 'powershell' for command environment: Not usable outside of PowerShell
[0.572s] DEBUG:colcon.colcon_core.shell:Skip shell extension 'dsv' for command environment
[0.576s] INFO:colcon.colcon_ros.task.ament_python.build:Building ROS package in '/home/shibin/ws_sensor_combined/src/gazebo_ros_bridge' with build type 'ament_python'
[0.577s] Level 1:colcon.colcon_core.shell:create_environment_hook('gazebo_ros_bridge', 'ament_prefix_path')
[0.577s] INFO:colcon.colcon_core.shell:Creating environment hook '/home/shibin/ws_sensor_combined/install/gazebo_ros_bridge/share/gazebo_ros_bridge/hook/ament_prefix_path.ps1'
[0.578s] INFO:colcon.colcon_core.shell:Creating environment descriptor '/home/shibin/ws_sensor_combined/install/gazebo_ros_bridge/share/gazebo_ros_bridge/hook/ament_prefix_path.dsv'
[0.578s] INFO:colcon.colcon_core.shell:Creating environment hook '/home/shibin/ws_sensor_combined/install/gazebo_ros_bridge/share/gazebo_ros_bridge/hook/ament_prefix_path.sh'
[0.579s] INFO:colcon.colcon_core.shell:Skip shell extension 'powershell' for command environment: Not usable outside of PowerShell
[0.579s] DEBUG:colcon.colcon_core.shell:Skip shell extension 'dsv' for command environment
[0.587s] INFO:colcon.colcon_ros.task.ament_python.build:Building ROS package in '/home/shibin/ws_sensor_combined/src/rrt_package' with build type 'ament_python'
[0.587s] Level 1:colcon.colcon_core.shell:create_environment_hook('rrt_package', 'ament_prefix_path')
[0.587s] INFO:colcon.colcon_core.shell:Creating environment hook '/home/shibin/ws_sensor_combined/install/rrt_package/share/rrt_package/hook/ament_prefix_path.ps1'
[0.588s] INFO:colcon.colcon_core.shell:Creating environment descriptor '/home/shibin/ws_sensor_combined/install/rrt_package/share/rrt_package/hook/ament_prefix_path.dsv'
[0.589s] INFO:colcon.colcon_core.shell:Creating environment hook '/home/shibin/ws_sensor_combined/install/rrt_package/share/rrt_package/hook/ament_prefix_path.sh'
[0.589s] INFO:colcon.colcon_core.shell:Skip shell extension 'powershell' for command environment: Not usable outside of PowerShell
[0.589s] DEBUG:colcon.colcon_core.shell:Skip shell extension 'dsv' for command environment
[0.598s] DEBUG:colcon.colcon_core.event_handler.log_command:Invoking command in '/home/shibin/ws_sensor_combined/build/px4_msgs': CMAKE_PREFIX_PATH=${CMAKE_PREFIX_PATH}:/home/shibin/ws_sensor_combined/install/gazebo_ros_bridge:/home/shibin/project_ws/install/serp_rl:/home/shibin/project_ws/install/project_pkg:/home/shibin/project_ws/install/drone_simulation:/opt/ros/humble /usr/bin/cmake --build /home/shibin/ws_sensor_combined/build/px4_msgs -- -j8 -l8
[0.929s] INFO:colcon.colcon_core.task.python.build:Building Python package in '/home/shibin/ws_sensor_combined/src/gazebo_ros_bridge'
[0.929s] INFO:colcon.colcon_core.shell:Skip shell extension 'powershell' for command environment: Not usable outside of PowerShell
[0.929s] DEBUG:colcon.colcon_core.shell:Skip shell extension 'dsv' for command environment
[1.264s] INFO:colcon.colcon_core.task.python.build:Building Python package in '/home/shibin/ws_sensor_combined/src/rrt_package'
[1.265s] INFO:colcon.colcon_core.shell:Skip shell extension 'powershell' for command environment: Not usable outside of PowerShell
[1.265s] DEBUG:colcon.colcon_core.shell:Skip shell extension 'dsv' for command environment
[1.840s] DEBUG:colcon.colcon_core.event_handler.log_command:Invoking command in '/home/shibin/ws_sensor_combined/src/gazebo_ros_bridge': PYTHONPATH=/home/shibin/ws_sensor_combined/build/gazebo_ros_bridge/prefix_override:/usr/lib/python3/dist-packages/colcon_core/task/python/colcon_distutils_commands:/home/shibin/ws_sensor_combined/install/gazebo_ros_bridge/lib/python3.10/site-packages:${PYTHONPATH} /usr/bin/python3 -W ignore:setup.py install is deprecated -W ignore:easy_install command is deprecated setup.py egg_info --egg-base ../../build/gazebo_ros_bridge build --build-base /home/shibin/ws_sensor_combined/build/gazebo_ros_bridge/build install --record /home/shibin/ws_sensor_combined/build/gazebo_ros_bridge/install.log --single-version-externally-managed install_data
[1.842s] DEBUG:colcon.colcon_core.event_handler.log_command:Invoking command in '/home/shibin/ws_sensor_combined/src/rrt_package': PYTHONPATH=/home/shibin/ws_sensor_combined/build/rrt_package/prefix_override:/usr/lib/python3/dist-packages/colcon_core/task/python/colcon_distutils_commands:/home/shibin/ws_sensor_combined/install/rrt_package/lib/python3.10/site-packages:${PYTHONPATH} /usr/bin/python3 -W ignore:setup.py install is deprecated -W ignore:easy_install command is deprecated setup.py egg_info --egg-base ../../build/rrt_package build --build-base /home/shibin/ws_sensor_combined/build/rrt_package/build install --record /home/shibin/ws_sensor_combined/build/rrt_package/install.log --single-version-externally-managed install_data
[2.224s] DEBUG:colcon.colcon_core.event_handler.log_command:Invoked command in '/home/shibin/ws_sensor_combined/build/px4_msgs' returned '0': CMAKE_PREFIX_PATH=${CMAKE_PREFIX_PATH}:/home/shibin/ws_sensor_combined/install/gazebo_ros_bridge:/home/shibin/project_ws/install/serp_rl:/home/shibin/project_ws/install/project_pkg:/home/shibin/project_ws/install/drone_simulation:/opt/ros/humble /usr/bin/cmake --build /home/shibin/ws_sensor_combined/build/px4_msgs -- -j8 -l8
[2.236s] DEBUG:colcon.colcon_core.event_handler.log_command:Invoking command in '/home/shibin/ws_sensor_combined/build/px4_msgs': CMAKE_PREFIX_PATH=${CMAKE_PREFIX_PATH}:/home/shibin/ws_sensor_combined/install/gazebo_ros_bridge:/home/shibin/project_ws/install/serp_rl:/home/shibin/project_ws/install/project_pkg:/home/shibin/project_ws/install/drone_simulation:/opt/ros/humble /usr/bin/cmake --install /home/shibin/ws_sensor_combined/build/px4_msgs
[2.305s] Level 1:colcon.colcon_core.environment:checking '/home/shibin/ws_sensor_combined/install/gazebo_ros_bridge' for CMake module files
[2.309s] Level 1:colcon.colcon_core.environment:checking '/home/shibin/ws_sensor_combined/install/gazebo_ros_bridge' for CMake config files
[2.314s] Level 1:colcon.colcon_core.environment:checking '/home/shibin/ws_sensor_combined/install/gazebo_ros_bridge/lib'
[2.315s] Level 1:colcon.colcon_core.environment:checking '/home/shibin/ws_sensor_combined/install/gazebo_ros_bridge/bin'
[2.315s] Level 1:colcon.colcon_core.environment:checking '/home/shibin/ws_sensor_combined/install/gazebo_ros_bridge/lib/pkgconfig/gazebo_ros_bridge.pc'
[2.315s] Level 1:colcon.colcon_core.environment:checking '/home/shibin/ws_sensor_combined/install/gazebo_ros_bridge/lib/python3.10/site-packages'
[2.315s] Level 1:colcon.colcon_core.shell:create_environment_hook('gazebo_ros_bridge', 'pythonpath')
[2.315s] INFO:colcon.colcon_core.shell:Creating environment hook '/home/shibin/ws_sensor_combined/install/gazebo_ros_bridge/share/gazebo_ros_bridge/hook/pythonpath.ps1'
[2.316s] INFO:colcon.colcon_core.shell:Creating environment descriptor '/home/shibin/ws_sensor_combined/install/gazebo_ros_bridge/share/gazebo_ros_bridge/hook/pythonpath.dsv'
[2.317s] INFO:colcon.colcon_core.shell:Creating environment hook '/home/shibin/ws_sensor_combined/install/gazebo_ros_bridge/share/gazebo_ros_bridge/hook/pythonpath.sh'
[2.318s] Level 1:colcon.colcon_core.environment:checking '/home/shibin/ws_sensor_combined/install/gazebo_ros_bridge/bin'
[2.318s] Level 1:colcon.colcon_core.environment:create_environment_scripts_only(gazebo_ros_bridge)
[2.319s] INFO:colcon.colcon_core.shell:Creating package script '/home/shibin/ws_sensor_combined/install/gazebo_ros_bridge/share/gazebo_ros_bridge/package.ps1'
[2.320s] INFO:colcon.colcon_core.shell:Creating package descriptor '/home/shibin/ws_sensor_combined/install/gazebo_ros_bridge/share/gazebo_ros_bridge/package.dsv'
[2.321s] INFO:colcon.colcon_core.shell:Creating package script '/home/shibin/ws_sensor_combined/install/gazebo_ros_bridge/share/gazebo_ros_bridge/package.sh'
[2.323s] INFO:colcon.colcon_core.shell:Creating package script '/home/shibin/ws_sensor_combined/install/gazebo_ros_bridge/share/gazebo_ros_bridge/package.bash'
[2.325s] INFO:colcon.colcon_core.shell:Creating package script '/home/shibin/ws_sensor_combined/install/gazebo_ros_bridge/share/gazebo_ros_bridge/package.zsh'
[2.327s] Level 1:colcon.colcon_core.environment:create_file_with_runtime_dependencies(/home/shibin/ws_sensor_combined/install/gazebo_ros_bridge/share/colcon-core/packages/gazebo_ros_bridge)
[2.328s] Level 1:colcon.colcon_core.environment:checking '/home/shibin/ws_sensor_combined/install/rrt_package' for CMake module files
[2.329s] Level 1:colcon.colcon_core.environment:checking '/home/shibin/ws_sensor_combined/install/rrt_package' for CMake config files
[2.331s] Level 1:colcon.colcon_core.environment:checking '/home/shibin/ws_sensor_combined/install/rrt_package/lib'
[2.331s] Level 1:colcon.colcon_core.environment:checking '/home/shibin/ws_sensor_combined/install/rrt_package/bin'
[2.331s] Level 1:colcon.colcon_core.environment:checking '/home/shibin/ws_sensor_combined/install/rrt_package/lib/pkgconfig/rrt_package.pc'
[2.331s] Level 1:colcon.colcon_core.environment:checking '/home/shibin/ws_sensor_combined/install/rrt_package/lib/python3.10/site-packages'
[2.331s] Level 1:colcon.colcon_core.shell:create_environment_hook('rrt_package', 'pythonpath')
[2.332s] INFO:colcon.colcon_core.shell:Creating environment hook '/home/shibin/ws_sensor_combined/install/rrt_package/share/rrt_package/hook/pythonpath.ps1'
[2.332s] INFO:colcon.colcon_core.shell:Creating environment descriptor '/home/shibin/ws_sensor_combined/install/rrt_package/share/rrt_package/hook/pythonpath.dsv'
[2.333s] INFO:colcon.colcon_core.shell:Creating environment hook '/home/shibin/ws_sensor_combined/install/rrt_package/share/rrt_package/hook/pythonpath.sh'
[2.334s] Level 1:colcon.colcon_core.environment:checking '/home/shibin/ws_sensor_combined/install/rrt_package/bin'
[2.334s] Level 1:colcon.colcon_core.environment:create_environment_scripts_only(rrt_package)
[2.334s] INFO:colcon.colcon_core.shell:Creating package script '/home/shibin/ws_sensor_combined/install/rrt_package/share/rrt_package/package.ps1'
[2.335s] INFO:colcon.colcon_core.shell:Creating package descriptor '/home/shibin/ws_sensor_combined/install/rrt_package/share/rrt_package/package.dsv'
[2.336s] INFO:colcon.colcon_core.shell:Creating package script '/home/shibin/ws_sensor_combined/install/rrt_package/share/rrt_package/package.sh'
[2.337s] INFO:colcon.colcon_core.shell:Creating package script '/home/shibin/ws_sensor_combined/install/rrt_package/share/rrt_package/package.bash'
[2.337s] INFO:colcon.colcon_core.shell:Creating package script '/home/shibin/ws_sensor_combined/install/rrt_package/share/rrt_package/package.zsh'
[2.338s] Level 1:colcon.colcon_core.environment:create_file_with_runtime_dependencies(/home/shibin/ws_sensor_combined/install/rrt_package/share/colcon-core/packages/rrt_package)
[2.347s] DEBUG:colcon.colcon_core.event_handler.log_command:Invoked command in '/home/shibin/ws_sensor_combined/src/gazebo_ros_bridge' returned '0': PYTHONPATH=/home/shibin/ws_sensor_combined/build/gazebo_ros_bridge/prefix_override:/usr/lib/python3/dist-packages/colcon_core/task/python/colcon_distutils_commands:/home/shibin/ws_sensor_combined/install/gazebo_ros_bridge/lib/python3.10/site-packages:${PYTHONPATH} /usr/bin/python3 -W ignore:setup.py install is deprecated -W ignore:easy_install command is deprecated setup.py egg_info --egg-base ../../build/gazebo_ros_bridge build --build-base /home/shibin/ws_sensor_combined/build/gazebo_ros_bridge/build install --record /home/shibin/ws_sensor_combined/build/gazebo_ros_bridge/install.log --single-version-externally-managed install_data
[2.348s] DEBUG:colcon.colcon_core.event_handler.log_command:Invoked command in '/home/shibin/ws_sensor_combined/src/rrt_package' returned '0': PYTHONPATH=/home/shibin/ws_sensor_combined/build/rrt_package/prefix_override:/usr/lib/python3/dist-packages/colcon_core/task/python/colcon_distutils_commands:/home/shibin/ws_sensor_combined/install/rrt_package/lib/python3.10/site-packages:${PYTHONPATH} /usr/bin/python3 -W ignore:setup.py install is deprecated -W ignore:easy_install command is deprecated setup.py egg_info --egg-base ../../build/rrt_package build --build-base /home/shibin/ws_sensor_combined/build/rrt_package/build install --record /home/shibin/ws_sensor_combined/build/rrt_package/install.log --single-version-externally-managed install_data
[2.377s] Level 1:colcon.colcon_core.environment:create_environment_scripts_only(px4_msgs)
[2.378s] Level 1:colcon.colcon_core.environment:checking '/home/shibin/ws_sensor_combined/install/px4_msgs' for CMake module files
[2.378s] DEBUG:colcon.colcon_core.event_handler.log_command:Invoked command in '/home/shibin/ws_sensor_combined/build/px4_msgs' returned '0': CMAKE_PREFIX_PATH=${CMAKE_PREFIX_PATH}:/home/shibin/ws_sensor_combined/install/gazebo_ros_bridge:/home/shibin/project_ws/install/serp_rl:/home/shibin/project_ws/install/project_pkg:/home/shibin/project_ws/install/drone_simulation:/opt/ros/humble /usr/bin/cmake --install /home/shibin/ws_sensor_combined/build/px4_msgs
[2.379s] Level 1:colcon.colcon_core.environment:checking '/home/shibin/ws_sensor_combined/install/px4_msgs' for CMake config files
[2.396s] Level 1:colcon.colcon_core.shell:create_environment_hook('px4_msgs', 'cmake_prefix_path')
[2.396s] INFO:colcon.colcon_core.shell:Creating environment hook '/home/shibin/ws_sensor_combined/install/px4_msgs/share/px4_msgs/hook/cmake_prefix_path.ps1'
[2.397s] INFO:colcon.colcon_core.shell:Creating environment descriptor '/home/shibin/ws_sensor_combined/install/px4_msgs/share/px4_msgs/hook/cmake_prefix_path.dsv'
[2.397s] INFO:colcon.colcon_core.shell:Creating environment hook '/home/shibin/ws_sensor_combined/install/px4_msgs/share/px4_msgs/hook/cmake_prefix_path.sh'
[2.398s] Level 1:colcon.colcon_core.environment:checking '/home/shibin/ws_sensor_combined/install/px4_msgs/lib'
[2.398s] Level 1:colcon.colcon_core.shell:create_environment_hook('px4_msgs', 'ld_library_path_lib')
[2.398s] INFO:colcon.colcon_core.shell:Creating environment hook '/home/shibin/ws_sensor_combined/install/px4_msgs/share/px4_msgs/hook/ld_library_path_lib.ps1'
[2.398s] INFO:colcon.colcon_core.shell:Creating environment descriptor '/home/shibin/ws_sensor_combined/install/px4_msgs/share/px4_msgs/hook/ld_library_path_lib.dsv'
[2.399s] INFO:colcon.colcon_core.shell:Creating environment hook '/home/shibin/ws_sensor_combined/install/px4_msgs/share/px4_msgs/hook/ld_library_path_lib.sh'
[2.399s] Level 1:colcon.colcon_core.environment:checking '/home/shibin/ws_sensor_combined/install/px4_msgs/bin'
[2.399s] Level 1:colcon.colcon_core.environment:checking '/home/shibin/ws_sensor_combined/install/px4_msgs/lib/pkgconfig/px4_msgs.pc'
[2.399s] Level 1:colcon.colcon_core.environment:checking '/home/shibin/ws_sensor_combined/install/px4_msgs/lib/python3.10/site-packages'
[2.399s] Level 1:colcon.colcon_core.environment:checking '/home/shibin/ws_sensor_combined/install/px4_msgs/bin'
[2.400s] INFO:colcon.colcon_core.shell:Creating package script '/home/shibin/ws_sensor_combined/install/px4_msgs/share/px4_msgs/package.ps1'
[2.400s] INFO:colcon.colcon_core.shell:Creating package descriptor '/home/shibin/ws_sensor_combined/install/px4_msgs/share/px4_msgs/package.dsv'
[2.401s] INFO:colcon.colcon_core.shell:Creating package script '/home/shibin/ws_sensor_combined/install/px4_msgs/share/px4_msgs/package.sh'
[2.401s] INFO:colcon.colcon_core.shell:Creating package script '/home/shibin/ws_sensor_combined/install/px4_msgs/share/px4_msgs/package.bash'
[2.401s] INFO:colcon.colcon_core.shell:Creating package script '/home/shibin/ws_sensor_combined/install/px4_msgs/share/px4_msgs/package.zsh'
[2.402s] Level 1:colcon.colcon_core.environment:create_file_with_runtime_dependencies(/home/shibin/ws_sensor_combined/install/px4_msgs/share/colcon-core/packages/px4_msgs)
[2.402s] Level 1:colcon.colcon_core.environment:create_environment_scripts_only(px4_msgs)
[2.402s] Level 1:colcon.colcon_core.environment:checking '/home/shibin/ws_sensor_combined/install/px4_msgs' for CMake module files
[2.403s] Level 1:colcon.colcon_core.environment:checking '/home/shibin/ws_sensor_combined/install/px4_msgs' for CMake config files
[2.420s] Level 1:colcon.colcon_core.shell:create_environment_hook('px4_msgs', 'cmake_prefix_path')
[2.420s] INFO:colcon.colcon_core.shell:Creating environment hook '/home/shibin/ws_sensor_combined/install/px4_msgs/share/px4_msgs/hook/cmake_prefix_path.ps1'
[2.421s] INFO:colcon.colcon_core.shell:Creating environment descriptor '/home/shibin/ws_sensor_combined/install/px4_msgs/share/px4_msgs/hook/cmake_prefix_path.dsv'
[2.421s] INFO:colcon.colcon_core.shell:Creating environment hook '/home/shibin/ws_sensor_combined/install/px4_msgs/share/px4_msgs/hook/cmake_prefix_path.sh'
[2.421s] Level 1:colcon.colcon_core.environment:checking '/home/shibin/ws_sensor_combined/install/px4_msgs/lib'
[2.422s] Level 1:colcon.colcon_core.shell:create_environment_hook('px4_msgs', 'ld_library_path_lib')
[2.422s] INFO:colcon.colcon_core.shell:Creating environment hook '/home/shibin/ws_sensor_combined/install/px4_msgs/share/px4_msgs/hook/ld_library_path_lib.ps1'
[2.422s] INFO:colcon.colcon_core.shell:Creating environment descriptor '/home/shibin/ws_sensor_combined/install/px4_msgs/share/px4_msgs/hook/ld_library_path_lib.dsv'
[2.422s] INFO:colcon.colcon_core.shell:Creating environment hook '/home/shibin/ws_sensor_combined/install/px4_msgs/share/px4_msgs/hook/ld_library_path_lib.sh'
[2.423s] Level 1:colcon.colcon_core.environment:checking '/home/shibin/ws_sensor_combined/install/px4_msgs/bin'
[2.423s] Level 1:colcon.colcon_core.environment:checking '/home/shibin/ws_sensor_combined/install/px4_msgs/lib/pkgconfig/px4_msgs.pc'
[2.423s] Level 1:colcon.colcon_core.environment:checking '/home/shibin/ws_sensor_combined/install/px4_msgs/lib/python3.10/site-packages'
[2.423s] Level 1:colcon.colcon_core.environment:checking '/home/shibin/ws_sensor_combined/install/px4_msgs/bin'
[2.424s] INFO:colcon.colcon_core.shell:Creating package script '/home/shibin/ws_sensor_combined/install/px4_msgs/share/px4_msgs/package.ps1'
[2.424s] INFO:colcon.colcon_core.shell:Creating package descriptor '/home/shibin/ws_sensor_combined/install/px4_msgs/share/px4_msgs/package.dsv'
[2.425s] INFO:colcon.colcon_core.shell:Creating package script '/home/shibin/ws_sensor_combined/install/px4_msgs/share/px4_msgs/package.sh'
[2.425s] INFO:colcon.colcon_core.shell:Creating package script '/home/shibin/ws_sensor_combined/install/px4_msgs/share/px4_msgs/package.bash'
[2.425s] INFO:colcon.colcon_core.shell:Creating package script '/home/shibin/ws_sensor_combined/install/px4_msgs/share/px4_msgs/package.zsh'
[2.426s] Level 1:colcon.colcon_core.environment:create_file_with_runtime_dependencies(/home/shibin/ws_sensor_combined/install/px4_msgs/share/colcon-core/packages/px4_msgs)
[2.426s] INFO:colcon.colcon_ros.task.ament_cmake.build:Building ROS package in '/home/shibin/ws_sensor_combined/src/px4_ros_com' with build type 'ament_cmake'
[2.426s] INFO:colcon.colcon_cmake.task.cmake.build:Building CMake package in '/home/shibin/ws_sensor_combined/src/px4_ros_com'
[2.426s] INFO:colcon.colcon_core.shell:Skip shell extension 'powershell' for command environment: Not usable outside of PowerShell
[2.427s] DEBUG:colcon.colcon_core.shell:Skip shell extension 'dsv' for command environment
[2.438s] DEBUG:colcon.colcon_core.event_handler.log_command:Invoking command in '/home/shibin/ws_sensor_combined/build/px4_ros_com': CMAKE_PREFIX_PATH=/home/shibin/ws_sensor_combined/install/px4_msgs:/home/shibin/ws_sensor_combined/install/px4_ros_com:/home/shibin/project_ws/install/tutorial_interfaces:/home/shibin/ws_sensor_combined/install/gazebo_ros_bridge:/home/shibin/project_ws/install/serp_rl:/home/shibin/project_ws/install/project_pkg:/home/shibin/project_ws/install/drone_simulation:/opt/ros/humble LD_LIBRARY_PATH=/home/shibin/ws_sensor_combined/install/px4_msgs/lib:/home/shibin/ws_sensor_combined/install/px4_ros_com/lib:/home/shibin/project_ws/install/tutorial_interfaces/lib:/opt/ros/humble/opt/rviz_ogre_vendor/lib:/opt/ros/humble/lib/x86_64-linux-gnu:/opt/ros/humble/opt/ortools_vendor/lib:/opt/ros/humble/lib /usr/bin/cmake --build /home/shibin/ws_sensor_combined/build/px4_ros_com -- -j8 -l8
[2.944s] DEBUG:colcon.colcon_core.event_handler.log_command:Invoked command in '/home/shibin/ws_sensor_combined/build/px4_ros_com' returned '0': CMAKE_PREFIX_PATH=/home/shibin/ws_sensor_combined/install/px4_msgs:/home/shibin/ws_sensor_combined/install/px4_ros_com:/home/shibin/project_ws/install/tutorial_interfaces:/home/shibin/ws_sensor_combined/install/gazebo_ros_bridge:/home/shibin/project_ws/install/serp_rl:/home/shibin/project_ws/install/project_pkg:/home/shibin/project_ws/install/drone_simulation:/opt/ros/humble LD_LIBRARY_PATH=/home/shibin/ws_sensor_combined/install/px4_msgs/lib:/home/shibin/ws_sensor_combined/install/px4_ros_com/lib:/home/shibin/project_ws/install/tutorial_interfaces/lib:/opt/ros/humble/opt/rviz_ogre_vendor/lib:/opt/ros/humble/lib/x86_64-linux-gnu:/opt/ros/humble/opt/ortools_vendor/lib:/opt/ros/humble/lib /usr/bin/cmake --build /home/shibin/ws_sensor_combined/build/px4_ros_com -- -j8 -l8
[2.946s] DEBUG:colcon.colcon_core.event_handler.log_command:Invoking command in '/home/shibin/ws_sensor_combined/build/px4_ros_com': CMAKE_PREFIX_PATH=/home/shibin/ws_sensor_combined/install/px4_msgs:/home/shibin/ws_sensor_combined/install/px4_ros_com:/home/shibin/project_ws/install/tutorial_interfaces:/home/shibin/ws_sensor_combined/install/gazebo_ros_bridge:/home/shibin/project_ws/install/serp_rl:/home/shibin/project_ws/install/project_pkg:/home/shibin/project_ws/install/drone_simulation:/opt/ros/humble LD_LIBRARY_PATH=/home/shibin/ws_sensor_combined/install/px4_msgs/lib:/home/shibin/ws_sensor_combined/install/px4_ros_com/lib:/home/shibin/project_ws/install/tutorial_interfaces/lib:/opt/ros/humble/opt/rviz_ogre_vendor/lib:/opt/ros/humble/lib/x86_64-linux-gnu:/opt/ros/humble/opt/ortools_vendor/lib:/opt/ros/humble/lib /usr/bin/cmake --install /home/shibin/ws_sensor_combined/build/px4_ros_com
[3.004s] Level 1:colcon.colcon_core.environment:create_environment_scripts_only(px4_ros_com)
[3.004s] Level 1:colcon.colcon_core.environment:checking '/home/shibin/ws_sensor_combined/install/px4_ros_com' for CMake module files
[3.005s] DEBUG:colcon.colcon_core.event_handler.log_command:Invoked command in '/home/shibin/ws_sensor_combined/build/px4_ros_com' returned '0': CMAKE_PREFIX_PATH=/home/shibin/ws_sensor_combined/install/px4_msgs:/home/shibin/ws_sensor_combined/install/px4_ros_com:/home/shibin/project_ws/install/tutorial_interfaces:/home/shibin/ws_sensor_combined/install/gazebo_ros_bridge:/home/shibin/project_ws/install/serp_rl:/home/shibin/project_ws/install/project_pkg:/home/shibin/project_ws/install/drone_simulation:/opt/ros/humble LD_LIBRARY_PATH=/home/shibin/ws_sensor_combined/install/px4_msgs/lib:/home/shibin/ws_sensor_combined/install/px4_ros_com/lib:/home/shibin/project_ws/install/tutorial_interfaces/lib:/opt/ros/humble/opt/rviz_ogre_vendor/lib:/opt/ros/humble/lib/x86_64-linux-gnu:/opt/ros/humble/opt/ortools_vendor/lib:/opt/ros/humble/lib /usr/bin/cmake --install /home/shibin/ws_sensor_combined/build/px4_ros_com
[3.006s] Level 1:colcon.colcon_core.environment:checking '/home/shibin/ws_sensor_combined/install/px4_ros_com' for CMake config files
[3.006s] Level 1:colcon.colcon_core.shell:create_environment_hook('px4_ros_com', 'cmake_prefix_path')
[3.006s] INFO:colcon.colcon_core.shell:Creating environment hook '/home/shibin/ws_sensor_combined/install/px4_ros_com/share/px4_ros_com/hook/cmake_prefix_path.ps1'
[3.007s] INFO:colcon.colcon_core.shell:Creating environment descriptor '/home/shibin/ws_sensor_combined/install/px4_ros_com/share/px4_ros_com/hook/cmake_prefix_path.dsv'
[3.007s] INFO:colcon.colcon_core.shell:Creating environment hook '/home/shibin/ws_sensor_combined/install/px4_ros_com/share/px4_ros_com/hook/cmake_prefix_path.sh'
[3.008s] Level 1:colcon.colcon_core.environment:checking '/home/shibin/ws_sensor_combined/install/px4_ros_com/lib'
[3.008s] Level 1:colcon.colcon_core.shell:create_environment_hook('px4_ros_com', 'ld_library_path_lib')
[3.008s] INFO:colcon.colcon_core.shell:Creating environment hook '/home/shibin/ws_sensor_combined/install/px4_ros_com/share/px4_ros_com/hook/ld_library_path_lib.ps1'
[3.009s] INFO:colcon.colcon_core.shell:Creating environment descriptor '/home/shibin/ws_sensor_combined/install/px4_ros_com/share/px4_ros_com/hook/ld_library_path_lib.dsv'
[3.009s] INFO:colcon.colcon_core.shell:Creating environment hook '/home/shibin/ws_sensor_combined/install/px4_ros_com/share/px4_ros_com/hook/ld_library_path_lib.sh'
[3.009s] Level 1:colcon.colcon_core.environment:checking '/home/shibin/ws_sensor_combined/install/px4_ros_com/bin'
[3.010s] Level 1:colcon.colcon_core.environment:checking '/home/shibin/ws_sensor_combined/install/px4_ros_com/lib/pkgconfig/px4_ros_com.pc'
[3.010s] Level 1:colcon.colcon_core.environment:checking '/home/shibin/ws_sensor_combined/install/px4_ros_com/lib/python3.10/site-packages'
[3.010s] Level 1:colcon.colcon_core.environment:checking '/home/shibin/ws_sensor_combined/install/px4_ros_com/bin'
[3.010s] INFO:colcon.colcon_core.shell:Creating package script '/home/shibin/ws_sensor_combined/install/px4_ros_com/share/px4_ros_com/package.ps1'
[3.011s] INFO:colcon.colcon_core.shell:Creating package descriptor '/home/shibin/ws_sensor_combined/install/px4_ros_com/share/px4_ros_com/package.dsv'
[3.011s] INFO:colcon.colcon_core.shell:Creating package script '/home/shibin/ws_sensor_combined/install/px4_ros_com/share/px4_ros_com/package.sh'
[3.012s] INFO:colcon.colcon_core.shell:Creating package script '/home/shibin/ws_sensor_combined/install/px4_ros_com/share/px4_ros_com/package.bash'
[3.012s] INFO:colcon.colcon_core.shell:Creating package script '/home/shibin/ws_sensor_combined/install/px4_ros_com/share/px4_ros_com/package.zsh'
[3.012s] Level 1:colcon.colcon_core.environment:create_file_with_runtime_dependencies(/home/shibin/ws_sensor_combined/install/px4_ros_com/share/colcon-core/packages/px4_ros_com)
[3.013s] Level 1:colcon.colcon_core.environment:create_environment_scripts_only(px4_ros_com)
[3.013s] Level 1:colcon.colcon_core.environment:checking '/home/shibin/ws_sensor_combined/install/px4_ros_com' for CMake module files
[3.014s] Level 1:colcon.colcon_core.environment:checking '/home/shibin/ws_sensor_combined/install/px4_ros_com' for CMake config files
[3.014s] Level 1:colcon.colcon_core.shell:create_environment_hook('px4_ros_com', 'cmake_prefix_path')
[3.015s] INFO:colcon.colcon_core.shell:Creating environment hook '/home/shibin/ws_sensor_combined/install/px4_ros_com/share/px4_ros_com/hook/cmake_prefix_path.ps1'
[3.015s] INFO:colcon.colcon_core.shell:Creating environment descriptor '/home/shibin/ws_sensor_combined/install/px4_ros_com/share/px4_ros_com/hook/cmake_prefix_path.dsv'
[3.015s] INFO:colcon.colcon_core.shell:Creating environment hook '/home/shibin/ws_sensor_combined/install/px4_ros_com/share/px4_ros_com/hook/cmake_prefix_path.sh'
[3.016s] Level 1:colcon.colcon_core.environment:checking '/home/shibin/ws_sensor_combined/install/px4_ros_com/lib'
[3.016s] Level 1:colcon.colcon_core.shell:create_environment_hook('px4_ros_com', 'ld_library_path_lib')
[3.016s] INFO:colcon.colcon_core.shell:Creating environment hook '/home/shibin/ws_sensor_combined/install/px4_ros_com/share/px4_ros_com/hook/ld_library_path_lib.ps1'
[3.017s] INFO:colcon.colcon_core.shell:Creating environment descriptor '/home/shibin/ws_sensor_combined/install/px4_ros_com/share/px4_ros_com/hook/ld_library_path_lib.dsv'
[3.017s] INFO:colcon.colcon_core.shell:Creating environment hook '/home/shibin/ws_sensor_combined/install/px4_ros_com/share/px4_ros_com/hook/ld_library_path_lib.sh'
[3.017s] Level 1:colcon.colcon_core.environment:checking '/home/shibin/ws_sensor_combined/install/px4_ros_com/bin'
[3.017s] Level 1:colcon.colcon_core.environment:checking '/home/shibin/ws_sensor_combined/install/px4_ros_com/lib/pkgconfig/px4_ros_com.pc'
[3.018s] Level 1:colcon.colcon_core.environment:checking '/home/shibin/ws_sensor_combined/install/px4_ros_com/lib/python3.10/site-packages'
[3.018s] Level 1:colcon.colcon_core.environment:checking '/home/shibin/ws_sensor_combined/install/px4_ros_com/bin'
[3.019s] INFO:colcon.colcon_core.shell:Creating package script '/home/shibin/ws_sensor_combined/install/px4_ros_com/share/px4_ros_com/package.ps1'
[3.020s] INFO:colcon.colcon_core.shell:Creating package descriptor '/home/shibin/ws_sensor_combined/install/px4_ros_com/share/px4_ros_com/package.dsv'
[3.020s] INFO:colcon.colcon_core.shell:Creating package script '/home/shibin/ws_sensor_combined/install/px4_ros_com/share/px4_ros_com/package.sh'
[3.021s] INFO:colcon.colcon_core.shell:Creating package script '/home/shibin/ws_sensor_combined/install/px4_ros_com/share/px4_ros_com/package.bash'
[3.022s] INFO:colcon.colcon_core.shell:Creating package script '/home/shibin/ws_sensor_combined/install/px4_ros_com/share/px4_ros_com/package.zsh'
[3.022s] Level 1:colcon.colcon_core.environment:create_file_with_runtime_dependencies(/home/shibin/ws_sensor_combined/install/px4_ros_com/share/colcon-core/packages/px4_ros_com)
[3.022s] DEBUG:colcon.colcon_parallel_executor.executor.parallel:closing loop
[3.023s] DEBUG:colcon.colcon_parallel_executor.executor.parallel:loop closed
[3.023s] DEBUG:colcon.colcon_parallel_executor.executor.parallel:run_until_complete finished with '0'
[3.023s] DEBUG:colcon.colcon_core.event_reactor:joining thread
[3.029s] INFO:colcon.colcon_core.plugin_system:Skipping extension 'colcon_notification.desktop_notification.terminal_notifier': Not used on non-Darwin systems
[3.029s] INFO:colcon.colcon_core.plugin_system:Skipping extension 'colcon_notification.desktop_notification.win32': Not used on non-Windows systems
[3.029s] INFO:colcon.colcon_notification.desktop_notification:Sending desktop notification using 'notify2'
[3.109s] DEBUG:colcon.colcon_core.event_reactor:joined thread
[3.109s] INFO:colcon.colcon_core.shell:Creating prefix script '/home/shibin/ws_sensor_combined/install/local_setup.ps1'
[3.110s] INFO:colcon.colcon_core.shell:Creating prefix util module '/home/shibin/ws_sensor_combined/install/_local_setup_util_ps1.py'
[3.112s] INFO:colcon.colcon_core.shell:Creating prefix chain script '/home/shibin/ws_sensor_combined/install/setup.ps1'
[3.114s] INFO:colcon.colcon_core.shell:Creating prefix script '/home/shibin/ws_sensor_combined/install/local_setup.sh'
[3.115s] INFO:colcon.colcon_core.shell:Creating prefix util module '/home/shibin/ws_sensor_combined/install/_local_setup_util_sh.py'
[3.116s] INFO:colcon.colcon_core.shell:Creating prefix chain script '/home/shibin/ws_sensor_combined/install/setup.sh'
[3.117s] INFO:colcon.colcon_core.shell:Creating prefix script '/home/shibin/ws_sensor_combined/install/local_setup.bash'
[3.118s] INFO:colcon.colcon_core.shell:Creating prefix chain script '/home/shibin/ws_sensor_combined/install/setup.bash'
[3.119s] INFO:colcon.colcon_core.shell:Creating prefix script '/home/shibin/ws_sensor_combined/install/local_setup.zsh'
[3.120s] INFO:colcon.colcon_core.shell:Creating prefix chain script '/home/shibin/ws_sensor_combined/install/setup.zsh'
