[2.842s] Invoking command in '/home/shibin/ros2_ws/src/rrt_package': PYTHONPATH=/home/shibin/ros2_ws/build/rrt_package/prefix_override:/usr/lib/python3/dist-packages/colcon_core/task/python/colcon_distutils_commands:/home/shibin/ros2_ws/install/rrt_package/lib/python3.10/site-packages:${PYTHONPATH} /usr/bin/python3 -W ignore:setup.py install is deprecated -W ignore:easy_install command is deprecated setup.py egg_info --egg-base ../../build/rrt_package build --build-base /home/shibin/ros2_ws/build/rrt_package/build install --record /home/shibin/ros2_ws/build/rrt_package/install.log --single-version-externally-managed install_data
[3.949s] running egg_info
[4.025s] writing ../../build/rrt_package/rrt_package.egg-info/PKG-INFO
[4.030s] writing dependency_links to ../../build/rrt_package/rrt_package.egg-info/dependency_links.txt
[4.030s] writing entry points to ../../build/rrt_package/rrt_package.egg-info/entry_points.txt
[4.030s] writing requirements to ../../build/rrt_package/rrt_package.egg-info/requires.txt
[4.031s] writing top-level names to ../../build/rrt_package/rrt_package.egg-info/top_level.txt
[4.176s] reading manifest file '../../build/rrt_package/rrt_package.egg-info/SOURCES.txt'
[4.177s] adding license file 'LICENSE'
[4.183s] writing manifest file '../../build/rrt_package/rrt_package.egg-info/SOURCES.txt'
[4.183s] running build
[4.184s] running build_py
[4.184s] copying rrt_package/my_node2.py -> /home/shibin/ros2_ws/build/rrt_package/build/lib/rrt_package
[4.185s] copying rrt_package/lidar_data_node.py -> /home/shibin/ros2_ws/build/rrt_package/build/lib/rrt_package
[4.186s] copying rrt_package/my_node4.py -> /home/shibin/ros2_ws/build/rrt_package/build/lib/rrt_package
[4.187s] copying rrt_package/my_node.py -> /home/shibin/ros2_ws/build/rrt_package/build/lib/rrt_package
[4.187s] copying rrt_package/mynode3.py -> /home/shibin/ros2_ws/build/rrt_package/build/lib/rrt_package
[4.188s] copying rrt_package/__init__.py -> /home/shibin/ros2_ws/build/rrt_package/build/lib/rrt_package
[4.189s] running install
[4.215s] running install_lib
[4.281s] copying /home/shibin/ros2_ws/build/rrt_package/build/lib/rrt_package/mynode3.py -> /home/shibin/ros2_ws/install/rrt_package/lib/python3.10/site-packages/rrt_package
[4.285s] byte-compiling /home/shibin/ros2_ws/install/rrt_package/lib/python3.10/site-packages/rrt_package/mynode3.py to mynode3.cpython-310.pyc
[4.291s] running install_data
[4.293s] copying resource/rrt_package -> /home/shibin/ros2_ws/install/rrt_package/share/ament_index/resource_index/packages
[4.294s] copying package.xml -> /home/shibin/ros2_ws/install/rrt_package/share/rrt_package
[4.295s] running install_egg_info
[4.370s] removing '/home/shibin/ros2_ws/install/rrt_package/lib/python3.10/site-packages/rrt_package-0.0.0-py3.10.egg-info' (and everything under it)
[4.371s] Copying ../../build/rrt_package/rrt_package.egg-info to /home/shibin/ros2_ws/install/rrt_package/lib/python3.10/site-packages/rrt_package-0.0.0-py3.10.egg-info
[4.372s] running install_scripts
[4.987s] Installing lidar_data_node script to /home/shibin/ros2_ws/install/rrt_package/lib/rrt_package
[4.989s] Installing my_node script to /home/shibin/ros2_ws/install/rrt_package/lib/rrt_package
[4.990s] Installing my_node2 script to /home/shibin/ros2_ws/install/rrt_package/lib/rrt_package
[4.992s] Installing my_node4 script to /home/shibin/ros2_ws/install/rrt_package/lib/rrt_package
[4.994s] Installing mynode3 script to /home/shibin/ros2_ws/install/rrt_package/lib/rrt_package
[4.995s] writing list of installed files to '/home/shibin/ros2_ws/build/rrt_package/install.log'
[5.109s] Invoked command in '/home/shibin/ros2_ws/src/rrt_package' returned '0': PYTHONPATH=/home/shibin/ros2_ws/build/rrt_package/prefix_override:/usr/lib/python3/dist-packages/colcon_core/task/python/colcon_distutils_commands:/home/shibin/ros2_ws/install/rrt_package/lib/python3.10/site-packages:${PYTHONPATH} /usr/bin/python3 -W ignore:setup.py install is deprecated -W ignore:easy_install command is deprecated setup.py egg_info --egg-base ../../build/rrt_package build --build-base /home/shibin/ros2_ws/build/rrt_package/build install --record /home/shibin/ros2_ws/build/rrt_package/install.log --single-version-externally-managed install_data
