[0.784s] DEBUG:colcon:Command line arguments: ['/usr/bin/colcon', 'build']
[0.784s] DEBUG:colcon:Parsed command line arguments: Namespace(log_base=None, log_level=None, verb_name='build', build_base='build', install_base='install', merge_install=False, symlink_install=False, test_result_base=None, continue_on_error=False, executor='parallel', parallel_workers=8, event_handlers=None, ignore_user_meta=False, metas=['./colcon.meta'], base_paths=['.'], packages_ignore=None, packages_ignore_regex=None, paths=None, packages_up_to=None, packages_up_to_regex=None, packages_above=None, packages_above_and_dependencies=None, packages_above_depth=None, packages_select_by_dep=None, packages_skip_by_dep=None, packages_skip_up_to=None, packages_select_build_failed=False, packages_skip_build_finished=False, packages_select_test_failures=False, packages_skip_test_passed=False, packages_select=None, packages_skip=None, packages_select_regex=None, packages_skip_regex=None, packages_start=None, packages_end=None, allow_overriding=[], cmake_args=None, cmake_target=None, cmake_target_skip_unavailable=False, cmake_clean_cache=False, cmake_clean_first=False, cmake_force_configure=False, ament_cmake_args=None, catkin_cmake_args=None, catkin_skip_building_tests=False, mixin_files=None, mixin=None, verb_parser=<colcon_mixin.mixin.mixin_argument.MixinArgumentDecorator object at 0x730000888580>, verb_extension=<colcon_core.verb.build.BuildVerb object at 0x7300009a1540>, main=<bound method BuildVerb.main of <colcon_core.verb.build.BuildVerb object at 0x7300009a1540>>, mixin_verb=('build',))
[2.207s] Level 1:colcon.colcon_core.package_discovery:discover_packages(colcon_meta) check parameters
[2.208s] Level 1:colcon.colcon_core.package_discovery:discover_packages(recursive) check parameters
[2.208s] Level 1:colcon.colcon_core.package_discovery:discover_packages(ignore) check parameters
[2.208s] Level 1:colcon.colcon_core.package_discovery:discover_packages(path) check parameters
[2.208s] Level 1:colcon.colcon_core.package_discovery:discover_packages(colcon_meta) discover
[2.209s] Level 1:colcon.colcon_core.package_discovery:discover_packages(recursive) discover
[2.209s] INFO:colcon.colcon_core.package_discovery:Crawling recursively for packages in '/home/shibin/ws_sensor_combined'
[2.209s] Level 1:colcon.colcon_core.package_identification:_identify(.) by extensions ['ignore', 'ignore_ament_install']
[2.209s] Level 1:colcon.colcon_core.package_identification:_identify(.) by extension 'ignore'
[2.210s] Level 1:colcon.colcon_core.package_identification:_identify(.) by extension 'ignore_ament_install'
[2.210s] Level 1:colcon.colcon_core.package_identification:_identify(.) by extensions ['colcon_pkg']
[2.210s] Level 1:colcon.colcon_core.package_identification:_identify(.) by extension 'colcon_pkg'
[2.211s] Level 1:colcon.colcon_core.package_identification:_identify(.) by extensions ['colcon_meta']
[2.211s] Level 1:colcon.colcon_core.package_identification:_identify(.) by extension 'colcon_meta'
[2.211s] Level 1:colcon.colcon_core.package_identification:_identify(.) by extensions ['ros']
[2.211s] Level 1:colcon.colcon_core.package_identification:_identify(.) by extension 'ros'
[2.275s] Level 1:colcon.colcon_core.package_identification:_identify(.) by extensions ['cmake', 'python']
[2.275s] Level 1:colcon.colcon_core.package_identification:_identify(.) by extension 'cmake'
[2.276s] Level 1:colcon.colcon_core.package_identification:_identify(.) by extension 'python'
[2.276s] Level 1:colcon.colcon_core.package_identification:_identify(.) by extensions ['python_setup_py']
[2.277s] Level 1:colcon.colcon_core.package_identification:_identify(.) by extension 'python_setup_py'
[2.277s] Level 1:colcon.colcon_core.package_identification:_identify(build) by extensions ['ignore', 'ignore_ament_install']
[2.278s] Level 1:colcon.colcon_core.package_identification:_identify(build) by extension 'ignore'
[2.278s] Level 1:colcon.colcon_core.package_identification:_identify(build) ignored
[2.278s] Level 1:colcon.colcon_core.package_identification:_identify(install) by extensions ['ignore', 'ignore_ament_install']
[2.279s] Level 1:colcon.colcon_core.package_identification:_identify(install) by extension 'ignore'
[2.279s] Level 1:colcon.colcon_core.package_identification:_identify(install) ignored
[2.280s] Level 1:colcon.colcon_core.package_identification:_identify(log) by extensions ['ignore', 'ignore_ament_install']
[2.280s] Level 1:colcon.colcon_core.package_identification:_identify(log) by extension 'ignore'
[2.281s] Level 1:colcon.colcon_core.package_identification:_identify(log) ignored
[2.281s] Level 1:colcon.colcon_core.package_identification:_identify(src) by extensions ['ignore', 'ignore_ament_install']
[2.281s] Level 1:colcon.colcon_core.package_identification:_identify(src) by extension 'ignore'
[2.282s] Level 1:colcon.colcon_core.package_identification:_identify(src) by extension 'ignore_ament_install'
[2.282s] Level 1:colcon.colcon_core.package_identification:_identify(src) by extensions ['colcon_pkg']
[2.282s] Level 1:colcon.colcon_core.package_identification:_identify(src) by extension 'colcon_pkg'
[2.282s] Level 1:colcon.colcon_core.package_identification:_identify(src) by extensions ['colcon_meta']
[2.282s] Level 1:colcon.colcon_core.package_identification:_identify(src) by extension 'colcon_meta'
[2.283s] Level 1:colcon.colcon_core.package_identification:_identify(src) by extensions ['ros']
[2.283s] Level 1:colcon.colcon_core.package_identification:_identify(src) by extension 'ros'
[2.283s] Level 1:colcon.colcon_core.package_identification:_identify(src) by extensions ['cmake', 'python']
[2.283s] Level 1:colcon.colcon_core.package_identification:_identify(src) by extension 'cmake'
[2.284s] Level 1:colcon.colcon_core.package_identification:_identify(src) by extension 'python'
[2.284s] Level 1:colcon.colcon_core.package_identification:_identify(src) by extensions ['python_setup_py']
[2.284s] Level 1:colcon.colcon_core.package_identification:_identify(src) by extension 'python_setup_py'
[2.285s] Level 1:colcon.colcon_core.package_identification:_identify(src/gazebo_ros_bridge) by extensions ['ignore', 'ignore_ament_install']
[2.285s] Level 1:colcon.colcon_core.package_identification:_identify(src/gazebo_ros_bridge) by extension 'ignore'
[2.285s] Level 1:colcon.colcon_core.package_identification:_identify(src/gazebo_ros_bridge) by extension 'ignore_ament_install'
[2.286s] Level 1:colcon.colcon_core.package_identification:_identify(src/gazebo_ros_bridge) by extensions ['colcon_pkg']
[2.286s] Level 1:colcon.colcon_core.package_identification:_identify(src/gazebo_ros_bridge) by extension 'colcon_pkg'
[2.286s] Level 1:colcon.colcon_core.package_identification:_identify(src/gazebo_ros_bridge) by extensions ['colcon_meta']
[2.286s] Level 1:colcon.colcon_core.package_identification:_identify(src/gazebo_ros_bridge) by extension 'colcon_meta'
[2.287s] Level 1:colcon.colcon_core.package_identification:_identify(src/gazebo_ros_bridge) by extensions ['ros']
[2.287s] Level 1:colcon.colcon_core.package_identification:_identify(src/gazebo_ros_bridge) by extension 'ros'
[2.303s] DEBUG:colcon.colcon_core.package_identification:Package 'src/gazebo_ros_bridge' with type 'ros.ament_python' and name 'gazebo_ros_bridge'
[2.304s] Level 1:colcon.colcon_core.package_identification:_identify(src/px4-offboard) by extensions ['ignore', 'ignore_ament_install']
[2.305s] Level 1:colcon.colcon_core.package_identification:_identify(src/px4-offboard) by extension 'ignore'
[2.306s] Level 1:colcon.colcon_core.package_identification:_identify(src/px4-offboard) by extension 'ignore_ament_install'
[2.306s] Level 1:colcon.colcon_core.package_identification:_identify(src/px4-offboard) by extensions ['colcon_pkg']
[2.306s] Level 1:colcon.colcon_core.package_identification:_identify(src/px4-offboard) by extension 'colcon_pkg'
[2.306s] Level 1:colcon.colcon_core.package_identification:_identify(src/px4-offboard) by extensions ['colcon_meta']
[2.306s] Level 1:colcon.colcon_core.package_identification:_identify(src/px4-offboard) by extension 'colcon_meta'
[2.307s] Level 1:colcon.colcon_core.package_identification:_identify(src/px4-offboard) by extensions ['ros']
[2.307s] Level 1:colcon.colcon_core.package_identification:_identify(src/px4-offboard) by extension 'ros'
[2.310s] DEBUG:colcon.colcon_core.package_identification:Package 'src/px4-offboard' with type 'ros.ament_python' and name 'px4_offboard'
[2.310s] Level 1:colcon.colcon_core.package_identification:_identify(src/px4_msgs) by extensions ['ignore', 'ignore_ament_install']
[2.311s] Level 1:colcon.colcon_core.package_identification:_identify(src/px4_msgs) by extension 'ignore'
[2.311s] Level 1:colcon.colcon_core.package_identification:_identify(src/px4_msgs) by extension 'ignore_ament_install'
[2.312s] Level 1:colcon.colcon_core.package_identification:_identify(src/px4_msgs) by extensions ['colcon_pkg']
[2.312s] Level 1:colcon.colcon_core.package_identification:_identify(src/px4_msgs) by extension 'colcon_pkg'
[2.312s] Level 1:colcon.colcon_core.package_identification:_identify(src/px4_msgs) by extensions ['colcon_meta']
[2.312s] Level 1:colcon.colcon_core.package_identification:_identify(src/px4_msgs) by extension 'colcon_meta'
[2.313s] Level 1:colcon.colcon_core.package_identification:_identify(src/px4_msgs) by extensions ['ros']
[2.313s] Level 1:colcon.colcon_core.package_identification:_identify(src/px4_msgs) by extension 'ros'
[2.317s] DEBUG:colcon.colcon_core.package_identification:Package 'src/px4_msgs' with type 'ros.ament_cmake' and name 'px4_msgs'
[2.317s] Level 1:colcon.colcon_core.package_identification:_identify(src/px4_ros_com) by extensions ['ignore', 'ignore_ament_install']
[2.318s] Level 1:colcon.colcon_core.package_identification:_identify(src/px4_ros_com) by extension 'ignore'
[2.318s] Level 1:colcon.colcon_core.package_identification:_identify(src/px4_ros_com) by extension 'ignore_ament_install'
[2.319s] Level 1:colcon.colcon_core.package_identification:_identify(src/px4_ros_com) by extensions ['colcon_pkg']
[2.319s] Level 1:colcon.colcon_core.package_identification:_identify(src/px4_ros_com) by extension 'colcon_pkg'
[2.319s] Level 1:colcon.colcon_core.package_identification:_identify(src/px4_ros_com) by extensions ['colcon_meta']
[2.320s] Level 1:colcon.colcon_core.package_identification:_identify(src/px4_ros_com) by extension 'colcon_meta'
[2.320s] Level 1:colcon.colcon_core.package_identification:_identify(src/px4_ros_com) by extensions ['ros']
[2.320s] Level 1:colcon.colcon_core.package_identification:_identify(src/px4_ros_com) by extension 'ros'
[2.330s] DEBUG:colcon.colcon_core.package_identification:Package 'src/px4_ros_com' with type 'ros.ament_cmake' and name 'px4_ros_com'
[2.331s] Level 1:colcon.colcon_core.package_identification:_identify(src/rrt_package) by extensions ['ignore', 'ignore_ament_install']
[2.331s] Level 1:colcon.colcon_core.package_identification:_identify(src/rrt_package) by extension 'ignore'
[2.332s] Level 1:colcon.colcon_core.package_identification:_identify(src/rrt_package) by extension 'ignore_ament_install'
[2.332s] Level 1:colcon.colcon_core.package_identification:_identify(src/rrt_package) by extensions ['colcon_pkg']
[2.332s] Level 1:colcon.colcon_core.package_identification:_identify(src/rrt_package) by extension 'colcon_pkg'
[2.333s] Level 1:colcon.colcon_core.package_identification:_identify(src/rrt_package) by extensions ['colcon_meta']
[2.333s] Level 1:colcon.colcon_core.package_identification:_identify(src/rrt_package) by extension 'colcon_meta'
[2.333s] Level 1:colcon.colcon_core.package_identification:_identify(src/rrt_package) by extensions ['ros']
[2.334s] Level 1:colcon.colcon_core.package_identification:_identify(src/rrt_package) by extension 'ros'
[2.338s] DEBUG:colcon.colcon_core.package_identification:Package 'src/rrt_package' with type 'ros.ament_python' and name 'rrt_package'
[2.338s] Level 1:colcon.colcon_core.package_discovery:discover_packages(recursive) using defaults
[2.338s] Level 1:colcon.colcon_core.package_discovery:discover_packages(ignore) discover
[2.338s] Level 1:colcon.colcon_core.package_discovery:discover_packages(ignore) using defaults
[2.339s] Level 1:colcon.colcon_core.package_discovery:discover_packages(path) discover
[2.339s] Level 1:colcon.colcon_core.package_discovery:discover_packages(path) using defaults
[2.458s] Level 1:colcon.colcon_core.package_discovery:discover_packages(prefix_path) check parameters
[2.458s] Level 1:colcon.colcon_core.package_discovery:discover_packages(prefix_path) discover
[2.469s] DEBUG:colcon.colcon_installed_package_information.package_discovery:Found 5 installed packages in /home/shibin/project_ws/install
[2.473s] DEBUG:colcon.colcon_installed_package_information.package_discovery:Found 5 installed packages in /home/shibin/ws_sensor_combined/install
[2.486s] DEBUG:colcon.colcon_installed_package_information.package_discovery:Found 378 installed packages in /opt/ros/humble
[2.495s] Level 1:colcon.colcon_core.package_discovery:discover_packages(prefix_path) using defaults
[2.792s] Level 5:colcon.colcon_core.verb:set package 'gazebo_ros_bridge' build argument 'cmake_args' from command line to 'None'
[2.792s] Level 5:colcon.colcon_core.verb:set package 'gazebo_ros_bridge' build argument 'cmake_target' from command line to 'None'
[2.792s] Level 5:colcon.colcon_core.verb:set package 'gazebo_ros_bridge' build argument 'cmake_target_skip_unavailable' from command line to 'False'
[2.792s] Level 5:colcon.colcon_core.verb:set package 'gazebo_ros_bridge' build argument 'cmake_clean_cache' from command line to 'False'
[2.792s] Level 5:colcon.colcon_core.verb:set package 'gazebo_ros_bridge' build argument 'cmake_clean_first' from command line to 'False'
[2.792s] Level 5:colcon.colcon_core.verb:set package 'gazebo_ros_bridge' build argument 'cmake_force_configure' from command line to 'False'
[2.793s] Level 5:colcon.colcon_core.verb:set package 'gazebo_ros_bridge' build argument 'ament_cmake_args' from command line to 'None'
[2.793s] Level 5:colcon.colcon_core.verb:set package 'gazebo_ros_bridge' build argument 'catkin_cmake_args' from command line to 'None'
[2.793s] Level 5:colcon.colcon_core.verb:set package 'gazebo_ros_bridge' build argument 'catkin_skip_building_tests' from command line to 'False'
[2.793s] DEBUG:colcon.colcon_core.verb:Building package 'gazebo_ros_bridge' with the following arguments: {'ament_cmake_args': None, 'build_base': '/home/shibin/ws_sensor_combined/build/gazebo_ros_bridge', 'catkin_cmake_args': None, 'catkin_skip_building_tests': False, 'cmake_args': None, 'cmake_clean_cache': False, 'cmake_clean_first': False, 'cmake_force_configure': False, 'cmake_target': None, 'cmake_target_skip_unavailable': False, 'install_base': '/home/shibin/ws_sensor_combined/install/gazebo_ros_bridge', 'merge_install': False, 'path': '/home/shibin/ws_sensor_combined/src/gazebo_ros_bridge', 'symlink_install': False, 'test_result_base': None}
[2.795s] Level 5:colcon.colcon_core.verb:set package 'px4_msgs' build argument 'cmake_args' from command line to 'None'
[2.795s] Level 5:colcon.colcon_core.verb:set package 'px4_msgs' build argument 'cmake_target' from command line to 'None'
[2.795s] Level 5:colcon.colcon_core.verb:set package 'px4_msgs' build argument 'cmake_target_skip_unavailable' from command line to 'False'
[2.795s] Level 5:colcon.colcon_core.verb:set package 'px4_msgs' build argument 'cmake_clean_cache' from command line to 'False'
[2.795s] Level 5:colcon.colcon_core.verb:set package 'px4_msgs' build argument 'cmake_clean_first' from command line to 'False'
[2.795s] Level 5:colcon.colcon_core.verb:set package 'px4_msgs' build argument 'cmake_force_configure' from command line to 'False'
[2.796s] Level 5:colcon.colcon_core.verb:set package 'px4_msgs' build argument 'ament_cmake_args' from command line to 'None'
[2.796s] Level 5:colcon.colcon_core.verb:set package 'px4_msgs' build argument 'catkin_cmake_args' from command line to 'None'
[2.796s] Level 5:colcon.colcon_core.verb:set package 'px4_msgs' build argument 'catkin_skip_building_tests' from command line to 'False'
[2.796s] DEBUG:colcon.colcon_core.verb:Building package 'px4_msgs' with the following arguments: {'ament_cmake_args': None, 'build_base': '/home/shibin/ws_sensor_combined/build/px4_msgs', 'catkin_cmake_args': None, 'catkin_skip_building_tests': False, 'cmake_args': None, 'cmake_clean_cache': False, 'cmake_clean_first': False, 'cmake_force_configure': False, 'cmake_target': None, 'cmake_target_skip_unavailable': False, 'install_base': '/home/shibin/ws_sensor_combined/install/px4_msgs', 'merge_install': False, 'path': '/home/shibin/ws_sensor_combined/src/px4_msgs', 'symlink_install': False, 'test_result_base': None}
[2.799s] Level 5:colcon.colcon_core.verb:set package 'rrt_package' build argument 'cmake_args' from command line to 'None'
[2.799s] Level 5:colcon.colcon_core.verb:set package 'rrt_package' build argument 'cmake_target' from command line to 'None'
[2.799s] Level 5:colcon.colcon_core.verb:set package 'rrt_package' build argument 'cmake_target_skip_unavailable' from command line to 'False'
[2.799s] Level 5:colcon.colcon_core.verb:set package 'rrt_package' build argument 'cmake_clean_cache' from command line to 'False'
[2.799s] Level 5:colcon.colcon_core.verb:set package 'rrt_package' build argument 'cmake_clean_first' from command line to 'False'
[2.800s] Level 5:colcon.colcon_core.verb:set package 'rrt_package' build argument 'cmake_force_configure' from command line to 'False'
[2.800s] Level 5:colcon.colcon_core.verb:set package 'rrt_package' build argument 'ament_cmake_args' from command line to 'None'
[2.800s] Level 5:colcon.colcon_core.verb:set package 'rrt_package' build argument 'catkin_cmake_args' from command line to 'None'
[2.800s] Level 5:colcon.colcon_core.verb:set package 'rrt_package' build argument 'catkin_skip_building_tests' from command line to 'False'
[2.800s] DEBUG:colcon.colcon_core.verb:Building package 'rrt_package' with the following arguments: {'ament_cmake_args': None, 'build_base': '/home/shibin/ws_sensor_combined/build/rrt_package', 'catkin_cmake_args': None, 'catkin_skip_building_tests': False, 'cmake_args': None, 'cmake_clean_cache': False, 'cmake_clean_first': False, 'cmake_force_configure': False, 'cmake_target': None, 'cmake_target_skip_unavailable': False, 'install_base': '/home/shibin/ws_sensor_combined/install/rrt_package', 'merge_install': False, 'path': '/home/shibin/ws_sensor_combined/src/rrt_package', 'symlink_install': False, 'test_result_base': None}
[2.803s] Level 5:colcon.colcon_core.verb:set package 'px4_offboard' build argument 'cmake_args' from command line to 'None'
[2.804s] Level 5:colcon.colcon_core.verb:set package 'px4_offboard' build argument 'cmake_target' from command line to 'None'
[2.804s] Level 5:colcon.colcon_core.verb:set package 'px4_offboard' build argument 'cmake_target_skip_unavailable' from command line to 'False'
[2.804s] Level 5:colcon.colcon_core.verb:set package 'px4_offboard' build argument 'cmake_clean_cache' from command line to 'False'
[2.804s] Level 5:colcon.colcon_core.verb:set package 'px4_offboard' build argument 'cmake_clean_first' from command line to 'False'
[2.805s] Level 5:colcon.colcon_core.verb:set package 'px4_offboard' build argument 'cmake_force_configure' from command line to 'False'
[2.805s] Level 5:colcon.colcon_core.verb:set package 'px4_offboard' build argument 'ament_cmake_args' from command line to 'None'
[2.805s] Level 5:colcon.colcon_core.verb:set package 'px4_offboard' build argument 'catkin_cmake_args' from command line to 'None'
[2.805s] Level 5:colcon.colcon_core.verb:set package 'px4_offboard' build argument 'catkin_skip_building_tests' from command line to 'False'
[2.806s] DEBUG:colcon.colcon_core.verb:Building package 'px4_offboard' with the following arguments: {'ament_cmake_args': None, 'build_base': '/home/shibin/ws_sensor_combined/build/px4_offboard', 'catkin_cmake_args': None, 'catkin_skip_building_tests': False, 'cmake_args': None, 'cmake_clean_cache': False, 'cmake_clean_first': False, 'cmake_force_configure': False, 'cmake_target': None, 'cmake_target_skip_unavailable': False, 'install_base': '/home/shibin/ws_sensor_combined/install/px4_offboard', 'merge_install': False, 'path': '/home/shibin/ws_sensor_combined/src/px4-offboard', 'symlink_install': False, 'test_result_base': None}
[2.808s] Level 5:colcon.colcon_core.verb:set package 'px4_ros_com' build argument 'cmake_args' from command line to 'None'
[2.808s] Level 5:colcon.colcon_core.verb:set package 'px4_ros_com' build argument 'cmake_target' from command line to 'None'
[2.808s] Level 5:colcon.colcon_core.verb:set package 'px4_ros_com' build argument 'cmake_target_skip_unavailable' from command line to 'False'
[2.809s] Level 5:colcon.colcon_core.verb:set package 'px4_ros_com' build argument 'cmake_clean_cache' from command line to 'False'
[2.809s] Level 5:colcon.colcon_core.verb:set package 'px4_ros_com' build argument 'cmake_clean_first' from command line to 'False'
[2.809s] Level 5:colcon.colcon_core.verb:set package 'px4_ros_com' build argument 'cmake_force_configure' from command line to 'False'
[2.809s] Level 5:colcon.colcon_core.verb:set package 'px4_ros_com' build argument 'ament_cmake_args' from command line to 'None'
[2.809s] Level 5:colcon.colcon_core.verb:set package 'px4_ros_com' build argument 'catkin_cmake_args' from command line to 'None'
[2.809s] Level 5:colcon.colcon_core.verb:set package 'px4_ros_com' build argument 'catkin_skip_building_tests' from command line to 'False'
[2.809s] DEBUG:colcon.colcon_core.verb:Building package 'px4_ros_com' with the following arguments: {'ament_cmake_args': None, 'build_base': '/home/shibin/ws_sensor_combined/build/px4_ros_com', 'catkin_cmake_args': None, 'catkin_skip_building_tests': False, 'cmake_args': None, 'cmake_clean_cache': False, 'cmake_clean_first': False, 'cmake_force_configure': False, 'cmake_target': None, 'cmake_target_skip_unavailable': False, 'install_base': '/home/shibin/ws_sensor_combined/install/px4_ros_com', 'merge_install': False, 'path': '/home/shibin/ws_sensor_combined/src/px4_ros_com', 'symlink_install': False, 'test_result_base': None}
[2.810s] INFO:colcon.colcon_core.executor:Executing jobs using 'parallel' executor
[2.814s] DEBUG:colcon.colcon_parallel_executor.executor.parallel:run_until_complete
[2.816s] INFO:colcon.colcon_ros.task.ament_cmake.build:Building ROS package in '/home/shibin/ws_sensor_combined/src/px4_msgs' with build type 'ament_cmake'
[2.816s] INFO:colcon.colcon_cmake.task.cmake.build:Building CMake package in '/home/shibin/ws_sensor_combined/src/px4_msgs'
[2.831s] INFO:colcon.colcon_core.plugin_system:Skipping extension 'colcon_core.shell.bat': Not used on non-Windows systems
[2.832s] INFO:colcon.colcon_core.shell:Skip shell extension 'powershell' for command environment: Not usable outside of PowerShell
[2.832s] DEBUG:colcon.colcon_core.shell:Skip shell extension 'dsv' for command environment
[2.859s] INFO:colcon.colcon_ros.task.ament_python.build:Building ROS package in '/home/shibin/ws_sensor_combined/src/gazebo_ros_bridge' with build type 'ament_python'
[2.860s] Level 1:colcon.colcon_core.shell:create_environment_hook('gazebo_ros_bridge', 'ament_prefix_path')
[2.861s] INFO:colcon.colcon_core.shell:Creating environment hook '/home/shibin/ws_sensor_combined/install/gazebo_ros_bridge/share/gazebo_ros_bridge/hook/ament_prefix_path.ps1'
[2.865s] INFO:colcon.colcon_core.shell:Creating environment descriptor '/home/shibin/ws_sensor_combined/install/gazebo_ros_bridge/share/gazebo_ros_bridge/hook/ament_prefix_path.dsv'
[2.868s] INFO:colcon.colcon_core.shell:Creating environment hook '/home/shibin/ws_sensor_combined/install/gazebo_ros_bridge/share/gazebo_ros_bridge/hook/ament_prefix_path.sh'
[2.874s] INFO:colcon.colcon_core.shell:Skip shell extension 'powershell' for command environment: Not usable outside of PowerShell
[2.874s] DEBUG:colcon.colcon_core.shell:Skip shell extension 'dsv' for command environment
[2.898s] INFO:colcon.colcon_ros.task.ament_python.build:Building ROS package in '/home/shibin/ws_sensor_combined/src/rrt_package' with build type 'ament_python'
[2.899s] Level 1:colcon.colcon_core.shell:create_environment_hook('rrt_package', 'ament_prefix_path')
[2.901s] INFO:colcon.colcon_core.shell:Creating environment hook '/home/shibin/ws_sensor_combined/install/rrt_package/share/rrt_package/hook/ament_prefix_path.ps1'
[2.904s] INFO:colcon.colcon_core.shell:Creating environment descriptor '/home/shibin/ws_sensor_combined/install/rrt_package/share/rrt_package/hook/ament_prefix_path.dsv'
[2.906s] INFO:colcon.colcon_core.shell:Creating environment hook '/home/shibin/ws_sensor_combined/install/rrt_package/share/rrt_package/hook/ament_prefix_path.sh'
[2.911s] INFO:colcon.colcon_core.shell:Skip shell extension 'powershell' for command environment: Not usable outside of PowerShell
[2.912s] DEBUG:colcon.colcon_core.shell:Skip shell extension 'dsv' for command environment
[2.973s] DEBUG:colcon.colcon_core.event_handler.log_command:Invoking command in '/home/shibin/ws_sensor_combined/build/px4_msgs': CMAKE_PREFIX_PATH=${CMAKE_PREFIX_PATH}:/home/shibin/ws_sensor_combined/install/rrt_package:/home/shibin/ws_sensor_combined/install/px4_offboard:/home/shibin/ws_sensor_combined/install/gazebo_ros_bridge:/home/shibin/project_ws/install/serp_rl:/home/shibin/project_ws/install/project_pkg:/home/shibin/project_ws/install/drone_simulation:/opt/ros/humble /usr/bin/cmake --build /home/shibin/ws_sensor_combined/build/px4_msgs -- -j8 -l8
[5.086s] INFO:colcon.colcon_core.task.python.build:Building Python package in '/home/shibin/ws_sensor_combined/src/gazebo_ros_bridge'
[5.088s] INFO:colcon.colcon_core.shell:Skip shell extension 'powershell' for command environment: Not usable outside of PowerShell
[5.088s] DEBUG:colcon.colcon_core.shell:Skip shell extension 'dsv' for command environment
[7.131s] INFO:colcon.colcon_core.task.python.build:Building Python package in '/home/shibin/ws_sensor_combined/src/rrt_package'
[7.133s] INFO:colcon.colcon_core.shell:Skip shell extension 'powershell' for command environment: Not usable outside of PowerShell
[7.133s] DEBUG:colcon.colcon_core.shell:Skip shell extension 'dsv' for command environment
[9.814s] DEBUG:colcon.colcon_core.event_handler.log_command:Invoking command in '/home/shibin/ws_sensor_combined/src/gazebo_ros_bridge': PYTHONPATH=/home/shibin/ws_sensor_combined/build/gazebo_ros_bridge/prefix_override:/usr/lib/python3/dist-packages/colcon_core/task/python/colcon_distutils_commands:/home/shibin/ws_sensor_combined/install/gazebo_ros_bridge/lib/python3.10/site-packages:${PYTHONPATH} /usr/bin/python3 -W ignore:setup.py install is deprecated -W ignore:easy_install command is deprecated setup.py egg_info --egg-base ../../build/gazebo_ros_bridge build --build-base /home/shibin/ws_sensor_combined/build/gazebo_ros_bridge/build install --record /home/shibin/ws_sensor_combined/build/gazebo_ros_bridge/install.log --single-version-externally-managed install_data
[9.964s] DEBUG:colcon.colcon_core.event_handler.log_command:Invoking command in '/home/shibin/ws_sensor_combined/src/rrt_package': PYTHONPATH=/home/shibin/ws_sensor_combined/build/rrt_package/prefix_override:/usr/lib/python3/dist-packages/colcon_core/task/python/colcon_distutils_commands:/home/shibin/ws_sensor_combined/install/rrt_package/lib/python3.10/site-packages:${PYTHONPATH} /usr/bin/python3 -W ignore:setup.py install is deprecated -W ignore:easy_install command is deprecated setup.py egg_info --egg-base ../../build/rrt_package build --build-base /home/shibin/ws_sensor_combined/build/rrt_package/build install --record /home/shibin/ws_sensor_combined/build/rrt_package/install.log --single-version-externally-managed install_data
[12.408s] DEBUG:colcon.colcon_core.event_handler.log_command:Invoked command in '/home/shibin/ws_sensor_combined/src/gazebo_ros_bridge' returned '0': PYTHONPATH=/home/shibin/ws_sensor_combined/build/gazebo_ros_bridge/prefix_override:/usr/lib/python3/dist-packages/colcon_core/task/python/colcon_distutils_commands:/home/shibin/ws_sensor_combined/install/gazebo_ros_bridge/lib/python3.10/site-packages:${PYTHONPATH} /usr/bin/python3 -W ignore:setup.py install is deprecated -W ignore:easy_install command is deprecated setup.py egg_info --egg-base ../../build/gazebo_ros_bridge build --build-base /home/shibin/ws_sensor_combined/build/gazebo_ros_bridge/build install --record /home/shibin/ws_sensor_combined/build/gazebo_ros_bridge/install.log --single-version-externally-managed install_data
[12.458s] Level 1:colcon.colcon_core.environment:checking '/home/shibin/ws_sensor_combined/install/gazebo_ros_bridge' for CMake module files
[12.469s] Level 1:colcon.colcon_core.environment:checking '/home/shibin/ws_sensor_combined/install/gazebo_ros_bridge' for CMake config files
[12.488s] Level 1:colcon.colcon_core.environment:checking '/home/shibin/ws_sensor_combined/install/gazebo_ros_bridge/lib'
[12.489s] Level 1:colcon.colcon_core.environment:checking '/home/shibin/ws_sensor_combined/install/gazebo_ros_bridge/bin'
[12.489s] Level 1:colcon.colcon_core.environment:checking '/home/shibin/ws_sensor_combined/install/gazebo_ros_bridge/lib/pkgconfig/gazebo_ros_bridge.pc'
[12.491s] Level 1:colcon.colcon_core.environment:checking '/home/shibin/ws_sensor_combined/install/gazebo_ros_bridge/lib/python3.10/site-packages'
[12.498s] Level 1:colcon.colcon_core.shell:create_environment_hook('gazebo_ros_bridge', 'pythonpath')
[12.499s] INFO:colcon.colcon_core.shell:Creating environment hook '/home/shibin/ws_sensor_combined/install/gazebo_ros_bridge/share/gazebo_ros_bridge/hook/pythonpath.ps1'
[12.516s] INFO:colcon.colcon_core.shell:Creating environment descriptor '/home/shibin/ws_sensor_combined/install/gazebo_ros_bridge/share/gazebo_ros_bridge/hook/pythonpath.dsv'
[12.524s] INFO:colcon.colcon_core.shell:Creating environment hook '/home/shibin/ws_sensor_combined/install/gazebo_ros_bridge/share/gazebo_ros_bridge/hook/pythonpath.sh'
[12.541s] Level 1:colcon.colcon_core.environment:checking '/home/shibin/ws_sensor_combined/install/gazebo_ros_bridge/bin'
[12.541s] Level 1:colcon.colcon_core.environment:create_environment_scripts_only(gazebo_ros_bridge)
[12.555s] INFO:colcon.colcon_core.shell:Creating package script '/home/shibin/ws_sensor_combined/install/gazebo_ros_bridge/share/gazebo_ros_bridge/package.ps1'
[12.577s] INFO:colcon.colcon_core.shell:Creating package descriptor '/home/shibin/ws_sensor_combined/install/gazebo_ros_bridge/share/gazebo_ros_bridge/package.dsv'
[12.596s] INFO:colcon.colcon_core.shell:Creating package script '/home/shibin/ws_sensor_combined/install/gazebo_ros_bridge/share/gazebo_ros_bridge/package.sh'
[12.617s] INFO:colcon.colcon_core.shell:Creating package script '/home/shibin/ws_sensor_combined/install/gazebo_ros_bridge/share/gazebo_ros_bridge/package.bash'
[12.633s] INFO:colcon.colcon_core.shell:Creating package script '/home/shibin/ws_sensor_combined/install/gazebo_ros_bridge/share/gazebo_ros_bridge/package.zsh'
[12.652s] Level 1:colcon.colcon_core.environment:create_file_with_runtime_dependencies(/home/shibin/ws_sensor_combined/install/gazebo_ros_bridge/share/colcon-core/packages/gazebo_ros_bridge)
[12.670s] Level 1:colcon.colcon_core.environment:checking '/home/shibin/ws_sensor_combined/install/rrt_package' for CMake module files
[12.680s] DEBUG:colcon.colcon_core.event_handler.log_command:Invoked command in '/home/shibin/ws_sensor_combined/src/rrt_package' returned '0': PYTHONPATH=/home/shibin/ws_sensor_combined/build/rrt_package/prefix_override:/usr/lib/python3/dist-packages/colcon_core/task/python/colcon_distutils_commands:/home/shibin/ws_sensor_combined/install/rrt_package/lib/python3.10/site-packages:${PYTHONPATH} /usr/bin/python3 -W ignore:setup.py install is deprecated -W ignore:easy_install command is deprecated setup.py egg_info --egg-base ../../build/rrt_package build --build-base /home/shibin/ws_sensor_combined/build/rrt_package/build install --record /home/shibin/ws_sensor_combined/build/rrt_package/install.log --single-version-externally-managed install_data
[12.691s] Level 1:colcon.colcon_core.environment:checking '/home/shibin/ws_sensor_combined/install/rrt_package' for CMake config files
[12.706s] Level 1:colcon.colcon_core.environment:checking '/home/shibin/ws_sensor_combined/install/rrt_package/lib'
[12.707s] Level 1:colcon.colcon_core.environment:checking '/home/shibin/ws_sensor_combined/install/rrt_package/bin'
[12.707s] Level 1:colcon.colcon_core.environment:checking '/home/shibin/ws_sensor_combined/install/rrt_package/lib/pkgconfig/rrt_package.pc'
[12.709s] Level 1:colcon.colcon_core.environment:checking '/home/shibin/ws_sensor_combined/install/rrt_package/lib/python3.10/site-packages'
[12.713s] Level 1:colcon.colcon_core.shell:create_environment_hook('rrt_package', 'pythonpath')
[12.714s] INFO:colcon.colcon_core.shell:Creating environment hook '/home/shibin/ws_sensor_combined/install/rrt_package/share/rrt_package/hook/pythonpath.ps1'
[12.726s] INFO:colcon.colcon_core.shell:Creating environment descriptor '/home/shibin/ws_sensor_combined/install/rrt_package/share/rrt_package/hook/pythonpath.dsv'
[12.732s] INFO:colcon.colcon_core.shell:Creating environment hook '/home/shibin/ws_sensor_combined/install/rrt_package/share/rrt_package/hook/pythonpath.sh'
[12.738s] Level 1:colcon.colcon_core.environment:checking '/home/shibin/ws_sensor_combined/install/rrt_package/bin'
[12.739s] Level 1:colcon.colcon_core.environment:create_environment_scripts_only(rrt_package)
[12.748s] INFO:colcon.colcon_core.shell:Creating package script '/home/shibin/ws_sensor_combined/install/rrt_package/share/rrt_package/package.ps1'
[12.755s] INFO:colcon.colcon_core.shell:Creating package descriptor '/home/shibin/ws_sensor_combined/install/rrt_package/share/rrt_package/package.dsv'
[12.761s] INFO:colcon.colcon_core.shell:Creating package script '/home/shibin/ws_sensor_combined/install/rrt_package/share/rrt_package/package.sh'
[12.766s] INFO:colcon.colcon_core.shell:Creating package script '/home/shibin/ws_sensor_combined/install/rrt_package/share/rrt_package/package.bash'
[12.771s] INFO:colcon.colcon_core.shell:Creating package script '/home/shibin/ws_sensor_combined/install/rrt_package/share/rrt_package/package.zsh'
[12.777s] Level 1:colcon.colcon_core.environment:create_file_with_runtime_dependencies(/home/shibin/ws_sensor_combined/install/rrt_package/share/colcon-core/packages/rrt_package)
[15.804s] DEBUG:colcon.colcon_core.event_handler.log_command:Invoked command in '/home/shibin/ws_sensor_combined/build/px4_msgs' returned '0': CMAKE_PREFIX_PATH=${CMAKE_PREFIX_PATH}:/home/shibin/ws_sensor_combined/install/rrt_package:/home/shibin/ws_sensor_combined/install/px4_offboard:/home/shibin/ws_sensor_combined/install/gazebo_ros_bridge:/home/shibin/project_ws/install/serp_rl:/home/shibin/project_ws/install/project_pkg:/home/shibin/project_ws/install/drone_simulation:/opt/ros/humble /usr/bin/cmake --build /home/shibin/ws_sensor_combined/build/px4_msgs -- -j8 -l8
[15.845s] DEBUG:colcon.colcon_core.event_handler.log_command:Invoking command in '/home/shibin/ws_sensor_combined/build/px4_msgs': CMAKE_PREFIX_PATH=${CMAKE_PREFIX_PATH}:/home/shibin/ws_sensor_combined/install/rrt_package:/home/shibin/ws_sensor_combined/install/px4_offboard:/home/shibin/ws_sensor_combined/install/gazebo_ros_bridge:/home/shibin/project_ws/install/serp_rl:/home/shibin/project_ws/install/project_pkg:/home/shibin/project_ws/install/drone_simulation:/opt/ros/humble /usr/bin/cmake --install /home/shibin/ws_sensor_combined/build/px4_msgs
[16.754s] Level 1:colcon.colcon_core.environment:create_environment_scripts_only(px4_msgs)
[16.759s] Level 1:colcon.colcon_core.environment:checking '/home/shibin/ws_sensor_combined/install/px4_msgs' for CMake module files
[16.763s] DEBUG:colcon.colcon_core.event_handler.log_command:Invoked command in '/home/shibin/ws_sensor_combined/build/px4_msgs' returned '0': CMAKE_PREFIX_PATH=${CMAKE_PREFIX_PATH}:/home/shibin/ws_sensor_combined/install/rrt_package:/home/shibin/ws_sensor_combined/install/px4_offboard:/home/shibin/ws_sensor_combined/install/gazebo_ros_bridge:/home/shibin/project_ws/install/serp_rl:/home/shibin/project_ws/install/project_pkg:/home/shibin/project_ws/install/drone_simulation:/opt/ros/humble /usr/bin/cmake --install /home/shibin/ws_sensor_combined/build/px4_msgs
[16.766s] Level 1:colcon.colcon_core.environment:checking '/home/shibin/ws_sensor_combined/install/px4_msgs' for CMake config files
[16.912s] Level 1:colcon.colcon_core.shell:create_environment_hook('px4_msgs', 'cmake_prefix_path')
[16.914s] INFO:colcon.colcon_core.shell:Creating environment hook '/home/shibin/ws_sensor_combined/install/px4_msgs/share/px4_msgs/hook/cmake_prefix_path.ps1'
[16.917s] INFO:colcon.colcon_core.shell:Creating environment descriptor '/home/shibin/ws_sensor_combined/install/px4_msgs/share/px4_msgs/hook/cmake_prefix_path.dsv'
[16.919s] INFO:colcon.colcon_core.shell:Creating environment hook '/home/shibin/ws_sensor_combined/install/px4_msgs/share/px4_msgs/hook/cmake_prefix_path.sh'
[16.923s] Level 1:colcon.colcon_core.environment:checking '/home/shibin/ws_sensor_combined/install/px4_msgs/lib'
[16.924s] Level 1:colcon.colcon_core.shell:create_environment_hook('px4_msgs', 'ld_library_path_lib')
[16.926s] INFO:colcon.colcon_core.shell:Creating environment hook '/home/shibin/ws_sensor_combined/install/px4_msgs/share/px4_msgs/hook/ld_library_path_lib.ps1'
[16.928s] INFO:colcon.colcon_core.shell:Creating environment descriptor '/home/shibin/ws_sensor_combined/install/px4_msgs/share/px4_msgs/hook/ld_library_path_lib.dsv'
[16.930s] INFO:colcon.colcon_core.shell:Creating environment hook '/home/shibin/ws_sensor_combined/install/px4_msgs/share/px4_msgs/hook/ld_library_path_lib.sh'
[16.933s] Level 1:colcon.colcon_core.environment:checking '/home/shibin/ws_sensor_combined/install/px4_msgs/bin'
[16.934s] Level 1:colcon.colcon_core.environment:checking '/home/shibin/ws_sensor_combined/install/px4_msgs/lib/pkgconfig/px4_msgs.pc'
[16.935s] Level 1:colcon.colcon_core.environment:checking '/home/shibin/ws_sensor_combined/install/px4_msgs/lib/python3.10/site-packages'
[16.937s] Level 1:colcon.colcon_core.environment:checking '/home/shibin/ws_sensor_combined/install/px4_msgs/bin'
[16.939s] INFO:colcon.colcon_core.shell:Creating package script '/home/shibin/ws_sensor_combined/install/px4_msgs/share/px4_msgs/package.ps1'
[16.943s] INFO:colcon.colcon_core.shell:Creating package descriptor '/home/shibin/ws_sensor_combined/install/px4_msgs/share/px4_msgs/package.dsv'
[16.946s] INFO:colcon.colcon_core.shell:Creating package script '/home/shibin/ws_sensor_combined/install/px4_msgs/share/px4_msgs/package.sh'
[16.949s] INFO:colcon.colcon_core.shell:Creating package script '/home/shibin/ws_sensor_combined/install/px4_msgs/share/px4_msgs/package.bash'
[16.951s] INFO:colcon.colcon_core.shell:Creating package script '/home/shibin/ws_sensor_combined/install/px4_msgs/share/px4_msgs/package.zsh'
[16.954s] Level 1:colcon.colcon_core.environment:create_file_with_runtime_dependencies(/home/shibin/ws_sensor_combined/install/px4_msgs/share/colcon-core/packages/px4_msgs)
[16.958s] Level 1:colcon.colcon_core.environment:create_environment_scripts_only(px4_msgs)
[16.961s] Level 1:colcon.colcon_core.environment:checking '/home/shibin/ws_sensor_combined/install/px4_msgs' for CMake module files
[16.966s] Level 1:colcon.colcon_core.environment:checking '/home/shibin/ws_sensor_combined/install/px4_msgs' for CMake config files
[17.127s] Level 1:colcon.colcon_core.shell:create_environment_hook('px4_msgs', 'cmake_prefix_path')
[17.128s] INFO:colcon.colcon_core.shell:Creating environment hook '/home/shibin/ws_sensor_combined/install/px4_msgs/share/px4_msgs/hook/cmake_prefix_path.ps1'
[17.131s] INFO:colcon.colcon_core.shell:Creating environment descriptor '/home/shibin/ws_sensor_combined/install/px4_msgs/share/px4_msgs/hook/cmake_prefix_path.dsv'
[17.133s] INFO:colcon.colcon_core.shell:Creating environment hook '/home/shibin/ws_sensor_combined/install/px4_msgs/share/px4_msgs/hook/cmake_prefix_path.sh'
[17.136s] Level 1:colcon.colcon_core.environment:checking '/home/shibin/ws_sensor_combined/install/px4_msgs/lib'
[17.137s] Level 1:colcon.colcon_core.shell:create_environment_hook('px4_msgs', 'ld_library_path_lib')
[17.139s] INFO:colcon.colcon_core.shell:Creating environment hook '/home/shibin/ws_sensor_combined/install/px4_msgs/share/px4_msgs/hook/ld_library_path_lib.ps1'
[17.142s] INFO:colcon.colcon_core.shell:Creating environment descriptor '/home/shibin/ws_sensor_combined/install/px4_msgs/share/px4_msgs/hook/ld_library_path_lib.dsv'
[17.144s] INFO:colcon.colcon_core.shell:Creating environment hook '/home/shibin/ws_sensor_combined/install/px4_msgs/share/px4_msgs/hook/ld_library_path_lib.sh'
[17.146s] Level 1:colcon.colcon_core.environment:checking '/home/shibin/ws_sensor_combined/install/px4_msgs/bin'
[17.147s] Level 1:colcon.colcon_core.environment:checking '/home/shibin/ws_sensor_combined/install/px4_msgs/lib/pkgconfig/px4_msgs.pc'
[17.149s] Level 1:colcon.colcon_core.environment:checking '/home/shibin/ws_sensor_combined/install/px4_msgs/lib/python3.10/site-packages'
[17.150s] Level 1:colcon.colcon_core.environment:checking '/home/shibin/ws_sensor_combined/install/px4_msgs/bin'
[17.153s] INFO:colcon.colcon_core.shell:Creating package script '/home/shibin/ws_sensor_combined/install/px4_msgs/share/px4_msgs/package.ps1'
[17.157s] INFO:colcon.colcon_core.shell:Creating package descriptor '/home/shibin/ws_sensor_combined/install/px4_msgs/share/px4_msgs/package.dsv'
[17.160s] INFO:colcon.colcon_core.shell:Creating package script '/home/shibin/ws_sensor_combined/install/px4_msgs/share/px4_msgs/package.sh'
[17.163s] INFO:colcon.colcon_core.shell:Creating package script '/home/shibin/ws_sensor_combined/install/px4_msgs/share/px4_msgs/package.bash'
[17.165s] INFO:colcon.colcon_core.shell:Creating package script '/home/shibin/ws_sensor_combined/install/px4_msgs/share/px4_msgs/package.zsh'
[17.168s] Level 1:colcon.colcon_core.environment:create_file_with_runtime_dependencies(/home/shibin/ws_sensor_combined/install/px4_msgs/share/colcon-core/packages/px4_msgs)
[17.170s] INFO:colcon.colcon_ros.task.ament_python.build:Building ROS package in '/home/shibin/ws_sensor_combined/src/px4-offboard' with build type 'ament_python'
[17.173s] Level 1:colcon.colcon_core.shell:create_environment_hook('px4_offboard', 'ament_prefix_path')
[17.174s] INFO:colcon.colcon_core.shell:Creating environment hook '/home/shibin/ws_sensor_combined/install/px4_offboard/share/px4_offboard/hook/ament_prefix_path.ps1'
[17.178s] INFO:colcon.colcon_core.shell:Creating environment descriptor '/home/shibin/ws_sensor_combined/install/px4_offboard/share/px4_offboard/hook/ament_prefix_path.dsv'
[17.180s] INFO:colcon.colcon_core.shell:Creating environment hook '/home/shibin/ws_sensor_combined/install/px4_offboard/share/px4_offboard/hook/ament_prefix_path.sh'
[17.184s] INFO:colcon.colcon_core.shell:Skip shell extension 'powershell' for command environment: Not usable outside of PowerShell
[17.185s] DEBUG:colcon.colcon_core.shell:Skip shell extension 'dsv' for command environment
[17.214s] INFO:colcon.colcon_ros.task.ament_cmake.build:Building ROS package in '/home/shibin/ws_sensor_combined/src/px4_ros_com' with build type 'ament_cmake'
[17.215s] INFO:colcon.colcon_cmake.task.cmake.build:Building CMake package in '/home/shibin/ws_sensor_combined/src/px4_ros_com'
[17.217s] INFO:colcon.colcon_core.shell:Skip shell extension 'powershell' for command environment: Not usable outside of PowerShell
[17.218s] DEBUG:colcon.colcon_core.shell:Skip shell extension 'dsv' for command environment
[19.574s] INFO:colcon.colcon_core.task.python.build:Building Python package in '/home/shibin/ws_sensor_combined/src/px4-offboard'
[19.576s] INFO:colcon.colcon_core.shell:Skip shell extension 'powershell' for command environment: Not usable outside of PowerShell
[19.576s] DEBUG:colcon.colcon_core.shell:Skip shell extension 'dsv' for command environment
[19.636s] DEBUG:colcon.colcon_core.event_handler.log_command:Invoking command in '/home/shibin/ws_sensor_combined/build/px4_ros_com': CMAKE_PREFIX_PATH=/home/shibin/ws_sensor_combined/install/px4_msgs:/home/shibin/ws_sensor_combined/install/px4_ros_com:/home/shibin/project_ws/install/tutorial_interfaces:/home/shibin/ws_sensor_combined/install/rrt_package:/home/shibin/ws_sensor_combined/install/px4_offboard:/home/shibin/ws_sensor_combined/install/gazebo_ros_bridge:/home/shibin/project_ws/install/serp_rl:/home/shibin/project_ws/install/project_pkg:/home/shibin/project_ws/install/drone_simulation:/opt/ros/humble LD_LIBRARY_PATH=/home/shibin/ws_sensor_combined/install/px4_msgs/lib:/home/shibin/ws_sensor_combined/install/px4_ros_com/lib:/home/shibin/project_ws/install/tutorial_interfaces/lib:/opt/ros/humble/opt/rviz_ogre_vendor/lib:/opt/ros/humble/lib/x86_64-linux-gnu:/opt/ros/humble/opt/ortools_vendor/lib:/opt/ros/humble/lib /usr/bin/cmake --build /home/shibin/ws_sensor_combined/build/px4_ros_com -- -j8 -l8
[22.470s] DEBUG:colcon.colcon_core.event_handler.log_command:Invoking command in '/home/shibin/ws_sensor_combined/src/px4-offboard': CMAKE_PREFIX_PATH=/home/shibin/ws_sensor_combined/install/px4_msgs:/home/shibin/ws_sensor_combined/install/px4_ros_com:/home/shibin/project_ws/install/tutorial_interfaces LD_LIBRARY_PATH=/home/shibin/ws_sensor_combined/install/px4_msgs/lib:/home/shibin/ws_sensor_combined/install/px4_ros_com/lib:/home/shibin/project_ws/install/tutorial_interfaces/lib:/opt/ros/humble/opt/rviz_ogre_vendor/lib:/opt/ros/humble/lib/x86_64-linux-gnu:/opt/ros/humble/opt/ortools_vendor/lib:/opt/ros/humble/lib PYTHONPATH=/home/shibin/ws_sensor_combined/build/px4_offboard/prefix_override:/usr/lib/python3/dist-packages/colcon_core/task/python/colcon_distutils_commands:/home/shibin/ws_sensor_combined/install/px4_offboard/lib/python3.10/site-packages:${PYTHONPATH} /usr/bin/python3 -W ignore:setup.py install is deprecated -W ignore:easy_install command is deprecated setup.py egg_info --egg-base ../../build/px4_offboard build --build-base /home/shibin/ws_sensor_combined/build/px4_offboard/build install --record /home/shibin/ws_sensor_combined/build/px4_offboard/install.log --single-version-externally-managed install_data
[22.611s] DEBUG:colcon.colcon_core.event_handler.log_command:Invoked command in '/home/shibin/ws_sensor_combined/build/px4_ros_com' returned '0': CMAKE_PREFIX_PATH=/home/shibin/ws_sensor_combined/install/px4_msgs:/home/shibin/ws_sensor_combined/install/px4_ros_com:/home/shibin/project_ws/install/tutorial_interfaces:/home/shibin/ws_sensor_combined/install/rrt_package:/home/shibin/ws_sensor_combined/install/px4_offboard:/home/shibin/ws_sensor_combined/install/gazebo_ros_bridge:/home/shibin/project_ws/install/serp_rl:/home/shibin/project_ws/install/project_pkg:/home/shibin/project_ws/install/drone_simulation:/opt/ros/humble LD_LIBRARY_PATH=/home/shibin/ws_sensor_combined/install/px4_msgs/lib:/home/shibin/ws_sensor_combined/install/px4_ros_com/lib:/home/shibin/project_ws/install/tutorial_interfaces/lib:/opt/ros/humble/opt/rviz_ogre_vendor/lib:/opt/ros/humble/lib/x86_64-linux-gnu:/opt/ros/humble/opt/ortools_vendor/lib:/opt/ros/humble/lib /usr/bin/cmake --build /home/shibin/ws_sensor_combined/build/px4_ros_com -- -j8 -l8
[22.625s] DEBUG:colcon.colcon_core.event_handler.log_command:Invoking command in '/home/shibin/ws_sensor_combined/build/px4_ros_com': CMAKE_PREFIX_PATH=/home/shibin/ws_sensor_combined/install/px4_msgs:/home/shibin/ws_sensor_combined/install/px4_ros_com:/home/shibin/project_ws/install/tutorial_interfaces:/home/shibin/ws_sensor_combined/install/rrt_package:/home/shibin/ws_sensor_combined/install/px4_offboard:/home/shibin/ws_sensor_combined/install/gazebo_ros_bridge:/home/shibin/project_ws/install/serp_rl:/home/shibin/project_ws/install/project_pkg:/home/shibin/project_ws/install/drone_simulation:/opt/ros/humble LD_LIBRARY_PATH=/home/shibin/ws_sensor_combined/install/px4_msgs/lib:/home/shibin/ws_sensor_combined/install/px4_ros_com/lib:/home/shibin/project_ws/install/tutorial_interfaces/lib:/opt/ros/humble/opt/rviz_ogre_vendor/lib:/opt/ros/humble/lib/x86_64-linux-gnu:/opt/ros/humble/opt/ortools_vendor/lib:/opt/ros/humble/lib /usr/bin/cmake --install /home/shibin/ws_sensor_combined/build/px4_ros_com
[22.949s] Level 1:colcon.colcon_core.environment:create_environment_scripts_only(px4_ros_com)
[22.955s] Level 1:colcon.colcon_core.environment:checking '/home/shibin/ws_sensor_combined/install/px4_ros_com' for CMake module files
[22.960s] DEBUG:colcon.colcon_core.event_handler.log_command:Invoked command in '/home/shibin/ws_sensor_combined/build/px4_ros_com' returned '0': CMAKE_PREFIX_PATH=/home/shibin/ws_sensor_combined/install/px4_msgs:/home/shibin/ws_sensor_combined/install/px4_ros_com:/home/shibin/project_ws/install/tutorial_interfaces:/home/shibin/ws_sensor_combined/install/rrt_package:/home/shibin/ws_sensor_combined/install/px4_offboard:/home/shibin/ws_sensor_combined/install/gazebo_ros_bridge:/home/shibin/project_ws/install/serp_rl:/home/shibin/project_ws/install/project_pkg:/home/shibin/project_ws/install/drone_simulation:/opt/ros/humble LD_LIBRARY_PATH=/home/shibin/ws_sensor_combined/install/px4_msgs/lib:/home/shibin/ws_sensor_combined/install/px4_ros_com/lib:/home/shibin/project_ws/install/tutorial_interfaces/lib:/opt/ros/humble/opt/rviz_ogre_vendor/lib:/opt/ros/humble/lib/x86_64-linux-gnu:/opt/ros/humble/opt/ortools_vendor/lib:/opt/ros/humble/lib /usr/bin/cmake --install /home/shibin/ws_sensor_combined/build/px4_ros_com
[22.971s] Level 1:colcon.colcon_core.environment:checking '/home/shibin/ws_sensor_combined/install/px4_ros_com' for CMake config files
[22.976s] Level 1:colcon.colcon_core.shell:create_environment_hook('px4_ros_com', 'cmake_prefix_path')
[22.978s] INFO:colcon.colcon_core.shell:Creating environment hook '/home/shibin/ws_sensor_combined/install/px4_ros_com/share/px4_ros_com/hook/cmake_prefix_path.ps1'
[22.981s] INFO:colcon.colcon_core.shell:Creating environment descriptor '/home/shibin/ws_sensor_combined/install/px4_ros_com/share/px4_ros_com/hook/cmake_prefix_path.dsv'
[22.984s] INFO:colcon.colcon_core.shell:Creating environment hook '/home/shibin/ws_sensor_combined/install/px4_ros_com/share/px4_ros_com/hook/cmake_prefix_path.sh'
[22.988s] Level 1:colcon.colcon_core.environment:checking '/home/shibin/ws_sensor_combined/install/px4_ros_com/lib'
[22.988s] Level 1:colcon.colcon_core.shell:create_environment_hook('px4_ros_com', 'ld_library_path_lib')
[22.990s] INFO:colcon.colcon_core.shell:Creating environment hook '/home/shibin/ws_sensor_combined/install/px4_ros_com/share/px4_ros_com/hook/ld_library_path_lib.ps1'
[22.993s] INFO:colcon.colcon_core.shell:Creating environment descriptor '/home/shibin/ws_sensor_combined/install/px4_ros_com/share/px4_ros_com/hook/ld_library_path_lib.dsv'
[22.996s] INFO:colcon.colcon_core.shell:Creating environment hook '/home/shibin/ws_sensor_combined/install/px4_ros_com/share/px4_ros_com/hook/ld_library_path_lib.sh'
[22.999s] Level 1:colcon.colcon_core.environment:checking '/home/shibin/ws_sensor_combined/install/px4_ros_com/bin'
[22.999s] Level 1:colcon.colcon_core.environment:checking '/home/shibin/ws_sensor_combined/install/px4_ros_com/lib/pkgconfig/px4_ros_com.pc'
[23.001s] Level 1:colcon.colcon_core.environment:checking '/home/shibin/ws_sensor_combined/install/px4_ros_com/lib/python3.10/site-packages'
[23.004s] Level 1:colcon.colcon_core.environment:checking '/home/shibin/ws_sensor_combined/install/px4_ros_com/bin'
[23.006s] INFO:colcon.colcon_core.shell:Creating package script '/home/shibin/ws_sensor_combined/install/px4_ros_com/share/px4_ros_com/package.ps1'
[23.009s] INFO:colcon.colcon_core.shell:Creating package descriptor '/home/shibin/ws_sensor_combined/install/px4_ros_com/share/px4_ros_com/package.dsv'
[23.013s] INFO:colcon.colcon_core.shell:Creating package script '/home/shibin/ws_sensor_combined/install/px4_ros_com/share/px4_ros_com/package.sh'
[23.017s] INFO:colcon.colcon_core.shell:Creating package script '/home/shibin/ws_sensor_combined/install/px4_ros_com/share/px4_ros_com/package.bash'
[23.019s] INFO:colcon.colcon_core.shell:Creating package script '/home/shibin/ws_sensor_combined/install/px4_ros_com/share/px4_ros_com/package.zsh'
[23.022s] Level 1:colcon.colcon_core.environment:create_file_with_runtime_dependencies(/home/shibin/ws_sensor_combined/install/px4_ros_com/share/colcon-core/packages/px4_ros_com)
[23.027s] Level 1:colcon.colcon_core.environment:create_environment_scripts_only(px4_ros_com)
[23.029s] Level 1:colcon.colcon_core.environment:checking '/home/shibin/ws_sensor_combined/install/px4_ros_com' for CMake module files
[23.033s] Level 1:colcon.colcon_core.environment:checking '/home/shibin/ws_sensor_combined/install/px4_ros_com' for CMake config files
[23.037s] Level 1:colcon.colcon_core.shell:create_environment_hook('px4_ros_com', 'cmake_prefix_path')
[23.038s] INFO:colcon.colcon_core.shell:Creating environment hook '/home/shibin/ws_sensor_combined/install/px4_ros_com/share/px4_ros_com/hook/cmake_prefix_path.ps1'
[23.041s] INFO:colcon.colcon_core.shell:Creating environment descriptor '/home/shibin/ws_sensor_combined/install/px4_ros_com/share/px4_ros_com/hook/cmake_prefix_path.dsv'
[23.044s] INFO:colcon.colcon_core.shell:Creating environment hook '/home/shibin/ws_sensor_combined/install/px4_ros_com/share/px4_ros_com/hook/cmake_prefix_path.sh'
[23.047s] Level 1:colcon.colcon_core.environment:checking '/home/shibin/ws_sensor_combined/install/px4_ros_com/lib'
[23.048s] Level 1:colcon.colcon_core.shell:create_environment_hook('px4_ros_com', 'ld_library_path_lib')
[23.050s] INFO:colcon.colcon_core.shell:Creating environment hook '/home/shibin/ws_sensor_combined/install/px4_ros_com/share/px4_ros_com/hook/ld_library_path_lib.ps1'
[23.052s] INFO:colcon.colcon_core.shell:Creating environment descriptor '/home/shibin/ws_sensor_combined/install/px4_ros_com/share/px4_ros_com/hook/ld_library_path_lib.dsv'
[23.055s] INFO:colcon.colcon_core.shell:Creating environment hook '/home/shibin/ws_sensor_combined/install/px4_ros_com/share/px4_ros_com/hook/ld_library_path_lib.sh'
[23.058s] Level 1:colcon.colcon_core.environment:checking '/home/shibin/ws_sensor_combined/install/px4_ros_com/bin'
[23.058s] Level 1:colcon.colcon_core.environment:checking '/home/shibin/ws_sensor_combined/install/px4_ros_com/lib/pkgconfig/px4_ros_com.pc'
[23.060s] Level 1:colcon.colcon_core.environment:checking '/home/shibin/ws_sensor_combined/install/px4_ros_com/lib/python3.10/site-packages'
[23.061s] Level 1:colcon.colcon_core.environment:checking '/home/shibin/ws_sensor_combined/install/px4_ros_com/bin'
[23.065s] INFO:colcon.colcon_core.shell:Creating package script '/home/shibin/ws_sensor_combined/install/px4_ros_com/share/px4_ros_com/package.ps1'
[23.070s] INFO:colcon.colcon_core.shell:Creating package descriptor '/home/shibin/ws_sensor_combined/install/px4_ros_com/share/px4_ros_com/package.dsv'
[23.074s] INFO:colcon.colcon_core.shell:Creating package script '/home/shibin/ws_sensor_combined/install/px4_ros_com/share/px4_ros_com/package.sh'
[23.077s] INFO:colcon.colcon_core.shell:Creating package script '/home/shibin/ws_sensor_combined/install/px4_ros_com/share/px4_ros_com/package.bash'
[23.080s] INFO:colcon.colcon_core.shell:Creating package script '/home/shibin/ws_sensor_combined/install/px4_ros_com/share/px4_ros_com/package.zsh'
[23.083s] Level 1:colcon.colcon_core.environment:create_file_with_runtime_dependencies(/home/shibin/ws_sensor_combined/install/px4_ros_com/share/colcon-core/packages/px4_ros_com)
[24.601s] Level 1:colcon.colcon_core.environment:checking '/home/shibin/ws_sensor_combined/install/px4_offboard' for CMake module files
[24.604s] DEBUG:colcon.colcon_core.event_handler.log_command:Invoked command in '/home/shibin/ws_sensor_combined/src/px4-offboard' returned '0': CMAKE_PREFIX_PATH=/home/shibin/ws_sensor_combined/install/px4_msgs:/home/shibin/ws_sensor_combined/install/px4_ros_com:/home/shibin/project_ws/install/tutorial_interfaces LD_LIBRARY_PATH=/home/shibin/ws_sensor_combined/install/px4_msgs/lib:/home/shibin/ws_sensor_combined/install/px4_ros_com/lib:/home/shibin/project_ws/install/tutorial_interfaces/lib:/opt/ros/humble/opt/rviz_ogre_vendor/lib:/opt/ros/humble/lib/x86_64-linux-gnu:/opt/ros/humble/opt/ortools_vendor/lib:/opt/ros/humble/lib PYTHONPATH=/home/shibin/ws_sensor_combined/build/px4_offboard/prefix_override:/usr/lib/python3/dist-packages/colcon_core/task/python/colcon_distutils_commands:/home/shibin/ws_sensor_combined/install/px4_offboard/lib/python3.10/site-packages:${PYTHONPATH} /usr/bin/python3 -W ignore:setup.py install is deprecated -W ignore:easy_install command is deprecated setup.py egg_info --egg-base ../../build/px4_offboard build --build-base /home/shibin/ws_sensor_combined/build/px4_offboard/build install --record /home/shibin/ws_sensor_combined/build/px4_offboard/install.log --single-version-externally-managed install_data
[24.606s] Level 1:colcon.colcon_core.environment:checking '/home/shibin/ws_sensor_combined/install/px4_offboard' for CMake config files
[24.608s] Level 1:colcon.colcon_core.environment:checking '/home/shibin/ws_sensor_combined/install/px4_offboard/lib'
[24.608s] Level 1:colcon.colcon_core.environment:checking '/home/shibin/ws_sensor_combined/install/px4_offboard/bin'
[24.609s] Level 1:colcon.colcon_core.environment:checking '/home/shibin/ws_sensor_combined/install/px4_offboard/lib/pkgconfig/px4_offboard.pc'
[24.610s] Level 1:colcon.colcon_core.environment:checking '/home/shibin/ws_sensor_combined/install/px4_offboard/lib/python3.10/site-packages'
[24.610s] Level 1:colcon.colcon_core.shell:create_environment_hook('px4_offboard', 'pythonpath')
[24.611s] INFO:colcon.colcon_core.shell:Creating environment hook '/home/shibin/ws_sensor_combined/install/px4_offboard/share/px4_offboard/hook/pythonpath.ps1'
[24.613s] INFO:colcon.colcon_core.shell:Creating environment descriptor '/home/shibin/ws_sensor_combined/install/px4_offboard/share/px4_offboard/hook/pythonpath.dsv'
[24.615s] INFO:colcon.colcon_core.shell:Creating environment hook '/home/shibin/ws_sensor_combined/install/px4_offboard/share/px4_offboard/hook/pythonpath.sh'
[24.618s] Level 1:colcon.colcon_core.environment:checking '/home/shibin/ws_sensor_combined/install/px4_offboard/bin'
[24.618s] Level 1:colcon.colcon_core.environment:create_environment_scripts_only(px4_offboard)
[24.620s] INFO:colcon.colcon_core.shell:Creating package script '/home/shibin/ws_sensor_combined/install/px4_offboard/share/px4_offboard/package.ps1'
[24.624s] INFO:colcon.colcon_core.shell:Creating package descriptor '/home/shibin/ws_sensor_combined/install/px4_offboard/share/px4_offboard/package.dsv'
[24.627s] INFO:colcon.colcon_core.shell:Creating package script '/home/shibin/ws_sensor_combined/install/px4_offboard/share/px4_offboard/package.sh'
[24.630s] INFO:colcon.colcon_core.shell:Creating package script '/home/shibin/ws_sensor_combined/install/px4_offboard/share/px4_offboard/package.bash'
[24.632s] INFO:colcon.colcon_core.shell:Creating package script '/home/shibin/ws_sensor_combined/install/px4_offboard/share/px4_offboard/package.zsh'
[24.634s] Level 1:colcon.colcon_core.environment:create_file_with_runtime_dependencies(/home/shibin/ws_sensor_combined/install/px4_offboard/share/colcon-core/packages/px4_offboard)
[24.636s] DEBUG:colcon.colcon_parallel_executor.executor.parallel:closing loop
[24.637s] DEBUG:colcon.colcon_parallel_executor.executor.parallel:loop closed
[24.639s] DEBUG:colcon.colcon_parallel_executor.executor.parallel:run_until_complete finished with '0'
[24.640s] DEBUG:colcon.colcon_core.event_reactor:joining thread
[24.673s] INFO:colcon.colcon_core.plugin_system:Skipping extension 'colcon_notification.desktop_notification.terminal_notifier': Not used on non-Darwin systems
[24.673s] INFO:colcon.colcon_core.plugin_system:Skipping extension 'colcon_notification.desktop_notification.win32': Not used on non-Windows systems
[24.673s] INFO:colcon.colcon_notification.desktop_notification:Sending desktop notification using 'notify2'
[24.732s] DEBUG:colcon.colcon_core.event_reactor:joined thread
[24.734s] INFO:colcon.colcon_core.shell:Creating prefix script '/home/shibin/ws_sensor_combined/install/local_setup.ps1'
[24.740s] INFO:colcon.colcon_core.shell:Creating prefix util module '/home/shibin/ws_sensor_combined/install/_local_setup_util_ps1.py'
[24.749s] INFO:colcon.colcon_core.shell:Creating prefix chain script '/home/shibin/ws_sensor_combined/install/setup.ps1'
[24.757s] INFO:colcon.colcon_core.shell:Creating prefix script '/home/shibin/ws_sensor_combined/install/local_setup.sh'
[24.762s] INFO:colcon.colcon_core.shell:Creating prefix util module '/home/shibin/ws_sensor_combined/install/_local_setup_util_sh.py'
[24.765s] INFO:colcon.colcon_core.shell:Creating prefix chain script '/home/shibin/ws_sensor_combined/install/setup.sh'
[24.772s] INFO:colcon.colcon_core.shell:Creating prefix script '/home/shibin/ws_sensor_combined/install/local_setup.bash'
[24.775s] INFO:colcon.colcon_core.shell:Creating prefix chain script '/home/shibin/ws_sensor_combined/install/setup.bash'
[24.782s] INFO:colcon.colcon_core.shell:Creating prefix script '/home/shibin/ws_sensor_combined/install/local_setup.zsh'
[24.786s] INFO:colcon.colcon_core.shell:Creating prefix chain script '/home/shibin/ws_sensor_combined/install/setup.zsh'
