[0.751s] Invoking command in '/home/shibin/ws_sensor_combined/src/px4-offboard': CMAKE_PREFIX_PATH=/home/shibin/ws_sensor_combined/install/px4_msgs:/home/shibin/ws_sensor_combined/install/px4_ros_com:/home/shibin/project_ws/install/tutorial_interfaces LD_LIBRARY_PATH=/home/shibin/ws_sensor_combined/install/px4_msgs/lib:/home/shibin/ws_sensor_combined/install/px4_ros_com/lib:/home/shibin/project_ws/install/tutorial_interfaces/lib:/opt/ros/humble/opt/rviz_ogre_vendor/lib:/opt/ros/humble/lib/x86_64-linux-gnu:/opt/ros/humble/opt/ortools_vendor/lib:/opt/ros/humble/lib PYTHONPATH=/home/shibin/ws_sensor_combined/build/px4_offboard/prefix_override:/usr/lib/python3/dist-packages/colcon_core/task/python/colcon_distutils_commands:/home/shibin/ws_sensor_combined/install/px4_offboard/lib/python3.10/site-packages:${PYTHONPATH} /usr/bin/python3 -W ignore:setup.py install is deprecated -W ignore:easy_install command is deprecated setup.py egg_info --egg-base ../../build/px4_offboard build --build-base /home/shibin/ws_sensor_combined/build/px4_offboard/build install --record /home/shibin/ws_sensor_combined/build/px4_offboard/install.log --single-version-externally-managed install_data
[1.068s] running egg_info
[1.069s] writing ../../build/px4_offboard/px4_offboard.egg-info/PKG-INFO
[1.069s] writing dependency_links to ../../build/px4_offboard/px4_offboard.egg-info/dependency_links.txt
[1.069s] writing entry points to ../../build/px4_offboard/px4_offboard.egg-info/entry_points.txt
[1.069s] writing requirements to ../../build/px4_offboard/px4_offboard.egg-info/requires.txt
[1.069s] writing top-level names to ../../build/px4_offboard/px4_offboard.egg-info/top_level.txt
[1.072s] reading manifest file '../../build/px4_offboard/px4_offboard.egg-info/SOURCES.txt'
[1.073s] adding license file 'LICENSE'
[1.074s] writing manifest file '../../build/px4_offboard/px4_offboard.egg-info/SOURCES.txt'
[1.074s] running build
[1.074s] running build_py
[1.075s] running install
[1.075s] running install_lib
[1.077s] running install_data
[1.077s] running install_egg_info
[1.080s] removing '/home/shibin/ws_sensor_combined/install/px4_offboard/lib/python3.10/site-packages/px4_offboard-0.0.0-py3.10.egg-info' (and everything under it)
[1.080s] Copying ../../build/px4_offboard/px4_offboard.egg-info to /home/shibin/ws_sensor_combined/install/px4_offboard/lib/python3.10/site-packages/px4_offboard-0.0.0-py3.10.egg-info
[1.081s] running install_scripts
[1.111s] Installing offboard_control script to /home/shibin/ws_sensor_combined/install/px4_offboard/lib/px4_offboard
[1.111s] Installing visualizer script to /home/shibin/ws_sensor_combined/install/px4_offboard/lib/px4_offboard
[1.112s] writing list of installed files to '/home/shibin/ws_sensor_combined/build/px4_offboard/install.log'
[1.151s] Invoked command in '/home/shibin/ws_sensor_combined/src/px4-offboard' returned '0': CMAKE_PREFIX_PATH=/home/shibin/ws_sensor_combined/install/px4_msgs:/home/shibin/ws_sensor_combined/install/px4_ros_com:/home/shibin/project_ws/install/tutorial_interfaces LD_LIBRARY_PATH=/home/shibin/ws_sensor_combined/install/px4_msgs/lib:/home/shibin/ws_sensor_combined/install/px4_ros_com/lib:/home/shibin/project_ws/install/tutorial_interfaces/lib:/opt/ros/humble/opt/rviz_ogre_vendor/lib:/opt/ros/humble/lib/x86_64-linux-gnu:/opt/ros/humble/opt/ortools_vendor/lib:/opt/ros/humble/lib PYTHONPATH=/home/shibin/ws_sensor_combined/build/px4_offboard/prefix_override:/usr/lib/python3/dist-packages/colcon_core/task/python/colcon_distutils_commands:/home/shibin/ws_sensor_combined/install/px4_offboard/lib/python3.10/site-packages:${PYTHONPATH} /usr/bin/python3 -W ignore:setup.py install is deprecated -W ignore:easy_install command is deprecated setup.py egg_info --egg-base ../../build/px4_offboard build --build-base /home/shibin/ws_sensor_combined/build/px4_offboard/build install --record /home/shibin/ws_sensor_combined/build/px4_offboard/install.log --single-version-externally-managed install_data
