[0.425s] Invoking command in '/home/shibin/ros2_ws/build/px4_ros_com': CMAKE_PREFIX_PATH=/home/shibin/ros2_ws/install/px4_msgs:/home/shibin/ros2_ws/install/px4_ros_com:/home/shibin/ros2_ws/install/rrt_package:/home/shibin/ros2_ws/install/px4_offboard:/opt/ros/humble LD_LIBRARY_PATH=/home/shibin/ros2_ws/install/px4_msgs/lib:/home/shibin/ros2_ws/install/px4_ros_com/lib:/opt/ros/humble/opt/rviz_ogre_vendor/lib:/opt/ros/humble/lib/x86_64-linux-gnu:/opt/ros/humble/lib /usr/bin/cmake --build /home/shibin/ros2_ws/build/px4_ros_com -- -j8 -l8
[0.532s] [  0%] Built target ament_cmake_python_copy_px4_ros_com
[0.539s] [ 16%] Built target frame_transforms
[0.547s] [ 33%] Built target sensor_combined_listener
[0.553s] [ 50%] Built target debug_vect_advertiser
[0.557s] [ 66%] Built target vehicle_gps_position_listener
[0.563s] [ 83%] Built target offboard_control_srv
[0.567s] [100%] Built target offboard_control
[1.088s] running egg_info
[1.134s] writing px4_ros_com.egg-info/PKG-INFO
[1.138s] writing dependency_links to px4_ros_com.egg-info/dependency_links.txt
[1.139s] writing top-level names to px4_ros_com.egg-info/top_level.txt
[1.245s] reading manifest file 'px4_ros_com.egg-info/SOURCES.txt'
[1.246s] writing manifest file 'px4_ros_com.egg-info/SOURCES.txt'
[1.305s] [100%] Built target ament_cmake_python_build_px4_ros_com_egg
[1.331s] Invoked command in '/home/shibin/ros2_ws/build/px4_ros_com' returned '0': CMAKE_PREFIX_PATH=/home/shibin/ros2_ws/install/px4_msgs:/home/shibin/ros2_ws/install/px4_ros_com:/home/shibin/ros2_ws/install/rrt_package:/home/shibin/ros2_ws/install/px4_offboard:/opt/ros/humble LD_LIBRARY_PATH=/home/shibin/ros2_ws/install/px4_msgs/lib:/home/shibin/ros2_ws/install/px4_ros_com/lib:/opt/ros/humble/opt/rviz_ogre_vendor/lib:/opt/ros/humble/lib/x86_64-linux-gnu:/opt/ros/humble/lib /usr/bin/cmake --build /home/shibin/ros2_ws/build/px4_ros_com -- -j8 -l8
[1.337s] Invoking command in '/home/shibin/ros2_ws/build/px4_ros_com': CMAKE_PREFIX_PATH=/home/shibin/ros2_ws/install/px4_msgs:/home/shibin/ros2_ws/install/px4_ros_com:/home/shibin/ros2_ws/install/rrt_package:/home/shibin/ros2_ws/install/px4_offboard:/opt/ros/humble LD_LIBRARY_PATH=/home/shibin/ros2_ws/install/px4_msgs/lib:/home/shibin/ros2_ws/install/px4_ros_com/lib:/opt/ros/humble/opt/rviz_ogre_vendor/lib:/opt/ros/humble/lib/x86_64-linux-gnu:/opt/ros/humble/lib /usr/bin/cmake --install /home/shibin/ros2_ws/build/px4_ros_com
[1.345s] -- Install configuration: ""
[1.346s] -- Up-to-date: /home/shibin/ros2_ws/install/px4_ros_com/lib/px4_ros_com/sensor_combined_listener
[1.346s] -- Up-to-date: /home/shibin/ros2_ws/install/px4_ros_com/lib/px4_ros_com/vehicle_gps_position_listener
[1.347s] -- Up-to-date: /home/shibin/ros2_ws/install/px4_ros_com/lib/px4_ros_com/debug_vect_advertiser
[1.348s] -- Up-to-date: /home/shibin/ros2_ws/install/px4_ros_com/lib/px4_ros_com/offboard_control
[1.349s] -- Up-to-date: /home/shibin/ros2_ws/install/px4_ros_com/lib/px4_ros_com/offboard_control_srv
[1.349s] -- Up-to-date: /home/shibin/ros2_ws/install/px4_ros_com/share/px4_ros_com/environment/library_path.sh
[1.350s] -- Up-to-date: /home/shibin/ros2_ws/install/px4_ros_com/share/px4_ros_com/environment/library_path.dsv
[1.350s] -- Up-to-date: /home/shibin/ros2_ws/install/px4_ros_com/include/px4_ros_com
[1.351s] -- Up-to-date: /home/shibin/ros2_ws/install/px4_ros_com/include/px4_ros_com/frame_transforms.h
[1.352s] -- Up-to-date: /home/shibin/ros2_ws/install/px4_ros_com/lib/libframe_transforms.so
[1.353s] -- Up-to-date: /home/shibin/ros2_ws/install/px4_ros_com/share/px4_ros_com//launch
[1.353s] -- Up-to-date: /home/shibin/ros2_ws/install/px4_ros_com/share/px4_ros_com//launch/sensor_combined_listener.launch.py
[1.354s] -- Up-to-date: /home/shibin/ros2_ws/install/px4_ros_com/share/px4_ros_com//launch/offboard_control_launch.yaml
[1.354s] -- Up-to-date: /home/shibin/ros2_ws/install/px4_ros_com/share/px4_ros_com//test
[1.354s] -- Up-to-date: /home/shibin/ros2_ws/install/px4_ros_com/share/px4_ros_com//test/test_input.py
[1.354s] -- Up-to-date: /home/shibin/ros2_ws/install/px4_ros_com/share/px4_ros_com//test/pipeline_io_test.py
[1.354s] -- Up-to-date: /home/shibin/ros2_ws/install/px4_ros_com/share/px4_ros_com//test/__init__.py
[1.355s] -- Up-to-date: /home/shibin/ros2_ws/install/px4_ros_com/share/px4_ros_com//test/test_output.py
[1.355s] -- Up-to-date: /home/shibin/ros2_ws/install/px4_ros_com/share/px4_ros_com/environment/pythonpath.sh
[1.355s] -- Up-to-date: /home/shibin/ros2_ws/install/px4_ros_com/share/px4_ros_com/environment/pythonpath.dsv
[1.355s] -- Up-to-date: /home/shibin/ros2_ws/install/px4_ros_com/local/lib/python3.10/dist-packages/px4_ros_com-0.1.0-py3.10.egg-info
[1.355s] -- Installing: /home/shibin/ros2_ws/install/px4_ros_com/local/lib/python3.10/dist-packages/px4_ros_com-0.1.0-py3.10.egg-info/SOURCES.txt
[1.355s] -- Installing: /home/shibin/ros2_ws/install/px4_ros_com/local/lib/python3.10/dist-packages/px4_ros_com-0.1.0-py3.10.egg-info/dependency_links.txt
[1.356s] -- Installing: /home/shibin/ros2_ws/install/px4_ros_com/local/lib/python3.10/dist-packages/px4_ros_com-0.1.0-py3.10.egg-info/top_level.txt
[1.358s] -- Installing: /home/shibin/ros2_ws/install/px4_ros_com/local/lib/python3.10/dist-packages/px4_ros_com-0.1.0-py3.10.egg-info/PKG-INFO
[1.358s] -- Up-to-date: /home/shibin/ros2_ws/install/px4_ros_com/local/lib/python3.10/dist-packages/px4_ros_com
[1.358s] -- Up-to-date: /home/shibin/ros2_ws/install/px4_ros_com/local/lib/python3.10/dist-packages/px4_ros_com/module_to_import.py
[1.358s] -- Up-to-date: /home/shibin/ros2_ws/install/px4_ros_com/local/lib/python3.10/dist-packages/px4_ros_com/__init__.py
[1.425s] Listing '/home/shibin/ros2_ws/install/px4_ros_com/local/lib/python3.10/dist-packages/px4_ros_com'...
[1.441s] -- Up-to-date: /home/shibin/ros2_ws/install/px4_ros_com/lib/px4_ros_com/offboard_control.py
[1.441s] -- Up-to-date: /home/shibin/ros2_ws/install/px4_ros_com/share/ament_index/resource_index/package_run_dependencies/px4_ros_com
[1.441s] -- Up-to-date: /home/shibin/ros2_ws/install/px4_ros_com/share/ament_index/resource_index/parent_prefix_path/px4_ros_com
[1.441s] -- Up-to-date: /home/shibin/ros2_ws/install/px4_ros_com/share/px4_ros_com/environment/ament_prefix_path.sh
[1.442s] -- Up-to-date: /home/shibin/ros2_ws/install/px4_ros_com/share/px4_ros_com/environment/ament_prefix_path.dsv
[1.442s] -- Up-to-date: /home/shibin/ros2_ws/install/px4_ros_com/share/px4_ros_com/environment/path.sh
[1.442s] -- Up-to-date: /home/shibin/ros2_ws/install/px4_ros_com/share/px4_ros_com/environment/path.dsv
[1.442s] -- Up-to-date: /home/shibin/ros2_ws/install/px4_ros_com/share/px4_ros_com/local_setup.bash
[1.442s] -- Up-to-date: /home/shibin/ros2_ws/install/px4_ros_com/share/px4_ros_com/local_setup.sh
[1.442s] -- Up-to-date: /home/shibin/ros2_ws/install/px4_ros_com/share/px4_ros_com/local_setup.zsh
[1.442s] -- Up-to-date: /home/shibin/ros2_ws/install/px4_ros_com/share/px4_ros_com/local_setup.dsv
[1.442s] -- Installing: /home/shibin/ros2_ws/install/px4_ros_com/share/px4_ros_com/package.dsv
[1.445s] -- Up-to-date: /home/shibin/ros2_ws/install/px4_ros_com/share/ament_index/resource_index/packages/px4_ros_com
[1.445s] -- Up-to-date: /home/shibin/ros2_ws/install/px4_ros_com/share/px4_ros_com/cmake/export_frame_transformsExport.cmake
[1.446s] -- Up-to-date: /home/shibin/ros2_ws/install/px4_ros_com/share/px4_ros_com/cmake/export_frame_transformsExport-noconfig.cmake
[1.446s] -- Up-to-date: /home/shibin/ros2_ws/install/px4_ros_com/share/px4_ros_com/cmake/ament_cmake_export_dependencies-extras.cmake
[1.446s] -- Up-to-date: /home/shibin/ros2_ws/install/px4_ros_com/share/px4_ros_com/cmake/ament_cmake_export_targets-extras.cmake
[1.447s] -- Up-to-date: /home/shibin/ros2_ws/install/px4_ros_com/share/px4_ros_com/cmake/ament_cmake_export_include_directories-extras.cmake
[1.447s] -- Up-to-date: /home/shibin/ros2_ws/install/px4_ros_com/share/px4_ros_com/cmake/ament_cmake_export_libraries-extras.cmake
[1.447s] -- Up-to-date: /home/shibin/ros2_ws/install/px4_ros_com/share/px4_ros_com/cmake/px4_ros_comConfig.cmake
[1.447s] -- Up-to-date: /home/shibin/ros2_ws/install/px4_ros_com/share/px4_ros_com/cmake/px4_ros_comConfig-version.cmake
[1.447s] -- Up-to-date: /home/shibin/ros2_ws/install/px4_ros_com/share/px4_ros_com/package.xml
[1.452s] Invoked command in '/home/shibin/ros2_ws/build/px4_ros_com' returned '0': CMAKE_PREFIX_PATH=/home/shibin/ros2_ws/install/px4_msgs:/home/shibin/ros2_ws/install/px4_ros_com:/home/shibin/ros2_ws/install/rrt_package:/home/shibin/ros2_ws/install/px4_offboard:/opt/ros/humble LD_LIBRARY_PATH=/home/shibin/ros2_ws/install/px4_msgs/lib:/home/shibin/ros2_ws/install/px4_ros_com/lib:/opt/ros/humble/opt/rviz_ogre_vendor/lib:/opt/ros/humble/lib/x86_64-linux-gnu:/opt/ros/humble/lib /usr/bin/cmake --install /home/shibin/ros2_ws/build/px4_ros_com
