[2.168s] Invoking command in '/home/shibin/ros2_ws/src/px4-offboard': CMAKE_PREFIX_PATH=/home/shibin/ros2_ws/install/px4_msgs:/home/shibin/ros2_ws/install/translation_node:/home/shibin/ros2_ws/install/px4_ros_com:/home/shibin/ros2_ws/install/px4_msgs_old LD_LIBRARY_PATH=/home/shibin/ros2_ws/install/px4_msgs/lib:/home/shibin/ros2_ws/install/translation_node/lib:/home/shibin/ros2_ws/install/px4_ros_com/lib:/opt/ros/humble/opt/rviz_ogre_vendor/lib:/opt/ros/humble/lib/x86_64-linux-gnu:/opt/ros/humble/lib PYTHONPATH=/home/shibin/ros2_ws/build/px4_offboard/prefix_override:/usr/lib/python3/dist-packages/colcon_core/task/python/colcon_distutils_commands:/home/shibin/ros2_ws/install/px4_offboard/lib/python3.10/site-packages:${PYTHONPATH} /usr/bin/python3 -W ignore:setup.py install is deprecated -W ignore:easy_install command is deprecated setup.py egg_info --egg-base ../../build/px4_offboard build --build-base /home/shibin/ros2_ws/build/px4_offboard/build install --record /home/shibin/ros2_ws/build/px4_offboard/install.log --single-version-externally-managed install_data
[2.843s] running egg_info
[2.880s] writing ../../build/px4_offboard/px4_offboard.egg-info/PKG-INFO
[2.881s] writing dependency_links to ../../build/px4_offboard/px4_offboard.egg-info/dependency_links.txt
[2.882s] writing entry points to ../../build/px4_offboard/px4_offboard.egg-info/entry_points.txt
[2.882s] writing requirements to ../../build/px4_offboard/px4_offboard.egg-info/requires.txt
[2.882s] writing top-level names to ../../build/px4_offboard/px4_offboard.egg-info/top_level.txt
[2.968s] reading manifest file '../../build/px4_offboard/px4_offboard.egg-info/SOURCES.txt'
[2.969s] adding license file 'LICENSE'
[2.971s] writing manifest file '../../build/px4_offboard/px4_offboard.egg-info/SOURCES.txt'
[2.972s] running build
[2.972s] running build_py
[2.972s] copying px4_offboard/visualizer.py -> /home/shibin/ros2_ws/build/px4_offboard/build/lib/px4_offboard
[2.973s] copying px4_offboard/__init__.py -> /home/shibin/ros2_ws/build/px4_offboard/build/lib/px4_offboard
[2.973s] copying px4_offboard/offboard_control.py -> /home/shibin/ros2_ws/build/px4_offboard/build/lib/px4_offboard
[2.974s] running install
[2.984s] running install_lib
[3.026s] running install_data
[3.028s] copying resource/px4_offboard -> /home/shibin/ros2_ws/install/px4_offboard/share/ament_index/resource_index/packages
[3.028s] copying resource/visualize.rviz -> /home/shibin/ros2_ws/install/px4_offboard/share/ament_index/resource_index/packages
[3.028s] copying package.xml -> /home/shibin/ros2_ws/install/px4_offboard/share/px4_offboard
[3.029s] copying launch/offboard_position_control.launch.py -> /home/shibin/ros2_ws/install/px4_offboard/share/px4_offboard
[3.029s] copying launch/offboard_hardware_position_control.launch.py -> /home/shibin/ros2_ws/install/px4_offboard/share/px4_offboard
[3.029s] copying launch/visualize.launch.py -> /home/shibin/ros2_ws/install/px4_offboard/share/px4_offboard
[3.029s] copying resource/visualize.rviz -> /home/shibin/ros2_ws/install/px4_offboard/share/px4_offboard
[3.030s] running install_egg_info
[3.066s] removing '/home/shibin/ros2_ws/install/px4_offboard/lib/python3.10/site-packages/px4_offboard-0.0.0-py3.10.egg-info' (and everything under it)
[3.067s] Copying ../../build/px4_offboard/px4_offboard.egg-info to /home/shibin/ros2_ws/install/px4_offboard/lib/python3.10/site-packages/px4_offboard-0.0.0-py3.10.egg-info
[3.068s] running install_scripts
[3.371s] Installing offboard_control script to /home/shibin/ros2_ws/install/px4_offboard/lib/px4_offboard
[3.371s] Installing visualizer script to /home/shibin/ros2_ws/install/px4_offboard/lib/px4_offboard
[3.372s] writing list of installed files to '/home/shibin/ros2_ws/build/px4_offboard/install.log'
[3.416s] Invoked command in '/home/shibin/ros2_ws/src/px4-offboard' returned '0': CMAKE_PREFIX_PATH=/home/shibin/ros2_ws/install/px4_msgs:/home/shibin/ros2_ws/install/translation_node:/home/shibin/ros2_ws/install/px4_ros_com:/home/shibin/ros2_ws/install/px4_msgs_old LD_LIBRARY_PATH=/home/shibin/ros2_ws/install/px4_msgs/lib:/home/shibin/ros2_ws/install/translation_node/lib:/home/shibin/ros2_ws/install/px4_ros_com/lib:/opt/ros/humble/opt/rviz_ogre_vendor/lib:/opt/ros/humble/lib/x86_64-linux-gnu:/opt/ros/humble/lib PYTHONPATH=/home/shibin/ros2_ws/build/px4_offboard/prefix_override:/usr/lib/python3/dist-packages/colcon_core/task/python/colcon_distutils_commands:/home/shibin/ros2_ws/install/px4_offboard/lib/python3.10/site-packages:${PYTHONPATH} /usr/bin/python3 -W ignore:setup.py install is deprecated -W ignore:easy_install command is deprecated setup.py egg_info --egg-base ../../build/px4_offboard build --build-base /home/shibin/ros2_ws/build/px4_offboard/build install --record /home/shibin/ros2_ws/build/px4_offboard/install.log --single-version-externally-managed install_data
