[0.441s] Invoking command in '/home/shibin/ros2_ws/build/translation_node': CMAKE_PREFIX_PATH=/home/shibin/ros2_ws/install/px4_msgs_old:/home/shibin/ros2_ws/install/px4_msgs:/home/shibin/ros2_ws/install/translation_node:/home/shibin/ros2_ws/install/px4_ros_com:/home/shibin/ros2_ws/install/rrt_package:/home/shibin/ros2_ws/install/px4_offboard:/opt/ros/humble LD_LIBRARY_PATH=/home/shibin/ros2_ws/install/px4_msgs/lib:/home/shibin/ros2_ws/install/translation_node/lib:/home/shibin/ros2_ws/install/px4_ros_com/lib:/opt/ros/humble/opt/rviz_ogre_vendor/lib:/opt/ros/humble/lib/x86_64-linux-gnu:/opt/ros/humble/lib /usr/bin/cmake --build /home/shibin/ros2_ws/build/translation_node -- -j8 -l8
[0.588s] [  1%] Built target translation_node__cpp
[0.588s] [  9%] Built target translation_node__rosidl_generator_c
[0.632s] [ 17%] Built target translation_node_lib
[0.728s] [ 20%] Built target gtest
[0.728s] [ 29%] Built target translation_node__rosidl_typesupport_c
[0.793s] [ 37%] Built target translation_node__rosidl_typesupport_cpp
[0.836s] [ 45%] Built target translation_node__rosidl_typesupport_fastrtps_cpp
[0.852s] [ 53%] Built target translation_node__rosidl_typesupport_introspection_cpp
[0.939s] [ 61%] Built target translation_node__rosidl_typesupport_introspection_c
[0.949s] [ 64%] Built target translation_node_bin
[0.991s] [ 72%] Built target translation_node__rosidl_typesupport_fastrtps_c
[1.050s] [ 75%] Built target gtest_main
[1.086s] [ 75%] Built target ament_cmake_python_copy_translation_node
[1.092s] [ 75%] Built target translation_node
[1.180s] [ 77%] Built target translation_node__py
[1.197s] [ 83%] Built target translation_node_unit_tests
[1.284s] [ 90%] Built target translation_node__rosidl_generator_py
[1.397s] [ 93%] Built target translation_node__rosidl_typesupport_fastrtps_c__pyext
[1.406s] [ 96%] Built target translation_node__rosidl_typesupport_introspection_c__pyext
[1.486s] [100%] Built target translation_node__rosidl_typesupport_c__pyext
[2.045s] running egg_info
[2.123s] writing translation_node.egg-info/PKG-INFO
[2.124s] writing dependency_links to translation_node.egg-info/dependency_links.txt
[2.125s] writing top-level names to translation_node.egg-info/top_level.txt
[2.364s] reading manifest file 'translation_node.egg-info/SOURCES.txt'
[2.373s] writing manifest file 'translation_node.egg-info/SOURCES.txt'
[2.472s] [100%] Built target ament_cmake_python_build_translation_node_egg
[2.513s] Invoked command in '/home/shibin/ros2_ws/build/translation_node' returned '0': CMAKE_PREFIX_PATH=/home/shibin/ros2_ws/install/px4_msgs_old:/home/shibin/ros2_ws/install/px4_msgs:/home/shibin/ros2_ws/install/translation_node:/home/shibin/ros2_ws/install/px4_ros_com:/home/shibin/ros2_ws/install/rrt_package:/home/shibin/ros2_ws/install/px4_offboard:/opt/ros/humble LD_LIBRARY_PATH=/home/shibin/ros2_ws/install/px4_msgs/lib:/home/shibin/ros2_ws/install/translation_node/lib:/home/shibin/ros2_ws/install/px4_ros_com/lib:/opt/ros/humble/opt/rviz_ogre_vendor/lib:/opt/ros/humble/lib/x86_64-linux-gnu:/opt/ros/humble/lib /usr/bin/cmake --build /home/shibin/ros2_ws/build/translation_node -- -j8 -l8
[2.522s] Invoking command in '/home/shibin/ros2_ws/build/translation_node': CMAKE_PREFIX_PATH=/home/shibin/ros2_ws/install/px4_msgs_old:/home/shibin/ros2_ws/install/px4_msgs:/home/shibin/ros2_ws/install/translation_node:/home/shibin/ros2_ws/install/px4_ros_com:/home/shibin/ros2_ws/install/rrt_package:/home/shibin/ros2_ws/install/px4_offboard:/opt/ros/humble LD_LIBRARY_PATH=/home/shibin/ros2_ws/install/px4_msgs/lib:/home/shibin/ros2_ws/install/translation_node/lib:/home/shibin/ros2_ws/install/px4_ros_com/lib:/opt/ros/humble/opt/rviz_ogre_vendor/lib:/opt/ros/humble/lib/x86_64-linux-gnu:/opt/ros/humble/lib /usr/bin/cmake --install /home/shibin/ros2_ws/build/translation_node
[2.554s] -- Install configuration: ""
[2.554s] -- Up-to-date: /home/shibin/ros2_ws/install/translation_node/lib/translation_node/translation_node_bin
[2.556s] -- Up-to-date: /home/shibin/ros2_ws/install/translation_node/share/ament_index/resource_index/rosidl_interfaces/translation_node
[2.557s] -- Up-to-date: /home/shibin/ros2_ws/install/translation_node/include/translation_node/translation_node
[2.558s] -- Up-to-date: /home/shibin/ros2_ws/install/translation_node/include/translation_node/translation_node/msg
[2.558s] -- Up-to-date: /home/shibin/ros2_ws/install/translation_node/include/translation_node/translation_node/msg/rosidl_generator_c__visibility_control.h
[2.558s] -- Up-to-date: /home/shibin/ros2_ws/install/translation_node/include/translation_node/translation_node/srv
[2.559s] -- Up-to-date: /home/shibin/ros2_ws/install/translation_node/include/translation_node/translation_node/srv/test_v0.h
[2.559s] -- Up-to-date: /home/shibin/ros2_ws/install/translation_node/include/translation_node/translation_node/srv/test_v2.h
[2.559s] -- Up-to-date: /home/shibin/ros2_ws/install/translation_node/include/translation_node/translation_node/srv/detail
[2.560s] -- Up-to-date: /home/shibin/ros2_ws/install/translation_node/include/translation_node/translation_node/srv/detail/test_v2__type_support.h
[2.561s] -- Up-to-date: /home/shibin/ros2_ws/install/translation_node/include/translation_node/translation_node/srv/detail/test_v1__functions.h
[2.561s] -- Up-to-date: /home/shibin/ros2_ws/install/translation_node/include/translation_node/translation_node/srv/detail/test_v0__type_support.h
[2.561s] -- Up-to-date: /home/shibin/ros2_ws/install/translation_node/include/translation_node/translation_node/srv/detail/test_v0__functions.h
[2.562s] -- Up-to-date: /home/shibin/ros2_ws/install/translation_node/include/translation_node/translation_node/srv/detail/test_v2__functions.h
[2.562s] -- Up-to-date: /home/shibin/ros2_ws/install/translation_node/include/translation_node/translation_node/srv/detail/test_v1__struct.h
[2.562s] -- Up-to-date: /home/shibin/ros2_ws/install/translation_node/include/translation_node/translation_node/srv/detail/test_v0__functions.c
[2.562s] -- Up-to-date: /home/shibin/ros2_ws/install/translation_node/include/translation_node/translation_node/srv/detail/test_v1__functions.c
[2.563s] -- Up-to-date: /home/shibin/ros2_ws/install/translation_node/include/translation_node/translation_node/srv/detail/test_v0__struct.h
[2.563s] -- Up-to-date: /home/shibin/ros2_ws/install/translation_node/include/translation_node/translation_node/srv/detail/test_v1__type_support.h
[2.563s] -- Up-to-date: /home/shibin/ros2_ws/install/translation_node/include/translation_node/translation_node/srv/detail/test_v2__functions.c
[2.564s] -- Up-to-date: /home/shibin/ros2_ws/install/translation_node/include/translation_node/translation_node/srv/detail/test_v2__struct.h
[2.564s] -- Up-to-date: /home/shibin/ros2_ws/install/translation_node/include/translation_node/translation_node/srv/test_v1.h
[2.564s] -- Up-to-date: /home/shibin/ros2_ws/install/translation_node/share/translation_node/environment/library_path.sh
[2.565s] -- Up-to-date: /home/shibin/ros2_ws/install/translation_node/share/translation_node/environment/library_path.dsv
[2.565s] -- Up-to-date: /home/shibin/ros2_ws/install/translation_node/lib/libtranslation_node__rosidl_generator_c.so
[2.565s] -- Up-to-date: /home/shibin/ros2_ws/install/translation_node/include/translation_node/translation_node
[2.565s] -- Up-to-date: /home/shibin/ros2_ws/install/translation_node/include/translation_node/translation_node/msg
[2.566s] -- Up-to-date: /home/shibin/ros2_ws/install/translation_node/include/translation_node/translation_node/msg/rosidl_typesupport_fastrtps_c__visibility_control.h
[2.566s] -- Up-to-date: /home/shibin/ros2_ws/install/translation_node/include/translation_node/translation_node/srv
[2.566s] -- Up-to-date: /home/shibin/ros2_ws/install/translation_node/include/translation_node/translation_node/srv/detail
[2.567s] -- Up-to-date: /home/shibin/ros2_ws/install/translation_node/include/translation_node/translation_node/srv/detail/test_v2__rosidl_typesupport_fastrtps_c.h
[2.567s] -- Up-to-date: /home/shibin/ros2_ws/install/translation_node/include/translation_node/translation_node/srv/detail/test_v0__rosidl_typesupport_fastrtps_c.h
[2.567s] -- Up-to-date: /home/shibin/ros2_ws/install/translation_node/include/translation_node/translation_node/srv/detail/test_v1__rosidl_typesupport_fastrtps_c.h
[2.567s] -- Up-to-date: /home/shibin/ros2_ws/install/translation_node/lib/libtranslation_node__rosidl_typesupport_fastrtps_c.so
[2.568s] -- Up-to-date: /home/shibin/ros2_ws/install/translation_node/include/translation_node/translation_node
[2.568s] -- Up-to-date: /home/shibin/ros2_ws/install/translation_node/include/translation_node/translation_node/msg
[2.568s] -- Up-to-date: /home/shibin/ros2_ws/install/translation_node/include/translation_node/translation_node/msg/rosidl_generator_cpp__visibility_control.hpp
[2.569s] -- Up-to-date: /home/shibin/ros2_ws/install/translation_node/include/translation_node/translation_node/srv
[2.569s] -- Up-to-date: /home/shibin/ros2_ws/install/translation_node/include/translation_node/translation_node/srv/test_v0.hpp
[2.569s] -- Up-to-date: /home/shibin/ros2_ws/install/translation_node/include/translation_node/translation_node/srv/test_v2.hpp
[2.570s] -- Up-to-date: /home/shibin/ros2_ws/install/translation_node/include/translation_node/translation_node/srv/detail
[2.570s] -- Up-to-date: /home/shibin/ros2_ws/install/translation_node/include/translation_node/translation_node/srv/detail/test_v1__builder.hpp
[2.570s] -- Up-to-date: /home/shibin/ros2_ws/install/translation_node/include/translation_node/translation_node/srv/detail/test_v0__struct.hpp
[2.570s] -- Up-to-date: /home/shibin/ros2_ws/install/translation_node/include/translation_node/translation_node/srv/detail/test_v2__traits.hpp
[2.571s] -- Up-to-date: /home/shibin/ros2_ws/install/translation_node/include/translation_node/translation_node/srv/detail/test_v0__type_support.hpp
[2.571s] -- Up-to-date: /home/shibin/ros2_ws/install/translation_node/include/translation_node/translation_node/srv/detail/test_v1__traits.hpp
[2.571s] -- Up-to-date: /home/shibin/ros2_ws/install/translation_node/include/translation_node/translation_node/srv/detail/test_v0__builder.hpp
[2.572s] -- Up-to-date: /home/shibin/ros2_ws/install/translation_node/include/translation_node/translation_node/srv/detail/test_v1__struct.hpp
[2.572s] -- Up-to-date: /home/shibin/ros2_ws/install/translation_node/include/translation_node/translation_node/srv/detail/test_v2__builder.hpp
[2.573s] -- Up-to-date: /home/shibin/ros2_ws/install/translation_node/include/translation_node/translation_node/srv/detail/test_v1__type_support.hpp
[2.573s] -- Up-to-date: /home/shibin/ros2_ws/install/translation_node/include/translation_node/translation_node/srv/detail/test_v2__type_support.hpp
[2.573s] -- Up-to-date: /home/shibin/ros2_ws/install/translation_node/include/translation_node/translation_node/srv/detail/test_v2__struct.hpp
[2.574s] -- Up-to-date: /home/shibin/ros2_ws/install/translation_node/include/translation_node/translation_node/srv/detail/test_v0__traits.hpp
[2.574s] -- Up-to-date: /home/shibin/ros2_ws/install/translation_node/include/translation_node/translation_node/srv/test_v1.hpp
[2.574s] -- Up-to-date: /home/shibin/ros2_ws/install/translation_node/include/translation_node/translation_node
[2.574s] -- Up-to-date: /home/shibin/ros2_ws/install/translation_node/include/translation_node/translation_node/msg
[2.574s] -- Up-to-date: /home/shibin/ros2_ws/install/translation_node/include/translation_node/translation_node/msg/rosidl_typesupport_fastrtps_cpp__visibility_control.h
[2.575s] -- Up-to-date: /home/shibin/ros2_ws/install/translation_node/include/translation_node/translation_node/srv
[2.575s] -- Up-to-date: /home/shibin/ros2_ws/install/translation_node/include/translation_node/translation_node/srv/detail
[2.575s] -- Up-to-date: /home/shibin/ros2_ws/install/translation_node/include/translation_node/translation_node/srv/detail/test_v2__rosidl_typesupport_fastrtps_cpp.hpp
[2.576s] -- Up-to-date: /home/shibin/ros2_ws/install/translation_node/include/translation_node/translation_node/srv/detail/test_v1__rosidl_typesupport_fastrtps_cpp.hpp
[2.576s] -- Up-to-date: /home/shibin/ros2_ws/install/translation_node/include/translation_node/translation_node/srv/detail/test_v0__rosidl_typesupport_fastrtps_cpp.hpp
[2.576s] -- Up-to-date: /home/shibin/ros2_ws/install/translation_node/include/translation_node/translation_node/srv/detail/dds_fastrtps
[2.576s] -- Up-to-date: /home/shibin/ros2_ws/install/translation_node/lib/libtranslation_node__rosidl_typesupport_fastrtps_cpp.so
[2.577s] -- Up-to-date: /home/shibin/ros2_ws/install/translation_node/include/translation_node/translation_node
[2.577s] -- Up-to-date: /home/shibin/ros2_ws/install/translation_node/include/translation_node/translation_node/msg
[2.577s] -- Up-to-date: /home/shibin/ros2_ws/install/translation_node/include/translation_node/translation_node/msg/rosidl_typesupport_introspection_c__visibility_control.h
[2.577s] -- Up-to-date: /home/shibin/ros2_ws/install/translation_node/include/translation_node/translation_node/srv
[2.578s] -- Up-to-date: /home/shibin/ros2_ws/install/translation_node/include/translation_node/translation_node/srv/detail
[2.578s] -- Up-to-date: /home/shibin/ros2_ws/install/translation_node/include/translation_node/translation_node/srv/detail/test_v2__type_support.c
[2.578s] -- Up-to-date: /home/shibin/ros2_ws/install/translation_node/include/translation_node/translation_node/srv/detail/test_v0__rosidl_typesupport_introspection_c.h
[2.578s] -- Up-to-date: /home/shibin/ros2_ws/install/translation_node/include/translation_node/translation_node/srv/detail/test_v1__type_support.c
[2.579s] -- Up-to-date: /home/shibin/ros2_ws/install/translation_node/include/translation_node/translation_node/srv/detail/test_v1__rosidl_typesupport_introspection_c.h
[2.579s] -- Up-to-date: /home/shibin/ros2_ws/install/translation_node/include/translation_node/translation_node/srv/detail/test_v2__rosidl_typesupport_introspection_c.h
[2.579s] -- Up-to-date: /home/shibin/ros2_ws/install/translation_node/include/translation_node/translation_node/srv/detail/test_v0__type_support.c
[2.579s] -- Up-to-date: /home/shibin/ros2_ws/install/translation_node/lib/libtranslation_node__rosidl_typesupport_introspection_c.so
[2.580s] -- Up-to-date: /home/shibin/ros2_ws/install/translation_node/lib/libtranslation_node__rosidl_typesupport_c.so
[2.580s] -- Up-to-date: /home/shibin/ros2_ws/install/translation_node/include/translation_node/translation_node
[2.580s] -- Up-to-date: /home/shibin/ros2_ws/install/translation_node/include/translation_node/translation_node/srv
[2.580s] -- Up-to-date: /home/shibin/ros2_ws/install/translation_node/include/translation_node/translation_node/srv/detail
[2.580s] -- Up-to-date: /home/shibin/ros2_ws/install/translation_node/include/translation_node/translation_node/srv/detail/test_v1__type_support.cpp
[2.581s] -- Up-to-date: /home/shibin/ros2_ws/install/translation_node/include/translation_node/translation_node/srv/detail/test_v0__type_support.cpp
[2.581s] -- Up-to-date: /home/shibin/ros2_ws/install/translation_node/include/translation_node/translation_node/srv/detail/test_v2__type_support.cpp
[2.581s] -- Up-to-date: /home/shibin/ros2_ws/install/translation_node/include/translation_node/translation_node/srv/detail/test_v2__rosidl_typesupport_introspection_cpp.hpp
[2.581s] -- Up-to-date: /home/shibin/ros2_ws/install/translation_node/include/translation_node/translation_node/srv/detail/test_v0__rosidl_typesupport_introspection_cpp.hpp
[2.582s] -- Up-to-date: /home/shibin/ros2_ws/install/translation_node/include/translation_node/translation_node/srv/detail/test_v1__rosidl_typesupport_introspection_cpp.hpp
[2.582s] -- Up-to-date: /home/shibin/ros2_ws/install/translation_node/lib/libtranslation_node__rosidl_typesupport_introspection_cpp.so
[2.583s] -- Up-to-date: /home/shibin/ros2_ws/install/translation_node/lib/libtranslation_node__rosidl_typesupport_cpp.so
[2.583s] -- Up-to-date: /home/shibin/ros2_ws/install/translation_node/share/translation_node/environment/pythonpath.sh
[2.583s] -- Up-to-date: /home/shibin/ros2_ws/install/translation_node/share/translation_node/environment/pythonpath.dsv
[2.583s] -- Up-to-date: /home/shibin/ros2_ws/install/translation_node/local/lib/python3.10/dist-packages/translation_node-0.0.0-py3.10.egg-info
[2.584s] -- Installing: /home/shibin/ros2_ws/install/translation_node/local/lib/python3.10/dist-packages/translation_node-0.0.0-py3.10.egg-info/SOURCES.txt
[2.584s] -- Installing: /home/shibin/ros2_ws/install/translation_node/local/lib/python3.10/dist-packages/translation_node-0.0.0-py3.10.egg-info/dependency_links.txt
[2.584s] -- Installing: /home/shibin/ros2_ws/install/translation_node/local/lib/python3.10/dist-packages/translation_node-0.0.0-py3.10.egg-info/top_level.txt
[2.585s] -- Installing: /home/shibin/ros2_ws/install/translation_node/local/lib/python3.10/dist-packages/translation_node-0.0.0-py3.10.egg-info/PKG-INFO
[2.585s] -- Up-to-date: /home/shibin/ros2_ws/install/translation_node/local/lib/python3.10/dist-packages/translation_node
[2.585s] -- Up-to-date: /home/shibin/ros2_ws/install/translation_node/local/lib/python3.10/dist-packages/translation_node/_translation_node_s.ep.rosidl_typesupport_fastrtps_c.c
[2.586s] -- Up-to-date: /home/shibin/ros2_ws/install/translation_node/local/lib/python3.10/dist-packages/translation_node/translation_node_s__rosidl_typesupport_c.cpython-310-x86_64-linux-gnu.so
[2.586s] -- Up-to-date: /home/shibin/ros2_ws/install/translation_node/local/lib/python3.10/dist-packages/translation_node/translation_node_s__rosidl_typesupport_fastrtps_c.cpython-310-x86_64-linux-gnu.so
[2.586s] -- Up-to-date: /home/shibin/ros2_ws/install/translation_node/local/lib/python3.10/dist-packages/translation_node/_translation_node_s.ep.rosidl_typesupport_c.c
[2.586s] -- Up-to-date: /home/shibin/ros2_ws/install/translation_node/local/lib/python3.10/dist-packages/translation_node/srv
[2.586s] -- Up-to-date: /home/shibin/ros2_ws/install/translation_node/local/lib/python3.10/dist-packages/translation_node/srv/_test_v2.py
[2.587s] -- Up-to-date: /home/shibin/ros2_ws/install/translation_node/local/lib/python3.10/dist-packages/translation_node/srv/_test_v0.py
[2.587s] -- Up-to-date: /home/shibin/ros2_ws/install/translation_node/local/lib/python3.10/dist-packages/translation_node/srv/_test_v1.py
[2.587s] -- Up-to-date: /home/shibin/ros2_ws/install/translation_node/local/lib/python3.10/dist-packages/translation_node/srv/_test_v1_s.c
[2.587s] -- Up-to-date: /home/shibin/ros2_ws/install/translation_node/local/lib/python3.10/dist-packages/translation_node/srv/_test_v0_s.c
[2.588s] -- Up-to-date: /home/shibin/ros2_ws/install/translation_node/local/lib/python3.10/dist-packages/translation_node/srv/_test_v2_s.c
[2.588s] -- Up-to-date: /home/shibin/ros2_ws/install/translation_node/local/lib/python3.10/dist-packages/translation_node/srv/__init__.py
[2.588s] -- Up-to-date: /home/shibin/ros2_ws/install/translation_node/local/lib/python3.10/dist-packages/translation_node/translation_node_s__rosidl_typesupport_introspection_c.cpython-310-x86_64-linux-gnu.so
[2.588s] -- Up-to-date: /home/shibin/ros2_ws/install/translation_node/local/lib/python3.10/dist-packages/translation_node/_translation_node_s.ep.rosidl_typesupport_introspection_c.c
[2.588s] -- Up-to-date: /home/shibin/ros2_ws/install/translation_node/local/lib/python3.10/dist-packages/translation_node/__init__.py
[2.589s] -- Up-to-date: /home/shibin/ros2_ws/install/translation_node/local/lib/python3.10/dist-packages/translation_node/libtranslation_node__rosidl_generator_py.so
[2.715s] Listing '/home/shibin/ros2_ws/install/translation_node/local/lib/python3.10/dist-packages/translation_node'...
[2.715s] Listing '/home/shibin/ros2_ws/install/translation_node/local/lib/python3.10/dist-packages/translation_node/srv'...
[2.729s] -- Up-to-date: /home/shibin/ros2_ws/install/translation_node/local/lib/python3.10/dist-packages/translation_node/translation_node_s__rosidl_typesupport_fastrtps_c.cpython-310-x86_64-linux-gnu.so
[2.731s] -- Up-to-date: /home/shibin/ros2_ws/install/translation_node/local/lib/python3.10/dist-packages/translation_node/translation_node_s__rosidl_typesupport_introspection_c.cpython-310-x86_64-linux-gnu.so
[2.732s] -- Up-to-date: /home/shibin/ros2_ws/install/translation_node/local/lib/python3.10/dist-packages/translation_node/translation_node_s__rosidl_typesupport_c.cpython-310-x86_64-linux-gnu.so
[2.734s] -- Up-to-date: /home/shibin/ros2_ws/install/translation_node/lib/libtranslation_node__rosidl_generator_py.so
[2.735s] -- Up-to-date: /home/shibin/ros2_ws/install/translation_node/share/translation_node/srv/TestV0.idl
[2.738s] -- Up-to-date: /home/shibin/ros2_ws/install/translation_node/share/translation_node/srv/TestV1.idl
[2.738s] -- Up-to-date: /home/shibin/ros2_ws/install/translation_node/share/translation_node/srv/TestV2.idl
[2.738s] -- Up-to-date: /home/shibin/ros2_ws/install/translation_node/share/translation_node/srv/TestV0.srv
[2.739s] -- Up-to-date: /home/shibin/ros2_ws/install/translation_node/share/translation_node/srv/TestV0_Request.msg
[2.739s] -- Up-to-date: /home/shibin/ros2_ws/install/translation_node/share/translation_node/srv/TestV0_Response.msg
[2.739s] -- Up-to-date: /home/shibin/ros2_ws/install/translation_node/share/translation_node/srv/TestV1.srv
[2.739s] -- Up-to-date: /home/shibin/ros2_ws/install/translation_node/share/translation_node/srv/TestV1_Request.msg
[2.740s] -- Up-to-date: /home/shibin/ros2_ws/install/translation_node/share/translation_node/srv/TestV1_Response.msg
[2.740s] -- Up-to-date: /home/shibin/ros2_ws/install/translation_node/share/translation_node/srv/TestV2.srv
[2.740s] -- Up-to-date: /home/shibin/ros2_ws/install/translation_node/share/translation_node/srv/TestV2_Request.msg
[2.740s] -- Up-to-date: /home/shibin/ros2_ws/install/translation_node/share/translation_node/srv/TestV2_Response.msg
[2.741s] -- Up-to-date: /home/shibin/ros2_ws/install/translation_node/share/ament_index/resource_index/package_run_dependencies/translation_node
[2.741s] -- Up-to-date: /home/shibin/ros2_ws/install/translation_node/share/ament_index/resource_index/parent_prefix_path/translation_node
[2.741s] -- Up-to-date: /home/shibin/ros2_ws/install/translation_node/share/translation_node/environment/ament_prefix_path.sh
[2.741s] -- Up-to-date: /home/shibin/ros2_ws/install/translation_node/share/translation_node/environment/ament_prefix_path.dsv
[2.741s] -- Up-to-date: /home/shibin/ros2_ws/install/translation_node/share/translation_node/environment/path.sh
[2.742s] -- Up-to-date: /home/shibin/ros2_ws/install/translation_node/share/translation_node/environment/path.dsv
[2.742s] -- Up-to-date: /home/shibin/ros2_ws/install/translation_node/share/translation_node/local_setup.bash
[2.742s] -- Up-to-date: /home/shibin/ros2_ws/install/translation_node/share/translation_node/local_setup.sh
[2.743s] -- Up-to-date: /home/shibin/ros2_ws/install/translation_node/share/translation_node/local_setup.zsh
[2.743s] -- Up-to-date: /home/shibin/ros2_ws/install/translation_node/share/translation_node/local_setup.dsv
[2.743s] -- Installing: /home/shibin/ros2_ws/install/translation_node/share/translation_node/package.dsv
[2.743s] -- Up-to-date: /home/shibin/ros2_ws/install/translation_node/share/ament_index/resource_index/packages/translation_node
[2.745s] -- Up-to-date: /home/shibin/ros2_ws/install/translation_node/share/translation_node/cmake/export_translation_node__rosidl_generator_cExport.cmake
[2.746s] -- Up-to-date: /home/shibin/ros2_ws/install/translation_node/share/translation_node/cmake/export_translation_node__rosidl_generator_cExport-noconfig.cmake
[2.746s] -- Up-to-date: /home/shibin/ros2_ws/install/translation_node/share/translation_node/cmake/export_translation_node__rosidl_typesupport_fastrtps_cExport.cmake
[2.746s] -- Up-to-date: /home/shibin/ros2_ws/install/translation_node/share/translation_node/cmake/export_translation_node__rosidl_typesupport_fastrtps_cExport-noconfig.cmake
[2.747s] -- Up-to-date: /home/shibin/ros2_ws/install/translation_node/share/translation_node/cmake/export_translation_node__rosidl_generator_cppExport.cmake
[2.747s] -- Up-to-date: /home/shibin/ros2_ws/install/translation_node/share/translation_node/cmake/export_translation_node__rosidl_typesupport_fastrtps_cppExport.cmake
[2.748s] -- Up-to-date: /home/shibin/ros2_ws/install/translation_node/share/translation_node/cmake/export_translation_node__rosidl_typesupport_fastrtps_cppExport-noconfig.cmake
[2.749s] -- Up-to-date: /home/shibin/ros2_ws/install/translation_node/share/translation_node/cmake/translation_node__rosidl_typesupport_introspection_cExport.cmake
[2.749s] -- Up-to-date: /home/shibin/ros2_ws/install/translation_node/share/translation_node/cmake/translation_node__rosidl_typesupport_introspection_cExport-noconfig.cmake
[2.749s] -- Up-to-date: /home/shibin/ros2_ws/install/translation_node/share/translation_node/cmake/translation_node__rosidl_typesupport_cExport.cmake
[2.750s] -- Up-to-date: /home/shibin/ros2_ws/install/translation_node/share/translation_node/cmake/translation_node__rosidl_typesupport_cExport-noconfig.cmake
[2.750s] -- Up-to-date: /home/shibin/ros2_ws/install/translation_node/share/translation_node/cmake/translation_node__rosidl_typesupport_introspection_cppExport.cmake
[2.751s] -- Up-to-date: /home/shibin/ros2_ws/install/translation_node/share/translation_node/cmake/translation_node__rosidl_typesupport_introspection_cppExport-noconfig.cmake
[2.751s] -- Up-to-date: /home/shibin/ros2_ws/install/translation_node/share/translation_node/cmake/translation_node__rosidl_typesupport_cppExport.cmake
[2.752s] -- Up-to-date: /home/shibin/ros2_ws/install/translation_node/share/translation_node/cmake/translation_node__rosidl_typesupport_cppExport-noconfig.cmake
[2.752s] -- Up-to-date: /home/shibin/ros2_ws/install/translation_node/share/translation_node/cmake/export_translation_node__rosidl_generator_pyExport.cmake
[2.753s] -- Up-to-date: /home/shibin/ros2_ws/install/translation_node/share/translation_node/cmake/export_translation_node__rosidl_generator_pyExport-noconfig.cmake
[2.753s] -- Up-to-date: /home/shibin/ros2_ws/install/translation_node/share/translation_node/cmake/rosidl_cmake-extras.cmake
[2.753s] -- Up-to-date: /home/shibin/ros2_ws/install/translation_node/share/translation_node/cmake/ament_cmake_export_include_directories-extras.cmake
[2.754s] -- Up-to-date: /home/shibin/ros2_ws/install/translation_node/share/translation_node/cmake/ament_cmake_export_libraries-extras.cmake
[2.754s] -- Up-to-date: /home/shibin/ros2_ws/install/translation_node/share/translation_node/cmake/ament_cmake_export_targets-extras.cmake
[2.755s] -- Up-to-date: /home/shibin/ros2_ws/install/translation_node/share/translation_node/cmake/rosidl_cmake_export_typesupport_targets-extras.cmake
[2.755s] -- Up-to-date: /home/shibin/ros2_ws/install/translation_node/share/translation_node/cmake/ament_cmake_export_dependencies-extras.cmake
[2.755s] -- Up-to-date: /home/shibin/ros2_ws/install/translation_node/share/translation_node/cmake/rosidl_cmake_export_typesupport_libraries-extras.cmake
[2.755s] -- Up-to-date: /home/shibin/ros2_ws/install/translation_node/share/translation_node/cmake/translation_nodeConfig.cmake
[2.756s] -- Up-to-date: /home/shibin/ros2_ws/install/translation_node/share/translation_node/cmake/translation_nodeConfig-version.cmake
[2.756s] -- Up-to-date: /home/shibin/ros2_ws/install/translation_node/share/translation_node/package.xml
[2.759s] Invoked command in '/home/shibin/ros2_ws/build/translation_node' returned '0': CMAKE_PREFIX_PATH=/home/shibin/ros2_ws/install/px4_msgs_old:/home/shibin/ros2_ws/install/px4_msgs:/home/shibin/ros2_ws/install/translation_node:/home/shibin/ros2_ws/install/px4_ros_com:/home/shibin/ros2_ws/install/rrt_package:/home/shibin/ros2_ws/install/px4_offboard:/opt/ros/humble LD_LIBRARY_PATH=/home/shibin/ros2_ws/install/px4_msgs/lib:/home/shibin/ros2_ws/install/translation_node/lib:/home/shibin/ros2_ws/install/px4_ros_com/lib:/opt/ros/humble/opt/rviz_ogre_vendor/lib:/opt/ros/humble/lib/x86_64-linux-gnu:/opt/ros/humble/lib /usr/bin/cmake --install /home/shibin/ros2_ws/build/translation_node
