[5.109s] Invoking command in '/home/shibin/ws_sensor_combined/src/px4-offboard': CMAKE_PREFIX_PATH=/home/shibin/ws_sensor_combined/install/px4_msgs:/home/shibin/ws_sensor_combined/install/px4_ros_com:/home/shibin/project_ws/install/tutorial_interfaces LD_LIBRARY_PATH=/home/shibin/ws_sensor_combined/install/px4_msgs/lib:/home/shibin/ws_sensor_combined/install/px4_ros_com/lib:/home/shibin/project_ws/install/tutorial_interfaces/lib:/opt/ros/humble/opt/rviz_ogre_vendor/lib:/opt/ros/humble/lib/x86_64-linux-gnu:/opt/ros/humble/opt/ortools_vendor/lib:/opt/ros/humble/lib PYTHONPATH=/home/shibin/ws_sensor_combined/build/px4_offboard/prefix_override:/usr/lib/python3/dist-packages/colcon_core/task/python/colcon_distutils_commands:/home/shibin/ws_sensor_combined/install/px4_offboard/lib/python3.10/site-packages:${PYTHONPATH} /usr/bin/python3 -W ignore:setup.py install is deprecated -W ignore:easy_install command is deprecated setup.py egg_info --egg-base ../../build/px4_offboard build --build-base /home/shibin/ws_sensor_combined/build/px4_offboard/build install --record /home/shibin/ws_sensor_combined/build/px4_offboard/install.log --single-version-externally-managed install_data
[7.260s] running egg_info
[7.263s] writing ../../build/px4_offboard/px4_offboard.egg-info/PKG-INFO
[7.265s] writing dependency_links to ../../build/px4_offboard/px4_offboard.egg-info/dependency_links.txt
[7.269s] writing entry points to ../../build/px4_offboard/px4_offboard.egg-info/entry_points.txt
[7.270s] writing requirements to ../../build/px4_offboard/px4_offboard.egg-info/requires.txt
[7.271s] writing top-level names to ../../build/px4_offboard/px4_offboard.egg-info/top_level.txt
[7.281s] reading manifest file '../../build/px4_offboard/px4_offboard.egg-info/SOURCES.txt'
[7.284s] adding license file 'LICENSE'
[7.287s] writing manifest file '../../build/px4_offboard/px4_offboard.egg-info/SOURCES.txt'
[7.291s] running build
[7.291s] running build_py
[7.292s] running install
[7.293s] running install_lib
[7.302s] running install_data
[7.306s] running install_egg_info
[7.316s] removing '/home/shibin/ws_sensor_combined/install/px4_offboard/lib/python3.10/site-packages/px4_offboard-0.0.0-py3.10.egg-info' (and everything under it)
[7.319s] Copying ../../build/px4_offboard/px4_offboard.egg-info to /home/shibin/ws_sensor_combined/install/px4_offboard/lib/python3.10/site-packages/px4_offboard-0.0.0-py3.10.egg-info
[7.328s] running install_scripts
[7.468s] Installing offboard_control script to /home/shibin/ws_sensor_combined/install/px4_offboard/lib/px4_offboard
[7.468s] Installing visualizer script to /home/shibin/ws_sensor_combined/install/px4_offboard/lib/px4_offboard
[7.469s] writing list of installed files to '/home/shibin/ws_sensor_combined/build/px4_offboard/install.log'
[7.608s] Invoked command in '/home/shibin/ws_sensor_combined/src/px4-offboard' returned '0': CMAKE_PREFIX_PATH=/home/shibin/ws_sensor_combined/install/px4_msgs:/home/shibin/ws_sensor_combined/install/px4_ros_com:/home/shibin/project_ws/install/tutorial_interfaces LD_LIBRARY_PATH=/home/shibin/ws_sensor_combined/install/px4_msgs/lib:/home/shibin/ws_sensor_combined/install/px4_ros_com/lib:/home/shibin/project_ws/install/tutorial_interfaces/lib:/opt/ros/humble/opt/rviz_ogre_vendor/lib:/opt/ros/humble/lib/x86_64-linux-gnu:/opt/ros/humble/opt/ortools_vendor/lib:/opt/ros/humble/lib PYTHONPATH=/home/shibin/ws_sensor_combined/build/px4_offboard/prefix_override:/usr/lib/python3/dist-packages/colcon_core/task/python/colcon_distutils_commands:/home/shibin/ws_sensor_combined/install/px4_offboard/lib/python3.10/site-packages:${PYTHONPATH} /usr/bin/python3 -W ignore:setup.py install is deprecated -W ignore:easy_install command is deprecated setup.py egg_info --egg-base ../../build/px4_offboard build --build-base /home/shibin/ws_sensor_combined/build/px4_offboard/build install --record /home/shibin/ws_sensor_combined/build/px4_offboard/install.log --single-version-externally-managed install_data
