[1.313s] Invoking command in '/home/shibin/ws_sensor_combined/src/rrt_package': PYTHONPATH=/home/shibin/ws_sensor_combined/build/rrt_package/prefix_override:/usr/lib/python3/dist-packages/colcon_core/task/python/colcon_distutils_commands:/home/shibin/ws_sensor_combined/install/rrt_package/lib/python3.10/site-packages:${PYTHONPATH} /usr/bin/python3 -W ignore:setup.py install is deprecated -W ignore:easy_install command is deprecated setup.py egg_info --egg-base ../../build/rrt_package build --build-base /home/shibin/ws_sensor_combined/build/rrt_package/build install --record /home/shibin/ws_sensor_combined/build/rrt_package/install.log --single-version-externally-managed install_data
[1.770s] running egg_info
[1.771s] writing ../../build/rrt_package/rrt_package.egg-info/PKG-INFO
[1.772s] writing dependency_links to ../../build/rrt_package/rrt_package.egg-info/dependency_links.txt
[1.772s] writing entry points to ../../build/rrt_package/rrt_package.egg-info/entry_points.txt
[1.773s] writing requirements to ../../build/rrt_package/rrt_package.egg-info/requires.txt
[1.773s] writing top-level names to ../../build/rrt_package/rrt_package.egg-info/top_level.txt
[1.777s] reading manifest file '../../build/rrt_package/rrt_package.egg-info/SOURCES.txt'
[1.777s] adding license file 'LICENSE'
[1.778s] writing manifest file '../../build/rrt_package/rrt_package.egg-info/SOURCES.txt'
[1.778s] running build
[1.778s] running build_py
[1.779s] running install
[1.779s] running install_lib
[1.782s] running install_data
[1.782s] copying config/px4_gz_bridge.yaml -> /home/shibin/ws_sensor_combined/install/rrt_package/share/rrt_package/config
[1.783s] running install_egg_info
[1.786s] removing '/home/shibin/ws_sensor_combined/install/rrt_package/lib/python3.10/site-packages/rrt_package-0.0.0-py3.10.egg-info' (and everything under it)
[1.786s] Copying ../../build/rrt_package/rrt_package.egg-info to /home/shibin/ws_sensor_combined/install/rrt_package/lib/python3.10/site-packages/rrt_package-0.0.0-py3.10.egg-info
[1.788s] running install_scripts
[1.829s] Installing my_node script to /home/shibin/ws_sensor_combined/install/rrt_package/lib/rrt_package
[1.829s] Installing my_node2 script to /home/shibin/ws_sensor_combined/install/rrt_package/lib/rrt_package
[1.829s] writing list of installed files to '/home/shibin/ws_sensor_combined/build/rrt_package/install.log'
[1.953s] Invoked command in '/home/shibin/ws_sensor_combined/src/rrt_package' returned '0': PYTHONPATH=/home/shibin/ws_sensor_combined/build/rrt_package/prefix_override:/usr/lib/python3/dist-packages/colcon_core/task/python/colcon_distutils_commands:/home/shibin/ws_sensor_combined/install/rrt_package/lib/python3.10/site-packages:${PYTHONPATH} /usr/bin/python3 -W ignore:setup.py install is deprecated -W ignore:easy_install command is deprecated setup.py egg_info --egg-base ../../build/rrt_package build --build-base /home/shibin/ws_sensor_combined/build/rrt_package/build install --record /home/shibin/ws_sensor_combined/build/rrt_package/install.log --single-version-externally-managed install_data
