[0.935s] Invoking command in '/home/shibin/ros2_ws/src/rrt_package': PYTHONPATH=/home/shibin/ros2_ws/build/rrt_package/prefix_override:/usr/lib/python3/dist-packages/colcon_core/task/python/colcon_distutils_commands:/home/shibin/ros2_ws/install/rrt_package/lib/python3.10/site-packages:${PYTHONPATH} /usr/bin/python3 -W ignore:setup.py install is deprecated -W ignore:easy_install command is deprecated setup.py egg_info --egg-base ../../build/rrt_package build --build-base /home/shibin/ros2_ws/build/rrt_package/build install --record /home/shibin/ros2_ws/build/rrt_package/install.log --single-version-externally-managed install_data
[1.338s] running egg_info
[1.365s] writing ../../build/rrt_package/rrt_package.egg-info/PKG-INFO
[1.366s] writing dependency_links to ../../build/rrt_package/rrt_package.egg-info/dependency_links.txt
[1.367s] writing entry points to ../../build/rrt_package/rrt_package.egg-info/entry_points.txt
[1.367s] writing requirements to ../../build/rrt_package/rrt_package.egg-info/requires.txt
[1.367s] writing top-level names to ../../build/rrt_package/rrt_package.egg-info/top_level.txt
[1.425s] reading manifest file '../../build/rrt_package/rrt_package.egg-info/SOURCES.txt'
[1.426s] adding license file 'LICENSE'
[1.427s] writing manifest file '../../build/rrt_package/rrt_package.egg-info/SOURCES.txt'
[1.428s] running build
[1.428s] running build_py
[1.428s] copying rrt_package/my_node2.py -> /home/shibin/ros2_ws/build/rrt_package/build/lib/rrt_package
[1.428s] copying rrt_package/lidar_data_node.py -> /home/shibin/ros2_ws/build/rrt_package/build/lib/rrt_package
[1.429s] copying rrt_package/my_node4.py -> /home/shibin/ros2_ws/build/rrt_package/build/lib/rrt_package
[1.432s] copying rrt_package/my_node.py -> /home/shibin/ros2_ws/build/rrt_package/build/lib/rrt_package
[1.432s] copying rrt_package/mynode3.py -> /home/shibin/ros2_ws/build/rrt_package/build/lib/rrt_package
[1.432s] copying rrt_package/__init__.py -> /home/shibin/ros2_ws/build/rrt_package/build/lib/rrt_package
[1.433s] running install
[1.440s] running install_lib
[1.468s] copying /home/shibin/ros2_ws/build/rrt_package/build/lib/rrt_package/mynode3.py -> /home/shibin/ros2_ws/install/rrt_package/lib/python3.10/site-packages/rrt_package
[1.469s] byte-compiling /home/shibin/ros2_ws/install/rrt_package/lib/python3.10/site-packages/rrt_package/mynode3.py to mynode3.cpython-310.pyc
[1.473s] running install_data
[1.473s] copying resource/rrt_package -> /home/shibin/ros2_ws/install/rrt_package/share/ament_index/resource_index/packages
[1.473s] copying package.xml -> /home/shibin/ros2_ws/install/rrt_package/share/rrt_package
[1.473s] running install_egg_info
[1.503s] removing '/home/shibin/ros2_ws/install/rrt_package/lib/python3.10/site-packages/rrt_package-0.0.0-py3.10.egg-info' (and everything under it)
[1.503s] Copying ../../build/rrt_package/rrt_package.egg-info to /home/shibin/ros2_ws/install/rrt_package/lib/python3.10/site-packages/rrt_package-0.0.0-py3.10.egg-info
[1.505s] running install_scripts
[1.838s] Installing lidar_data_node script to /home/shibin/ros2_ws/install/rrt_package/lib/rrt_package
[1.838s] Installing my_node script to /home/shibin/ros2_ws/install/rrt_package/lib/rrt_package
[1.838s] Installing my_node2 script to /home/shibin/ros2_ws/install/rrt_package/lib/rrt_package
[1.839s] Installing my_node4 script to /home/shibin/ros2_ws/install/rrt_package/lib/rrt_package
[1.839s] Installing mynode3 script to /home/shibin/ros2_ws/install/rrt_package/lib/rrt_package
[1.840s] writing list of installed files to '/home/shibin/ros2_ws/build/rrt_package/install.log'
[1.924s] Invoked command in '/home/shibin/ros2_ws/src/rrt_package' returned '0': PYTHONPATH=/home/shibin/ros2_ws/build/rrt_package/prefix_override:/usr/lib/python3/dist-packages/colcon_core/task/python/colcon_distutils_commands:/home/shibin/ros2_ws/install/rrt_package/lib/python3.10/site-packages:${PYTHONPATH} /usr/bin/python3 -W ignore:setup.py install is deprecated -W ignore:easy_install command is deprecated setup.py egg_info --egg-base ../../build/rrt_package build --build-base /home/shibin/ros2_ws/build/rrt_package/build install --record /home/shibin/ros2_ws/build/rrt_package/install.log --single-version-externally-managed install_data
