-- The C compiler identification is GNU 11.4.0
-- The CXX compiler identification is GNU 11.4.0
-- Detecting C compiler ABI info
-- Detecting C compiler ABI info - done
-- Check for working C compiler: /usr/bin/cc - skipped
-- Detecting C compile features
-- Detecting C compile features - done
-- Detecting CXX compiler ABI info
-- Detecting CXX compiler ABI info - done
-- Check for working CXX compiler: /usr/bin/c++ - skipped
-- Detecting CXX compile features
-- Detecting CXX compile features - done
-- Found ament_cmake: 1.3.11 (/opt/ros/humble/share/ament_cmake/cmake)
-- Found Python3: /usr/bin/python3 (found version "3.10.12") found components: Interpreter 
-- Found builtin_interfaces: 1.2.1 (/opt/ros/humble/share/builtin_interfaces/cmake)
-- Found rosidl_generator_c: 3.1.6 (/opt/ros/humble/share/rosidl_generator_c/cmake)
-- Found rosidl_adapter: 3.1.6 (/opt/ros/humble/share/rosidl_adapter/cmake)
-- Found rosidl_generator_cpp: 3.1.6 (/opt/ros/humble/share/rosidl_generator_cpp/cmake)
-- Using all available rosidl_typesupport_c: rosidl_typesupport_fastrtps_c;rosidl_typesupport_introspection_c
-- Using all available rosidl_typesupport_cpp: rosidl_typesupport_fastrtps_cpp;rosidl_typesupport_introspection_cpp
-- Found rosidl_default_generators: 1.2.0 (/opt/ros/humble/share/rosidl_default_generators/cmake)
-- Configuring done
-- Generating done
-- Build files have been written to: /home/shibin/ros2_ws/build/px4_msgs_old
-- Install configuration: ""
-- Installing: /home/shibin/ros2_ws/install/px4_msgs_old/share/ament_index/resource_index/package_run_dependencies/px4_msgs_old
-- Installing: /home/shibin/ros2_ws/install/px4_msgs_old/share/ament_index/resource_index/parent_prefix_path/px4_msgs_old
-- Installing: /home/shibin/ros2_ws/install/px4_msgs_old/share/px4_msgs_old/environment/ament_prefix_path.sh
-- Installing: /home/shibin/ros2_ws/install/px4_msgs_old/share/px4_msgs_old/environment/ament_prefix_path.dsv
-- Installing: /home/shibin/ros2_ws/install/px4_msgs_old/share/px4_msgs_old/environment/path.sh
-- Installing: /home/shibin/ros2_ws/install/px4_msgs_old/share/px4_msgs_old/environment/path.dsv
-- Installing: /home/shibin/ros2_ws/install/px4_msgs_old/share/px4_msgs_old/local_setup.bash
-- Installing: /home/shibin/ros2_ws/install/px4_msgs_old/share/px4_msgs_old/local_setup.sh
-- Installing: /home/shibin/ros2_ws/install/px4_msgs_old/share/px4_msgs_old/local_setup.zsh
-- Installing: /home/shibin/ros2_ws/install/px4_msgs_old/share/px4_msgs_old/local_setup.dsv
-- Installing: /home/shibin/ros2_ws/install/px4_msgs_old/share/px4_msgs_old/package.dsv
-- Installing: /home/shibin/ros2_ws/install/px4_msgs_old/share/ament_index/resource_index/packages/px4_msgs_old
-- Installing: /home/shibin/ros2_ws/install/px4_msgs_old/share/px4_msgs_old/cmake/ament_cmake_export_dependencies-extras.cmake
-- Installing: /home/shibin/ros2_ws/install/px4_msgs_old/share/px4_msgs_old/cmake/px4_msgs_oldConfig.cmake
-- Installing: /home/shibin/ros2_ws/install/px4_msgs_old/share/px4_msgs_old/cmake/px4_msgs_oldConfig-version.cmake
-- Installing: /home/shibin/ros2_ws/install/px4_msgs_old/share/px4_msgs_old/package.xml
