[0.025s] Invoking command in '/home/shibin/ros2_ws/build/px4_msgs_old': CMAKE_PREFIX_PATH=${CMAKE_PREFIX_PATH}:/home/shibin/ros2_ws/install/rrt_package:/home/shibin/ros2_ws/install/px4_offboard:/opt/ros/humble /usr/bin/cmake /home/shibin/ros2_ws/src/px4_msgs_old -DCMAKE_INSTALL_PREFIX=/home/shibin/ros2_ws/install/px4_msgs_old
[0.166s] -- The C compiler identification is GNU 11.4.0
[0.282s] -- The CXX compiler identification is GNU 11.4.0
[0.296s] -- Detecting C compiler ABI info
[0.381s] -- Detecting C compiler ABI info - done
[0.397s] -- Check for working C compiler: /usr/bin/cc - skipped
[0.397s] -- Detecting C compile features
[0.398s] -- Detecting C compile features - done
[0.402s] -- Detecting CXX compiler ABI info
[0.484s] -- Detecting CXX compiler ABI info - done
[0.493s] -- Check for working CXX compiler: /usr/bin/c++ - skipped
[0.493s] -- Detecting CXX compile features
[0.493s] -- Detecting CXX compile features - done
[0.503s] -- Found ament_cmake: 1.3.11 (/opt/ros/humble/share/ament_cmake/cmake)
[0.922s] -- Found Python3: /usr/bin/python3 (found version "3.10.12") found components: Interpreter 
[1.093s] -- Found builtin_interfaces: 1.2.1 (/opt/ros/humble/share/builtin_interfaces/cmake)
[1.224s] -- Found rosidl_generator_c: 3.1.6 (/opt/ros/humble/share/rosidl_generator_c/cmake)
[1.230s] -- Found rosidl_adapter: 3.1.6 (/opt/ros/humble/share/rosidl_adapter/cmake)
[1.249s] -- Found rosidl_generator_cpp: 3.1.6 (/opt/ros/humble/share/rosidl_generator_cpp/cmake)
[1.275s] -- Using all available rosidl_typesupport_c: rosidl_typesupport_fastrtps_c;rosidl_typesupport_introspection_c
[1.302s] -- Using all available rosidl_typesupport_cpp: rosidl_typesupport_fastrtps_cpp;rosidl_typesupport_introspection_cpp
[1.324s] -- Found rosidl_default_generators: 1.2.0 (/opt/ros/humble/share/rosidl_default_generators/cmake)
[1.425s] -- Configuring done
[1.429s] -- Generating done
[1.433s] -- Build files have been written to: /home/shibin/ros2_ws/build/px4_msgs_old
[1.442s] Invoked command in '/home/shibin/ros2_ws/build/px4_msgs_old' returned '0': CMAKE_PREFIX_PATH=${CMAKE_PREFIX_PATH}:/home/shibin/ros2_ws/install/rrt_package:/home/shibin/ros2_ws/install/px4_offboard:/opt/ros/humble /usr/bin/cmake /home/shibin/ros2_ws/src/px4_msgs_old -DCMAKE_INSTALL_PREFIX=/home/shibin/ros2_ws/install/px4_msgs_old
[1.445s] Invoking command in '/home/shibin/ros2_ws/build/px4_msgs_old': CMAKE_PREFIX_PATH=${CMAKE_PREFIX_PATH}:/home/shibin/ros2_ws/install/rrt_package:/home/shibin/ros2_ws/install/px4_offboard:/opt/ros/humble /usr/bin/cmake --build /home/shibin/ros2_ws/build/px4_msgs_old -- -j8 -l8
[1.479s] Invoked command in '/home/shibin/ros2_ws/build/px4_msgs_old' returned '0': CMAKE_PREFIX_PATH=${CMAKE_PREFIX_PATH}:/home/shibin/ros2_ws/install/rrt_package:/home/shibin/ros2_ws/install/px4_offboard:/opt/ros/humble /usr/bin/cmake --build /home/shibin/ros2_ws/build/px4_msgs_old -- -j8 -l8
[1.488s] Invoking command in '/home/shibin/ros2_ws/build/px4_msgs_old': CMAKE_PREFIX_PATH=${CMAKE_PREFIX_PATH}:/home/shibin/ros2_ws/install/rrt_package:/home/shibin/ros2_ws/install/px4_offboard:/opt/ros/humble /usr/bin/cmake --install /home/shibin/ros2_ws/build/px4_msgs_old
[1.495s] -- Install configuration: ""
[1.495s] -- Installing: /home/shibin/ros2_ws/install/px4_msgs_old/share/ament_index/resource_index/package_run_dependencies/px4_msgs_old
[1.495s] -- Installing: /home/shibin/ros2_ws/install/px4_msgs_old/share/ament_index/resource_index/parent_prefix_path/px4_msgs_old
[1.495s] -- Installing: /home/shibin/ros2_ws/install/px4_msgs_old/share/px4_msgs_old/environment/ament_prefix_path.sh
[1.495s] -- Installing: /home/shibin/ros2_ws/install/px4_msgs_old/share/px4_msgs_old/environment/ament_prefix_path.dsv
[1.496s] -- Installing: /home/shibin/ros2_ws/install/px4_msgs_old/share/px4_msgs_old/environment/path.sh
[1.496s] -- Installing: /home/shibin/ros2_ws/install/px4_msgs_old/share/px4_msgs_old/environment/path.dsv
[1.496s] -- Installing: /home/shibin/ros2_ws/install/px4_msgs_old/share/px4_msgs_old/local_setup.bash
[1.496s] -- Installing: /home/shibin/ros2_ws/install/px4_msgs_old/share/px4_msgs_old/local_setup.sh
[1.496s] -- Installing: /home/shibin/ros2_ws/install/px4_msgs_old/share/px4_msgs_old/local_setup.zsh
[1.496s] -- Installing: /home/shibin/ros2_ws/install/px4_msgs_old/share/px4_msgs_old/local_setup.dsv
[1.497s] -- Installing: /home/shibin/ros2_ws/install/px4_msgs_old/share/px4_msgs_old/package.dsv
[1.497s] -- Installing: /home/shibin/ros2_ws/install/px4_msgs_old/share/ament_index/resource_index/packages/px4_msgs_old
[1.497s] -- Installing: /home/shibin/ros2_ws/install/px4_msgs_old/share/px4_msgs_old/cmake/ament_cmake_export_dependencies-extras.cmake
[1.497s] -- Installing: /home/shibin/ros2_ws/install/px4_msgs_old/share/px4_msgs_old/cmake/px4_msgs_oldConfig.cmake
[1.497s] -- Installing: /home/shibin/ros2_ws/install/px4_msgs_old/share/px4_msgs_old/cmake/px4_msgs_oldConfig-version.cmake
[1.497s] -- Installing: /home/shibin/ros2_ws/install/px4_msgs_old/share/px4_msgs_old/package.xml
[1.500s] Invoked command in '/home/shibin/ros2_ws/build/px4_msgs_old' returned '0': CMAKE_PREFIX_PATH=${CMAKE_PREFIX_PATH}:/home/shibin/ros2_ws/install/rrt_package:/home/shibin/ros2_ws/install/px4_offboard:/opt/ros/humble /usr/bin/cmake --install /home/shibin/ros2_ws/build/px4_msgs_old
