running egg_info
writing ../../build/rrt_package/rrt_package.egg-info/PKG-INFO
writing dependency_links to ../../build/rrt_package/rrt_package.egg-info/dependency_links.txt
writing entry points to ../../build/rrt_package/rrt_package.egg-info/entry_points.txt
writing requirements to ../../build/rrt_package/rrt_package.egg-info/requires.txt
writing top-level names to ../../build/rrt_package/rrt_package.egg-info/top_level.txt
reading manifest file '../../build/rrt_package/rrt_package.egg-info/SOURCES.txt'
adding license file 'LICENSE'
writing manifest file '../../build/rrt_package/rrt_package.egg-info/SOURCES.txt'
running build
running build_py
running install
running install_lib
running install_data
copying package.xml -> /home/shibin/ws_sensor_combined/install/rrt_package/share/rrt_package
creating /home/shibin/ws_sensor_combined/install/rrt_package/share/rrt_package/config
copying config/px4_gz_bridge.yaml -> /home/shibin/ws_sensor_combined/install/rrt_package/share/rrt_package/config
running install_egg_info
removing '/home/shibin/ws_sensor_combined/install/rrt_package/lib/python3.10/site-packages/rrt_package-0.0.0-py3.10.egg-info' (and everything under it)
Copying ../../build/rrt_package/rrt_package.egg-info to /home/shibin/ws_sensor_combined/install/rrt_package/lib/python3.10/site-packages/rrt_package-0.0.0-py3.10.egg-info
running install_scripts
Installing my_node script to /home/shibin/ws_sensor_combined/install/rrt_package/lib/rrt_package
writing list of installed files to '/home/shibin/ws_sensor_combined/build/rrt_package/install.log'
