[0.198s] DEBUG:colcon:Command line arguments: ['/usr/bin/colcon', 'build']
[0.198s] DEBUG:colcon:Parsed command line arguments: Namespace(log_base=None, log_level=None, verb_name='build', build_base='build', install_base='install', merge_install=False, symlink_install=False, test_result_base=None, continue_on_error=False, executor='parallel', parallel_workers=8, event_handlers=None, ignore_user_meta=False, metas=['./colcon.meta'], base_paths=['.'], packages_ignore=None, packages_ignore_regex=None, paths=None, packages_up_to=None, packages_up_to_regex=None, packages_above=None, packages_above_and_dependencies=None, packages_above_depth=None, packages_select_by_dep=None, packages_skip_by_dep=None, packages_skip_up_to=None, packages_select_build_failed=False, packages_skip_build_finished=False, packages_select_test_failures=False, packages_skip_test_passed=False, packages_select=None, packages_skip=None, packages_select_regex=None, packages_skip_regex=None, packages_start=None, packages_end=None, allow_overriding=[], cmake_args=None, cmake_target=None, cmake_target_skip_unavailable=False, cmake_clean_cache=False, cmake_clean_first=False, cmake_force_configure=False, ament_cmake_args=None, catkin_cmake_args=None, catkin_skip_building_tests=False, mixin_files=None, mixin=None, verb_parser=<colcon_mixin.mixin.mixin_argument.MixinArgumentDecorator object at 0x740d67753160>, verb_extension=<colcon_core.verb.build.BuildVerb object at 0x740d678a0250>, main=<bound method BuildVerb.main of <colcon_core.verb.build.BuildVerb object at 0x740d678a0250>>, mixin_verb=('build',))
[0.284s] Level 1:colcon.colcon_core.package_discovery:discover_packages(colcon_meta) check parameters
[0.284s] Level 1:colcon.colcon_core.package_discovery:discover_packages(recursive) check parameters
[0.284s] Level 1:colcon.colcon_core.package_discovery:discover_packages(ignore) check parameters
[0.284s] Level 1:colcon.colcon_core.package_discovery:discover_packages(path) check parameters
[0.284s] Level 1:colcon.colcon_core.package_discovery:discover_packages(colcon_meta) discover
[0.284s] Level 1:colcon.colcon_core.package_discovery:discover_packages(recursive) discover
[0.284s] INFO:colcon.colcon_core.package_discovery:Crawling recursively for packages in '/home/shibin/ros2_ws'
[0.285s] Level 1:colcon.colcon_core.package_identification:_identify(.) by extensions ['ignore', 'ignore_ament_install']
[0.285s] Level 1:colcon.colcon_core.package_identification:_identify(.) by extension 'ignore'
[0.285s] Level 1:colcon.colcon_core.package_identification:_identify(.) by extension 'ignore_ament_install'
[0.285s] Level 1:colcon.colcon_core.package_identification:_identify(.) by extensions ['colcon_pkg']
[0.285s] Level 1:colcon.colcon_core.package_identification:_identify(.) by extension 'colcon_pkg'
[0.285s] Level 1:colcon.colcon_core.package_identification:_identify(.) by extensions ['colcon_meta']
[0.285s] Level 1:colcon.colcon_core.package_identification:_identify(.) by extension 'colcon_meta'
[0.285s] Level 1:colcon.colcon_core.package_identification:_identify(.) by extensions ['ros']
[0.285s] Level 1:colcon.colcon_core.package_identification:_identify(.) by extension 'ros'
[0.310s] Level 1:colcon.colcon_core.package_identification:_identify(.) by extensions ['cmake', 'python']
[0.310s] Level 1:colcon.colcon_core.package_identification:_identify(.) by extension 'cmake'
[0.310s] Level 1:colcon.colcon_core.package_identification:_identify(.) by extension 'python'
[0.310s] Level 1:colcon.colcon_core.package_identification:_identify(.) by extensions ['python_setup_py']
[0.310s] Level 1:colcon.colcon_core.package_identification:_identify(.) by extension 'python_setup_py'
[0.310s] Level 1:colcon.colcon_core.package_identification:_identify(build) by extensions ['ignore', 'ignore_ament_install']
[0.310s] Level 1:colcon.colcon_core.package_identification:_identify(build) by extension 'ignore'
[0.310s] Level 1:colcon.colcon_core.package_identification:_identify(build) ignored
[0.311s] Level 1:colcon.colcon_core.package_identification:_identify(install) by extensions ['ignore', 'ignore_ament_install']
[0.311s] Level 1:colcon.colcon_core.package_identification:_identify(install) by extension 'ignore'
[0.311s] Level 1:colcon.colcon_core.package_identification:_identify(install) ignored
[0.311s] Level 1:colcon.colcon_core.package_identification:_identify(log) by extensions ['ignore', 'ignore_ament_install']
[0.311s] Level 1:colcon.colcon_core.package_identification:_identify(log) by extension 'ignore'
[0.311s] Level 1:colcon.colcon_core.package_identification:_identify(log) ignored
[0.311s] Level 1:colcon.colcon_core.package_identification:_identify(src) by extensions ['ignore', 'ignore_ament_install']
[0.312s] Level 1:colcon.colcon_core.package_identification:_identify(src) by extension 'ignore'
[0.312s] Level 1:colcon.colcon_core.package_identification:_identify(src) by extension 'ignore_ament_install'
[0.312s] Level 1:colcon.colcon_core.package_identification:_identify(src) by extensions ['colcon_pkg']
[0.312s] Level 1:colcon.colcon_core.package_identification:_identify(src) by extension 'colcon_pkg'
[0.312s] Level 1:colcon.colcon_core.package_identification:_identify(src) by extensions ['colcon_meta']
[0.312s] Level 1:colcon.colcon_core.package_identification:_identify(src) by extension 'colcon_meta'
[0.312s] Level 1:colcon.colcon_core.package_identification:_identify(src) by extensions ['ros']
[0.312s] Level 1:colcon.colcon_core.package_identification:_identify(src) by extension 'ros'
[0.312s] Level 1:colcon.colcon_core.package_identification:_identify(src) by extensions ['cmake', 'python']
[0.312s] Level 1:colcon.colcon_core.package_identification:_identify(src) by extension 'cmake'
[0.312s] Level 1:colcon.colcon_core.package_identification:_identify(src) by extension 'python'
[0.312s] Level 1:colcon.colcon_core.package_identification:_identify(src) by extensions ['python_setup_py']
[0.313s] Level 1:colcon.colcon_core.package_identification:_identify(src) by extension 'python_setup_py'
[0.313s] Level 1:colcon.colcon_core.package_identification:_identify(src/px4-offboard) by extensions ['ignore', 'ignore_ament_install']
[0.313s] Level 1:colcon.colcon_core.package_identification:_identify(src/px4-offboard) by extension 'ignore'
[0.313s] Level 1:colcon.colcon_core.package_identification:_identify(src/px4-offboard) by extension 'ignore_ament_install'
[0.313s] Level 1:colcon.colcon_core.package_identification:_identify(src/px4-offboard) by extensions ['colcon_pkg']
[0.313s] Level 1:colcon.colcon_core.package_identification:_identify(src/px4-offboard) by extension 'colcon_pkg'
[0.313s] Level 1:colcon.colcon_core.package_identification:_identify(src/px4-offboard) by extensions ['colcon_meta']
[0.313s] Level 1:colcon.colcon_core.package_identification:_identify(src/px4-offboard) by extension 'colcon_meta'
[0.314s] Level 1:colcon.colcon_core.package_identification:_identify(src/px4-offboard) by extensions ['ros']
[0.314s] Level 1:colcon.colcon_core.package_identification:_identify(src/px4-offboard) by extension 'ros'
[0.322s] DEBUG:colcon.colcon_core.package_identification:Package 'src/px4-offboard' with type 'ros.ament_python' and name 'px4_offboard'
[0.323s] Level 1:colcon.colcon_core.package_identification:_identify(src/px4_msgs) by extensions ['ignore', 'ignore_ament_install']
[0.323s] Level 1:colcon.colcon_core.package_identification:_identify(src/px4_msgs) by extension 'ignore'
[0.323s] Level 1:colcon.colcon_core.package_identification:_identify(src/px4_msgs) by extension 'ignore_ament_install'
[0.323s] Level 1:colcon.colcon_core.package_identification:_identify(src/px4_msgs) by extensions ['colcon_pkg']
[0.323s] Level 1:colcon.colcon_core.package_identification:_identify(src/px4_msgs) by extension 'colcon_pkg'
[0.323s] Level 1:colcon.colcon_core.package_identification:_identify(src/px4_msgs) by extensions ['colcon_meta']
[0.323s] Level 1:colcon.colcon_core.package_identification:_identify(src/px4_msgs) by extension 'colcon_meta'
[0.324s] Level 1:colcon.colcon_core.package_identification:_identify(src/px4_msgs) by extensions ['ros']
[0.324s] Level 1:colcon.colcon_core.package_identification:_identify(src/px4_msgs) by extension 'ros'
[0.325s] DEBUG:colcon.colcon_core.package_identification:Package 'src/px4_msgs' with type 'ros.ament_cmake' and name 'px4_msgs'
[0.325s] Level 1:colcon.colcon_core.package_identification:_identify(src/px4_msgs_old) by extensions ['ignore', 'ignore_ament_install']
[0.325s] Level 1:colcon.colcon_core.package_identification:_identify(src/px4_msgs_old) by extension 'ignore'
[0.325s] Level 1:colcon.colcon_core.package_identification:_identify(src/px4_msgs_old) by extension 'ignore_ament_install'
[0.325s] Level 1:colcon.colcon_core.package_identification:_identify(src/px4_msgs_old) by extensions ['colcon_pkg']
[0.325s] Level 1:colcon.colcon_core.package_identification:_identify(src/px4_msgs_old) by extension 'colcon_pkg'
[0.325s] Level 1:colcon.colcon_core.package_identification:_identify(src/px4_msgs_old) by extensions ['colcon_meta']
[0.326s] Level 1:colcon.colcon_core.package_identification:_identify(src/px4_msgs_old) by extension 'colcon_meta'
[0.326s] Level 1:colcon.colcon_core.package_identification:_identify(src/px4_msgs_old) by extensions ['ros']
[0.326s] Level 1:colcon.colcon_core.package_identification:_identify(src/px4_msgs_old) by extension 'ros'
[0.327s] DEBUG:colcon.colcon_core.package_identification:Package 'src/px4_msgs_old' with type 'ros.ament_cmake' and name 'px4_msgs_old'
[0.327s] Level 1:colcon.colcon_core.package_identification:_identify(src/px4_ros_com) by extensions ['ignore', 'ignore_ament_install']
[0.327s] Level 1:colcon.colcon_core.package_identification:_identify(src/px4_ros_com) by extension 'ignore'
[0.327s] Level 1:colcon.colcon_core.package_identification:_identify(src/px4_ros_com) by extension 'ignore_ament_install'
[0.327s] Level 1:colcon.colcon_core.package_identification:_identify(src/px4_ros_com) by extensions ['colcon_pkg']
[0.327s] Level 1:colcon.colcon_core.package_identification:_identify(src/px4_ros_com) by extension 'colcon_pkg'
[0.327s] Level 1:colcon.colcon_core.package_identification:_identify(src/px4_ros_com) by extensions ['colcon_meta']
[0.327s] Level 1:colcon.colcon_core.package_identification:_identify(src/px4_ros_com) by extension 'colcon_meta'
[0.327s] Level 1:colcon.colcon_core.package_identification:_identify(src/px4_ros_com) by extensions ['ros']
[0.327s] Level 1:colcon.colcon_core.package_identification:_identify(src/px4_ros_com) by extension 'ros'
[0.329s] DEBUG:colcon.colcon_core.package_identification:Package 'src/px4_ros_com' with type 'ros.ament_cmake' and name 'px4_ros_com'
[0.329s] Level 1:colcon.colcon_core.package_identification:_identify(src/rrt_package) by extensions ['ignore', 'ignore_ament_install']
[0.329s] Level 1:colcon.colcon_core.package_identification:_identify(src/rrt_package) by extension 'ignore'
[0.329s] Level 1:colcon.colcon_core.package_identification:_identify(src/rrt_package) by extension 'ignore_ament_install'
[0.329s] Level 1:colcon.colcon_core.package_identification:_identify(src/rrt_package) by extensions ['colcon_pkg']
[0.329s] Level 1:colcon.colcon_core.package_identification:_identify(src/rrt_package) by extension 'colcon_pkg'
[0.329s] Level 1:colcon.colcon_core.package_identification:_identify(src/rrt_package) by extensions ['colcon_meta']
[0.329s] Level 1:colcon.colcon_core.package_identification:_identify(src/rrt_package) by extension 'colcon_meta'
[0.329s] Level 1:colcon.colcon_core.package_identification:_identify(src/rrt_package) by extensions ['ros']
[0.329s] Level 1:colcon.colcon_core.package_identification:_identify(src/rrt_package) by extension 'ros'
[0.330s] DEBUG:colcon.colcon_core.package_identification:Package 'src/rrt_package' with type 'ros.ament_python' and name 'rrt_package'
[0.330s] Level 1:colcon.colcon_core.package_identification:_identify(src/translation_node) by extensions ['ignore', 'ignore_ament_install']
[0.331s] Level 1:colcon.colcon_core.package_identification:_identify(src/translation_node) by extension 'ignore'
[0.331s] Level 1:colcon.colcon_core.package_identification:_identify(src/translation_node) by extension 'ignore_ament_install'
[0.331s] Level 1:colcon.colcon_core.package_identification:_identify(src/translation_node) by extensions ['colcon_pkg']
[0.331s] Level 1:colcon.colcon_core.package_identification:_identify(src/translation_node) by extension 'colcon_pkg'
[0.331s] Level 1:colcon.colcon_core.package_identification:_identify(src/translation_node) by extensions ['colcon_meta']
[0.331s] Level 1:colcon.colcon_core.package_identification:_identify(src/translation_node) by extension 'colcon_meta'
[0.331s] Level 1:colcon.colcon_core.package_identification:_identify(src/translation_node) by extensions ['ros']
[0.331s] Level 1:colcon.colcon_core.package_identification:_identify(src/translation_node) by extension 'ros'
[0.332s] DEBUG:colcon.colcon_core.package_identification:Package 'src/translation_node' with type 'ros.ament_cmake' and name 'translation_node'
[0.332s] Level 1:colcon.colcon_core.package_discovery:discover_packages(recursive) using defaults
[0.332s] Level 1:colcon.colcon_core.package_discovery:discover_packages(ignore) discover
[0.332s] Level 1:colcon.colcon_core.package_discovery:discover_packages(ignore) using defaults
[0.332s] Level 1:colcon.colcon_core.package_discovery:discover_packages(path) discover
[0.332s] Level 1:colcon.colcon_core.package_discovery:discover_packages(path) using defaults
[0.366s] Level 1:colcon.colcon_core.package_discovery:discover_packages(prefix_path) check parameters
[0.366s] Level 1:colcon.colcon_core.package_discovery:discover_packages(prefix_path) discover
[0.371s] DEBUG:colcon.colcon_installed_package_information.package_discovery:Found 6 installed packages in /home/shibin/ros2_ws/install
[0.373s] DEBUG:colcon.colcon_installed_package_information.package_discovery:Found 287 installed packages in /opt/ros/humble
[0.375s] Level 1:colcon.colcon_core.package_discovery:discover_packages(prefix_path) using defaults
[0.456s] Level 5:colcon.colcon_core.verb:set package 'px4_msgs' build argument 'cmake_args' from command line to 'None'
[0.456s] Level 5:colcon.colcon_core.verb:set package 'px4_msgs' build argument 'cmake_target' from command line to 'None'
[0.456s] Level 5:colcon.colcon_core.verb:set package 'px4_msgs' build argument 'cmake_target_skip_unavailable' from command line to 'False'
[0.456s] Level 5:colcon.colcon_core.verb:set package 'px4_msgs' build argument 'cmake_clean_cache' from command line to 'False'
[0.456s] Level 5:colcon.colcon_core.verb:set package 'px4_msgs' build argument 'cmake_clean_first' from command line to 'False'
[0.456s] Level 5:colcon.colcon_core.verb:set package 'px4_msgs' build argument 'cmake_force_configure' from command line to 'False'
[0.456s] Level 5:colcon.colcon_core.verb:set package 'px4_msgs' build argument 'ament_cmake_args' from command line to 'None'
[0.456s] Level 5:colcon.colcon_core.verb:set package 'px4_msgs' build argument 'catkin_cmake_args' from command line to 'None'
[0.456s] Level 5:colcon.colcon_core.verb:set package 'px4_msgs' build argument 'catkin_skip_building_tests' from command line to 'False'
[0.456s] DEBUG:colcon.colcon_core.verb:Building package 'px4_msgs' with the following arguments: {'ament_cmake_args': None, 'build_base': '/home/shibin/ros2_ws/build/px4_msgs', 'catkin_cmake_args': None, 'catkin_skip_building_tests': False, 'cmake_args': None, 'cmake_clean_cache': False, 'cmake_clean_first': False, 'cmake_force_configure': False, 'cmake_target': None, 'cmake_target_skip_unavailable': False, 'install_base': '/home/shibin/ros2_ws/install/px4_msgs', 'merge_install': False, 'path': '/home/shibin/ros2_ws/src/px4_msgs', 'symlink_install': False, 'test_result_base': None}
[0.457s] Level 5:colcon.colcon_core.verb:set package 'px4_msgs_old' build argument 'cmake_args' from command line to 'None'
[0.457s] Level 5:colcon.colcon_core.verb:set package 'px4_msgs_old' build argument 'cmake_target' from command line to 'None'
[0.457s] Level 5:colcon.colcon_core.verb:set package 'px4_msgs_old' build argument 'cmake_target_skip_unavailable' from command line to 'False'
[0.457s] Level 5:colcon.colcon_core.verb:set package 'px4_msgs_old' build argument 'cmake_clean_cache' from command line to 'False'
[0.457s] Level 5:colcon.colcon_core.verb:set package 'px4_msgs_old' build argument 'cmake_clean_first' from command line to 'False'
[0.457s] Level 5:colcon.colcon_core.verb:set package 'px4_msgs_old' build argument 'cmake_force_configure' from command line to 'False'
[0.457s] Level 5:colcon.colcon_core.verb:set package 'px4_msgs_old' build argument 'ament_cmake_args' from command line to 'None'
[0.457s] Level 5:colcon.colcon_core.verb:set package 'px4_msgs_old' build argument 'catkin_cmake_args' from command line to 'None'
[0.457s] Level 5:colcon.colcon_core.verb:set package 'px4_msgs_old' build argument 'catkin_skip_building_tests' from command line to 'False'
[0.457s] DEBUG:colcon.colcon_core.verb:Building package 'px4_msgs_old' with the following arguments: {'ament_cmake_args': None, 'build_base': '/home/shibin/ros2_ws/build/px4_msgs_old', 'catkin_cmake_args': None, 'catkin_skip_building_tests': False, 'cmake_args': None, 'cmake_clean_cache': False, 'cmake_clean_first': False, 'cmake_force_configure': False, 'cmake_target': None, 'cmake_target_skip_unavailable': False, 'install_base': '/home/shibin/ros2_ws/install/px4_msgs_old', 'merge_install': False, 'path': '/home/shibin/ros2_ws/src/px4_msgs_old', 'symlink_install': False, 'test_result_base': None}
[0.457s] Level 5:colcon.colcon_core.verb:set package 'rrt_package' build argument 'cmake_args' from command line to 'None'
[0.457s] Level 5:colcon.colcon_core.verb:set package 'rrt_package' build argument 'cmake_target' from command line to 'None'
[0.457s] Level 5:colcon.colcon_core.verb:set package 'rrt_package' build argument 'cmake_target_skip_unavailable' from command line to 'False'
[0.457s] Level 5:colcon.colcon_core.verb:set package 'rrt_package' build argument 'cmake_clean_cache' from command line to 'False'
[0.458s] Level 5:colcon.colcon_core.verb:set package 'rrt_package' build argument 'cmake_clean_first' from command line to 'False'
[0.458s] Level 5:colcon.colcon_core.verb:set package 'rrt_package' build argument 'cmake_force_configure' from command line to 'False'
[0.458s] Level 5:colcon.colcon_core.verb:set package 'rrt_package' build argument 'ament_cmake_args' from command line to 'None'
[0.458s] Level 5:colcon.colcon_core.verb:set package 'rrt_package' build argument 'catkin_cmake_args' from command line to 'None'
[0.458s] Level 5:colcon.colcon_core.verb:set package 'rrt_package' build argument 'catkin_skip_building_tests' from command line to 'False'
[0.458s] DEBUG:colcon.colcon_core.verb:Building package 'rrt_package' with the following arguments: {'ament_cmake_args': None, 'build_base': '/home/shibin/ros2_ws/build/rrt_package', 'catkin_cmake_args': None, 'catkin_skip_building_tests': False, 'cmake_args': None, 'cmake_clean_cache': False, 'cmake_clean_first': False, 'cmake_force_configure': False, 'cmake_target': None, 'cmake_target_skip_unavailable': False, 'install_base': '/home/shibin/ros2_ws/install/rrt_package', 'merge_install': False, 'path': '/home/shibin/ros2_ws/src/rrt_package', 'symlink_install': False, 'test_result_base': None}
[0.458s] Level 5:colcon.colcon_core.verb:set package 'px4_offboard' build argument 'cmake_args' from command line to 'None'
[0.458s] Level 5:colcon.colcon_core.verb:set package 'px4_offboard' build argument 'cmake_target' from command line to 'None'
[0.458s] Level 5:colcon.colcon_core.verb:set package 'px4_offboard' build argument 'cmake_target_skip_unavailable' from command line to 'False'
[0.458s] Level 5:colcon.colcon_core.verb:set package 'px4_offboard' build argument 'cmake_clean_cache' from command line to 'False'
[0.458s] Level 5:colcon.colcon_core.verb:set package 'px4_offboard' build argument 'cmake_clean_first' from command line to 'False'
[0.458s] Level 5:colcon.colcon_core.verb:set package 'px4_offboard' build argument 'cmake_force_configure' from command line to 'False'
[0.458s] Level 5:colcon.colcon_core.verb:set package 'px4_offboard' build argument 'ament_cmake_args' from command line to 'None'
[0.458s] Level 5:colcon.colcon_core.verb:set package 'px4_offboard' build argument 'catkin_cmake_args' from command line to 'None'
[0.458s] Level 5:colcon.colcon_core.verb:set package 'px4_offboard' build argument 'catkin_skip_building_tests' from command line to 'False'
[0.458s] DEBUG:colcon.colcon_core.verb:Building package 'px4_offboard' with the following arguments: {'ament_cmake_args': None, 'build_base': '/home/shibin/ros2_ws/build/px4_offboard', 'catkin_cmake_args': None, 'catkin_skip_building_tests': False, 'cmake_args': None, 'cmake_clean_cache': False, 'cmake_clean_first': False, 'cmake_force_configure': False, 'cmake_target': None, 'cmake_target_skip_unavailable': False, 'install_base': '/home/shibin/ros2_ws/install/px4_offboard', 'merge_install': False, 'path': '/home/shibin/ros2_ws/src/px4-offboard', 'symlink_install': False, 'test_result_base': None}
[0.459s] Level 5:colcon.colcon_core.verb:set package 'px4_ros_com' build argument 'cmake_args' from command line to 'None'
[0.459s] Level 5:colcon.colcon_core.verb:set package 'px4_ros_com' build argument 'cmake_target' from command line to 'None'
[0.459s] Level 5:colcon.colcon_core.verb:set package 'px4_ros_com' build argument 'cmake_target_skip_unavailable' from command line to 'False'
[0.459s] Level 5:colcon.colcon_core.verb:set package 'px4_ros_com' build argument 'cmake_clean_cache' from command line to 'False'
[0.459s] Level 5:colcon.colcon_core.verb:set package 'px4_ros_com' build argument 'cmake_clean_first' from command line to 'False'
[0.459s] Level 5:colcon.colcon_core.verb:set package 'px4_ros_com' build argument 'cmake_force_configure' from command line to 'False'
[0.459s] Level 5:colcon.colcon_core.verb:set package 'px4_ros_com' build argument 'ament_cmake_args' from command line to 'None'
[0.459s] Level 5:colcon.colcon_core.verb:set package 'px4_ros_com' build argument 'catkin_cmake_args' from command line to 'None'
[0.459s] Level 5:colcon.colcon_core.verb:set package 'px4_ros_com' build argument 'catkin_skip_building_tests' from command line to 'False'
[0.459s] DEBUG:colcon.colcon_core.verb:Building package 'px4_ros_com' with the following arguments: {'ament_cmake_args': None, 'build_base': '/home/shibin/ros2_ws/build/px4_ros_com', 'catkin_cmake_args': None, 'catkin_skip_building_tests': False, 'cmake_args': None, 'cmake_clean_cache': False, 'cmake_clean_first': False, 'cmake_force_configure': False, 'cmake_target': None, 'cmake_target_skip_unavailable': False, 'install_base': '/home/shibin/ros2_ws/install/px4_ros_com', 'merge_install': False, 'path': '/home/shibin/ros2_ws/src/px4_ros_com', 'symlink_install': False, 'test_result_base': None}
[0.459s] Level 5:colcon.colcon_core.verb:set package 'translation_node' build argument 'cmake_args' from command line to 'None'
[0.459s] Level 5:colcon.colcon_core.verb:set package 'translation_node' build argument 'cmake_target' from command line to 'None'
[0.459s] Level 5:colcon.colcon_core.verb:set package 'translation_node' build argument 'cmake_target_skip_unavailable' from command line to 'False'
[0.459s] Level 5:colcon.colcon_core.verb:set package 'translation_node' build argument 'cmake_clean_cache' from command line to 'False'
[0.459s] Level 5:colcon.colcon_core.verb:set package 'translation_node' build argument 'cmake_clean_first' from command line to 'False'
[0.459s] Level 5:colcon.colcon_core.verb:set package 'translation_node' build argument 'cmake_force_configure' from command line to 'False'
[0.459s] Level 5:colcon.colcon_core.verb:set package 'translation_node' build argument 'ament_cmake_args' from command line to 'None'
[0.459s] Level 5:colcon.colcon_core.verb:set package 'translation_node' build argument 'catkin_cmake_args' from command line to 'None'
[0.460s] Level 5:colcon.colcon_core.verb:set package 'translation_node' build argument 'catkin_skip_building_tests' from command line to 'False'
[0.460s] DEBUG:colcon.colcon_core.verb:Building package 'translation_node' with the following arguments: {'ament_cmake_args': None, 'build_base': '/home/shibin/ros2_ws/build/translation_node', 'catkin_cmake_args': None, 'catkin_skip_building_tests': False, 'cmake_args': None, 'cmake_clean_cache': False, 'cmake_clean_first': False, 'cmake_force_configure': False, 'cmake_target': None, 'cmake_target_skip_unavailable': False, 'install_base': '/home/shibin/ros2_ws/install/translation_node', 'merge_install': False, 'path': '/home/shibin/ros2_ws/src/translation_node', 'symlink_install': False, 'test_result_base': None}
[0.460s] INFO:colcon.colcon_core.executor:Executing jobs using 'parallel' executor
[0.461s] DEBUG:colcon.colcon_parallel_executor.executor.parallel:run_until_complete
[0.461s] INFO:colcon.colcon_ros.task.ament_cmake.build:Building ROS package in '/home/shibin/ros2_ws/src/px4_msgs' with build type 'ament_cmake'
[0.461s] INFO:colcon.colcon_cmake.task.cmake.build:Building CMake package in '/home/shibin/ros2_ws/src/px4_msgs'
[0.467s] INFO:colcon.colcon_core.plugin_system:Skipping extension 'colcon_core.shell.bat': Not used on non-Windows systems
[0.468s] INFO:colcon.colcon_core.shell:Skip shell extension 'powershell' for command environment: Not usable outside of PowerShell
[0.468s] DEBUG:colcon.colcon_core.shell:Skip shell extension 'dsv' for command environment
[0.472s] INFO:colcon.colcon_ros.task.ament_cmake.build:Building ROS package in '/home/shibin/ros2_ws/src/px4_msgs_old' with build type 'ament_cmake'
[0.472s] INFO:colcon.colcon_cmake.task.cmake.build:Building CMake package in '/home/shibin/ros2_ws/src/px4_msgs_old'
[0.472s] INFO:colcon.colcon_core.shell:Skip shell extension 'powershell' for command environment: Not usable outside of PowerShell
[0.472s] DEBUG:colcon.colcon_core.shell:Skip shell extension 'dsv' for command environment
[0.481s] INFO:colcon.colcon_ros.task.ament_python.build:Building ROS package in '/home/shibin/ros2_ws/src/rrt_package' with build type 'ament_python'
[0.481s] Level 1:colcon.colcon_core.shell:create_environment_hook('rrt_package', 'ament_prefix_path')
[0.482s] INFO:colcon.colcon_core.shell:Creating environment hook '/home/shibin/ros2_ws/install/rrt_package/share/rrt_package/hook/ament_prefix_path.ps1'
[0.484s] INFO:colcon.colcon_core.shell:Creating environment descriptor '/home/shibin/ros2_ws/install/rrt_package/share/rrt_package/hook/ament_prefix_path.dsv'
[0.485s] INFO:colcon.colcon_core.shell:Creating environment hook '/home/shibin/ros2_ws/install/rrt_package/share/rrt_package/hook/ament_prefix_path.sh'
[0.487s] INFO:colcon.colcon_core.shell:Skip shell extension 'powershell' for command environment: Not usable outside of PowerShell
[0.487s] DEBUG:colcon.colcon_core.shell:Skip shell extension 'dsv' for command environment
[0.495s] DEBUG:colcon.colcon_core.event_handler.log_command:Invoking command in '/home/shibin/ros2_ws/build/px4_msgs': CMAKE_PREFIX_PATH=${CMAKE_PREFIX_PATH}:/home/shibin/ros2_ws/install/rrt_package:/home/shibin/ros2_ws/install/px4_offboard:/opt/ros/humble /usr/bin/cmake --build /home/shibin/ros2_ws/build/px4_msgs -- -j8 -l8
[0.502s] DEBUG:colcon.colcon_core.event_handler.log_command:Invoking command in '/home/shibin/ros2_ws/build/px4_msgs_old': CMAKE_PREFIX_PATH=${CMAKE_PREFIX_PATH}:/home/shibin/ros2_ws/install/rrt_package:/home/shibin/ros2_ws/install/px4_offboard:/opt/ros/humble /usr/bin/cmake --build /home/shibin/ros2_ws/build/px4_msgs_old -- -j8 -l8
[0.808s] INFO:colcon.colcon_core.task.python.build:Building Python package in '/home/shibin/ros2_ws/src/rrt_package'
[0.808s] INFO:colcon.colcon_core.shell:Skip shell extension 'powershell' for command environment: Not usable outside of PowerShell
[0.808s] DEBUG:colcon.colcon_core.shell:Skip shell extension 'dsv' for command environment
[0.815s] DEBUG:colcon.colcon_core.event_handler.log_command:Invoked command in '/home/shibin/ros2_ws/build/px4_msgs_old' returned '0': CMAKE_PREFIX_PATH=${CMAKE_PREFIX_PATH}:/home/shibin/ros2_ws/install/rrt_package:/home/shibin/ros2_ws/install/px4_offboard:/opt/ros/humble /usr/bin/cmake --build /home/shibin/ros2_ws/build/px4_msgs_old -- -j8 -l8
[0.827s] DEBUG:colcon.colcon_core.event_handler.log_command:Invoking command in '/home/shibin/ros2_ws/build/px4_msgs_old': CMAKE_PREFIX_PATH=${CMAKE_PREFIX_PATH}:/home/shibin/ros2_ws/install/rrt_package:/home/shibin/ros2_ws/install/px4_offboard:/opt/ros/humble /usr/bin/cmake --install /home/shibin/ros2_ws/build/px4_msgs_old
[0.843s] Level 1:colcon.colcon_core.environment:create_environment_scripts_only(px4_msgs_old)
[0.844s] DEBUG:colcon.colcon_core.event_handler.log_command:Invoked command in '/home/shibin/ros2_ws/build/px4_msgs_old' returned '0': CMAKE_PREFIX_PATH=${CMAKE_PREFIX_PATH}:/home/shibin/ros2_ws/install/rrt_package:/home/shibin/ros2_ws/install/px4_offboard:/opt/ros/humble /usr/bin/cmake --install /home/shibin/ros2_ws/build/px4_msgs_old
[0.853s] Level 1:colcon.colcon_core.environment:checking '/home/shibin/ros2_ws/install/px4_msgs_old' for CMake module files
[0.854s] Level 1:colcon.colcon_core.environment:checking '/home/shibin/ros2_ws/install/px4_msgs_old' for CMake config files
[0.855s] Level 1:colcon.colcon_core.shell:create_environment_hook('px4_msgs_old', 'cmake_prefix_path')
[0.855s] INFO:colcon.colcon_core.shell:Creating environment hook '/home/shibin/ros2_ws/install/px4_msgs_old/share/px4_msgs_old/hook/cmake_prefix_path.ps1'
[0.856s] INFO:colcon.colcon_core.shell:Creating environment descriptor '/home/shibin/ros2_ws/install/px4_msgs_old/share/px4_msgs_old/hook/cmake_prefix_path.dsv'
[0.857s] INFO:colcon.colcon_core.shell:Creating environment hook '/home/shibin/ros2_ws/install/px4_msgs_old/share/px4_msgs_old/hook/cmake_prefix_path.sh'
[0.859s] Level 1:colcon.colcon_core.environment:checking '/home/shibin/ros2_ws/install/px4_msgs_old/bin'
[0.859s] Level 1:colcon.colcon_core.environment:checking '/home/shibin/ros2_ws/install/px4_msgs_old/lib/pkgconfig/px4_msgs_old.pc'
[0.859s] Level 1:colcon.colcon_core.environment:checking '/home/shibin/ros2_ws/install/px4_msgs_old/lib/python3.10/site-packages'
[0.860s] Level 1:colcon.colcon_core.environment:checking '/home/shibin/ros2_ws/install/px4_msgs_old/bin'
[0.860s] INFO:colcon.colcon_core.shell:Creating package script '/home/shibin/ros2_ws/install/px4_msgs_old/share/px4_msgs_old/package.ps1'
[0.863s] INFO:colcon.colcon_core.shell:Creating package descriptor '/home/shibin/ros2_ws/install/px4_msgs_old/share/px4_msgs_old/package.dsv'
[0.864s] INFO:colcon.colcon_core.shell:Creating package script '/home/shibin/ros2_ws/install/px4_msgs_old/share/px4_msgs_old/package.sh'
[0.866s] INFO:colcon.colcon_core.shell:Creating package script '/home/shibin/ros2_ws/install/px4_msgs_old/share/px4_msgs_old/package.bash'
[0.869s] INFO:colcon.colcon_core.shell:Creating package script '/home/shibin/ros2_ws/install/px4_msgs_old/share/px4_msgs_old/package.zsh'
[0.870s] Level 1:colcon.colcon_core.environment:create_file_with_runtime_dependencies(/home/shibin/ros2_ws/install/px4_msgs_old/share/colcon-core/packages/px4_msgs_old)
[0.871s] Level 1:colcon.colcon_core.environment:create_environment_scripts_only(px4_msgs_old)
[0.872s] Level 1:colcon.colcon_core.environment:checking '/home/shibin/ros2_ws/install/px4_msgs_old' for CMake module files
[0.873s] Level 1:colcon.colcon_core.environment:checking '/home/shibin/ros2_ws/install/px4_msgs_old' for CMake config files
[0.873s] Level 1:colcon.colcon_core.shell:create_environment_hook('px4_msgs_old', 'cmake_prefix_path')
[0.873s] INFO:colcon.colcon_core.shell:Creating environment hook '/home/shibin/ros2_ws/install/px4_msgs_old/share/px4_msgs_old/hook/cmake_prefix_path.ps1'
[0.874s] INFO:colcon.colcon_core.shell:Creating environment descriptor '/home/shibin/ros2_ws/install/px4_msgs_old/share/px4_msgs_old/hook/cmake_prefix_path.dsv'
[0.875s] INFO:colcon.colcon_core.shell:Creating environment hook '/home/shibin/ros2_ws/install/px4_msgs_old/share/px4_msgs_old/hook/cmake_prefix_path.sh'
[0.876s] Level 1:colcon.colcon_core.environment:checking '/home/shibin/ros2_ws/install/px4_msgs_old/bin'
[0.876s] Level 1:colcon.colcon_core.environment:checking '/home/shibin/ros2_ws/install/px4_msgs_old/lib/pkgconfig/px4_msgs_old.pc'
[0.876s] Level 1:colcon.colcon_core.environment:checking '/home/shibin/ros2_ws/install/px4_msgs_old/lib/python3.10/site-packages'
[0.877s] Level 1:colcon.colcon_core.environment:checking '/home/shibin/ros2_ws/install/px4_msgs_old/bin'
[0.877s] INFO:colcon.colcon_core.shell:Creating package script '/home/shibin/ros2_ws/install/px4_msgs_old/share/px4_msgs_old/package.ps1'
[0.878s] INFO:colcon.colcon_core.shell:Creating package descriptor '/home/shibin/ros2_ws/install/px4_msgs_old/share/px4_msgs_old/package.dsv'
[0.879s] INFO:colcon.colcon_core.shell:Creating package script '/home/shibin/ros2_ws/install/px4_msgs_old/share/px4_msgs_old/package.sh'
[0.880s] INFO:colcon.colcon_core.shell:Creating package script '/home/shibin/ros2_ws/install/px4_msgs_old/share/px4_msgs_old/package.bash'
[0.881s] INFO:colcon.colcon_core.shell:Creating package script '/home/shibin/ros2_ws/install/px4_msgs_old/share/px4_msgs_old/package.zsh'
[0.882s] Level 1:colcon.colcon_core.environment:create_file_with_runtime_dependencies(/home/shibin/ros2_ws/install/px4_msgs_old/share/colcon-core/packages/px4_msgs_old)
[1.850s] DEBUG:colcon.colcon_core.event_handler.log_command:Invoking command in '/home/shibin/ros2_ws/src/rrt_package': PYTHONPATH=/home/shibin/ros2_ws/build/rrt_package/prefix_override:/usr/lib/python3/dist-packages/colcon_core/task/python/colcon_distutils_commands:/home/shibin/ros2_ws/install/rrt_package/lib/python3.10/site-packages:${PYTHONPATH} /usr/bin/python3 -W ignore:setup.py install is deprecated -W ignore:easy_install command is deprecated setup.py egg_info --egg-base ../../build/rrt_package build --build-base /home/shibin/ros2_ws/build/rrt_package/build install --record /home/shibin/ros2_ws/build/rrt_package/install.log --single-version-externally-managed install_data
[2.495s] DEBUG:colcon.colcon_core.event_handler.log_command:Invoked command in '/home/shibin/ros2_ws/build/px4_msgs' returned '0': CMAKE_PREFIX_PATH=${CMAKE_PREFIX_PATH}:/home/shibin/ros2_ws/install/rrt_package:/home/shibin/ros2_ws/install/px4_offboard:/opt/ros/humble /usr/bin/cmake --build /home/shibin/ros2_ws/build/px4_msgs -- -j8 -l8
[2.498s] DEBUG:colcon.colcon_core.event_handler.log_command:Invoking command in '/home/shibin/ros2_ws/build/px4_msgs': CMAKE_PREFIX_PATH=${CMAKE_PREFIX_PATH}:/home/shibin/ros2_ws/install/rrt_package:/home/shibin/ros2_ws/install/px4_offboard:/opt/ros/humble /usr/bin/cmake --install /home/shibin/ros2_ws/build/px4_msgs
[2.576s] Level 1:colcon.colcon_core.environment:checking '/home/shibin/ros2_ws/install/rrt_package' for CMake module files
[2.578s] Level 1:colcon.colcon_core.environment:checking '/home/shibin/ros2_ws/install/rrt_package' for CMake config files
[2.593s] Level 1:colcon.colcon_core.environment:checking '/home/shibin/ros2_ws/install/rrt_package/lib'
[2.594s] Level 1:colcon.colcon_core.environment:checking '/home/shibin/ros2_ws/install/rrt_package/bin'
[2.594s] Level 1:colcon.colcon_core.environment:checking '/home/shibin/ros2_ws/install/rrt_package/lib/pkgconfig/rrt_package.pc'
[2.594s] Level 1:colcon.colcon_core.environment:checking '/home/shibin/ros2_ws/install/rrt_package/lib/python3.10/site-packages'
[2.594s] Level 1:colcon.colcon_core.shell:create_environment_hook('rrt_package', 'pythonpath')
[2.595s] INFO:colcon.colcon_core.shell:Creating environment hook '/home/shibin/ros2_ws/install/rrt_package/share/rrt_package/hook/pythonpath.ps1'
[2.596s] INFO:colcon.colcon_core.shell:Creating environment descriptor '/home/shibin/ros2_ws/install/rrt_package/share/rrt_package/hook/pythonpath.dsv'
[2.599s] INFO:colcon.colcon_core.shell:Creating environment hook '/home/shibin/ros2_ws/install/rrt_package/share/rrt_package/hook/pythonpath.sh'
[2.602s] Level 1:colcon.colcon_core.environment:checking '/home/shibin/ros2_ws/install/rrt_package/bin'
[2.602s] Level 1:colcon.colcon_core.environment:create_environment_scripts_only(rrt_package)
[2.602s] INFO:colcon.colcon_core.shell:Creating package script '/home/shibin/ros2_ws/install/rrt_package/share/rrt_package/package.ps1'
[2.604s] INFO:colcon.colcon_core.shell:Creating package descriptor '/home/shibin/ros2_ws/install/rrt_package/share/rrt_package/package.dsv'
[2.606s] INFO:colcon.colcon_core.shell:Creating package script '/home/shibin/ros2_ws/install/rrt_package/share/rrt_package/package.sh'
[2.607s] INFO:colcon.colcon_core.shell:Creating package script '/home/shibin/ros2_ws/install/rrt_package/share/rrt_package/package.bash'
[2.609s] INFO:colcon.colcon_core.shell:Creating package script '/home/shibin/ros2_ws/install/rrt_package/share/rrt_package/package.zsh'
[2.610s] Level 1:colcon.colcon_core.environment:create_file_with_runtime_dependencies(/home/shibin/ros2_ws/install/rrt_package/share/colcon-core/packages/rrt_package)
[2.681s] DEBUG:colcon.colcon_core.event_handler.log_command:Invoked command in '/home/shibin/ros2_ws/src/rrt_package' returned '0': PYTHONPATH=/home/shibin/ros2_ws/build/rrt_package/prefix_override:/usr/lib/python3/dist-packages/colcon_core/task/python/colcon_distutils_commands:/home/shibin/ros2_ws/install/rrt_package/lib/python3.10/site-packages:${PYTHONPATH} /usr/bin/python3 -W ignore:setup.py install is deprecated -W ignore:easy_install command is deprecated setup.py egg_info --egg-base ../../build/rrt_package build --build-base /home/shibin/ros2_ws/build/rrt_package/build install --record /home/shibin/ros2_ws/build/rrt_package/install.log --single-version-externally-managed install_data
[3.037s] Level 1:colcon.colcon_core.environment:create_environment_scripts_only(px4_msgs)
[3.038s] DEBUG:colcon.colcon_core.event_handler.log_command:Invoked command in '/home/shibin/ros2_ws/build/px4_msgs' returned '0': CMAKE_PREFIX_PATH=${CMAKE_PREFIX_PATH}:/home/shibin/ros2_ws/install/rrt_package:/home/shibin/ros2_ws/install/px4_offboard:/opt/ros/humble /usr/bin/cmake --install /home/shibin/ros2_ws/build/px4_msgs
[3.038s] Level 1:colcon.colcon_core.environment:checking '/home/shibin/ros2_ws/install/px4_msgs' for CMake module files
[3.039s] Level 1:colcon.colcon_core.environment:checking '/home/shibin/ros2_ws/install/px4_msgs' for CMake config files
[3.044s] Level 1:colcon.colcon_core.shell:create_environment_hook('px4_msgs', 'cmake_prefix_path')
[3.045s] INFO:colcon.colcon_core.shell:Creating environment hook '/home/shibin/ros2_ws/install/px4_msgs/share/px4_msgs/hook/cmake_prefix_path.ps1'
[3.045s] INFO:colcon.colcon_core.shell:Creating environment descriptor '/home/shibin/ros2_ws/install/px4_msgs/share/px4_msgs/hook/cmake_prefix_path.dsv'
[3.046s] INFO:colcon.colcon_core.shell:Creating environment hook '/home/shibin/ros2_ws/install/px4_msgs/share/px4_msgs/hook/cmake_prefix_path.sh'
[3.046s] Level 1:colcon.colcon_core.environment:checking '/home/shibin/ros2_ws/install/px4_msgs/lib'
[3.046s] Level 1:colcon.colcon_core.shell:create_environment_hook('px4_msgs', 'ld_library_path_lib')
[3.047s] INFO:colcon.colcon_core.shell:Creating environment hook '/home/shibin/ros2_ws/install/px4_msgs/share/px4_msgs/hook/ld_library_path_lib.ps1'
[3.047s] INFO:colcon.colcon_core.shell:Creating environment descriptor '/home/shibin/ros2_ws/install/px4_msgs/share/px4_msgs/hook/ld_library_path_lib.dsv'
[3.047s] INFO:colcon.colcon_core.shell:Creating environment hook '/home/shibin/ros2_ws/install/px4_msgs/share/px4_msgs/hook/ld_library_path_lib.sh'
[3.048s] Level 1:colcon.colcon_core.environment:checking '/home/shibin/ros2_ws/install/px4_msgs/bin'
[3.048s] Level 1:colcon.colcon_core.environment:checking '/home/shibin/ros2_ws/install/px4_msgs/lib/pkgconfig/px4_msgs.pc'
[3.048s] Level 1:colcon.colcon_core.environment:checking '/home/shibin/ros2_ws/install/px4_msgs/lib/python3.10/site-packages'
[3.048s] Level 1:colcon.colcon_core.environment:checking '/home/shibin/ros2_ws/install/px4_msgs/bin'
[3.049s] INFO:colcon.colcon_core.shell:Creating package script '/home/shibin/ros2_ws/install/px4_msgs/share/px4_msgs/package.ps1'
[3.049s] INFO:colcon.colcon_core.shell:Creating package descriptor '/home/shibin/ros2_ws/install/px4_msgs/share/px4_msgs/package.dsv'
[3.049s] INFO:colcon.colcon_core.shell:Creating package script '/home/shibin/ros2_ws/install/px4_msgs/share/px4_msgs/package.sh'
[3.050s] INFO:colcon.colcon_core.shell:Creating package script '/home/shibin/ros2_ws/install/px4_msgs/share/px4_msgs/package.bash'
[3.050s] INFO:colcon.colcon_core.shell:Creating package script '/home/shibin/ros2_ws/install/px4_msgs/share/px4_msgs/package.zsh'
[3.051s] Level 1:colcon.colcon_core.environment:create_file_with_runtime_dependencies(/home/shibin/ros2_ws/install/px4_msgs/share/colcon-core/packages/px4_msgs)
[3.051s] Level 1:colcon.colcon_core.environment:create_environment_scripts_only(px4_msgs)
[3.051s] Level 1:colcon.colcon_core.environment:checking '/home/shibin/ros2_ws/install/px4_msgs' for CMake module files
[3.052s] Level 1:colcon.colcon_core.environment:checking '/home/shibin/ros2_ws/install/px4_msgs' for CMake config files
[3.056s] Level 1:colcon.colcon_core.shell:create_environment_hook('px4_msgs', 'cmake_prefix_path')
[3.057s] INFO:colcon.colcon_core.shell:Creating environment hook '/home/shibin/ros2_ws/install/px4_msgs/share/px4_msgs/hook/cmake_prefix_path.ps1'
[3.057s] INFO:colcon.colcon_core.shell:Creating environment descriptor '/home/shibin/ros2_ws/install/px4_msgs/share/px4_msgs/hook/cmake_prefix_path.dsv'
[3.057s] INFO:colcon.colcon_core.shell:Creating environment hook '/home/shibin/ros2_ws/install/px4_msgs/share/px4_msgs/hook/cmake_prefix_path.sh'
[3.058s] Level 1:colcon.colcon_core.environment:checking '/home/shibin/ros2_ws/install/px4_msgs/lib'
[3.058s] Level 1:colcon.colcon_core.shell:create_environment_hook('px4_msgs', 'ld_library_path_lib')
[3.058s] INFO:colcon.colcon_core.shell:Creating environment hook '/home/shibin/ros2_ws/install/px4_msgs/share/px4_msgs/hook/ld_library_path_lib.ps1'
[3.059s] INFO:colcon.colcon_core.shell:Creating environment descriptor '/home/shibin/ros2_ws/install/px4_msgs/share/px4_msgs/hook/ld_library_path_lib.dsv'
[3.059s] INFO:colcon.colcon_core.shell:Creating environment hook '/home/shibin/ros2_ws/install/px4_msgs/share/px4_msgs/hook/ld_library_path_lib.sh'
[3.059s] Level 1:colcon.colcon_core.environment:checking '/home/shibin/ros2_ws/install/px4_msgs/bin'
[3.060s] Level 1:colcon.colcon_core.environment:checking '/home/shibin/ros2_ws/install/px4_msgs/lib/pkgconfig/px4_msgs.pc'
[3.060s] Level 1:colcon.colcon_core.environment:checking '/home/shibin/ros2_ws/install/px4_msgs/lib/python3.10/site-packages'
[3.060s] Level 1:colcon.colcon_core.environment:checking '/home/shibin/ros2_ws/install/px4_msgs/bin'
[3.060s] INFO:colcon.colcon_core.shell:Creating package script '/home/shibin/ros2_ws/install/px4_msgs/share/px4_msgs/package.ps1'
[3.061s] INFO:colcon.colcon_core.shell:Creating package descriptor '/home/shibin/ros2_ws/install/px4_msgs/share/px4_msgs/package.dsv'
[3.061s] INFO:colcon.colcon_core.shell:Creating package script '/home/shibin/ros2_ws/install/px4_msgs/share/px4_msgs/package.sh'
[3.062s] INFO:colcon.colcon_core.shell:Creating package script '/home/shibin/ros2_ws/install/px4_msgs/share/px4_msgs/package.bash'
[3.062s] INFO:colcon.colcon_core.shell:Creating package script '/home/shibin/ros2_ws/install/px4_msgs/share/px4_msgs/package.zsh'
[3.063s] Level 1:colcon.colcon_core.environment:create_file_with_runtime_dependencies(/home/shibin/ros2_ws/install/px4_msgs/share/colcon-core/packages/px4_msgs)
[3.063s] INFO:colcon.colcon_ros.task.ament_python.build:Building ROS package in '/home/shibin/ros2_ws/src/px4-offboard' with build type 'ament_python'
[3.063s] Level 1:colcon.colcon_core.shell:create_environment_hook('px4_offboard', 'ament_prefix_path')
[3.063s] INFO:colcon.colcon_core.shell:Creating environment hook '/home/shibin/ros2_ws/install/px4_offboard/share/px4_offboard/hook/ament_prefix_path.ps1'
[3.064s] INFO:colcon.colcon_core.shell:Creating environment descriptor '/home/shibin/ros2_ws/install/px4_offboard/share/px4_offboard/hook/ament_prefix_path.dsv'
[3.065s] INFO:colcon.colcon_core.shell:Creating environment hook '/home/shibin/ros2_ws/install/px4_offboard/share/px4_offboard/hook/ament_prefix_path.sh'
[3.066s] INFO:colcon.colcon_core.shell:Skip shell extension 'powershell' for command environment: Not usable outside of PowerShell
[3.066s] DEBUG:colcon.colcon_core.shell:Skip shell extension 'dsv' for command environment
[3.069s] INFO:colcon.colcon_ros.task.ament_cmake.build:Building ROS package in '/home/shibin/ros2_ws/src/px4_ros_com' with build type 'ament_cmake'
[3.069s] INFO:colcon.colcon_cmake.task.cmake.build:Building CMake package in '/home/shibin/ros2_ws/src/px4_ros_com'
[3.070s] INFO:colcon.colcon_core.shell:Skip shell extension 'powershell' for command environment: Not usable outside of PowerShell
[3.070s] DEBUG:colcon.colcon_core.shell:Skip shell extension 'dsv' for command environment
[3.079s] INFO:colcon.colcon_ros.task.ament_cmake.build:Building ROS package in '/home/shibin/ros2_ws/src/translation_node' with build type 'ament_cmake'
[3.079s] INFO:colcon.colcon_cmake.task.cmake.build:Building CMake package in '/home/shibin/ros2_ws/src/translation_node'
[3.080s] INFO:colcon.colcon_core.shell:Skip shell extension 'powershell' for command environment: Not usable outside of PowerShell
[3.080s] DEBUG:colcon.colcon_core.shell:Skip shell extension 'dsv' for command environment
[3.378s] INFO:colcon.colcon_core.task.python.build:Building Python package in '/home/shibin/ros2_ws/src/px4-offboard'
[3.379s] INFO:colcon.colcon_core.shell:Skip shell extension 'powershell' for command environment: Not usable outside of PowerShell
[3.379s] DEBUG:colcon.colcon_core.shell:Skip shell extension 'dsv' for command environment
[3.395s] DEBUG:colcon.colcon_core.event_handler.log_command:Invoking command in '/home/shibin/ros2_ws/build/px4_ros_com': CMAKE_PREFIX_PATH=/home/shibin/ros2_ws/install/px4_msgs:/home/shibin/ros2_ws/install/px4_ros_com:/home/shibin/ros2_ws/install/rrt_package:/home/shibin/ros2_ws/install/px4_offboard:/opt/ros/humble LD_LIBRARY_PATH=/home/shibin/ros2_ws/install/px4_msgs/lib:/home/shibin/ros2_ws/install/px4_ros_com/lib:/opt/ros/humble/opt/rviz_ogre_vendor/lib:/opt/ros/humble/lib/x86_64-linux-gnu:/opt/ros/humble/lib /usr/bin/cmake --build /home/shibin/ros2_ws/build/px4_ros_com -- -j8 -l8
[3.402s] DEBUG:colcon.colcon_core.event_handler.log_command:Invoking command in '/home/shibin/ros2_ws/build/translation_node': AMENT_PREFIX_PATH=/home/shibin/ros2_ws/install/px4_msgs_old:${AMENT_PREFIX_PATH} CMAKE_PREFIX_PATH=/home/shibin/ros2_ws/install/px4_msgs_old:/home/shibin/ros2_ws/install/px4_msgs:/home/shibin/ros2_ws/install/px4_ros_com:/home/shibin/ros2_ws/install/rrt_package:/home/shibin/ros2_ws/install/px4_offboard:/opt/ros/humble LD_LIBRARY_PATH=/home/shibin/ros2_ws/install/px4_msgs/lib:/home/shibin/ros2_ws/install/px4_ros_com/lib:/opt/ros/humble/opt/rviz_ogre_vendor/lib:/opt/ros/humble/lib/x86_64-linux-gnu:/opt/ros/humble/lib /usr/bin/cmake --build /home/shibin/ros2_ws/build/translation_node -- -j8 -l8
[4.083s] DEBUG:colcon.colcon_core.event_handler.log_command:Invoked command in '/home/shibin/ros2_ws/build/px4_ros_com' returned '0': CMAKE_PREFIX_PATH=/home/shibin/ros2_ws/install/px4_msgs:/home/shibin/ros2_ws/install/px4_ros_com:/home/shibin/ros2_ws/install/rrt_package:/home/shibin/ros2_ws/install/px4_offboard:/opt/ros/humble LD_LIBRARY_PATH=/home/shibin/ros2_ws/install/px4_msgs/lib:/home/shibin/ros2_ws/install/px4_ros_com/lib:/opt/ros/humble/opt/rviz_ogre_vendor/lib:/opt/ros/humble/lib/x86_64-linux-gnu:/opt/ros/humble/lib /usr/bin/cmake --build /home/shibin/ros2_ws/build/px4_ros_com -- -j8 -l8
[4.087s] DEBUG:colcon.colcon_core.event_handler.log_command:Invoking command in '/home/shibin/ros2_ws/build/px4_ros_com': CMAKE_PREFIX_PATH=/home/shibin/ros2_ws/install/px4_msgs:/home/shibin/ros2_ws/install/px4_ros_com:/home/shibin/ros2_ws/install/rrt_package:/home/shibin/ros2_ws/install/px4_offboard:/opt/ros/humble LD_LIBRARY_PATH=/home/shibin/ros2_ws/install/px4_msgs/lib:/home/shibin/ros2_ws/install/px4_ros_com/lib:/opt/ros/humble/opt/rviz_ogre_vendor/lib:/opt/ros/humble/lib/x86_64-linux-gnu:/opt/ros/humble/lib /usr/bin/cmake --install /home/shibin/ros2_ws/build/px4_ros_com
[4.162s] Level 1:colcon.colcon_core.environment:create_environment_scripts_only(px4_ros_com)
[4.163s] Level 1:colcon.colcon_core.environment:checking '/home/shibin/ros2_ws/install/px4_ros_com' for CMake module files
[4.163s] DEBUG:colcon.colcon_core.event_handler.log_command:Invoked command in '/home/shibin/ros2_ws/build/px4_ros_com' returned '0': CMAKE_PREFIX_PATH=/home/shibin/ros2_ws/install/px4_msgs:/home/shibin/ros2_ws/install/px4_ros_com:/home/shibin/ros2_ws/install/rrt_package:/home/shibin/ros2_ws/install/px4_offboard:/opt/ros/humble LD_LIBRARY_PATH=/home/shibin/ros2_ws/install/px4_msgs/lib:/home/shibin/ros2_ws/install/px4_ros_com/lib:/opt/ros/humble/opt/rviz_ogre_vendor/lib:/opt/ros/humble/lib/x86_64-linux-gnu:/opt/ros/humble/lib /usr/bin/cmake --install /home/shibin/ros2_ws/build/px4_ros_com
[4.164s] Level 1:colcon.colcon_core.environment:checking '/home/shibin/ros2_ws/install/px4_ros_com' for CMake config files
[4.165s] Level 1:colcon.colcon_core.shell:create_environment_hook('px4_ros_com', 'cmake_prefix_path')
[4.165s] INFO:colcon.colcon_core.shell:Creating environment hook '/home/shibin/ros2_ws/install/px4_ros_com/share/px4_ros_com/hook/cmake_prefix_path.ps1'
[4.166s] INFO:colcon.colcon_core.shell:Creating environment descriptor '/home/shibin/ros2_ws/install/px4_ros_com/share/px4_ros_com/hook/cmake_prefix_path.dsv'
[4.167s] INFO:colcon.colcon_core.shell:Creating environment hook '/home/shibin/ros2_ws/install/px4_ros_com/share/px4_ros_com/hook/cmake_prefix_path.sh'
[4.167s] Level 1:colcon.colcon_core.environment:checking '/home/shibin/ros2_ws/install/px4_ros_com/lib'
[4.167s] Level 1:colcon.colcon_core.shell:create_environment_hook('px4_ros_com', 'ld_library_path_lib')
[4.168s] INFO:colcon.colcon_core.shell:Creating environment hook '/home/shibin/ros2_ws/install/px4_ros_com/share/px4_ros_com/hook/ld_library_path_lib.ps1'
[4.168s] INFO:colcon.colcon_core.shell:Creating environment descriptor '/home/shibin/ros2_ws/install/px4_ros_com/share/px4_ros_com/hook/ld_library_path_lib.dsv'
[4.169s] INFO:colcon.colcon_core.shell:Creating environment hook '/home/shibin/ros2_ws/install/px4_ros_com/share/px4_ros_com/hook/ld_library_path_lib.sh'
[4.169s] Level 1:colcon.colcon_core.environment:checking '/home/shibin/ros2_ws/install/px4_ros_com/bin'
[4.169s] Level 1:colcon.colcon_core.environment:checking '/home/shibin/ros2_ws/install/px4_ros_com/lib/pkgconfig/px4_ros_com.pc'
[4.170s] Level 1:colcon.colcon_core.environment:checking '/home/shibin/ros2_ws/install/px4_ros_com/lib/python3.10/site-packages'
[4.170s] Level 1:colcon.colcon_core.environment:checking '/home/shibin/ros2_ws/install/px4_ros_com/bin'
[4.170s] INFO:colcon.colcon_core.shell:Creating package script '/home/shibin/ros2_ws/install/px4_ros_com/share/px4_ros_com/package.ps1'
[4.171s] INFO:colcon.colcon_core.shell:Creating package descriptor '/home/shibin/ros2_ws/install/px4_ros_com/share/px4_ros_com/package.dsv'
[4.171s] INFO:colcon.colcon_core.shell:Creating package script '/home/shibin/ros2_ws/install/px4_ros_com/share/px4_ros_com/package.sh'
[4.172s] INFO:colcon.colcon_core.shell:Creating package script '/home/shibin/ros2_ws/install/px4_ros_com/share/px4_ros_com/package.bash'
[4.172s] INFO:colcon.colcon_core.shell:Creating package script '/home/shibin/ros2_ws/install/px4_ros_com/share/px4_ros_com/package.zsh'
[4.172s] Level 1:colcon.colcon_core.environment:create_file_with_runtime_dependencies(/home/shibin/ros2_ws/install/px4_ros_com/share/colcon-core/packages/px4_ros_com)
[4.173s] Level 1:colcon.colcon_core.environment:create_environment_scripts_only(px4_ros_com)
[4.173s] Level 1:colcon.colcon_core.environment:checking '/home/shibin/ros2_ws/install/px4_ros_com' for CMake module files
[4.174s] Level 1:colcon.colcon_core.environment:checking '/home/shibin/ros2_ws/install/px4_ros_com' for CMake config files
[4.174s] Level 1:colcon.colcon_core.shell:create_environment_hook('px4_ros_com', 'cmake_prefix_path')
[4.174s] INFO:colcon.colcon_core.shell:Creating environment hook '/home/shibin/ros2_ws/install/px4_ros_com/share/px4_ros_com/hook/cmake_prefix_path.ps1'
[4.175s] INFO:colcon.colcon_core.shell:Creating environment descriptor '/home/shibin/ros2_ws/install/px4_ros_com/share/px4_ros_com/hook/cmake_prefix_path.dsv'
[4.175s] INFO:colcon.colcon_core.shell:Creating environment hook '/home/shibin/ros2_ws/install/px4_ros_com/share/px4_ros_com/hook/cmake_prefix_path.sh'
[4.176s] Level 1:colcon.colcon_core.environment:checking '/home/shibin/ros2_ws/install/px4_ros_com/lib'
[4.176s] Level 1:colcon.colcon_core.shell:create_environment_hook('px4_ros_com', 'ld_library_path_lib')
[4.176s] INFO:colcon.colcon_core.shell:Creating environment hook '/home/shibin/ros2_ws/install/px4_ros_com/share/px4_ros_com/hook/ld_library_path_lib.ps1'
[4.176s] INFO:colcon.colcon_core.shell:Creating environment descriptor '/home/shibin/ros2_ws/install/px4_ros_com/share/px4_ros_com/hook/ld_library_path_lib.dsv'
[4.177s] INFO:colcon.colcon_core.shell:Creating environment hook '/home/shibin/ros2_ws/install/px4_ros_com/share/px4_ros_com/hook/ld_library_path_lib.sh'
[4.177s] Level 1:colcon.colcon_core.environment:checking '/home/shibin/ros2_ws/install/px4_ros_com/bin'
[4.177s] Level 1:colcon.colcon_core.environment:checking '/home/shibin/ros2_ws/install/px4_ros_com/lib/pkgconfig/px4_ros_com.pc'
[4.178s] Level 1:colcon.colcon_core.environment:checking '/home/shibin/ros2_ws/install/px4_ros_com/lib/python3.10/site-packages'
[4.178s] Level 1:colcon.colcon_core.environment:checking '/home/shibin/ros2_ws/install/px4_ros_com/bin'
[4.178s] INFO:colcon.colcon_core.shell:Creating package script '/home/shibin/ros2_ws/install/px4_ros_com/share/px4_ros_com/package.ps1'
[4.179s] INFO:colcon.colcon_core.shell:Creating package descriptor '/home/shibin/ros2_ws/install/px4_ros_com/share/px4_ros_com/package.dsv'
[4.180s] INFO:colcon.colcon_core.shell:Creating package script '/home/shibin/ros2_ws/install/px4_ros_com/share/px4_ros_com/package.sh'
[4.180s] INFO:colcon.colcon_core.shell:Creating package script '/home/shibin/ros2_ws/install/px4_ros_com/share/px4_ros_com/package.bash'
[4.180s] INFO:colcon.colcon_core.shell:Creating package script '/home/shibin/ros2_ws/install/px4_ros_com/share/px4_ros_com/package.zsh'
[4.181s] Level 1:colcon.colcon_core.environment:create_file_with_runtime_dependencies(/home/shibin/ros2_ws/install/px4_ros_com/share/colcon-core/packages/px4_ros_com)
[4.182s] DEBUG:colcon.colcon_core.event_handler.log_command:Invoked command in '/home/shibin/ros2_ws/build/translation_node' returned '0': AMENT_PREFIX_PATH=/home/shibin/ros2_ws/install/px4_msgs_old:${AMENT_PREFIX_PATH} CMAKE_PREFIX_PATH=/home/shibin/ros2_ws/install/px4_msgs_old:/home/shibin/ros2_ws/install/px4_msgs:/home/shibin/ros2_ws/install/px4_ros_com:/home/shibin/ros2_ws/install/rrt_package:/home/shibin/ros2_ws/install/px4_offboard:/opt/ros/humble LD_LIBRARY_PATH=/home/shibin/ros2_ws/install/px4_msgs/lib:/home/shibin/ros2_ws/install/px4_ros_com/lib:/opt/ros/humble/opt/rviz_ogre_vendor/lib:/opt/ros/humble/lib/x86_64-linux-gnu:/opt/ros/humble/lib /usr/bin/cmake --build /home/shibin/ros2_ws/build/translation_node -- -j8 -l8
[4.185s] DEBUG:colcon.colcon_core.event_handler.log_command:Invoking command in '/home/shibin/ros2_ws/build/translation_node': AMENT_PREFIX_PATH=/home/shibin/ros2_ws/install/px4_msgs_old:${AMENT_PREFIX_PATH} CMAKE_PREFIX_PATH=/home/shibin/ros2_ws/install/px4_msgs_old:/home/shibin/ros2_ws/install/px4_msgs:/home/shibin/ros2_ws/install/px4_ros_com:/home/shibin/ros2_ws/install/rrt_package:/home/shibin/ros2_ws/install/px4_offboard:/opt/ros/humble LD_LIBRARY_PATH=/home/shibin/ros2_ws/install/px4_msgs/lib:/home/shibin/ros2_ws/install/px4_ros_com/lib:/opt/ros/humble/opt/rviz_ogre_vendor/lib:/opt/ros/humble/lib/x86_64-linux-gnu:/opt/ros/humble/lib /usr/bin/cmake --install /home/shibin/ros2_ws/build/translation_node
[4.275s] Level 1:colcon.colcon_core.environment:create_environment_scripts_only(translation_node)
[4.275s] Level 1:colcon.colcon_core.environment:checking '/home/shibin/ros2_ws/install/translation_node' for CMake module files
[4.276s] DEBUG:colcon.colcon_core.event_handler.log_command:Invoked command in '/home/shibin/ros2_ws/build/translation_node' returned '0': AMENT_PREFIX_PATH=/home/shibin/ros2_ws/install/px4_msgs_old:${AMENT_PREFIX_PATH} CMAKE_PREFIX_PATH=/home/shibin/ros2_ws/install/px4_msgs_old:/home/shibin/ros2_ws/install/px4_msgs:/home/shibin/ros2_ws/install/px4_ros_com:/home/shibin/ros2_ws/install/rrt_package:/home/shibin/ros2_ws/install/px4_offboard:/opt/ros/humble LD_LIBRARY_PATH=/home/shibin/ros2_ws/install/px4_msgs/lib:/home/shibin/ros2_ws/install/px4_ros_com/lib:/opt/ros/humble/opt/rviz_ogre_vendor/lib:/opt/ros/humble/lib/x86_64-linux-gnu:/opt/ros/humble/lib /usr/bin/cmake --install /home/shibin/ros2_ws/build/translation_node
[4.278s] Level 1:colcon.colcon_core.environment:checking '/home/shibin/ros2_ws/install/translation_node' for CMake config files
[4.280s] Level 1:colcon.colcon_core.shell:create_environment_hook('translation_node', 'cmake_prefix_path')
[4.281s] INFO:colcon.colcon_core.shell:Creating environment hook '/home/shibin/ros2_ws/install/translation_node/share/translation_node/hook/cmake_prefix_path.ps1'
[4.282s] INFO:colcon.colcon_core.shell:Creating environment descriptor '/home/shibin/ros2_ws/install/translation_node/share/translation_node/hook/cmake_prefix_path.dsv'
[4.283s] INFO:colcon.colcon_core.shell:Creating environment hook '/home/shibin/ros2_ws/install/translation_node/share/translation_node/hook/cmake_prefix_path.sh'
[4.285s] Level 1:colcon.colcon_core.environment:checking '/home/shibin/ros2_ws/install/translation_node/lib'
[4.285s] Level 1:colcon.colcon_core.shell:create_environment_hook('translation_node', 'ld_library_path_lib')
[4.286s] INFO:colcon.colcon_core.shell:Creating environment hook '/home/shibin/ros2_ws/install/translation_node/share/translation_node/hook/ld_library_path_lib.ps1'
[4.287s] INFO:colcon.colcon_core.shell:Creating environment descriptor '/home/shibin/ros2_ws/install/translation_node/share/translation_node/hook/ld_library_path_lib.dsv'
[4.288s] INFO:colcon.colcon_core.shell:Creating environment hook '/home/shibin/ros2_ws/install/translation_node/share/translation_node/hook/ld_library_path_lib.sh'
[4.289s] Level 1:colcon.colcon_core.environment:checking '/home/shibin/ros2_ws/install/translation_node/bin'
[4.289s] Level 1:colcon.colcon_core.environment:checking '/home/shibin/ros2_ws/install/translation_node/lib/pkgconfig/translation_node.pc'
[4.289s] Level 1:colcon.colcon_core.environment:checking '/home/shibin/ros2_ws/install/translation_node/lib/python3.10/site-packages'
[4.290s] Level 1:colcon.colcon_core.environment:checking '/home/shibin/ros2_ws/install/translation_node/bin'
[4.290s] INFO:colcon.colcon_core.shell:Creating package script '/home/shibin/ros2_ws/install/translation_node/share/translation_node/package.ps1'
[4.291s] INFO:colcon.colcon_core.shell:Creating package descriptor '/home/shibin/ros2_ws/install/translation_node/share/translation_node/package.dsv'
[4.292s] INFO:colcon.colcon_core.shell:Creating package script '/home/shibin/ros2_ws/install/translation_node/share/translation_node/package.sh'
[4.293s] INFO:colcon.colcon_core.shell:Creating package script '/home/shibin/ros2_ws/install/translation_node/share/translation_node/package.bash'
[4.294s] INFO:colcon.colcon_core.shell:Creating package script '/home/shibin/ros2_ws/install/translation_node/share/translation_node/package.zsh'
[4.294s] Level 1:colcon.colcon_core.environment:create_file_with_runtime_dependencies(/home/shibin/ros2_ws/install/translation_node/share/colcon-core/packages/translation_node)
[4.295s] Level 1:colcon.colcon_core.environment:create_environment_scripts_only(translation_node)
[4.296s] Level 1:colcon.colcon_core.environment:checking '/home/shibin/ros2_ws/install/translation_node' for CMake module files
[4.297s] Level 1:colcon.colcon_core.environment:checking '/home/shibin/ros2_ws/install/translation_node' for CMake config files
[4.298s] Level 1:colcon.colcon_core.shell:create_environment_hook('translation_node', 'cmake_prefix_path')
[4.298s] INFO:colcon.colcon_core.shell:Creating environment hook '/home/shibin/ros2_ws/install/translation_node/share/translation_node/hook/cmake_prefix_path.ps1'
[4.299s] INFO:colcon.colcon_core.shell:Creating environment descriptor '/home/shibin/ros2_ws/install/translation_node/share/translation_node/hook/cmake_prefix_path.dsv'
[4.300s] INFO:colcon.colcon_core.shell:Creating environment hook '/home/shibin/ros2_ws/install/translation_node/share/translation_node/hook/cmake_prefix_path.sh'
[4.301s] Level 1:colcon.colcon_core.environment:checking '/home/shibin/ros2_ws/install/translation_node/lib'
[4.301s] Level 1:colcon.colcon_core.shell:create_environment_hook('translation_node', 'ld_library_path_lib')
[4.302s] INFO:colcon.colcon_core.shell:Creating environment hook '/home/shibin/ros2_ws/install/translation_node/share/translation_node/hook/ld_library_path_lib.ps1'
[4.303s] INFO:colcon.colcon_core.shell:Creating environment descriptor '/home/shibin/ros2_ws/install/translation_node/share/translation_node/hook/ld_library_path_lib.dsv'
[4.303s] INFO:colcon.colcon_core.shell:Creating environment hook '/home/shibin/ros2_ws/install/translation_node/share/translation_node/hook/ld_library_path_lib.sh'
[4.304s] Level 1:colcon.colcon_core.environment:checking '/home/shibin/ros2_ws/install/translation_node/bin'
[4.304s] Level 1:colcon.colcon_core.environment:checking '/home/shibin/ros2_ws/install/translation_node/lib/pkgconfig/translation_node.pc'
[4.305s] Level 1:colcon.colcon_core.environment:checking '/home/shibin/ros2_ws/install/translation_node/lib/python3.10/site-packages'
[4.305s] Level 1:colcon.colcon_core.environment:checking '/home/shibin/ros2_ws/install/translation_node/bin'
[4.306s] INFO:colcon.colcon_core.shell:Creating package script '/home/shibin/ros2_ws/install/translation_node/share/translation_node/package.ps1'
[4.307s] INFO:colcon.colcon_core.shell:Creating package descriptor '/home/shibin/ros2_ws/install/translation_node/share/translation_node/package.dsv'
[4.308s] INFO:colcon.colcon_core.shell:Creating package script '/home/shibin/ros2_ws/install/translation_node/share/translation_node/package.sh'
[4.309s] INFO:colcon.colcon_core.shell:Creating package script '/home/shibin/ros2_ws/install/translation_node/share/translation_node/package.bash'
[4.309s] INFO:colcon.colcon_core.shell:Creating package script '/home/shibin/ros2_ws/install/translation_node/share/translation_node/package.zsh'
[4.310s] Level 1:colcon.colcon_core.environment:create_file_with_runtime_dependencies(/home/shibin/ros2_ws/install/translation_node/share/colcon-core/packages/translation_node)
[4.331s] DEBUG:colcon.colcon_core.event_handler.log_command:Invoking command in '/home/shibin/ros2_ws/src/px4-offboard': CMAKE_PREFIX_PATH=/home/shibin/ros2_ws/install/px4_msgs:/home/shibin/ros2_ws/install/px4_ros_com LD_LIBRARY_PATH=/home/shibin/ros2_ws/install/px4_msgs/lib:/home/shibin/ros2_ws/install/px4_ros_com/lib:/opt/ros/humble/opt/rviz_ogre_vendor/lib:/opt/ros/humble/lib/x86_64-linux-gnu:/opt/ros/humble/lib PYTHONPATH=/home/shibin/ros2_ws/build/px4_offboard/prefix_override:/usr/lib/python3/dist-packages/colcon_core/task/python/colcon_distutils_commands:/home/shibin/ros2_ws/install/px4_offboard/lib/python3.10/site-packages:${PYTHONPATH} /usr/bin/python3 -W ignore:setup.py install is deprecated -W ignore:easy_install command is deprecated setup.py egg_info --egg-base ../../build/px4_offboard build --build-base /home/shibin/ros2_ws/build/px4_offboard/build install --record /home/shibin/ros2_ws/build/px4_offboard/install.log --single-version-externally-managed install_data
[4.966s] Level 1:colcon.colcon_core.environment:checking '/home/shibin/ros2_ws/install/px4_offboard' for CMake module files
[4.966s] DEBUG:colcon.colcon_core.event_handler.log_command:Invoked command in '/home/shibin/ros2_ws/src/px4-offboard' returned '0': CMAKE_PREFIX_PATH=/home/shibin/ros2_ws/install/px4_msgs:/home/shibin/ros2_ws/install/px4_ros_com LD_LIBRARY_PATH=/home/shibin/ros2_ws/install/px4_msgs/lib:/home/shibin/ros2_ws/install/px4_ros_com/lib:/opt/ros/humble/opt/rviz_ogre_vendor/lib:/opt/ros/humble/lib/x86_64-linux-gnu:/opt/ros/humble/lib PYTHONPATH=/home/shibin/ros2_ws/build/px4_offboard/prefix_override:/usr/lib/python3/dist-packages/colcon_core/task/python/colcon_distutils_commands:/home/shibin/ros2_ws/install/px4_offboard/lib/python3.10/site-packages:${PYTHONPATH} /usr/bin/python3 -W ignore:setup.py install is deprecated -W ignore:easy_install command is deprecated setup.py egg_info --egg-base ../../build/px4_offboard build --build-base /home/shibin/ros2_ws/build/px4_offboard/build install --record /home/shibin/ros2_ws/build/px4_offboard/install.log --single-version-externally-managed install_data
[4.967s] Level 1:colcon.colcon_core.environment:checking '/home/shibin/ros2_ws/install/px4_offboard' for CMake config files
[4.968s] Level 1:colcon.colcon_core.environment:checking '/home/shibin/ros2_ws/install/px4_offboard/lib'
[4.968s] Level 1:colcon.colcon_core.environment:checking '/home/shibin/ros2_ws/install/px4_offboard/bin'
[4.969s] Level 1:colcon.colcon_core.environment:checking '/home/shibin/ros2_ws/install/px4_offboard/lib/pkgconfig/px4_offboard.pc'
[4.969s] Level 1:colcon.colcon_core.environment:checking '/home/shibin/ros2_ws/install/px4_offboard/lib/python3.10/site-packages'
[4.969s] Level 1:colcon.colcon_core.shell:create_environment_hook('px4_offboard', 'pythonpath')
[4.969s] INFO:colcon.colcon_core.shell:Creating environment hook '/home/shibin/ros2_ws/install/px4_offboard/share/px4_offboard/hook/pythonpath.ps1'
[4.970s] INFO:colcon.colcon_core.shell:Creating environment descriptor '/home/shibin/ros2_ws/install/px4_offboard/share/px4_offboard/hook/pythonpath.dsv'
[4.970s] INFO:colcon.colcon_core.shell:Creating environment hook '/home/shibin/ros2_ws/install/px4_offboard/share/px4_offboard/hook/pythonpath.sh'
[4.971s] Level 1:colcon.colcon_core.environment:checking '/home/shibin/ros2_ws/install/px4_offboard/bin'
[4.971s] Level 1:colcon.colcon_core.environment:create_environment_scripts_only(px4_offboard)
[4.971s] INFO:colcon.colcon_core.shell:Creating package script '/home/shibin/ros2_ws/install/px4_offboard/share/px4_offboard/package.ps1'
[4.972s] INFO:colcon.colcon_core.shell:Creating package descriptor '/home/shibin/ros2_ws/install/px4_offboard/share/px4_offboard/package.dsv'
[4.972s] INFO:colcon.colcon_core.shell:Creating package script '/home/shibin/ros2_ws/install/px4_offboard/share/px4_offboard/package.sh'
[4.973s] INFO:colcon.colcon_core.shell:Creating package script '/home/shibin/ros2_ws/install/px4_offboard/share/px4_offboard/package.bash'
[4.973s] INFO:colcon.colcon_core.shell:Creating package script '/home/shibin/ros2_ws/install/px4_offboard/share/px4_offboard/package.zsh'
[4.973s] Level 1:colcon.colcon_core.environment:create_file_with_runtime_dependencies(/home/shibin/ros2_ws/install/px4_offboard/share/colcon-core/packages/px4_offboard)
[4.974s] DEBUG:colcon.colcon_parallel_executor.executor.parallel:closing loop
[4.974s] DEBUG:colcon.colcon_parallel_executor.executor.parallel:loop closed
[4.974s] DEBUG:colcon.colcon_parallel_executor.executor.parallel:run_until_complete finished with '0'
[4.974s] DEBUG:colcon.colcon_core.event_reactor:joining thread
[4.983s] INFO:colcon.colcon_core.plugin_system:Skipping extension 'colcon_notification.desktop_notification.terminal_notifier': Not used on non-Darwin systems
[4.983s] INFO:colcon.colcon_core.plugin_system:Skipping extension 'colcon_notification.desktop_notification.win32': Not used on non-Windows systems
[4.984s] INFO:colcon.colcon_notification.desktop_notification:Sending desktop notification using 'notify2'
[5.002s] DEBUG:colcon.colcon_core.event_reactor:joined thread
[5.003s] INFO:colcon.colcon_core.shell:Creating prefix script '/home/shibin/ros2_ws/install/local_setup.ps1'
[5.006s] INFO:colcon.colcon_core.shell:Creating prefix util module '/home/shibin/ros2_ws/install/_local_setup_util_ps1.py'
[5.008s] INFO:colcon.colcon_core.shell:Creating prefix chain script '/home/shibin/ros2_ws/install/setup.ps1'
[5.010s] INFO:colcon.colcon_core.shell:Creating prefix script '/home/shibin/ros2_ws/install/local_setup.sh'
[5.011s] INFO:colcon.colcon_core.shell:Creating prefix util module '/home/shibin/ros2_ws/install/_local_setup_util_sh.py'
[5.012s] INFO:colcon.colcon_core.shell:Creating prefix chain script '/home/shibin/ros2_ws/install/setup.sh'
[5.013s] INFO:colcon.colcon_core.shell:Creating prefix script '/home/shibin/ros2_ws/install/local_setup.bash'
[5.014s] INFO:colcon.colcon_core.shell:Creating prefix chain script '/home/shibin/ros2_ws/install/setup.bash'
[5.016s] INFO:colcon.colcon_core.shell:Creating prefix script '/home/shibin/ros2_ws/install/local_setup.zsh'
[5.018s] INFO:colcon.colcon_core.shell:Creating prefix chain script '/home/shibin/ros2_ws/install/setup.zsh'
