[0.010s] Invoking command in '/home/shibin/ros2_ws/build/px4_ros_com': CMAKE_PREFIX_PATH=/home/shibin/ros2_ws/install/px4_msgs:/home/shibin/ros2_ws/install/example_mode_with_executor_cpp:/home/shibin/ros2_ws/install/example_mode_rtl_replacement_cpp:/home/shibin/ros2_ws/install/example_mode_manual_cpp:/home/shibin/ros2_ws/install/example_mode_goto_global_cpp:/home/shibin/ros2_ws/install/example_mode_goto_cpp:/home/shibin/ros2_ws/install/example_mode_fw_attitude_cpp:/home/shibin/ros2_ws/install/example_local_navigation_cpp:/home/shibin/ros2_ws/install/example_global_navigation_cpp:/home/shibin/ros2_ws/install/px4_ros2_cpp:/home/shibin/ros2_ws/install/rrt_package:/opt/ros/humble LD_LIBRARY_PATH=/home/shibin/ros2_ws/install/px4_msgs/lib:/home/shibin/ros2_ws/install/px4_ros2_cpp/lib:/opt/ros/humble/opt/rviz_ogre_vendor/lib:/opt/ros/humble/lib/x86_64-linux-gnu:/opt/ros/humble/lib /usr/bin/cmake /home/shibin/ros2_ws/src/px4_ros_com -DCMAKE_INSTALL_PREFIX=/home/shibin/ros2_ws/install/px4_ros_com
[0.072s] -- The C compiler identification is GNU 11.4.0
[0.138s] -- The CXX compiler identification is GNU 11.4.0
[0.146s] -- Detecting C compiler ABI info
[0.221s] -- Detecting C compiler ABI info - done
[0.231s] -- Check for working C compiler: /usr/bin/cc - skipped
[0.232s] -- Detecting C compile features
[0.232s] -- Detecting C compile features - done
[0.236s] -- Detecting CXX compiler ABI info
[0.323s] -- Detecting CXX compiler ABI info - done
[0.334s] -- Check for working CXX compiler: /usr/bin/c++ - skipped
[0.334s] -- Detecting CXX compile features
[0.335s] -- Detecting CXX compile features - done
[0.337s] -- Found ament_cmake: 1.3.11 (/opt/ros/humble/share/ament_cmake/cmake)
[0.802s] -- Found Python3: /usr/bin/python3 (found version "3.10.12") found components: Interpreter 
[0.916s] -- Found builtin_interfaces: 1.2.1 (/opt/ros/humble/share/builtin_interfaces/cmake)
[0.955s] -- Found rosidl_generator_c: 3.1.6 (/opt/ros/humble/share/rosidl_generator_c/cmake)
[0.961s] -- Found rosidl_adapter: 3.1.6 (/opt/ros/humble/share/rosidl_adapter/cmake)
[0.971s] -- Found rosidl_generator_cpp: 3.1.6 (/opt/ros/humble/share/rosidl_generator_cpp/cmake)
[0.988s] -- Using all available rosidl_typesupport_c: rosidl_typesupport_fastrtps_c;rosidl_typesupport_introspection_c
[1.009s] -- Using all available rosidl_typesupport_cpp: rosidl_typesupport_fastrtps_cpp;rosidl_typesupport_introspection_cpp
[1.029s] -- Found eigen3_cmake_module: 0.1.1 (/opt/ros/humble/share/eigen3_cmake_module/cmake)
[1.040s] -- Found Eigen3: TRUE (found version "3.4.0") 
[1.043s] -- Found geometry_msgs: 4.2.4 (/opt/ros/humble/share/geometry_msgs/cmake)
[1.090s] -- Found px4_msgs: 2.0.1 (/home/shibin/ros2_ws/install/px4_msgs/share/px4_msgs/cmake)
[1.108s] -- Found rclcpp: 16.0.11 (/opt/ros/humble/share/rclcpp/cmake)
[1.172s] -- Found rmw_implementation_cmake: 6.1.2 (/opt/ros/humble/share/rmw_implementation_cmake/cmake)
[1.177s] -- Found rmw_fastrtps_cpp: 6.2.7 (/opt/ros/humble/share/rmw_fastrtps_cpp/cmake)
[1.292s] -- Found OpenSSL: /usr/lib/x86_64-linux-gnu/libcrypto.so (found version "3.0.2")  
[1.326s] -- Found FastRTPS: /opt/ros/humble/include  
[1.376s] -- Using RMW implementation 'rmw_fastrtps_cpp' as default
[1.391s] -- Looking for pthread.h
[1.468s] -- Looking for pthread.h - found
[1.468s] -- Performing Test CMAKE_HAVE_LIBC_PTHREAD
[1.546s] -- Performing Test CMAKE_HAVE_LIBC_PTHREAD - Success
[1.547s] -- Found Threads: TRUE  
[1.613s] -- Found sensor_msgs: 4.2.4 (/opt/ros/humble/share/sensor_msgs/cmake)
[1.643s] -- Found rclpy: 3.3.15 (/opt/ros/humble/share/rclpy/cmake)
[1.656s] -- Found ament_lint_auto: 0.12.11 (/opt/ros/humble/share/ament_lint_auto/cmake)
[1.786s] -- Added test 'copyright' to check source files copyright and LICENSE
[1.791s] -- Added test 'cppcheck' to perform static code analysis on C / C++ code
[1.792s] -- Configured cppcheck include dirs: /home/shibin/ros2_ws/src/px4_ros_com/include;$<BUILD_INTERFACE:/home/shibin/ros2_ws/src/px4_ros_com/include/px4_ros_com>
[1.792s] -- Configured cppcheck exclude dirs and/or files: 
[1.796s] -- Added test 'cpplint' to check C / C++ code against the Google style
[1.796s] -- Configured cpplint exclude dirs and/or files: 
[1.798s] -- Added test 'flake8' to check Python code syntax and style conventions
[1.800s] -- Added test 'lint_cmake' to check CMake code style
[1.801s] -- Added test 'pep257' to check Python code against some of the docstring style conventions in PEP 257
[1.807s] -- Added test 'uncrustify' to check C / C++ code style
[1.807s] -- Configured uncrustify additional arguments: 
[1.809s] -- Added test 'xmllint' to check XML markup files
[1.813s] -- Configuring done
[1.846s] -- Generating done
[1.857s] -- Build files have been written to: /home/shibin/ros2_ws/build/px4_ros_com
[1.870s] Invoked command in '/home/shibin/ros2_ws/build/px4_ros_com' returned '0': CMAKE_PREFIX_PATH=/home/shibin/ros2_ws/install/px4_msgs:/home/shibin/ros2_ws/install/example_mode_with_executor_cpp:/home/shibin/ros2_ws/install/example_mode_rtl_replacement_cpp:/home/shibin/ros2_ws/install/example_mode_manual_cpp:/home/shibin/ros2_ws/install/example_mode_goto_global_cpp:/home/shibin/ros2_ws/install/example_mode_goto_cpp:/home/shibin/ros2_ws/install/example_mode_fw_attitude_cpp:/home/shibin/ros2_ws/install/example_local_navigation_cpp:/home/shibin/ros2_ws/install/example_global_navigation_cpp:/home/shibin/ros2_ws/install/px4_ros2_cpp:/home/shibin/ros2_ws/install/rrt_package:/opt/ros/humble LD_LIBRARY_PATH=/home/shibin/ros2_ws/install/px4_msgs/lib:/home/shibin/ros2_ws/install/px4_ros2_cpp/lib:/opt/ros/humble/opt/rviz_ogre_vendor/lib:/opt/ros/humble/lib/x86_64-linux-gnu:/opt/ros/humble/lib /usr/bin/cmake /home/shibin/ros2_ws/src/px4_ros_com -DCMAKE_INSTALL_PREFIX=/home/shibin/ros2_ws/install/px4_ros_com
[1.871s] Invoking command in '/home/shibin/ros2_ws/build/px4_ros_com': CMAKE_PREFIX_PATH=/home/shibin/ros2_ws/install/px4_msgs:/home/shibin/ros2_ws/install/example_mode_with_executor_cpp:/home/shibin/ros2_ws/install/example_mode_rtl_replacement_cpp:/home/shibin/ros2_ws/install/example_mode_manual_cpp:/home/shibin/ros2_ws/install/example_mode_goto_global_cpp:/home/shibin/ros2_ws/install/example_mode_goto_cpp:/home/shibin/ros2_ws/install/example_mode_fw_attitude_cpp:/home/shibin/ros2_ws/install/example_local_navigation_cpp:/home/shibin/ros2_ws/install/example_global_navigation_cpp:/home/shibin/ros2_ws/install/px4_ros2_cpp:/home/shibin/ros2_ws/install/rrt_package:/opt/ros/humble LD_LIBRARY_PATH=/home/shibin/ros2_ws/install/px4_msgs/lib:/home/shibin/ros2_ws/install/px4_ros2_cpp/lib:/opt/ros/humble/opt/rviz_ogre_vendor/lib:/opt/ros/humble/lib/x86_64-linux-gnu:/opt/ros/humble/lib /usr/bin/cmake --build /home/shibin/ros2_ws/build/px4_ros_com -- -j8 -l8
[1.928s] [ 16%] [32mBuilding CXX object CMakeFiles/frame_transforms.dir/src/lib/frame_transforms.cpp.o[0m
[1.928s] [ 16%] [32mBuilding CXX object CMakeFiles/offboard_control_srv.dir/src/examples/offboard/offboard_control_srv.cpp.o[0m
[1.930s] [ 41%] [32mBuilding CXX object CMakeFiles/sensor_combined_listener.dir/src/examples/listeners/sensor_combined_listener.cpp.o[0m
[1.930s] [ 41%] [32mBuilding CXX object CMakeFiles/offboard_control.dir/src/examples/offboard/offboard_control.cpp.o[0m
[1.930s] [ 41%] [32mBuilding CXX object CMakeFiles/vehicle_gps_position_listener.dir/src/examples/listeners/vehicle_gps_position_listener.cpp.o[0m
[1.930s] [ 50%] [32mBuilding CXX object CMakeFiles/debug_vect_advertiser.dir/src/examples/advertisers/debug_vect_advertiser.cpp.o[0m
[1.941s] [ 50%] Built target ament_cmake_python_copy_px4_ros_com
[2.555s] running egg_info
[2.626s] creating px4_ros_com.egg-info
[2.626s] writing px4_ros_com.egg-info/PKG-INFO
[2.626s] writing dependency_links to px4_ros_com.egg-info/dependency_links.txt
[2.627s] writing top-level names to px4_ros_com.egg-info/top_level.txt
[2.627s] writing manifest file 'px4_ros_com.egg-info/SOURCES.txt'
[2.866s] reading manifest file 'px4_ros_com.egg-info/SOURCES.txt'
[2.874s] writing manifest file 'px4_ros_com.egg-info/SOURCES.txt'
[2.969s] [ 50%] Built target ament_cmake_python_build_px4_ros_com_egg
[12.563s] [ 58%] [32m[1mLinking CXX executable debug_vect_advertiser[0m
[13.106s] [ 58%] Built target debug_vect_advertiser
[15.220s] [ 66%] [32m[1mLinking CXX executable offboard_control[0m
[15.623s] [ 66%] Built target offboard_control
[17.519s] [ 75%] [32m[1mLinking CXX executable offboard_control_srv[0m
[17.926s] [ 75%] Built target offboard_control_srv
[19.331s] [ 83%] [32m[1mLinking CXX shared library libframe_transforms.so[0m
[19.528s] [ 91%] [32m[1mLinking CXX executable sensor_combined_listener[0m
[19.733s] [ 91%] Built target frame_transforms
[20.058s] [ 91%] Built target sensor_combined_listener
[20.292s] [100%] [32m[1mLinking CXX executable vehicle_gps_position_listener[0m
[20.679s] [100%] Built target vehicle_gps_position_listener
[20.690s] Invoked command in '/home/shibin/ros2_ws/build/px4_ros_com' returned '0': CMAKE_PREFIX_PATH=/home/shibin/ros2_ws/install/px4_msgs:/home/shibin/ros2_ws/install/example_mode_with_executor_cpp:/home/shibin/ros2_ws/install/example_mode_rtl_replacement_cpp:/home/shibin/ros2_ws/install/example_mode_manual_cpp:/home/shibin/ros2_ws/install/example_mode_goto_global_cpp:/home/shibin/ros2_ws/install/example_mode_goto_cpp:/home/shibin/ros2_ws/install/example_mode_fw_attitude_cpp:/home/shibin/ros2_ws/install/example_local_navigation_cpp:/home/shibin/ros2_ws/install/example_global_navigation_cpp:/home/shibin/ros2_ws/install/px4_ros2_cpp:/home/shibin/ros2_ws/install/rrt_package:/opt/ros/humble LD_LIBRARY_PATH=/home/shibin/ros2_ws/install/px4_msgs/lib:/home/shibin/ros2_ws/install/px4_ros2_cpp/lib:/opt/ros/humble/opt/rviz_ogre_vendor/lib:/opt/ros/humble/lib/x86_64-linux-gnu:/opt/ros/humble/lib /usr/bin/cmake --build /home/shibin/ros2_ws/build/px4_ros_com -- -j8 -l8
[20.691s] Invoking command in '/home/shibin/ros2_ws/build/px4_ros_com': CMAKE_PREFIX_PATH=/home/shibin/ros2_ws/install/px4_msgs:/home/shibin/ros2_ws/install/example_mode_with_executor_cpp:/home/shibin/ros2_ws/install/example_mode_rtl_replacement_cpp:/home/shibin/ros2_ws/install/example_mode_manual_cpp:/home/shibin/ros2_ws/install/example_mode_goto_global_cpp:/home/shibin/ros2_ws/install/example_mode_goto_cpp:/home/shibin/ros2_ws/install/example_mode_fw_attitude_cpp:/home/shibin/ros2_ws/install/example_local_navigation_cpp:/home/shibin/ros2_ws/install/example_global_navigation_cpp:/home/shibin/ros2_ws/install/px4_ros2_cpp:/home/shibin/ros2_ws/install/rrt_package:/opt/ros/humble LD_LIBRARY_PATH=/home/shibin/ros2_ws/install/px4_msgs/lib:/home/shibin/ros2_ws/install/px4_ros2_cpp/lib:/opt/ros/humble/opt/rviz_ogre_vendor/lib:/opt/ros/humble/lib/x86_64-linux-gnu:/opt/ros/humble/lib /usr/bin/cmake --install /home/shibin/ros2_ws/build/px4_ros_com
[20.698s] -- Install configuration: ""
[20.698s] -- Installing: /home/shibin/ros2_ws/install/px4_ros_com/lib/px4_ros_com/sensor_combined_listener
[20.700s] -- Set runtime path of "/home/shibin/ros2_ws/install/px4_ros_com/lib/px4_ros_com/sensor_combined_listener" to ""
[20.700s] -- Installing: /home/shibin/ros2_ws/install/px4_ros_com/lib/px4_ros_com/vehicle_gps_position_listener
[20.703s] -- Set runtime path of "/home/shibin/ros2_ws/install/px4_ros_com/lib/px4_ros_com/vehicle_gps_position_listener" to ""
[20.703s] -- Installing: /home/shibin/ros2_ws/install/px4_ros_com/lib/px4_ros_com/debug_vect_advertiser
[20.703s] -- Set runtime path of "/home/shibin/ros2_ws/install/px4_ros_com/lib/px4_ros_com/debug_vect_advertiser" to ""
[20.703s] -- Installing: /home/shibin/ros2_ws/install/px4_ros_com/lib/px4_ros_com/offboard_control
[20.704s] -- Set runtime path of "/home/shibin/ros2_ws/install/px4_ros_com/lib/px4_ros_com/offboard_control" to ""
[20.704s] -- Installing: /home/shibin/ros2_ws/install/px4_ros_com/lib/px4_ros_com/offboard_control_srv
[20.705s] -- Set runtime path of "/home/shibin/ros2_ws/install/px4_ros_com/lib/px4_ros_com/offboard_control_srv" to ""
[20.706s] -- Installing: /home/shibin/ros2_ws/install/px4_ros_com/share/px4_ros_com/environment/library_path.sh
[20.706s] -- Installing: /home/shibin/ros2_ws/install/px4_ros_com/share/px4_ros_com/environment/library_path.dsv
[20.706s] -- Installing: /home/shibin/ros2_ws/install/px4_ros_com/include/px4_ros_com
[20.706s] -- Installing: /home/shibin/ros2_ws/install/px4_ros_com/include/px4_ros_com/frame_transforms.h
[20.706s] -- Installing: /home/shibin/ros2_ws/install/px4_ros_com/lib/libframe_transforms.so
[20.708s] -- Set runtime path of "/home/shibin/ros2_ws/install/px4_ros_com/lib/libframe_transforms.so" to ""
[20.708s] -- Installing: /home/shibin/ros2_ws/install/px4_ros_com/share/px4_ros_com//launch
[20.709s] -- Installing: /home/shibin/ros2_ws/install/px4_ros_com/share/px4_ros_com//launch/sensor_combined_listener.launch.py
[20.709s] -- Installing: /home/shibin/ros2_ws/install/px4_ros_com/share/px4_ros_com//launch/offboard_control_launch.yaml
[20.709s] -- Installing: /home/shibin/ros2_ws/install/px4_ros_com/share/px4_ros_com//test
[20.709s] -- Installing: /home/shibin/ros2_ws/install/px4_ros_com/share/px4_ros_com//test/test_input.py
[20.709s] -- Installing: /home/shibin/ros2_ws/install/px4_ros_com/share/px4_ros_com//test/pipeline_io_test.py
[20.709s] -- Installing: /home/shibin/ros2_ws/install/px4_ros_com/share/px4_ros_com//test/__init__.py
[20.709s] -- Installing: /home/shibin/ros2_ws/install/px4_ros_com/share/px4_ros_com//test/test_output.py
[20.709s] -- Installing: /home/shibin/ros2_ws/install/px4_ros_com/share/px4_ros_com/environment/pythonpath.sh
[20.709s] -- Installing: /home/shibin/ros2_ws/install/px4_ros_com/share/px4_ros_com/environment/pythonpath.dsv
[20.709s] -- Installing: /home/shibin/ros2_ws/install/px4_ros_com/local/lib/python3.10/dist-packages/px4_ros_com-0.1.0-py3.10.egg-info
[20.709s] -- Installing: /home/shibin/ros2_ws/install/px4_ros_com/local/lib/python3.10/dist-packages/px4_ros_com-0.1.0-py3.10.egg-info/SOURCES.txt
[20.709s] -- Installing: /home/shibin/ros2_ws/install/px4_ros_com/local/lib/python3.10/dist-packages/px4_ros_com-0.1.0-py3.10.egg-info/dependency_links.txt
[20.710s] -- Installing: /home/shibin/ros2_ws/install/px4_ros_com/local/lib/python3.10/dist-packages/px4_ros_com-0.1.0-py3.10.egg-info/top_level.txt
[20.710s] -- Installing: /home/shibin/ros2_ws/install/px4_ros_com/local/lib/python3.10/dist-packages/px4_ros_com-0.1.0-py3.10.egg-info/PKG-INFO
[20.710s] -- Installing: /home/shibin/ros2_ws/install/px4_ros_com/local/lib/python3.10/dist-packages/px4_ros_com
[20.710s] -- Installing: /home/shibin/ros2_ws/install/px4_ros_com/local/lib/python3.10/dist-packages/px4_ros_com/module_to_import.py
[20.710s] -- Installing: /home/shibin/ros2_ws/install/px4_ros_com/local/lib/python3.10/dist-packages/px4_ros_com/__init__.py
[20.744s] Listing '/home/shibin/ros2_ws/install/px4_ros_com/local/lib/python3.10/dist-packages/px4_ros_com'...
[20.744s] Compiling '/home/shibin/ros2_ws/install/px4_ros_com/local/lib/python3.10/dist-packages/px4_ros_com/__init__.py'...
[20.744s] Compiling '/home/shibin/ros2_ws/install/px4_ros_com/local/lib/python3.10/dist-packages/px4_ros_com/module_to_import.py'...
[20.750s] -- Installing: /home/shibin/ros2_ws/install/px4_ros_com/lib/px4_ros_com/offboard_control.py
[20.750s] -- Installing: /home/shibin/ros2_ws/install/px4_ros_com/share/ament_index/resource_index/package_run_dependencies/px4_ros_com
[20.750s] -- Installing: /home/shibin/ros2_ws/install/px4_ros_com/share/ament_index/resource_index/parent_prefix_path/px4_ros_com
[20.751s] -- Installing: /home/shibin/ros2_ws/install/px4_ros_com/share/px4_ros_com/environment/ament_prefix_path.sh
[20.751s] -- Installing: /home/shibin/ros2_ws/install/px4_ros_com/share/px4_ros_com/environment/ament_prefix_path.dsv
[20.751s] -- Installing: /home/shibin/ros2_ws/install/px4_ros_com/share/px4_ros_com/environment/path.sh
[20.751s] -- Installing: /home/shibin/ros2_ws/install/px4_ros_com/share/px4_ros_com/environment/path.dsv
[20.751s] -- Installing: /home/shibin/ros2_ws/install/px4_ros_com/share/px4_ros_com/local_setup.bash
[20.751s] -- Installing: /home/shibin/ros2_ws/install/px4_ros_com/share/px4_ros_com/local_setup.sh
[20.751s] -- Installing: /home/shibin/ros2_ws/install/px4_ros_com/share/px4_ros_com/local_setup.zsh
[20.751s] -- Installing: /home/shibin/ros2_ws/install/px4_ros_com/share/px4_ros_com/local_setup.dsv
[20.751s] -- Installing: /home/shibin/ros2_ws/install/px4_ros_com/share/px4_ros_com/package.dsv
[20.751s] -- Installing: /home/shibin/ros2_ws/install/px4_ros_com/share/ament_index/resource_index/packages/px4_ros_com
[20.751s] -- Installing: /home/shibin/ros2_ws/install/px4_ros_com/share/px4_ros_com/cmake/export_frame_transformsExport.cmake
[20.751s] -- Installing: /home/shibin/ros2_ws/install/px4_ros_com/share/px4_ros_com/cmake/export_frame_transformsExport-noconfig.cmake
[20.752s] -- Installing: /home/shibin/ros2_ws/install/px4_ros_com/share/px4_ros_com/cmake/ament_cmake_export_dependencies-extras.cmake
[20.752s] -- Installing: /home/shibin/ros2_ws/install/px4_ros_com/share/px4_ros_com/cmake/ament_cmake_export_targets-extras.cmake
[20.752s] -- Installing: /home/shibin/ros2_ws/install/px4_ros_com/share/px4_ros_com/cmake/ament_cmake_export_include_directories-extras.cmake
[20.752s] -- Installing: /home/shibin/ros2_ws/install/px4_ros_com/share/px4_ros_com/cmake/ament_cmake_export_libraries-extras.cmake
[20.752s] -- Installing: /home/shibin/ros2_ws/install/px4_ros_com/share/px4_ros_com/cmake/px4_ros_comConfig.cmake
[20.752s] -- Installing: /home/shibin/ros2_ws/install/px4_ros_com/share/px4_ros_com/cmake/px4_ros_comConfig-version.cmake
[20.752s] -- Installing: /home/shibin/ros2_ws/install/px4_ros_com/share/px4_ros_com/package.xml
[20.754s] Invoked command in '/home/shibin/ros2_ws/build/px4_ros_com' returned '0': CMAKE_PREFIX_PATH=/home/shibin/ros2_ws/install/px4_msgs:/home/shibin/ros2_ws/install/example_mode_with_executor_cpp:/home/shibin/ros2_ws/install/example_mode_rtl_replacement_cpp:/home/shibin/ros2_ws/install/example_mode_manual_cpp:/home/shibin/ros2_ws/install/example_mode_goto_global_cpp:/home/shibin/ros2_ws/install/example_mode_goto_cpp:/home/shibin/ros2_ws/install/example_mode_fw_attitude_cpp:/home/shibin/ros2_ws/install/example_local_navigation_cpp:/home/shibin/ros2_ws/install/example_global_navigation_cpp:/home/shibin/ros2_ws/install/px4_ros2_cpp:/home/shibin/ros2_ws/install/rrt_package:/opt/ros/humble LD_LIBRARY_PATH=/home/shibin/ros2_ws/install/px4_msgs/lib:/home/shibin/ros2_ws/install/px4_ros2_cpp/lib:/opt/ros/humble/opt/rviz_ogre_vendor/lib:/opt/ros/humble/lib/x86_64-linux-gnu:/opt/ros/humble/lib /usr/bin/cmake --install /home/shibin/ros2_ws/build/px4_ros_com
