[1.092s] Invoking command in '/home/shibin/ros2_ws/src/rrt_package': PYTHONPATH=/home/shibin/ros2_ws/build/rrt_package/prefix_override:/usr/lib/python3/dist-packages/colcon_core/task/python/colcon_distutils_commands:/home/shibin/ros2_ws/install/rrt_package/lib/python3.10/site-packages:${PYTHONPATH} /usr/bin/python3 -W ignore:setup.py install is deprecated -W ignore:easy_install command is deprecated setup.py egg_info --egg-base ../../build/rrt_package build --build-base /home/shibin/ros2_ws/build/rrt_package/build install --record /home/shibin/ros2_ws/build/rrt_package/install.log --single-version-externally-managed install_data
[1.481s] running egg_info
[1.537s] writing ../../build/rrt_package/rrt_package.egg-info/PKG-INFO
[1.537s] writing dependency_links to ../../build/rrt_package/rrt_package.egg-info/dependency_links.txt
[1.537s] writing entry points to ../../build/rrt_package/rrt_package.egg-info/entry_points.txt
[1.538s] writing requirements to ../../build/rrt_package/rrt_package.egg-info/requires.txt
[1.538s] writing top-level names to ../../build/rrt_package/rrt_package.egg-info/top_level.txt
[1.602s] reading manifest file '../../build/rrt_package/rrt_package.egg-info/SOURCES.txt'
[1.604s] adding license file 'LICENSE'
[1.606s] writing manifest file '../../build/rrt_package/rrt_package.egg-info/SOURCES.txt'
[1.606s] running build
[1.607s] running build_py
[1.607s] copying rrt_package/my_node2.py -> /home/shibin/ros2_ws/build/rrt_package/build/lib/rrt_package
[1.607s] copying rrt_package/lidar_data_node.py -> /home/shibin/ros2_ws/build/rrt_package/build/lib/rrt_package
[1.607s] copying rrt_package/my_node4.py -> /home/shibin/ros2_ws/build/rrt_package/build/lib/rrt_package
[1.608s] copying rrt_package/my_node.py -> /home/shibin/ros2_ws/build/rrt_package/build/lib/rrt_package
[1.608s] copying rrt_package/mynode3.py -> /home/shibin/ros2_ws/build/rrt_package/build/lib/rrt_package
[1.609s] copying rrt_package/__init__.py -> /home/shibin/ros2_ws/build/rrt_package/build/lib/rrt_package
[1.609s] running install
[1.619s] running install_lib
[1.645s] copying /home/shibin/ros2_ws/build/rrt_package/build/lib/rrt_package/my_node4.py -> /home/shibin/ros2_ws/install/rrt_package/lib/python3.10/site-packages/rrt_package
[1.647s] byte-compiling /home/shibin/ros2_ws/install/rrt_package/lib/python3.10/site-packages/rrt_package/my_node4.py to my_node4.cpython-310.pyc
[1.656s] running install_data
[1.656s] copying resource/rrt_package -> /home/shibin/ros2_ws/install/rrt_package/share/ament_index/resource_index/packages
[1.656s] copying package.xml -> /home/shibin/ros2_ws/install/rrt_package/share/rrt_package
[1.656s] running install_egg_info
[1.778s] removing '/home/shibin/ros2_ws/install/rrt_package/lib/python3.10/site-packages/rrt_package-0.0.0-py3.10.egg-info' (and everything under it)
[1.778s] Copying ../../build/rrt_package/rrt_package.egg-info to /home/shibin/ros2_ws/install/rrt_package/lib/python3.10/site-packages/rrt_package-0.0.0-py3.10.egg-info
[1.778s] running install_scripts
[2.033s] Installing lidar_data_node script to /home/shibin/ros2_ws/install/rrt_package/lib/rrt_package
[2.033s] Installing my_node script to /home/shibin/ros2_ws/install/rrt_package/lib/rrt_package
[2.033s] Installing my_node2 script to /home/shibin/ros2_ws/install/rrt_package/lib/rrt_package
[2.033s] Installing my_node4 script to /home/shibin/ros2_ws/install/rrt_package/lib/rrt_package
[2.033s] Installing mynode3 script to /home/shibin/ros2_ws/install/rrt_package/lib/rrt_package
[2.033s] writing list of installed files to '/home/shibin/ros2_ws/build/rrt_package/install.log'
[2.037s] Invoked command in '/home/shibin/ros2_ws/src/rrt_package' returned '0': PYTHONPATH=/home/shibin/ros2_ws/build/rrt_package/prefix_override:/usr/lib/python3/dist-packages/colcon_core/task/python/colcon_distutils_commands:/home/shibin/ros2_ws/install/rrt_package/lib/python3.10/site-packages:${PYTHONPATH} /usr/bin/python3 -W ignore:setup.py install is deprecated -W ignore:easy_install command is deprecated setup.py egg_info --egg-base ../../build/rrt_package build --build-base /home/shibin/ros2_ws/build/rrt_package/build install --record /home/shibin/ros2_ws/build/rrt_package/install.log --single-version-externally-managed install_data
