running egg_info
creating ../../build/gazebo_ros_bridge/gazebo_ros_bridge.egg-info
writing ../../build/gazebo_ros_bridge/gazebo_ros_bridge.egg-info/PKG-INFO
writing dependency_links to ../../build/gazebo_ros_bridge/gazebo_ros_bridge.egg-info/dependency_links.txt
writing entry points to ../../build/gazebo_ros_bridge/gazebo_ros_bridge.egg-info/entry_points.txt
writing requirements to ../../build/gazebo_ros_bridge/gazebo_ros_bridge.egg-info/requires.txt
writing top-level names to ../../build/gazebo_ros_bridge/gazebo_ros_bridge.egg-info/top_level.txt
writing manifest file '../../build/gazebo_ros_bridge/gazebo_ros_bridge.egg-info/SOURCES.txt'
reading manifest file '../../build/gazebo_ros_bridge/gazebo_ros_bridge.egg-info/SOURCES.txt'
writing manifest file '../../build/gazebo_ros_bridge/gazebo_ros_bridge.egg-info/SOURCES.txt'
running build
running build_py
creating /home/shibin/ws_sensor_combined/build/gazebo_ros_bridge/build
creating /home/shibin/ws_sensor_combined/build/gazebo_ros_bridge/build/lib
creating /home/shibin/ws_sensor_combined/build/gazebo_ros_bridge/build/lib/gazebo_ros_bridge
copying gazebo_ros_bridge/__init__.py -> /home/shibin/ws_sensor_combined/build/gazebo_ros_bridge/build/lib/gazebo_ros_bridge
running install
running install_lib
creating /home/shibin/ws_sensor_combined/install/gazebo_ros_bridge/lib/python3.10/site-packages/gazebo_ros_bridge
copying /home/shibin/ws_sensor_combined/build/gazebo_ros_bridge/build/lib/gazebo_ros_bridge/__init__.py -> /home/shibin/ws_sensor_combined/install/gazebo_ros_bridge/lib/python3.10/site-packages/gazebo_ros_bridge
byte-compiling /home/shibin/ws_sensor_combined/install/gazebo_ros_bridge/lib/python3.10/site-packages/gazebo_ros_bridge/__init__.py to __init__.cpython-310.pyc
running install_data
creating /home/shibin/ws_sensor_combined/install/gazebo_ros_bridge/share/ament_index
creating /home/shibin/ws_sensor_combined/install/gazebo_ros_bridge/share/ament_index/resource_index
creating /home/shibin/ws_sensor_combined/install/gazebo_ros_bridge/share/ament_index/resource_index/packages
copying resource/gazebo_ros_bridge -> /home/shibin/ws_sensor_combined/install/gazebo_ros_bridge/share/ament_index/resource_index/packages
copying package.xml -> /home/shibin/ws_sensor_combined/install/gazebo_ros_bridge/share/gazebo_ros_bridge
running install_egg_info
Copying ../../build/gazebo_ros_bridge/gazebo_ros_bridge.egg-info to /home/shibin/ws_sensor_combined/install/gazebo_ros_bridge/lib/python3.10/site-packages/gazebo_ros_bridge-0.0.0-py3.10.egg-info
running install_scripts
writing list of installed files to '/home/shibin/ws_sensor_combined/build/gazebo_ros_bridge/install.log'
