/home/shibin/ros2_ws/install/rrt_package/lib/python3.10/site-packages/rrt_package/my_node2.py
/home/shibin/ros2_ws/install/rrt_package/lib/python3.10/site-packages/rrt_package/lidar_data_node.py
/home/shibin/ros2_ws/install/rrt_package/lib/python3.10/site-packages/rrt_package/my_node4.py
/home/shibin/ros2_ws/install/rrt_package/lib/python3.10/site-packages/rrt_package/my_node.py
/home/shibin/ros2_ws/install/rrt_package/lib/python3.10/site-packages/rrt_package/mynode3.py
/home/shibin/ros2_ws/install/rrt_package/lib/python3.10/site-packages/rrt_package/__init__.py
/home/shibin/ros2_ws/install/rrt_package/lib/python3.10/site-packages/rrt_package/__pycache__/my_node2.cpython-310.pyc
/home/shibin/ros2_ws/install/rrt_package/lib/python3.10/site-packages/rrt_package/__pycache__/lidar_data_node.cpython-310.pyc
/home/shibin/ros2_ws/install/rrt_package/lib/python3.10/site-packages/rrt_package/__pycache__/my_node4.cpython-310.pyc
/home/shibin/ros2_ws/install/rrt_package/lib/python3.10/site-packages/rrt_package/__pycache__/my_node.cpython-310.pyc
/home/shibin/ros2_ws/install/rrt_package/lib/python3.10/site-packages/rrt_package/__pycache__/mynode3.cpython-310.pyc
/home/shibin/ros2_ws/install/rrt_package/lib/python3.10/site-packages/rrt_package/__pycache__/__init__.cpython-310.pyc
/home/shibin/ros2_ws/install/rrt_package/share/ament_index/resource_index/packages/rrt_package
/home/shibin/ros2_ws/install/rrt_package/share/rrt_package/package.xml
/home/shibin/ros2_ws/install/rrt_package/lib/python3.10/site-packages/rrt_package-0.0.0-py3.10.egg-info/SOURCES.txt
/home/shibin/ros2_ws/install/rrt_package/lib/python3.10/site-packages/rrt_package-0.0.0-py3.10.egg-info/dependency_links.txt
/home/shibin/ros2_ws/install/rrt_package/lib/python3.10/site-packages/rrt_package-0.0.0-py3.10.egg-info/entry_points.txt
/home/shibin/ros2_ws/install/rrt_package/lib/python3.10/site-packages/rrt_package-0.0.0-py3.10.egg-info/top_level.txt
/home/shibin/ros2_ws/install/rrt_package/lib/python3.10/site-packages/rrt_package-0.0.0-py3.10.egg-info/zip-safe
/home/shibin/ros2_ws/install/rrt_package/lib/python3.10/site-packages/rrt_package-0.0.0-py3.10.egg-info/requires.txt
/home/shibin/ros2_ws/install/rrt_package/lib/python3.10/site-packages/rrt_package-0.0.0-py3.10.egg-info/PKG-INFO
/home/shibin/ros2_ws/install/rrt_package/lib/rrt_package/lidar_data_node
/home/shibin/ros2_ws/install/rrt_package/lib/rrt_package/my_node
/home/shibin/ros2_ws/install/rrt_package/lib/rrt_package/my_node2
/home/shibin/ros2_ws/install/rrt_package/lib/rrt_package/my_node4
/home/shibin/ros2_ws/install/rrt_package/lib/rrt_package/mynode3
