[1.361s] Invoking command in '/home/shibin/ws_sensor_combined/src/gazebo_ros_bridge': PYTHONPATH=/home/shibin/ws_sensor_combined/build/gazebo_ros_bridge/prefix_override:/usr/lib/python3/dist-packages/colcon_core/task/python/colcon_distutils_commands:/home/shibin/ws_sensor_combined/install/gazebo_ros_bridge/lib/python3.10/site-packages:${PYTHONPATH} /usr/bin/python3 -W ignore:setup.py install is deprecated -W ignore:easy_install command is deprecated setup.py egg_info --egg-base ../../build/gazebo_ros_bridge build --build-base /home/shibin/ws_sensor_combined/build/gazebo_ros_bridge/build install --record /home/shibin/ws_sensor_combined/build/gazebo_ros_bridge/install.log --single-version-externally-managed install_data
[1.807s] running egg_info
[1.807s] writing ../../build/gazebo_ros_bridge/gazebo_ros_bridge.egg-info/PKG-INFO
[1.807s] writing dependency_links to ../../build/gazebo_ros_bridge/gazebo_ros_bridge.egg-info/dependency_links.txt
[1.807s] writing entry points to ../../build/gazebo_ros_bridge/gazebo_ros_bridge.egg-info/entry_points.txt
[1.807s] writing requirements to ../../build/gazebo_ros_bridge/gazebo_ros_bridge.egg-info/requires.txt
[1.807s] writing top-level names to ../../build/gazebo_ros_bridge/gazebo_ros_bridge.egg-info/top_level.txt
[1.807s] reading manifest file '../../build/gazebo_ros_bridge/gazebo_ros_bridge.egg-info/SOURCES.txt'
[1.812s] writing manifest file '../../build/gazebo_ros_bridge/gazebo_ros_bridge.egg-info/SOURCES.txt'
[1.812s] running build
[1.812s] running build_py
[1.812s] running install
[1.812s] running install_lib
[1.812s] running install_data
[1.812s] running install_egg_info
[1.812s] removing '/home/shibin/ws_sensor_combined/install/gazebo_ros_bridge/lib/python3.10/site-packages/gazebo_ros_bridge-0.0.0-py3.10.egg-info' (and everything under it)
[1.812s] Copying ../../build/gazebo_ros_bridge/gazebo_ros_bridge.egg-info to /home/shibin/ws_sensor_combined/install/gazebo_ros_bridge/lib/python3.10/site-packages/gazebo_ros_bridge-0.0.0-py3.10.egg-info
[1.815s] running install_scripts
[1.843s] writing list of installed files to '/home/shibin/ws_sensor_combined/build/gazebo_ros_bridge/install.log'
[1.909s] Invoked command in '/home/shibin/ws_sensor_combined/src/gazebo_ros_bridge' returned '0': PYTHONPATH=/home/shibin/ws_sensor_combined/build/gazebo_ros_bridge/prefix_override:/usr/lib/python3/dist-packages/colcon_core/task/python/colcon_distutils_commands:/home/shibin/ws_sensor_combined/install/gazebo_ros_bridge/lib/python3.10/site-packages:${PYTHONPATH} /usr/bin/python3 -W ignore:setup.py install is deprecated -W ignore:easy_install command is deprecated setup.py egg_info --egg-base ../../build/gazebo_ros_bridge build --build-base /home/shibin/ws_sensor_combined/build/gazebo_ros_bridge/build install --record /home/shibin/ws_sensor_combined/build/gazebo_ros_bridge/install.log --single-version-externally-managed install_data
