[0.210s] DEBUG:colcon:Command line arguments: ['/usr/bin/colcon', 'build']
[0.211s] DEBUG:colcon:Parsed command line arguments: Namespace(log_base=None, log_level=None, verb_name='build', build_base='build', install_base='install', merge_install=False, symlink_install=False, test_result_base=None, continue_on_error=False, executor='parallel', parallel_workers=8, event_handlers=None, ignore_user_meta=False, metas=['./colcon.meta'], base_paths=['.'], packages_ignore=None, packages_ignore_regex=None, paths=None, packages_up_to=None, packages_up_to_regex=None, packages_above=None, packages_above_and_dependencies=None, packages_above_depth=None, packages_select_by_dep=None, packages_skip_by_dep=None, packages_skip_up_to=None, packages_select_build_failed=False, packages_skip_build_finished=False, packages_select_test_failures=False, packages_skip_test_passed=False, packages_select=None, packages_skip=None, packages_select_regex=None, packages_skip_regex=None, packages_start=None, packages_end=None, allow_overriding=[], cmake_args=None, cmake_target=None, cmake_target_skip_unavailable=False, cmake_clean_cache=False, cmake_clean_first=False, cmake_force_configure=False, ament_cmake_args=None, catkin_cmake_args=None, catkin_skip_building_tests=False, mixin_files=None, mixin=None, verb_parser=<colcon_mixin.mixin.mixin_argument.MixinArgumentDecorator object at 0x7fbbdf853130>, verb_extension=<colcon_core.verb.build.BuildVerb object at 0x7fbbdf9a0220>, main=<bound method BuildVerb.main of <colcon_core.verb.build.BuildVerb object at 0x7fbbdf9a0220>>, mixin_verb=('build',))
[0.252s] Level 1:colcon.colcon_core.package_discovery:discover_packages(colcon_meta) check parameters
[0.252s] Level 1:colcon.colcon_core.package_discovery:discover_packages(recursive) check parameters
[0.252s] Level 1:colcon.colcon_core.package_discovery:discover_packages(ignore) check parameters
[0.252s] Level 1:colcon.colcon_core.package_discovery:discover_packages(path) check parameters
[0.252s] Level 1:colcon.colcon_core.package_discovery:discover_packages(colcon_meta) discover
[0.252s] Level 1:colcon.colcon_core.package_discovery:discover_packages(recursive) discover
[0.252s] INFO:colcon.colcon_core.package_discovery:Crawling recursively for packages in '/home/shibin/ros2_ws'
[0.252s] Level 1:colcon.colcon_core.package_identification:_identify(.) by extensions ['ignore', 'ignore_ament_install']
[0.252s] Level 1:colcon.colcon_core.package_identification:_identify(.) by extension 'ignore'
[0.253s] Level 1:colcon.colcon_core.package_identification:_identify(.) by extension 'ignore_ament_install'
[0.253s] Level 1:colcon.colcon_core.package_identification:_identify(.) by extensions ['colcon_pkg']
[0.253s] Level 1:colcon.colcon_core.package_identification:_identify(.) by extension 'colcon_pkg'
[0.253s] Level 1:colcon.colcon_core.package_identification:_identify(.) by extensions ['colcon_meta']
[0.253s] Level 1:colcon.colcon_core.package_identification:_identify(.) by extension 'colcon_meta'
[0.253s] Level 1:colcon.colcon_core.package_identification:_identify(.) by extensions ['ros']
[0.253s] Level 1:colcon.colcon_core.package_identification:_identify(.) by extension 'ros'
[0.273s] Level 1:colcon.colcon_core.package_identification:_identify(.) by extensions ['cmake', 'python']
[0.273s] Level 1:colcon.colcon_core.package_identification:_identify(.) by extension 'cmake'
[0.273s] Level 1:colcon.colcon_core.package_identification:_identify(.) by extension 'python'
[0.273s] Level 1:colcon.colcon_core.package_identification:_identify(.) by extensions ['python_setup_py']
[0.273s] Level 1:colcon.colcon_core.package_identification:_identify(.) by extension 'python_setup_py'
[0.274s] Level 1:colcon.colcon_core.package_identification:_identify(build) by extensions ['ignore', 'ignore_ament_install']
[0.274s] Level 1:colcon.colcon_core.package_identification:_identify(build) by extension 'ignore'
[0.274s] Level 1:colcon.colcon_core.package_identification:_identify(build) ignored
[0.274s] Level 1:colcon.colcon_core.package_identification:_identify(install) by extensions ['ignore', 'ignore_ament_install']
[0.274s] Level 1:colcon.colcon_core.package_identification:_identify(install) by extension 'ignore'
[0.274s] Level 1:colcon.colcon_core.package_identification:_identify(install) ignored
[0.274s] Level 1:colcon.colcon_core.package_identification:_identify(log) by extensions ['ignore', 'ignore_ament_install']
[0.274s] Level 1:colcon.colcon_core.package_identification:_identify(log) by extension 'ignore'
[0.274s] Level 1:colcon.colcon_core.package_identification:_identify(log) ignored
[0.274s] Level 1:colcon.colcon_core.package_identification:_identify(src) by extensions ['ignore', 'ignore_ament_install']
[0.274s] Level 1:colcon.colcon_core.package_identification:_identify(src) by extension 'ignore'
[0.274s] Level 1:colcon.colcon_core.package_identification:_identify(src) by extension 'ignore_ament_install'
[0.275s] Level 1:colcon.colcon_core.package_identification:_identify(src) by extensions ['colcon_pkg']
[0.275s] Level 1:colcon.colcon_core.package_identification:_identify(src) by extension 'colcon_pkg'
[0.275s] Level 1:colcon.colcon_core.package_identification:_identify(src) by extensions ['colcon_meta']
[0.275s] Level 1:colcon.colcon_core.package_identification:_identify(src) by extension 'colcon_meta'
[0.275s] Level 1:colcon.colcon_core.package_identification:_identify(src) by extensions ['ros']
[0.275s] Level 1:colcon.colcon_core.package_identification:_identify(src) by extension 'ros'
[0.275s] Level 1:colcon.colcon_core.package_identification:_identify(src) by extensions ['cmake', 'python']
[0.275s] Level 1:colcon.colcon_core.package_identification:_identify(src) by extension 'cmake'
[0.275s] Level 1:colcon.colcon_core.package_identification:_identify(src) by extension 'python'
[0.275s] Level 1:colcon.colcon_core.package_identification:_identify(src) by extensions ['python_setup_py']
[0.275s] Level 1:colcon.colcon_core.package_identification:_identify(src) by extension 'python_setup_py'
[0.275s] Level 1:colcon.colcon_core.package_identification:_identify(src/px4_msgs) by extensions ['ignore', 'ignore_ament_install']
[0.275s] Level 1:colcon.colcon_core.package_identification:_identify(src/px4_msgs) by extension 'ignore'
[0.275s] Level 1:colcon.colcon_core.package_identification:_identify(src/px4_msgs) by extension 'ignore_ament_install'
[0.275s] Level 1:colcon.colcon_core.package_identification:_identify(src/px4_msgs) by extensions ['colcon_pkg']
[0.275s] Level 1:colcon.colcon_core.package_identification:_identify(src/px4_msgs) by extension 'colcon_pkg'
[0.275s] Level 1:colcon.colcon_core.package_identification:_identify(src/px4_msgs) by extensions ['colcon_meta']
[0.275s] Level 1:colcon.colcon_core.package_identification:_identify(src/px4_msgs) by extension 'colcon_meta'
[0.275s] Level 1:colcon.colcon_core.package_identification:_identify(src/px4_msgs) by extensions ['ros']
[0.275s] Level 1:colcon.colcon_core.package_identification:_identify(src/px4_msgs) by extension 'ros'
[0.278s] DEBUG:colcon.colcon_core.package_identification:Package 'src/px4_msgs' with type 'ros.ament_cmake' and name 'px4_msgs'
[0.278s] Level 1:colcon.colcon_core.package_identification:_identify(src/px4_ros_com) by extensions ['ignore', 'ignore_ament_install']
[0.278s] Level 1:colcon.colcon_core.package_identification:_identify(src/px4_ros_com) by extension 'ignore'
[0.279s] Level 1:colcon.colcon_core.package_identification:_identify(src/px4_ros_com) by extension 'ignore_ament_install'
[0.279s] Level 1:colcon.colcon_core.package_identification:_identify(src/px4_ros_com) by extensions ['colcon_pkg']
[0.279s] Level 1:colcon.colcon_core.package_identification:_identify(src/px4_ros_com) by extension 'colcon_pkg'
[0.279s] Level 1:colcon.colcon_core.package_identification:_identify(src/px4_ros_com) by extensions ['colcon_meta']
[0.279s] Level 1:colcon.colcon_core.package_identification:_identify(src/px4_ros_com) by extension 'colcon_meta'
[0.279s] Level 1:colcon.colcon_core.package_identification:_identify(src/px4_ros_com) by extensions ['ros']
[0.279s] Level 1:colcon.colcon_core.package_identification:_identify(src/px4_ros_com) by extension 'ros'
[0.281s] DEBUG:colcon.colcon_core.package_identification:Package 'src/px4_ros_com' with type 'ros.ament_cmake' and name 'px4_ros_com'
[0.281s] Level 1:colcon.colcon_core.package_identification:_identify(src/rrt_package) by extensions ['ignore', 'ignore_ament_install']
[0.281s] Level 1:colcon.colcon_core.package_identification:_identify(src/rrt_package) by extension 'ignore'
[0.281s] Level 1:colcon.colcon_core.package_identification:_identify(src/rrt_package) by extension 'ignore_ament_install'
[0.281s] Level 1:colcon.colcon_core.package_identification:_identify(src/rrt_package) by extensions ['colcon_pkg']
[0.281s] Level 1:colcon.colcon_core.package_identification:_identify(src/rrt_package) by extension 'colcon_pkg'
[0.281s] Level 1:colcon.colcon_core.package_identification:_identify(src/rrt_package) by extensions ['colcon_meta']
[0.281s] Level 1:colcon.colcon_core.package_identification:_identify(src/rrt_package) by extension 'colcon_meta'
[0.281s] Level 1:colcon.colcon_core.package_identification:_identify(src/rrt_package) by extensions ['ros']
[0.281s] Level 1:colcon.colcon_core.package_identification:_identify(src/rrt_package) by extension 'ros'
[0.282s] DEBUG:colcon.colcon_core.package_identification:Package 'src/rrt_package' with type 'ros.ament_python' and name 'rrt_package'
[0.282s] Level 1:colcon.colcon_core.package_discovery:discover_packages(recursive) using defaults
[0.282s] Level 1:colcon.colcon_core.package_discovery:discover_packages(ignore) discover
[0.282s] Level 1:colcon.colcon_core.package_discovery:discover_packages(ignore) using defaults
[0.282s] Level 1:colcon.colcon_core.package_discovery:discover_packages(path) discover
[0.282s] Level 1:colcon.colcon_core.package_discovery:discover_packages(path) using defaults
[0.307s] Level 1:colcon.colcon_core.package_discovery:discover_packages(prefix_path) check parameters
[0.307s] Level 1:colcon.colcon_core.package_discovery:discover_packages(prefix_path) discover
[0.309s] DEBUG:colcon.colcon_installed_package_information.package_discovery:Found 3 installed packages in /home/shibin/ros2_ws/install
[0.311s] DEBUG:colcon.colcon_installed_package_information.package_discovery:Found 287 installed packages in /opt/ros/humble
[0.312s] Level 1:colcon.colcon_core.package_discovery:discover_packages(prefix_path) using defaults
[0.354s] Level 5:colcon.colcon_core.verb:set package 'px4_msgs' build argument 'cmake_args' from command line to 'None'
[0.354s] Level 5:colcon.colcon_core.verb:set package 'px4_msgs' build argument 'cmake_target' from command line to 'None'
[0.354s] Level 5:colcon.colcon_core.verb:set package 'px4_msgs' build argument 'cmake_target_skip_unavailable' from command line to 'False'
[0.354s] Level 5:colcon.colcon_core.verb:set package 'px4_msgs' build argument 'cmake_clean_cache' from command line to 'False'
[0.354s] Level 5:colcon.colcon_core.verb:set package 'px4_msgs' build argument 'cmake_clean_first' from command line to 'False'
[0.354s] Level 5:colcon.colcon_core.verb:set package 'px4_msgs' build argument 'cmake_force_configure' from command line to 'False'
[0.354s] Level 5:colcon.colcon_core.verb:set package 'px4_msgs' build argument 'ament_cmake_args' from command line to 'None'
[0.354s] Level 5:colcon.colcon_core.verb:set package 'px4_msgs' build argument 'catkin_cmake_args' from command line to 'None'
[0.354s] Level 5:colcon.colcon_core.verb:set package 'px4_msgs' build argument 'catkin_skip_building_tests' from command line to 'False'
[0.354s] DEBUG:colcon.colcon_core.verb:Building package 'px4_msgs' with the following arguments: {'ament_cmake_args': None, 'build_base': '/home/shibin/ros2_ws/build/px4_msgs', 'catkin_cmake_args': None, 'catkin_skip_building_tests': False, 'cmake_args': None, 'cmake_clean_cache': False, 'cmake_clean_first': False, 'cmake_force_configure': False, 'cmake_target': None, 'cmake_target_skip_unavailable': False, 'install_base': '/home/shibin/ros2_ws/install/px4_msgs', 'merge_install': False, 'path': '/home/shibin/ros2_ws/src/px4_msgs', 'symlink_install': False, 'test_result_base': None}
[0.354s] Level 5:colcon.colcon_core.verb:set package 'rrt_package' build argument 'cmake_args' from command line to 'None'
[0.354s] Level 5:colcon.colcon_core.verb:set package 'rrt_package' build argument 'cmake_target' from command line to 'None'
[0.354s] Level 5:colcon.colcon_core.verb:set package 'rrt_package' build argument 'cmake_target_skip_unavailable' from command line to 'False'
[0.355s] Level 5:colcon.colcon_core.verb:set package 'rrt_package' build argument 'cmake_clean_cache' from command line to 'False'
[0.355s] Level 5:colcon.colcon_core.verb:set package 'rrt_package' build argument 'cmake_clean_first' from command line to 'False'
[0.355s] Level 5:colcon.colcon_core.verb:set package 'rrt_package' build argument 'cmake_force_configure' from command line to 'False'
[0.355s] Level 5:colcon.colcon_core.verb:set package 'rrt_package' build argument 'ament_cmake_args' from command line to 'None'
[0.355s] Level 5:colcon.colcon_core.verb:set package 'rrt_package' build argument 'catkin_cmake_args' from command line to 'None'
[0.355s] Level 5:colcon.colcon_core.verb:set package 'rrt_package' build argument 'catkin_skip_building_tests' from command line to 'False'
[0.355s] DEBUG:colcon.colcon_core.verb:Building package 'rrt_package' with the following arguments: {'ament_cmake_args': None, 'build_base': '/home/shibin/ros2_ws/build/rrt_package', 'catkin_cmake_args': None, 'catkin_skip_building_tests': False, 'cmake_args': None, 'cmake_clean_cache': False, 'cmake_clean_first': False, 'cmake_force_configure': False, 'cmake_target': None, 'cmake_target_skip_unavailable': False, 'install_base': '/home/shibin/ros2_ws/install/rrt_package', 'merge_install': False, 'path': '/home/shibin/ros2_ws/src/rrt_package', 'symlink_install': False, 'test_result_base': None}
[0.355s] Level 5:colcon.colcon_core.verb:set package 'px4_ros_com' build argument 'cmake_args' from command line to 'None'
[0.355s] Level 5:colcon.colcon_core.verb:set package 'px4_ros_com' build argument 'cmake_target' from command line to 'None'
[0.355s] Level 5:colcon.colcon_core.verb:set package 'px4_ros_com' build argument 'cmake_target_skip_unavailable' from command line to 'False'
[0.355s] Level 5:colcon.colcon_core.verb:set package 'px4_ros_com' build argument 'cmake_clean_cache' from command line to 'False'
[0.355s] Level 5:colcon.colcon_core.verb:set package 'px4_ros_com' build argument 'cmake_clean_first' from command line to 'False'
[0.355s] Level 5:colcon.colcon_core.verb:set package 'px4_ros_com' build argument 'cmake_force_configure' from command line to 'False'
[0.355s] Level 5:colcon.colcon_core.verb:set package 'px4_ros_com' build argument 'ament_cmake_args' from command line to 'None'
[0.355s] Level 5:colcon.colcon_core.verb:set package 'px4_ros_com' build argument 'catkin_cmake_args' from command line to 'None'
[0.355s] Level 5:colcon.colcon_core.verb:set package 'px4_ros_com' build argument 'catkin_skip_building_tests' from command line to 'False'
[0.355s] DEBUG:colcon.colcon_core.verb:Building package 'px4_ros_com' with the following arguments: {'ament_cmake_args': None, 'build_base': '/home/shibin/ros2_ws/build/px4_ros_com', 'catkin_cmake_args': None, 'catkin_skip_building_tests': False, 'cmake_args': None, 'cmake_clean_cache': False, 'cmake_clean_first': False, 'cmake_force_configure': False, 'cmake_target': None, 'cmake_target_skip_unavailable': False, 'install_base': '/home/shibin/ros2_ws/install/px4_ros_com', 'merge_install': False, 'path': '/home/shibin/ros2_ws/src/px4_ros_com', 'symlink_install': False, 'test_result_base': None}
[0.355s] INFO:colcon.colcon_core.executor:Executing jobs using 'parallel' executor
[0.357s] DEBUG:colcon.colcon_parallel_executor.executor.parallel:run_until_complete
[0.357s] INFO:colcon.colcon_ros.task.ament_cmake.build:Building ROS package in '/home/shibin/ros2_ws/src/px4_msgs' with build type 'ament_cmake'
[0.357s] INFO:colcon.colcon_cmake.task.cmake.build:Building CMake package in '/home/shibin/ros2_ws/src/px4_msgs'
[0.359s] INFO:colcon.colcon_core.plugin_system:Skipping extension 'colcon_core.shell.bat': Not used on non-Windows systems
[0.359s] INFO:colcon.colcon_core.shell:Skip shell extension 'powershell' for command environment: Not usable outside of PowerShell
[0.359s] DEBUG:colcon.colcon_core.shell:Skip shell extension 'dsv' for command environment
[0.363s] INFO:colcon.colcon_ros.task.ament_python.build:Building ROS package in '/home/shibin/ros2_ws/src/rrt_package' with build type 'ament_python'
[0.363s] Level 1:colcon.colcon_core.shell:create_environment_hook('rrt_package', 'ament_prefix_path')
[0.363s] INFO:colcon.colcon_core.shell:Creating environment hook '/home/shibin/ros2_ws/install/rrt_package/share/rrt_package/hook/ament_prefix_path.ps1'
[0.365s] INFO:colcon.colcon_core.shell:Creating environment descriptor '/home/shibin/ros2_ws/install/rrt_package/share/rrt_package/hook/ament_prefix_path.dsv'
[0.365s] INFO:colcon.colcon_core.shell:Creating environment hook '/home/shibin/ros2_ws/install/rrt_package/share/rrt_package/hook/ament_prefix_path.sh'
[0.366s] INFO:colcon.colcon_core.shell:Skip shell extension 'powershell' for command environment: Not usable outside of PowerShell
[0.366s] DEBUG:colcon.colcon_core.shell:Skip shell extension 'dsv' for command environment
[0.379s] DEBUG:colcon.colcon_core.event_handler.log_command:Invoking command in '/home/shibin/ros2_ws/build/px4_msgs': CMAKE_PREFIX_PATH=${CMAKE_PREFIX_PATH}:/home/shibin/ros2_ws/install/rrt_package:/opt/ros/humble /usr/bin/cmake --build /home/shibin/ros2_ws/build/px4_msgs -- -j8 -l8
[0.647s] INFO:colcon.colcon_core.task.python.build:Building Python package in '/home/shibin/ros2_ws/src/rrt_package'
[0.648s] INFO:colcon.colcon_core.shell:Skip shell extension 'powershell' for command environment: Not usable outside of PowerShell
[0.648s] DEBUG:colcon.colcon_core.shell:Skip shell extension 'dsv' for command environment
[1.305s] DEBUG:colcon.colcon_core.event_handler.log_command:Invoking command in '/home/shibin/ros2_ws/src/rrt_package': PYTHONPATH=/home/shibin/ros2_ws/build/rrt_package/prefix_override:/usr/lib/python3/dist-packages/colcon_core/task/python/colcon_distutils_commands:/home/shibin/ros2_ws/install/rrt_package/lib/python3.10/site-packages:${PYTHONPATH} /usr/bin/python3 -W ignore:setup.py install is deprecated -W ignore:easy_install command is deprecated setup.py egg_info --egg-base ../../build/rrt_package build --build-base /home/shibin/ros2_ws/build/rrt_package/build install --record /home/shibin/ros2_ws/build/rrt_package/install.log --single-version-externally-managed install_data
[2.014s] DEBUG:colcon.colcon_core.event_handler.log_command:Invoked command in '/home/shibin/ros2_ws/build/px4_msgs' returned '0': CMAKE_PREFIX_PATH=${CMAKE_PREFIX_PATH}:/home/shibin/ros2_ws/install/rrt_package:/opt/ros/humble /usr/bin/cmake --build /home/shibin/ros2_ws/build/px4_msgs -- -j8 -l8
[2.026s] DEBUG:colcon.colcon_core.event_handler.log_command:Invoking command in '/home/shibin/ros2_ws/build/px4_msgs': CMAKE_PREFIX_PATH=${CMAKE_PREFIX_PATH}:/home/shibin/ros2_ws/install/rrt_package:/opt/ros/humble /usr/bin/cmake --install /home/shibin/ros2_ws/build/px4_msgs
[2.176s] Level 1:colcon.colcon_core.environment:checking '/home/shibin/ros2_ws/install/rrt_package' for CMake module files
[2.177s] Level 1:colcon.colcon_core.environment:checking '/home/shibin/ros2_ws/install/rrt_package' for CMake config files
[2.181s] Level 1:colcon.colcon_core.environment:checking '/home/shibin/ros2_ws/install/rrt_package/lib'
[2.181s] Level 1:colcon.colcon_core.environment:checking '/home/shibin/ros2_ws/install/rrt_package/bin'
[2.182s] Level 1:colcon.colcon_core.environment:checking '/home/shibin/ros2_ws/install/rrt_package/lib/pkgconfig/rrt_package.pc'
[2.182s] Level 1:colcon.colcon_core.environment:checking '/home/shibin/ros2_ws/install/rrt_package/lib/python3.10/site-packages'
[2.185s] Level 1:colcon.colcon_core.shell:create_environment_hook('rrt_package', 'pythonpath')
[2.186s] INFO:colcon.colcon_core.shell:Creating environment hook '/home/shibin/ros2_ws/install/rrt_package/share/rrt_package/hook/pythonpath.ps1'
[2.187s] INFO:colcon.colcon_core.shell:Creating environment descriptor '/home/shibin/ros2_ws/install/rrt_package/share/rrt_package/hook/pythonpath.dsv'
[2.187s] INFO:colcon.colcon_core.shell:Creating environment hook '/home/shibin/ros2_ws/install/rrt_package/share/rrt_package/hook/pythonpath.sh'
[2.188s] Level 1:colcon.colcon_core.environment:checking '/home/shibin/ros2_ws/install/rrt_package/bin'
[2.188s] Level 1:colcon.colcon_core.environment:create_environment_scripts_only(rrt_package)
[2.189s] INFO:colcon.colcon_core.shell:Creating package script '/home/shibin/ros2_ws/install/rrt_package/share/rrt_package/package.ps1'
[2.192s] INFO:colcon.colcon_core.shell:Creating package descriptor '/home/shibin/ros2_ws/install/rrt_package/share/rrt_package/package.dsv'
[2.193s] INFO:colcon.colcon_core.shell:Creating package script '/home/shibin/ros2_ws/install/rrt_package/share/rrt_package/package.sh'
[2.210s] INFO:colcon.colcon_core.shell:Creating package script '/home/shibin/ros2_ws/install/rrt_package/share/rrt_package/package.bash'
[2.215s] INFO:colcon.colcon_core.shell:Creating package script '/home/shibin/ros2_ws/install/rrt_package/share/rrt_package/package.zsh'
[2.217s] Level 1:colcon.colcon_core.environment:create_file_with_runtime_dependencies(/home/shibin/ros2_ws/install/rrt_package/share/colcon-core/packages/rrt_package)
[2.335s] DEBUG:colcon.colcon_core.event_handler.log_command:Invoked command in '/home/shibin/ros2_ws/src/rrt_package' returned '0': PYTHONPATH=/home/shibin/ros2_ws/build/rrt_package/prefix_override:/usr/lib/python3/dist-packages/colcon_core/task/python/colcon_distutils_commands:/home/shibin/ros2_ws/install/rrt_package/lib/python3.10/site-packages:${PYTHONPATH} /usr/bin/python3 -W ignore:setup.py install is deprecated -W ignore:easy_install command is deprecated setup.py egg_info --egg-base ../../build/rrt_package build --build-base /home/shibin/ros2_ws/build/rrt_package/build install --record /home/shibin/ros2_ws/build/rrt_package/install.log --single-version-externally-managed install_data
[2.525s] Level 1:colcon.colcon_core.environment:create_environment_scripts_only(px4_msgs)
[2.525s] Level 1:colcon.colcon_core.environment:checking '/home/shibin/ros2_ws/install/px4_msgs' for CMake module files
[2.526s] Level 1:colcon.colcon_core.environment:checking '/home/shibin/ros2_ws/install/px4_msgs' for CMake config files
[2.554s] DEBUG:colcon.colcon_core.event_handler.log_command:Invoked command in '/home/shibin/ros2_ws/build/px4_msgs' returned '0': CMAKE_PREFIX_PATH=${CMAKE_PREFIX_PATH}:/home/shibin/ros2_ws/install/rrt_package:/opt/ros/humble /usr/bin/cmake --install /home/shibin/ros2_ws/build/px4_msgs
[2.557s] Level 1:colcon.colcon_core.shell:create_environment_hook('px4_msgs', 'cmake_prefix_path')
[2.557s] INFO:colcon.colcon_core.shell:Creating environment hook '/home/shibin/ros2_ws/install/px4_msgs/share/px4_msgs/hook/cmake_prefix_path.ps1'
[2.558s] INFO:colcon.colcon_core.shell:Creating environment descriptor '/home/shibin/ros2_ws/install/px4_msgs/share/px4_msgs/hook/cmake_prefix_path.dsv'
[2.558s] INFO:colcon.colcon_core.shell:Creating environment hook '/home/shibin/ros2_ws/install/px4_msgs/share/px4_msgs/hook/cmake_prefix_path.sh'
[2.558s] Level 1:colcon.colcon_core.environment:checking '/home/shibin/ros2_ws/install/px4_msgs/lib'
[2.559s] Level 1:colcon.colcon_core.shell:create_environment_hook('px4_msgs', 'ld_library_path_lib')
[2.559s] INFO:colcon.colcon_core.shell:Creating environment hook '/home/shibin/ros2_ws/install/px4_msgs/share/px4_msgs/hook/ld_library_path_lib.ps1'
[2.559s] INFO:colcon.colcon_core.shell:Creating environment descriptor '/home/shibin/ros2_ws/install/px4_msgs/share/px4_msgs/hook/ld_library_path_lib.dsv'
[2.559s] INFO:colcon.colcon_core.shell:Creating environment hook '/home/shibin/ros2_ws/install/px4_msgs/share/px4_msgs/hook/ld_library_path_lib.sh'
[2.560s] Level 1:colcon.colcon_core.environment:checking '/home/shibin/ros2_ws/install/px4_msgs/bin'
[2.560s] Level 1:colcon.colcon_core.environment:checking '/home/shibin/ros2_ws/install/px4_msgs/lib/pkgconfig/px4_msgs.pc'
[2.560s] Level 1:colcon.colcon_core.environment:checking '/home/shibin/ros2_ws/install/px4_msgs/lib/python3.10/site-packages'
[2.560s] Level 1:colcon.colcon_core.environment:checking '/home/shibin/ros2_ws/install/px4_msgs/bin'
[2.561s] INFO:colcon.colcon_core.shell:Creating package script '/home/shibin/ros2_ws/install/px4_msgs/share/px4_msgs/package.ps1'
[2.561s] INFO:colcon.colcon_core.shell:Creating package descriptor '/home/shibin/ros2_ws/install/px4_msgs/share/px4_msgs/package.dsv'
[2.562s] INFO:colcon.colcon_core.shell:Creating package script '/home/shibin/ros2_ws/install/px4_msgs/share/px4_msgs/package.sh'
[2.562s] INFO:colcon.colcon_core.shell:Creating package script '/home/shibin/ros2_ws/install/px4_msgs/share/px4_msgs/package.bash'
[2.563s] INFO:colcon.colcon_core.shell:Creating package script '/home/shibin/ros2_ws/install/px4_msgs/share/px4_msgs/package.zsh'
[2.564s] Level 1:colcon.colcon_core.environment:create_file_with_runtime_dependencies(/home/shibin/ros2_ws/install/px4_msgs/share/colcon-core/packages/px4_msgs)
[2.564s] Level 1:colcon.colcon_core.environment:create_environment_scripts_only(px4_msgs)
[2.564s] Level 1:colcon.colcon_core.environment:checking '/home/shibin/ros2_ws/install/px4_msgs' for CMake module files
[2.565s] Level 1:colcon.colcon_core.environment:checking '/home/shibin/ros2_ws/install/px4_msgs' for CMake config files
[2.570s] Level 1:colcon.colcon_core.shell:create_environment_hook('px4_msgs', 'cmake_prefix_path')
[2.570s] INFO:colcon.colcon_core.shell:Creating environment hook '/home/shibin/ros2_ws/install/px4_msgs/share/px4_msgs/hook/cmake_prefix_path.ps1'
[2.571s] INFO:colcon.colcon_core.shell:Creating environment descriptor '/home/shibin/ros2_ws/install/px4_msgs/share/px4_msgs/hook/cmake_prefix_path.dsv'
[2.571s] INFO:colcon.colcon_core.shell:Creating environment hook '/home/shibin/ros2_ws/install/px4_msgs/share/px4_msgs/hook/cmake_prefix_path.sh'
[2.571s] Level 1:colcon.colcon_core.environment:checking '/home/shibin/ros2_ws/install/px4_msgs/lib'
[2.572s] Level 1:colcon.colcon_core.shell:create_environment_hook('px4_msgs', 'ld_library_path_lib')
[2.572s] INFO:colcon.colcon_core.shell:Creating environment hook '/home/shibin/ros2_ws/install/px4_msgs/share/px4_msgs/hook/ld_library_path_lib.ps1'
[2.572s] INFO:colcon.colcon_core.shell:Creating environment descriptor '/home/shibin/ros2_ws/install/px4_msgs/share/px4_msgs/hook/ld_library_path_lib.dsv'
[2.572s] INFO:colcon.colcon_core.shell:Creating environment hook '/home/shibin/ros2_ws/install/px4_msgs/share/px4_msgs/hook/ld_library_path_lib.sh'
[2.573s] Level 1:colcon.colcon_core.environment:checking '/home/shibin/ros2_ws/install/px4_msgs/bin'
[2.573s] Level 1:colcon.colcon_core.environment:checking '/home/shibin/ros2_ws/install/px4_msgs/lib/pkgconfig/px4_msgs.pc'
[2.573s] Level 1:colcon.colcon_core.environment:checking '/home/shibin/ros2_ws/install/px4_msgs/lib/python3.10/site-packages'
[2.573s] Level 1:colcon.colcon_core.environment:checking '/home/shibin/ros2_ws/install/px4_msgs/bin'
[2.574s] INFO:colcon.colcon_core.shell:Creating package script '/home/shibin/ros2_ws/install/px4_msgs/share/px4_msgs/package.ps1'
[2.574s] INFO:colcon.colcon_core.shell:Creating package descriptor '/home/shibin/ros2_ws/install/px4_msgs/share/px4_msgs/package.dsv'
[2.575s] INFO:colcon.colcon_core.shell:Creating package script '/home/shibin/ros2_ws/install/px4_msgs/share/px4_msgs/package.sh'
[2.575s] INFO:colcon.colcon_core.shell:Creating package script '/home/shibin/ros2_ws/install/px4_msgs/share/px4_msgs/package.bash'
[2.575s] INFO:colcon.colcon_core.shell:Creating package script '/home/shibin/ros2_ws/install/px4_msgs/share/px4_msgs/package.zsh'
[2.576s] Level 1:colcon.colcon_core.environment:create_file_with_runtime_dependencies(/home/shibin/ros2_ws/install/px4_msgs/share/colcon-core/packages/px4_msgs)
[2.576s] INFO:colcon.colcon_ros.task.ament_cmake.build:Building ROS package in '/home/shibin/ros2_ws/src/px4_ros_com' with build type 'ament_cmake'
[2.576s] INFO:colcon.colcon_cmake.task.cmake.build:Building CMake package in '/home/shibin/ros2_ws/src/px4_ros_com'
[2.576s] INFO:colcon.colcon_core.shell:Skip shell extension 'powershell' for command environment: Not usable outside of PowerShell
[2.577s] DEBUG:colcon.colcon_core.shell:Skip shell extension 'dsv' for command environment
[2.592s] DEBUG:colcon.colcon_core.event_handler.log_command:Invoking command in '/home/shibin/ros2_ws/build/px4_ros_com': CMAKE_PREFIX_PATH=/home/shibin/ros2_ws/install/px4_msgs:/home/shibin/ros2_ws/install/px4_ros_com:/home/shibin/ros2_ws/install/rrt_package:/opt/ros/humble LD_LIBRARY_PATH=/home/shibin/ros2_ws/install/px4_msgs/lib:/home/shibin/ros2_ws/install/px4_ros_com/lib:/opt/ros/humble/opt/rviz_ogre_vendor/lib:/opt/ros/humble/lib/x86_64-linux-gnu:/opt/ros/humble/lib /usr/bin/cmake --build /home/shibin/ros2_ws/build/px4_ros_com -- -j8 -l8
[3.050s] DEBUG:colcon.colcon_core.event_handler.log_command:Invoked command in '/home/shibin/ros2_ws/build/px4_ros_com' returned '0': CMAKE_PREFIX_PATH=/home/shibin/ros2_ws/install/px4_msgs:/home/shibin/ros2_ws/install/px4_ros_com:/home/shibin/ros2_ws/install/rrt_package:/opt/ros/humble LD_LIBRARY_PATH=/home/shibin/ros2_ws/install/px4_msgs/lib:/home/shibin/ros2_ws/install/px4_ros_com/lib:/opt/ros/humble/opt/rviz_ogre_vendor/lib:/opt/ros/humble/lib/x86_64-linux-gnu:/opt/ros/humble/lib /usr/bin/cmake --build /home/shibin/ros2_ws/build/px4_ros_com -- -j8 -l8
[3.051s] DEBUG:colcon.colcon_core.event_handler.log_command:Invoking command in '/home/shibin/ros2_ws/build/px4_ros_com': CMAKE_PREFIX_PATH=/home/shibin/ros2_ws/install/px4_msgs:/home/shibin/ros2_ws/install/px4_ros_com:/home/shibin/ros2_ws/install/rrt_package:/opt/ros/humble LD_LIBRARY_PATH=/home/shibin/ros2_ws/install/px4_msgs/lib:/home/shibin/ros2_ws/install/px4_ros_com/lib:/opt/ros/humble/opt/rviz_ogre_vendor/lib:/opt/ros/humble/lib/x86_64-linux-gnu:/opt/ros/humble/lib /usr/bin/cmake --install /home/shibin/ros2_ws/build/px4_ros_com
[3.112s] Level 1:colcon.colcon_core.environment:create_environment_scripts_only(px4_ros_com)
[3.112s] Level 1:colcon.colcon_core.environment:checking '/home/shibin/ros2_ws/install/px4_ros_com' for CMake module files
[3.113s] DEBUG:colcon.colcon_core.event_handler.log_command:Invoked command in '/home/shibin/ros2_ws/build/px4_ros_com' returned '0': CMAKE_PREFIX_PATH=/home/shibin/ros2_ws/install/px4_msgs:/home/shibin/ros2_ws/install/px4_ros_com:/home/shibin/ros2_ws/install/rrt_package:/opt/ros/humble LD_LIBRARY_PATH=/home/shibin/ros2_ws/install/px4_msgs/lib:/home/shibin/ros2_ws/install/px4_ros_com/lib:/opt/ros/humble/opt/rviz_ogre_vendor/lib:/opt/ros/humble/lib/x86_64-linux-gnu:/opt/ros/humble/lib /usr/bin/cmake --install /home/shibin/ros2_ws/build/px4_ros_com
[3.113s] Level 1:colcon.colcon_core.environment:checking '/home/shibin/ros2_ws/install/px4_ros_com' for CMake config files
[3.113s] Level 1:colcon.colcon_core.shell:create_environment_hook('px4_ros_com', 'cmake_prefix_path')
[3.114s] INFO:colcon.colcon_core.shell:Creating environment hook '/home/shibin/ros2_ws/install/px4_ros_com/share/px4_ros_com/hook/cmake_prefix_path.ps1'
[3.114s] INFO:colcon.colcon_core.shell:Creating environment descriptor '/home/shibin/ros2_ws/install/px4_ros_com/share/px4_ros_com/hook/cmake_prefix_path.dsv'
[3.115s] INFO:colcon.colcon_core.shell:Creating environment hook '/home/shibin/ros2_ws/install/px4_ros_com/share/px4_ros_com/hook/cmake_prefix_path.sh'
[3.115s] Level 1:colcon.colcon_core.environment:checking '/home/shibin/ros2_ws/install/px4_ros_com/lib'
[3.115s] Level 1:colcon.colcon_core.shell:create_environment_hook('px4_ros_com', 'ld_library_path_lib')
[3.116s] INFO:colcon.colcon_core.shell:Creating environment hook '/home/shibin/ros2_ws/install/px4_ros_com/share/px4_ros_com/hook/ld_library_path_lib.ps1'
[3.116s] INFO:colcon.colcon_core.shell:Creating environment descriptor '/home/shibin/ros2_ws/install/px4_ros_com/share/px4_ros_com/hook/ld_library_path_lib.dsv'
[3.116s] INFO:colcon.colcon_core.shell:Creating environment hook '/home/shibin/ros2_ws/install/px4_ros_com/share/px4_ros_com/hook/ld_library_path_lib.sh'
[3.117s] Level 1:colcon.colcon_core.environment:checking '/home/shibin/ros2_ws/install/px4_ros_com/bin'
[3.117s] Level 1:colcon.colcon_core.environment:checking '/home/shibin/ros2_ws/install/px4_ros_com/lib/pkgconfig/px4_ros_com.pc'
[3.117s] Level 1:colcon.colcon_core.environment:checking '/home/shibin/ros2_ws/install/px4_ros_com/lib/python3.10/site-packages'
[3.117s] Level 1:colcon.colcon_core.environment:checking '/home/shibin/ros2_ws/install/px4_ros_com/bin'
[3.118s] INFO:colcon.colcon_core.shell:Creating package script '/home/shibin/ros2_ws/install/px4_ros_com/share/px4_ros_com/package.ps1'
[3.118s] INFO:colcon.colcon_core.shell:Creating package descriptor '/home/shibin/ros2_ws/install/px4_ros_com/share/px4_ros_com/package.dsv'
[3.119s] INFO:colcon.colcon_core.shell:Creating package script '/home/shibin/ros2_ws/install/px4_ros_com/share/px4_ros_com/package.sh'
[3.119s] INFO:colcon.colcon_core.shell:Creating package script '/home/shibin/ros2_ws/install/px4_ros_com/share/px4_ros_com/package.bash'
[3.120s] INFO:colcon.colcon_core.shell:Creating package script '/home/shibin/ros2_ws/install/px4_ros_com/share/px4_ros_com/package.zsh'
[3.120s] Level 1:colcon.colcon_core.environment:create_file_with_runtime_dependencies(/home/shibin/ros2_ws/install/px4_ros_com/share/colcon-core/packages/px4_ros_com)
[3.120s] Level 1:colcon.colcon_core.environment:create_environment_scripts_only(px4_ros_com)
[3.121s] Level 1:colcon.colcon_core.environment:checking '/home/shibin/ros2_ws/install/px4_ros_com' for CMake module files
[3.121s] Level 1:colcon.colcon_core.environment:checking '/home/shibin/ros2_ws/install/px4_ros_com' for CMake config files
[3.122s] Level 1:colcon.colcon_core.shell:create_environment_hook('px4_ros_com', 'cmake_prefix_path')
[3.122s] INFO:colcon.colcon_core.shell:Creating environment hook '/home/shibin/ros2_ws/install/px4_ros_com/share/px4_ros_com/hook/cmake_prefix_path.ps1'
[3.122s] INFO:colcon.colcon_core.shell:Creating environment descriptor '/home/shibin/ros2_ws/install/px4_ros_com/share/px4_ros_com/hook/cmake_prefix_path.dsv'
[3.123s] INFO:colcon.colcon_core.shell:Creating environment hook '/home/shibin/ros2_ws/install/px4_ros_com/share/px4_ros_com/hook/cmake_prefix_path.sh'
[3.123s] Level 1:colcon.colcon_core.environment:checking '/home/shibin/ros2_ws/install/px4_ros_com/lib'
[3.123s] Level 1:colcon.colcon_core.shell:create_environment_hook('px4_ros_com', 'ld_library_path_lib')
[3.123s] INFO:colcon.colcon_core.shell:Creating environment hook '/home/shibin/ros2_ws/install/px4_ros_com/share/px4_ros_com/hook/ld_library_path_lib.ps1'
[3.124s] INFO:colcon.colcon_core.shell:Creating environment descriptor '/home/shibin/ros2_ws/install/px4_ros_com/share/px4_ros_com/hook/ld_library_path_lib.dsv'
[3.124s] INFO:colcon.colcon_core.shell:Creating environment hook '/home/shibin/ros2_ws/install/px4_ros_com/share/px4_ros_com/hook/ld_library_path_lib.sh'
[3.125s] Level 1:colcon.colcon_core.environment:checking '/home/shibin/ros2_ws/install/px4_ros_com/bin'
[3.125s] Level 1:colcon.colcon_core.environment:checking '/home/shibin/ros2_ws/install/px4_ros_com/lib/pkgconfig/px4_ros_com.pc'
[3.125s] Level 1:colcon.colcon_core.environment:checking '/home/shibin/ros2_ws/install/px4_ros_com/lib/python3.10/site-packages'
[3.125s] Level 1:colcon.colcon_core.environment:checking '/home/shibin/ros2_ws/install/px4_ros_com/bin'
[3.126s] INFO:colcon.colcon_core.shell:Creating package script '/home/shibin/ros2_ws/install/px4_ros_com/share/px4_ros_com/package.ps1'
[3.127s] INFO:colcon.colcon_core.shell:Creating package descriptor '/home/shibin/ros2_ws/install/px4_ros_com/share/px4_ros_com/package.dsv'
[3.127s] INFO:colcon.colcon_core.shell:Creating package script '/home/shibin/ros2_ws/install/px4_ros_com/share/px4_ros_com/package.sh'
[3.128s] INFO:colcon.colcon_core.shell:Creating package script '/home/shibin/ros2_ws/install/px4_ros_com/share/px4_ros_com/package.bash'
[3.128s] INFO:colcon.colcon_core.shell:Creating package script '/home/shibin/ros2_ws/install/px4_ros_com/share/px4_ros_com/package.zsh'
[3.129s] Level 1:colcon.colcon_core.environment:create_file_with_runtime_dependencies(/home/shibin/ros2_ws/install/px4_ros_com/share/colcon-core/packages/px4_ros_com)
[3.129s] DEBUG:colcon.colcon_parallel_executor.executor.parallel:closing loop
[3.129s] DEBUG:colcon.colcon_parallel_executor.executor.parallel:loop closed
[3.130s] DEBUG:colcon.colcon_parallel_executor.executor.parallel:run_until_complete finished with '0'
[3.130s] DEBUG:colcon.colcon_core.event_reactor:joining thread
[3.136s] INFO:colcon.colcon_core.plugin_system:Skipping extension 'colcon_notification.desktop_notification.terminal_notifier': Not used on non-Darwin systems
[3.136s] INFO:colcon.colcon_core.plugin_system:Skipping extension 'colcon_notification.desktop_notification.win32': Not used on non-Windows systems
[3.136s] INFO:colcon.colcon_notification.desktop_notification:Sending desktop notification using 'notify2'
[3.147s] DEBUG:colcon.colcon_core.event_reactor:joined thread
[3.147s] INFO:colcon.colcon_core.shell:Creating prefix script '/home/shibin/ros2_ws/install/local_setup.ps1'
[3.148s] INFO:colcon.colcon_core.shell:Creating prefix util module '/home/shibin/ros2_ws/install/_local_setup_util_ps1.py'
[3.149s] INFO:colcon.colcon_core.shell:Creating prefix chain script '/home/shibin/ros2_ws/install/setup.ps1'
[3.151s] INFO:colcon.colcon_core.shell:Creating prefix script '/home/shibin/ros2_ws/install/local_setup.sh'
[3.152s] INFO:colcon.colcon_core.shell:Creating prefix util module '/home/shibin/ros2_ws/install/_local_setup_util_sh.py'
[3.152s] INFO:colcon.colcon_core.shell:Creating prefix chain script '/home/shibin/ros2_ws/install/setup.sh'
[3.154s] INFO:colcon.colcon_core.shell:Creating prefix script '/home/shibin/ros2_ws/install/local_setup.bash'
[3.154s] INFO:colcon.colcon_core.shell:Creating prefix chain script '/home/shibin/ros2_ws/install/setup.bash'
[3.155s] INFO:colcon.colcon_core.shell:Creating prefix script '/home/shibin/ros2_ws/install/local_setup.zsh'
[3.156s] INFO:colcon.colcon_core.shell:Creating prefix chain script '/home/shibin/ros2_ws/install/setup.zsh'
