[4.599s] Invoking command in '/home/shibin/ws_sensor_combined/src/gazebo_ros_bridge': PYTHONPATH=/home/shibin/ws_sensor_combined/build/gazebo_ros_bridge/prefix_override:/usr/lib/python3/dist-packages/colcon_core/task/python/colcon_distutils_commands:/home/shibin/ws_sensor_combined/install/gazebo_ros_bridge/lib/python3.10/site-packages:${PYTHONPATH} /usr/bin/python3 -W ignore:setup.py install is deprecated -W ignore:easy_install command is deprecated setup.py egg_info --egg-base ../../build/gazebo_ros_bridge build --build-base /home/shibin/ws_sensor_combined/build/gazebo_ros_bridge/build install --record /home/shibin/ws_sensor_combined/build/gazebo_ros_bridge/install.log --single-version-externally-managed install_data
[5.726s] running egg_info
[5.728s] writing ../../build/gazebo_ros_bridge/gazebo_ros_bridge.egg-info/PKG-INFO
[5.729s] writing dependency_links to ../../build/gazebo_ros_bridge/gazebo_ros_bridge.egg-info/dependency_links.txt
[5.730s] writing entry points to ../../build/gazebo_ros_bridge/gazebo_ros_bridge.egg-info/entry_points.txt
[5.731s] writing requirements to ../../build/gazebo_ros_bridge/gazebo_ros_bridge.egg-info/requires.txt
[5.731s] writing top-level names to ../../build/gazebo_ros_bridge/gazebo_ros_bridge.egg-info/top_level.txt
[5.737s] reading manifest file '../../build/gazebo_ros_bridge/gazebo_ros_bridge.egg-info/SOURCES.txt'
[5.742s] writing manifest file '../../build/gazebo_ros_bridge/gazebo_ros_bridge.egg-info/SOURCES.txt'
[5.742s] running build
[5.742s] running build_py
[5.745s] running install
[5.745s] running install_lib
[5.748s] running install_data
[5.749s] running install_egg_info
[5.758s] removing '/home/shibin/ws_sensor_combined/install/gazebo_ros_bridge/lib/python3.10/site-packages/gazebo_ros_bridge-0.0.0-py3.10.egg-info' (and everything under it)
[5.759s] Copying ../../build/gazebo_ros_bridge/gazebo_ros_bridge.egg-info to /home/shibin/ws_sensor_combined/install/gazebo_ros_bridge/lib/python3.10/site-packages/gazebo_ros_bridge-0.0.0-py3.10.egg-info
[5.762s] running install_scripts
[5.837s] writing list of installed files to '/home/shibin/ws_sensor_combined/build/gazebo_ros_bridge/install.log'
[5.915s] Invoked command in '/home/shibin/ws_sensor_combined/src/gazebo_ros_bridge' returned '0': PYTHONPATH=/home/shibin/ws_sensor_combined/build/gazebo_ros_bridge/prefix_override:/usr/lib/python3/dist-packages/colcon_core/task/python/colcon_distutils_commands:/home/shibin/ws_sensor_combined/install/gazebo_ros_bridge/lib/python3.10/site-packages:${PYTHONPATH} /usr/bin/python3 -W ignore:setup.py install is deprecated -W ignore:easy_install command is deprecated setup.py egg_info --egg-base ../../build/gazebo_ros_bridge build --build-base /home/shibin/ws_sensor_combined/build/gazebo_ros_bridge/build install --record /home/shibin/ws_sensor_combined/build/gazebo_ros_bridge/install.log --single-version-externally-managed install_data
