-- The C compiler identification is GNU 11.4.0
-- The CXX compiler identification is GNU 11.4.0
-- Detecting C compiler ABI info
-- Detecting C compiler ABI info - done
-- Check for working C compiler: /usr/bin/cc - skipped
-- Detecting C compile features
-- Detecting C compile features - done
-- Detecting CXX compiler ABI info
-- Detecting CXX compiler ABI info - done
-- Check for working CXX compiler: /usr/bin/c++ - skipped
-- Detecting CXX compile features
-- Detecting CXX compile features - done
-- Found ament_cmake: 1.3.11 (/opt/ros/humble/share/ament_cmake/cmake)
-- Found Python3: /usr/bin/python3 (found version "3.10.12") found components: Interpreter 
-- Found rclcpp: 16.0.11 (/opt/ros/humble/share/rclcpp/cmake)
-- Found rosidl_generator_c: 3.1.6 (/opt/ros/humble/share/rosidl_generator_c/cmake)
-- Found rosidl_adapter: 3.1.6 (/opt/ros/humble/share/rosidl_adapter/cmake)
-- Found rosidl_generator_cpp: 3.1.6 (/opt/ros/humble/share/rosidl_generator_cpp/cmake)
-- Using all available rosidl_typesupport_c: rosidl_typesupport_fastrtps_c;rosidl_typesupport_introspection_c
-- Using all available rosidl_typesupport_cpp: rosidl_typesupport_fastrtps_cpp;rosidl_typesupport_introspection_cpp
-- Found rmw_implementation_cmake: 6.1.2 (/opt/ros/humble/share/rmw_implementation_cmake/cmake)
-- Found rmw_fastrtps_cpp: 6.2.7 (/opt/ros/humble/share/rmw_fastrtps_cpp/cmake)
-- Found OpenSSL: /usr/lib/x86_64-linux-gnu/libcrypto.so (found version "3.0.2")  
-- Found FastRTPS: /opt/ros/humble/include  
-- Using RMW implementation 'rmw_fastrtps_cpp' as default
-- Looking for pthread.h
-- Looking for pthread.h - found
-- Performing Test CMAKE_HAVE_LIBC_PTHREAD
-- Performing Test CMAKE_HAVE_LIBC_PTHREAD - Success
-- Found Threads: TRUE  
-- Found px4_msgs: 2.0.1 (/home/shibin/ros2_ws/install/px4_msgs/share/px4_msgs/cmake)
-- Found px4_msgs_old: 2.0.1 (/home/shibin/ros2_ws/install/px4_msgs_old/share/px4_msgs_old/cmake)
-- Found ament_lint_auto: 0.12.11 (/opt/ros/humble/share/ament_lint_auto/cmake)
-- Found ament_cmake_gtest: 1.3.11 (/opt/ros/humble/share/ament_cmake_gtest/cmake)
-- Found rosidl_default_generators: 1.2.0 (/opt/ros/humble/share/rosidl_default_generators/cmake)
-- Found ament_cmake_ros: 0.10.0 (/opt/ros/humble/share/ament_cmake_ros/cmake)
-- Using all available rosidl_typesupport_c: rosidl_typesupport_fastrtps_c;rosidl_typesupport_introspection_c
-- Using all available rosidl_typesupport_cpp: rosidl_typesupport_fastrtps_cpp;rosidl_typesupport_introspection_cpp
-- Found PythonInterp: /usr/bin/python3 (found suitable version "3.10.12", minimum required is "3.6") 
-- Found python_cmake_module: 0.10.0 (/opt/ros/humble/share/python_cmake_module/cmake)
-- Found PythonLibs: /usr/lib/x86_64-linux-gnu/libpython3.10.so (found suitable version "3.10.12", minimum required is "3.5") 
-- Using PYTHON_EXECUTABLE: /usr/bin/python3
-- Using PYTHON_INCLUDE_DIRS: /usr/include/python3.10
-- Using PYTHON_LIBRARIES: /usr/lib/x86_64-linux-gnu/libpython3.10.so
-- Found PythonExtra: .so  
-- Found gtest sources under '/opt/ros/humble/src/gtest_vendor': C++ tests using 'Google Test' will be built
-- Added test 'copyright' to check source files copyright and LICENSE
-- Added test 'cppcheck' to perform static code analysis on C / C++ code
-- Configured cppcheck include dirs: /home/shibin/ros2_ws/src/translation_node/src
-- Configured cppcheck exclude dirs and/or files: 
-- Added test 'cpplint' to check C / C++ code against the Google style
-- Configured cpplint exclude dirs and/or files: 
-- Added test 'lint_cmake' to check CMake code style
-- Added test 'uncrustify' to check C / C++ code style
-- Configured uncrustify additional arguments: 
-- Added test 'xmllint' to check XML markup files
-- Configuring done
-- Generating done
-- Build files have been written to: /home/shibin/ros2_ws/build/translation_node
[  1%] [34m[1mGenerating C code for ROS interfaces[0m
[  3%] [32mBuilding CXX object CMakeFiles/translation_node_lib.dir/src/monitor.cpp.o[0m
[  4%] [32mBuilding CXX object gtest/CMakeFiles/gtest.dir/src/gtest-all.cc.o[0m
[  6%] [32mBuilding CXX object CMakeFiles/translation_node_lib.dir/src/pub_sub_graph.cpp.o[0m
[  8%] [32mBuilding CXX object CMakeFiles/translation_node_lib.dir/src/service_graph.cpp.o[0m
[  9%] [32mBuilding CXX object gtest/CMakeFiles/gtest_main.dir/src/gtest_main.cc.o[0m
[ 11%] [34m[1mGenerating C++ code for ROS interfaces[0m
[ 11%] Built target ament_cmake_python_copy_translation_node
[ 12%] [32mBuilding CXX object CMakeFiles/translation_node_lib.dir/src/translations.cpp.o[0m
[ 12%] Built target translation_node__cpp
[ 14%] [32mBuilding C object CMakeFiles/translation_node__rosidl_generator_c.dir/rosidl_generator_c/translation_node/srv/detail/test_v0__functions.c.o[0m
[ 16%] [32mBuilding C object CMakeFiles/translation_node__rosidl_generator_c.dir/rosidl_generator_c/translation_node/srv/detail/test_v1__functions.c.o[0m
[ 17%] [32mBuilding C object CMakeFiles/translation_node__rosidl_generator_c.dir/rosidl_generator_c/translation_node/srv/detail/test_v2__functions.c.o[0m
[ 19%] [32m[1mLinking C shared library libtranslation_node__rosidl_generator_c.so[0m
[ 19%] Built target translation_node__rosidl_generator_c
[ 20%] [34m[1mGenerating C++ type support dispatch for ROS interfaces[0m
running egg_info
creating translation_node.egg-info
writing translation_node.egg-info/PKG-INFO
writing dependency_links to translation_node.egg-info/dependency_links.txt
writing top-level names to translation_node.egg-info/top_level.txt
writing manifest file 'translation_node.egg-info/SOURCES.txt'
reading manifest file 'translation_node.egg-info/SOURCES.txt'
writing manifest file 'translation_node.egg-info/SOURCES.txt'
[ 20%] Built target ament_cmake_python_build_translation_node_egg
[ 22%] [34m[1mGenerating C type support for eProsima Fast-RTPS[0m
[ 24%] [32mBuilding CXX object CMakeFiles/translation_node__rosidl_typesupport_cpp.dir/rosidl_typesupport_cpp/translation_node/srv/test_v0__type_support.cpp.o[0m
[ 25%] [32m[1mLinking CXX static library libgtest_main.a[0m
[ 25%] Built target gtest_main
[ 27%] [34m[1mGenerating C++ type support for eProsima Fast-RTPS[0m
[ 29%] [32mBuilding CXX object CMakeFiles/translation_node__rosidl_typesupport_cpp.dir/rosidl_typesupport_cpp/translation_node/srv/test_v1__type_support.cpp.o[0m
[ 30%] [32mBuilding CXX object CMakeFiles/translation_node__rosidl_typesupport_fastrtps_c.dir/rosidl_typesupport_fastrtps_c/translation_node/srv/detail/test_v0__type_support_c.cpp.o[0m
[ 32%] [32mBuilding CXX object CMakeFiles/translation_node__rosidl_typesupport_cpp.dir/rosidl_typesupport_cpp/translation_node/srv/test_v2__type_support.cpp.o[0m
[ 33%] [32mBuilding CXX object CMakeFiles/translation_node__rosidl_typesupport_fastrtps_cpp.dir/rosidl_typesupport_fastrtps_cpp/translation_node/srv/detail/dds_fastrtps/test_v0__type_support.cpp.o[0m
[ 35%] [32m[1mLinking CXX shared library libtranslation_node__rosidl_typesupport_cpp.so[0m
[ 37%] [32mBuilding CXX object CMakeFiles/translation_node__rosidl_typesupport_fastrtps_c.dir/rosidl_typesupport_fastrtps_c/translation_node/srv/detail/test_v1__type_support_c.cpp.o[0m
[ 37%] Built target translation_node__rosidl_typesupport_cpp
[ 38%] [32mBuilding CXX object CMakeFiles/translation_node__rosidl_typesupport_fastrtps_c.dir/rosidl_typesupport_fastrtps_c/translation_node/srv/detail/test_v2__type_support_c.cpp.o[0m
[ 40%] [32mBuilding CXX object CMakeFiles/translation_node__rosidl_typesupport_fastrtps_cpp.dir/rosidl_typesupport_fastrtps_cpp/translation_node/srv/detail/dds_fastrtps/test_v1__type_support.cpp.o[0m
[ 41%] [32mBuilding CXX object CMakeFiles/translation_node__rosidl_typesupport_fastrtps_cpp.dir/rosidl_typesupport_fastrtps_cpp/translation_node/srv/detail/dds_fastrtps/test_v2__type_support.cpp.o[0m
[ 43%] [32m[1mLinking CXX shared library libtranslation_node__rosidl_typesupport_fastrtps_c.so[0m
[ 43%] Built target translation_node__rosidl_typesupport_fastrtps_c
[ 45%] [34m[1mGenerating C introspection for ROS interfaces[0m
[ 46%] [34m[1mGenerating C type support dispatch for ROS interfaces[0m
[ 48%] [32m[1mLinking CXX shared library libtranslation_node__rosidl_typesupport_fastrtps_cpp.so[0m
[ 48%] Built target translation_node__rosidl_typesupport_fastrtps_cpp
[ 50%] [34m[1mGenerating C++ introspection for ROS interfaces[0m
[ 51%] [32mBuilding C object CMakeFiles/translation_node__rosidl_typesupport_introspection_c.dir/rosidl_typesupport_introspection_c/translation_node/srv/detail/test_v0__type_support.c.o[0m
[ 53%] [32mBuilding C object CMakeFiles/translation_node__rosidl_typesupport_introspection_c.dir/rosidl_typesupport_introspection_c/translation_node/srv/detail/test_v1__type_support.c.o[0m
[ 54%] [32mBuilding CXX object CMakeFiles/translation_node__rosidl_typesupport_c.dir/rosidl_typesupport_c/translation_node/srv/test_v0__type_support.cpp.o[0m
[ 56%] [32mBuilding C object CMakeFiles/translation_node__rosidl_typesupport_introspection_c.dir/rosidl_typesupport_introspection_c/translation_node/srv/detail/test_v2__type_support.c.o[0m
[ 58%] [32mBuilding CXX object CMakeFiles/translation_node__rosidl_typesupport_c.dir/rosidl_typesupport_c/translation_node/srv/test_v1__type_support.cpp.o[0m
[ 59%] [32m[1mLinking C shared library libtranslation_node__rosidl_typesupport_introspection_c.so[0m
[ 61%] [32mBuilding CXX object CMakeFiles/translation_node__rosidl_typesupport_c.dir/rosidl_typesupport_c/translation_node/srv/test_v2__type_support.cpp.o[0m
[ 61%] Built target translation_node__rosidl_typesupport_introspection_c
[ 62%] [32m[1mLinking CXX shared library libtranslation_node__rosidl_typesupport_c.so[0m
[ 62%] Built target translation_node__rosidl_typesupport_c
[ 64%] [32mBuilding CXX object CMakeFiles/translation_node__rosidl_typesupport_introspection_cpp.dir/rosidl_typesupport_introspection_cpp/translation_node/srv/detail/test_v1__type_support.cpp.o[0m
[ 66%] [32mBuilding CXX object CMakeFiles/translation_node__rosidl_typesupport_introspection_cpp.dir/rosidl_typesupport_introspection_cpp/translation_node/srv/detail/test_v0__type_support.cpp.o[0m
[ 67%] [32mBuilding CXX object CMakeFiles/translation_node__rosidl_typesupport_introspection_cpp.dir/rosidl_typesupport_introspection_cpp/translation_node/srv/detail/test_v2__type_support.cpp.o[0m
[ 69%] [32m[1mLinking CXX shared library libtranslation_node__rosidl_typesupport_introspection_cpp.so[0m
[ 69%] Built target translation_node__rosidl_typesupport_introspection_cpp
[ 69%] Built target translation_node
[ 70%] [34m[1mGenerating Python code for ROS interfaces[0m
[ 72%] [32m[1mLinking CXX static library libgtest.a[0m
[ 72%] Built target gtest
[ 72%] Built target translation_node__py
[ 75%] [32mBuilding C object CMakeFiles/translation_node__rosidl_generator_py.dir/rosidl_generator_py/translation_node/srv/_test_v2_s.c.o[0m
[ 75%] [32mBuilding C object CMakeFiles/translation_node__rosidl_generator_py.dir/rosidl_generator_py/translation_node/srv/_test_v1_s.c.o[0m
[ 77%] [32mBuilding C object CMakeFiles/translation_node__rosidl_generator_py.dir/rosidl_generator_py/translation_node/srv/_test_v0_s.c.o[0m
[ 79%] [32m[1mLinking C shared library rosidl_generator_py/translation_node/libtranslation_node__rosidl_generator_py.so[0m
[ 79%] Built target translation_node__rosidl_generator_py
[ 83%] [32mBuilding C object CMakeFiles/translation_node__rosidl_typesupport_c__pyext.dir/rosidl_generator_py/translation_node/_translation_node_s.ep.rosidl_typesupport_c.c.o[0m
[ 83%] [32mBuilding C object CMakeFiles/translation_node__rosidl_typesupport_fastrtps_c__pyext.dir/rosidl_generator_py/translation_node/_translation_node_s.ep.rosidl_typesupport_fastrtps_c.c.o[0m
[ 83%] [32mBuilding C object CMakeFiles/translation_node__rosidl_typesupport_introspection_c__pyext.dir/rosidl_generator_py/translation_node/_translation_node_s.ep.rosidl_typesupport_introspection_c.c.o[0m
[ 85%] [32m[1mLinking CXX static library libtranslation_node_lib.a[0m
[ 85%] Built target translation_node_lib
[ 87%] [32mBuilding CXX object CMakeFiles/translation_node_bin.dir/src/main.cpp.o[0m
[ 88%] [32mBuilding CXX object CMakeFiles/translation_node_unit_tests.dir/test/graph.cpp.o[0m
[ 91%] [32mBuilding CXX object CMakeFiles/translation_node_unit_tests.dir/test/pub_sub.cpp.o[0m
[ 91%] [32mBuilding CXX object CMakeFiles/translation_node_unit_tests.dir/test/main.cpp.o[0m
[ 93%] [32m[1mLinking C shared library rosidl_generator_py/translation_node/translation_node_s__rosidl_typesupport_fastrtps_c.cpython-310-x86_64-linux-gnu.so[0m
[ 95%] [32m[1mLinking C shared library rosidl_generator_py/translation_node/translation_node_s__rosidl_typesupport_introspection_c.cpython-310-x86_64-linux-gnu.so[0m
[ 96%] [32m[1mLinking C shared library rosidl_generator_py/translation_node/translation_node_s__rosidl_typesupport_c.cpython-310-x86_64-linux-gnu.so[0m
[ 96%] Built target translation_node__rosidl_typesupport_fastrtps_c__pyext
[ 96%] Built target translation_node__rosidl_typesupport_c__pyext
[ 96%] Built target translation_node__rosidl_typesupport_introspection_c__pyext
[ 98%] [32m[1mLinking CXX executable translation_node_bin[0m
[ 98%] Built target translation_node_bin
[100%] [32m[1mLinking CXX executable translation_node_unit_tests[0m
[100%] Built target translation_node_unit_tests
-- Install configuration: ""
-- Installing: /home/shibin/ros2_ws/install/translation_node/lib/translation_node/translation_node_bin
-- Set runtime path of "/home/shibin/ros2_ws/install/translation_node/lib/translation_node/translation_node_bin" to ""
-- Installing: /home/shibin/ros2_ws/install/translation_node/share/ament_index/resource_index/rosidl_interfaces/translation_node
-- Installing: /home/shibin/ros2_ws/install/translation_node/include/translation_node/translation_node
-- Installing: /home/shibin/ros2_ws/install/translation_node/include/translation_node/translation_node/msg
-- Installing: /home/shibin/ros2_ws/install/translation_node/include/translation_node/translation_node/msg/rosidl_generator_c__visibility_control.h
-- Installing: /home/shibin/ros2_ws/install/translation_node/include/translation_node/translation_node/srv
-- Installing: /home/shibin/ros2_ws/install/translation_node/include/translation_node/translation_node/srv/test_v0.h
-- Installing: /home/shibin/ros2_ws/install/translation_node/include/translation_node/translation_node/srv/test_v2.h
-- Installing: /home/shibin/ros2_ws/install/translation_node/include/translation_node/translation_node/srv/detail
-- Installing: /home/shibin/ros2_ws/install/translation_node/include/translation_node/translation_node/srv/detail/test_v2__type_support.h
-- Installing: /home/shibin/ros2_ws/install/translation_node/include/translation_node/translation_node/srv/detail/test_v1__functions.h
-- Installing: /home/shibin/ros2_ws/install/translation_node/include/translation_node/translation_node/srv/detail/test_v0__type_support.h
-- Installing: /home/shibin/ros2_ws/install/translation_node/include/translation_node/translation_node/srv/detail/test_v0__functions.h
-- Installing: /home/shibin/ros2_ws/install/translation_node/include/translation_node/translation_node/srv/detail/test_v2__functions.h
-- Installing: /home/shibin/ros2_ws/install/translation_node/include/translation_node/translation_node/srv/detail/test_v1__struct.h
-- Installing: /home/shibin/ros2_ws/install/translation_node/include/translation_node/translation_node/srv/detail/test_v0__functions.c
-- Installing: /home/shibin/ros2_ws/install/translation_node/include/translation_node/translation_node/srv/detail/test_v1__functions.c
-- Installing: /home/shibin/ros2_ws/install/translation_node/include/translation_node/translation_node/srv/detail/test_v0__struct.h
-- Installing: /home/shibin/ros2_ws/install/translation_node/include/translation_node/translation_node/srv/detail/test_v1__type_support.h
-- Installing: /home/shibin/ros2_ws/install/translation_node/include/translation_node/translation_node/srv/detail/test_v2__functions.c
-- Installing: /home/shibin/ros2_ws/install/translation_node/include/translation_node/translation_node/srv/detail/test_v2__struct.h
-- Installing: /home/shibin/ros2_ws/install/translation_node/include/translation_node/translation_node/srv/test_v1.h
-- Installing: /home/shibin/ros2_ws/install/translation_node/share/translation_node/environment/library_path.sh
-- Installing: /home/shibin/ros2_ws/install/translation_node/share/translation_node/environment/library_path.dsv
-- Installing: /home/shibin/ros2_ws/install/translation_node/lib/libtranslation_node__rosidl_generator_c.so
-- Set runtime path of "/home/shibin/ros2_ws/install/translation_node/lib/libtranslation_node__rosidl_generator_c.so" to ""
-- Up-to-date: /home/shibin/ros2_ws/install/translation_node/include/translation_node/translation_node
-- Up-to-date: /home/shibin/ros2_ws/install/translation_node/include/translation_node/translation_node/msg
-- Installing: /home/shibin/ros2_ws/install/translation_node/include/translation_node/translation_node/msg/rosidl_typesupport_fastrtps_c__visibility_control.h
-- Up-to-date: /home/shibin/ros2_ws/install/translation_node/include/translation_node/translation_node/srv
-- Up-to-date: /home/shibin/ros2_ws/install/translation_node/include/translation_node/translation_node/srv/detail
-- Installing: /home/shibin/ros2_ws/install/translation_node/include/translation_node/translation_node/srv/detail/test_v2__rosidl_typesupport_fastrtps_c.h
-- Installing: /home/shibin/ros2_ws/install/translation_node/include/translation_node/translation_node/srv/detail/test_v0__rosidl_typesupport_fastrtps_c.h
-- Installing: /home/shibin/ros2_ws/install/translation_node/include/translation_node/translation_node/srv/detail/test_v1__rosidl_typesupport_fastrtps_c.h
-- Installing: /home/shibin/ros2_ws/install/translation_node/lib/libtranslation_node__rosidl_typesupport_fastrtps_c.so
-- Set runtime path of "/home/shibin/ros2_ws/install/translation_node/lib/libtranslation_node__rosidl_typesupport_fastrtps_c.so" to ""
-- Up-to-date: /home/shibin/ros2_ws/install/translation_node/include/translation_node/translation_node
-- Up-to-date: /home/shibin/ros2_ws/install/translation_node/include/translation_node/translation_node/msg
-- Installing: /home/shibin/ros2_ws/install/translation_node/include/translation_node/translation_node/msg/rosidl_generator_cpp__visibility_control.hpp
-- Up-to-date: /home/shibin/ros2_ws/install/translation_node/include/translation_node/translation_node/srv
-- Installing: /home/shibin/ros2_ws/install/translation_node/include/translation_node/translation_node/srv/test_v0.hpp
-- Installing: /home/shibin/ros2_ws/install/translation_node/include/translation_node/translation_node/srv/test_v2.hpp
-- Up-to-date: /home/shibin/ros2_ws/install/translation_node/include/translation_node/translation_node/srv/detail
-- Installing: /home/shibin/ros2_ws/install/translation_node/include/translation_node/translation_node/srv/detail/test_v1__builder.hpp
-- Installing: /home/shibin/ros2_ws/install/translation_node/include/translation_node/translation_node/srv/detail/test_v0__struct.hpp
-- Installing: /home/shibin/ros2_ws/install/translation_node/include/translation_node/translation_node/srv/detail/test_v2__traits.hpp
-- Installing: /home/shibin/ros2_ws/install/translation_node/include/translation_node/translation_node/srv/detail/test_v0__type_support.hpp
-- Installing: /home/shibin/ros2_ws/install/translation_node/include/translation_node/translation_node/srv/detail/test_v1__traits.hpp
-- Installing: /home/shibin/ros2_ws/install/translation_node/include/translation_node/translation_node/srv/detail/test_v0__builder.hpp
-- Installing: /home/shibin/ros2_ws/install/translation_node/include/translation_node/translation_node/srv/detail/test_v1__struct.hpp
-- Installing: /home/shibin/ros2_ws/install/translation_node/include/translation_node/translation_node/srv/detail/test_v2__builder.hpp
-- Installing: /home/shibin/ros2_ws/install/translation_node/include/translation_node/translation_node/srv/detail/test_v1__type_support.hpp
-- Installing: /home/shibin/ros2_ws/install/translation_node/include/translation_node/translation_node/srv/detail/test_v2__type_support.hpp
-- Installing: /home/shibin/ros2_ws/install/translation_node/include/translation_node/translation_node/srv/detail/test_v2__struct.hpp
-- Installing: /home/shibin/ros2_ws/install/translation_node/include/translation_node/translation_node/srv/detail/test_v0__traits.hpp
-- Installing: /home/shibin/ros2_ws/install/translation_node/include/translation_node/translation_node/srv/test_v1.hpp
-- Up-to-date: /home/shibin/ros2_ws/install/translation_node/include/translation_node/translation_node
-- Up-to-date: /home/shibin/ros2_ws/install/translation_node/include/translation_node/translation_node/msg
-- Installing: /home/shibin/ros2_ws/install/translation_node/include/translation_node/translation_node/msg/rosidl_typesupport_fastrtps_cpp__visibility_control.h
-- Up-to-date: /home/shibin/ros2_ws/install/translation_node/include/translation_node/translation_node/srv
-- Up-to-date: /home/shibin/ros2_ws/install/translation_node/include/translation_node/translation_node/srv/detail
-- Installing: /home/shibin/ros2_ws/install/translation_node/include/translation_node/translation_node/srv/detail/test_v2__rosidl_typesupport_fastrtps_cpp.hpp
-- Installing: /home/shibin/ros2_ws/install/translation_node/include/translation_node/translation_node/srv/detail/test_v1__rosidl_typesupport_fastrtps_cpp.hpp
-- Installing: /home/shibin/ros2_ws/install/translation_node/include/translation_node/translation_node/srv/detail/test_v0__rosidl_typesupport_fastrtps_cpp.hpp
-- Installing: /home/shibin/ros2_ws/install/translation_node/include/translation_node/translation_node/srv/detail/dds_fastrtps
-- Installing: /home/shibin/ros2_ws/install/translation_node/lib/libtranslation_node__rosidl_typesupport_fastrtps_cpp.so
-- Set runtime path of "/home/shibin/ros2_ws/install/translation_node/lib/libtranslation_node__rosidl_typesupport_fastrtps_cpp.so" to ""
-- Up-to-date: /home/shibin/ros2_ws/install/translation_node/include/translation_node/translation_node
-- Up-to-date: /home/shibin/ros2_ws/install/translation_node/include/translation_node/translation_node/msg
-- Installing: /home/shibin/ros2_ws/install/translation_node/include/translation_node/translation_node/msg/rosidl_typesupport_introspection_c__visibility_control.h
-- Up-to-date: /home/shibin/ros2_ws/install/translation_node/include/translation_node/translation_node/srv
-- Up-to-date: /home/shibin/ros2_ws/install/translation_node/include/translation_node/translation_node/srv/detail
-- Installing: /home/shibin/ros2_ws/install/translation_node/include/translation_node/translation_node/srv/detail/test_v2__type_support.c
-- Installing: /home/shibin/ros2_ws/install/translation_node/include/translation_node/translation_node/srv/detail/test_v0__rosidl_typesupport_introspection_c.h
-- Installing: /home/shibin/ros2_ws/install/translation_node/include/translation_node/translation_node/srv/detail/test_v1__type_support.c
-- Installing: /home/shibin/ros2_ws/install/translation_node/include/translation_node/translation_node/srv/detail/test_v1__rosidl_typesupport_introspection_c.h
-- Installing: /home/shibin/ros2_ws/install/translation_node/include/translation_node/translation_node/srv/detail/test_v2__rosidl_typesupport_introspection_c.h
-- Installing: /home/shibin/ros2_ws/install/translation_node/include/translation_node/translation_node/srv/detail/test_v0__type_support.c
-- Installing: /home/shibin/ros2_ws/install/translation_node/lib/libtranslation_node__rosidl_typesupport_introspection_c.so
-- Set runtime path of "/home/shibin/ros2_ws/install/translation_node/lib/libtranslation_node__rosidl_typesupport_introspection_c.so" to ""
-- Installing: /home/shibin/ros2_ws/install/translation_node/lib/libtranslation_node__rosidl_typesupport_c.so
-- Set runtime path of "/home/shibin/ros2_ws/install/translation_node/lib/libtranslation_node__rosidl_typesupport_c.so" to ""
-- Up-to-date: /home/shibin/ros2_ws/install/translation_node/include/translation_node/translation_node
-- Up-to-date: /home/shibin/ros2_ws/install/translation_node/include/translation_node/translation_node/srv
-- Up-to-date: /home/shibin/ros2_ws/install/translation_node/include/translation_node/translation_node/srv/detail
-- Installing: /home/shibin/ros2_ws/install/translation_node/include/translation_node/translation_node/srv/detail/test_v1__type_support.cpp
-- Installing: /home/shibin/ros2_ws/install/translation_node/include/translation_node/translation_node/srv/detail/test_v0__type_support.cpp
-- Installing: /home/shibin/ros2_ws/install/translation_node/include/translation_node/translation_node/srv/detail/test_v2__type_support.cpp
-- Installing: /home/shibin/ros2_ws/install/translation_node/include/translation_node/translation_node/srv/detail/test_v2__rosidl_typesupport_introspection_cpp.hpp
-- Installing: /home/shibin/ros2_ws/install/translation_node/include/translation_node/translation_node/srv/detail/test_v0__rosidl_typesupport_introspection_cpp.hpp
-- Installing: /home/shibin/ros2_ws/install/translation_node/include/translation_node/translation_node/srv/detail/test_v1__rosidl_typesupport_introspection_cpp.hpp
-- Installing: /home/shibin/ros2_ws/install/translation_node/lib/libtranslation_node__rosidl_typesupport_introspection_cpp.so
-- Set runtime path of "/home/shibin/ros2_ws/install/translation_node/lib/libtranslation_node__rosidl_typesupport_introspection_cpp.so" to ""
-- Installing: /home/shibin/ros2_ws/install/translation_node/lib/libtranslation_node__rosidl_typesupport_cpp.so
-- Set runtime path of "/home/shibin/ros2_ws/install/translation_node/lib/libtranslation_node__rosidl_typesupport_cpp.so" to ""
-- Installing: /home/shibin/ros2_ws/install/translation_node/share/translation_node/environment/pythonpath.sh
-- Installing: /home/shibin/ros2_ws/install/translation_node/share/translation_node/environment/pythonpath.dsv
-- Installing: /home/shibin/ros2_ws/install/translation_node/local/lib/python3.10/dist-packages/translation_node-0.0.0-py3.10.egg-info
-- Installing: /home/shibin/ros2_ws/install/translation_node/local/lib/python3.10/dist-packages/translation_node-0.0.0-py3.10.egg-info/SOURCES.txt
-- Installing: /home/shibin/ros2_ws/install/translation_node/local/lib/python3.10/dist-packages/translation_node-0.0.0-py3.10.egg-info/dependency_links.txt
-- Installing: /home/shibin/ros2_ws/install/translation_node/local/lib/python3.10/dist-packages/translation_node-0.0.0-py3.10.egg-info/top_level.txt
-- Installing: /home/shibin/ros2_ws/install/translation_node/local/lib/python3.10/dist-packages/translation_node-0.0.0-py3.10.egg-info/PKG-INFO
-- Installing: /home/shibin/ros2_ws/install/translation_node/local/lib/python3.10/dist-packages/translation_node
-- Installing: /home/shibin/ros2_ws/install/translation_node/local/lib/python3.10/dist-packages/translation_node/_translation_node_s.ep.rosidl_typesupport_fastrtps_c.c
-- Installing: /home/shibin/ros2_ws/install/translation_node/local/lib/python3.10/dist-packages/translation_node/translation_node_s__rosidl_typesupport_c.cpython-310-x86_64-linux-gnu.so
-- Installing: /home/shibin/ros2_ws/install/translation_node/local/lib/python3.10/dist-packages/translation_node/translation_node_s__rosidl_typesupport_fastrtps_c.cpython-310-x86_64-linux-gnu.so
-- Installing: /home/shibin/ros2_ws/install/translation_node/local/lib/python3.10/dist-packages/translation_node/_translation_node_s.ep.rosidl_typesupport_c.c
-- Installing: /home/shibin/ros2_ws/install/translation_node/local/lib/python3.10/dist-packages/translation_node/srv
-- Installing: /home/shibin/ros2_ws/install/translation_node/local/lib/python3.10/dist-packages/translation_node/srv/_test_v2.py
-- Installing: /home/shibin/ros2_ws/install/translation_node/local/lib/python3.10/dist-packages/translation_node/srv/_test_v0.py
-- Installing: /home/shibin/ros2_ws/install/translation_node/local/lib/python3.10/dist-packages/translation_node/srv/_test_v1.py
-- Installing: /home/shibin/ros2_ws/install/translation_node/local/lib/python3.10/dist-packages/translation_node/srv/_test_v1_s.c
-- Installing: /home/shibin/ros2_ws/install/translation_node/local/lib/python3.10/dist-packages/translation_node/srv/_test_v0_s.c
-- Installing: /home/shibin/ros2_ws/install/translation_node/local/lib/python3.10/dist-packages/translation_node/srv/_test_v2_s.c
-- Installing: /home/shibin/ros2_ws/install/translation_node/local/lib/python3.10/dist-packages/translation_node/srv/__init__.py
-- Installing: /home/shibin/ros2_ws/install/translation_node/local/lib/python3.10/dist-packages/translation_node/translation_node_s__rosidl_typesupport_introspection_c.cpython-310-x86_64-linux-gnu.so
-- Installing: /home/shibin/ros2_ws/install/translation_node/local/lib/python3.10/dist-packages/translation_node/_translation_node_s.ep.rosidl_typesupport_introspection_c.c
-- Installing: /home/shibin/ros2_ws/install/translation_node/local/lib/python3.10/dist-packages/translation_node/__init__.py
-- Installing: /home/shibin/ros2_ws/install/translation_node/local/lib/python3.10/dist-packages/translation_node/libtranslation_node__rosidl_generator_py.so
Listing '/home/shibin/ros2_ws/install/translation_node/local/lib/python3.10/dist-packages/translation_node'...
Compiling '/home/shibin/ros2_ws/install/translation_node/local/lib/python3.10/dist-packages/translation_node/__init__.py'...
Listing '/home/shibin/ros2_ws/install/translation_node/local/lib/python3.10/dist-packages/translation_node/srv'...
Compiling '/home/shibin/ros2_ws/install/translation_node/local/lib/python3.10/dist-packages/translation_node/srv/__init__.py'...
Compiling '/home/shibin/ros2_ws/install/translation_node/local/lib/python3.10/dist-packages/translation_node/srv/_test_v0.py'...
Compiling '/home/shibin/ros2_ws/install/translation_node/local/lib/python3.10/dist-packages/translation_node/srv/_test_v1.py'...
Compiling '/home/shibin/ros2_ws/install/translation_node/local/lib/python3.10/dist-packages/translation_node/srv/_test_v2.py'...
-- Installing: /home/shibin/ros2_ws/install/translation_node/local/lib/python3.10/dist-packages/translation_node/translation_node_s__rosidl_typesupport_fastrtps_c.cpython-310-x86_64-linux-gnu.so
-- Set runtime path of "/home/shibin/ros2_ws/install/translation_node/local/lib/python3.10/dist-packages/translation_node/translation_node_s__rosidl_typesupport_fastrtps_c.cpython-310-x86_64-linux-gnu.so" to ""
-- Installing: /home/shibin/ros2_ws/install/translation_node/local/lib/python3.10/dist-packages/translation_node/translation_node_s__rosidl_typesupport_introspection_c.cpython-310-x86_64-linux-gnu.so
-- Set runtime path of "/home/shibin/ros2_ws/install/translation_node/local/lib/python3.10/dist-packages/translation_node/translation_node_s__rosidl_typesupport_introspection_c.cpython-310-x86_64-linux-gnu.so" to ""
-- Installing: /home/shibin/ros2_ws/install/translation_node/local/lib/python3.10/dist-packages/translation_node/translation_node_s__rosidl_typesupport_c.cpython-310-x86_64-linux-gnu.so
-- Set runtime path of "/home/shibin/ros2_ws/install/translation_node/local/lib/python3.10/dist-packages/translation_node/translation_node_s__rosidl_typesupport_c.cpython-310-x86_64-linux-gnu.so" to ""
-- Installing: /home/shibin/ros2_ws/install/translation_node/lib/libtranslation_node__rosidl_generator_py.so
-- Set runtime path of "/home/shibin/ros2_ws/install/translation_node/lib/libtranslation_node__rosidl_generator_py.so" to ""
-- Installing: /home/shibin/ros2_ws/install/translation_node/share/translation_node/srv/TestV0.idl
-- Installing: /home/shibin/ros2_ws/install/translation_node/share/translation_node/srv/TestV1.idl
-- Installing: /home/shibin/ros2_ws/install/translation_node/share/translation_node/srv/TestV2.idl
-- Installing: /home/shibin/ros2_ws/install/translation_node/share/translation_node/srv/TestV0.srv
-- Installing: /home/shibin/ros2_ws/install/translation_node/share/translation_node/srv/TestV0_Request.msg
-- Installing: /home/shibin/ros2_ws/install/translation_node/share/translation_node/srv/TestV0_Response.msg
-- Installing: /home/shibin/ros2_ws/install/translation_node/share/translation_node/srv/TestV1.srv
-- Installing: /home/shibin/ros2_ws/install/translation_node/share/translation_node/srv/TestV1_Request.msg
-- Installing: /home/shibin/ros2_ws/install/translation_node/share/translation_node/srv/TestV1_Response.msg
-- Installing: /home/shibin/ros2_ws/install/translation_node/share/translation_node/srv/TestV2.srv
-- Installing: /home/shibin/ros2_ws/install/translation_node/share/translation_node/srv/TestV2_Request.msg
-- Installing: /home/shibin/ros2_ws/install/translation_node/share/translation_node/srv/TestV2_Response.msg
-- Installing: /home/shibin/ros2_ws/install/translation_node/share/ament_index/resource_index/package_run_dependencies/translation_node
-- Installing: /home/shibin/ros2_ws/install/translation_node/share/ament_index/resource_index/parent_prefix_path/translation_node
-- Installing: /home/shibin/ros2_ws/install/translation_node/share/translation_node/environment/ament_prefix_path.sh
-- Installing: /home/shibin/ros2_ws/install/translation_node/share/translation_node/environment/ament_prefix_path.dsv
-- Installing: /home/shibin/ros2_ws/install/translation_node/share/translation_node/environment/path.sh
-- Installing: /home/shibin/ros2_ws/install/translation_node/share/translation_node/environment/path.dsv
-- Installing: /home/shibin/ros2_ws/install/translation_node/share/translation_node/local_setup.bash
-- Installing: /home/shibin/ros2_ws/install/translation_node/share/translation_node/local_setup.sh
-- Installing: /home/shibin/ros2_ws/install/translation_node/share/translation_node/local_setup.zsh
-- Installing: /home/shibin/ros2_ws/install/translation_node/share/translation_node/local_setup.dsv
-- Installing: /home/shibin/ros2_ws/install/translation_node/share/translation_node/package.dsv
-- Installing: /home/shibin/ros2_ws/install/translation_node/share/ament_index/resource_index/packages/translation_node
-- Installing: /home/shibin/ros2_ws/install/translation_node/share/translation_node/cmake/export_translation_node__rosidl_generator_cExport.cmake
-- Installing: /home/shibin/ros2_ws/install/translation_node/share/translation_node/cmake/export_translation_node__rosidl_generator_cExport-noconfig.cmake
-- Installing: /home/shibin/ros2_ws/install/translation_node/share/translation_node/cmake/export_translation_node__rosidl_typesupport_fastrtps_cExport.cmake
-- Installing: /home/shibin/ros2_ws/install/translation_node/share/translation_node/cmake/export_translation_node__rosidl_typesupport_fastrtps_cExport-noconfig.cmake
-- Installing: /home/shibin/ros2_ws/install/translation_node/share/translation_node/cmake/export_translation_node__rosidl_generator_cppExport.cmake
-- Installing: /home/shibin/ros2_ws/install/translation_node/share/translation_node/cmake/export_translation_node__rosidl_typesupport_fastrtps_cppExport.cmake
-- Installing: /home/shibin/ros2_ws/install/translation_node/share/translation_node/cmake/export_translation_node__rosidl_typesupport_fastrtps_cppExport-noconfig.cmake
-- Installing: /home/shibin/ros2_ws/install/translation_node/share/translation_node/cmake/translation_node__rosidl_typesupport_introspection_cExport.cmake
-- Installing: /home/shibin/ros2_ws/install/translation_node/share/translation_node/cmake/translation_node__rosidl_typesupport_introspection_cExport-noconfig.cmake
-- Installing: /home/shibin/ros2_ws/install/translation_node/share/translation_node/cmake/translation_node__rosidl_typesupport_cExport.cmake
-- Installing: /home/shibin/ros2_ws/install/translation_node/share/translation_node/cmake/translation_node__rosidl_typesupport_cExport-noconfig.cmake
-- Installing: /home/shibin/ros2_ws/install/translation_node/share/translation_node/cmake/translation_node__rosidl_typesupport_introspection_cppExport.cmake
-- Installing: /home/shibin/ros2_ws/install/translation_node/share/translation_node/cmake/translation_node__rosidl_typesupport_introspection_cppExport-noconfig.cmake
-- Installing: /home/shibin/ros2_ws/install/translation_node/share/translation_node/cmake/translation_node__rosidl_typesupport_cppExport.cmake
-- Installing: /home/shibin/ros2_ws/install/translation_node/share/translation_node/cmake/translation_node__rosidl_typesupport_cppExport-noconfig.cmake
-- Installing: /home/shibin/ros2_ws/install/translation_node/share/translation_node/cmake/export_translation_node__rosidl_generator_pyExport.cmake
-- Installing: /home/shibin/ros2_ws/install/translation_node/share/translation_node/cmake/export_translation_node__rosidl_generator_pyExport-noconfig.cmake
-- Installing: /home/shibin/ros2_ws/install/translation_node/share/translation_node/cmake/rosidl_cmake-extras.cmake
-- Installing: /home/shibin/ros2_ws/install/translation_node/share/translation_node/cmake/ament_cmake_export_include_directories-extras.cmake
-- Installing: /home/shibin/ros2_ws/install/translation_node/share/translation_node/cmake/ament_cmake_export_libraries-extras.cmake
-- Installing: /home/shibin/ros2_ws/install/translation_node/share/translation_node/cmake/ament_cmake_export_targets-extras.cmake
-- Installing: /home/shibin/ros2_ws/install/translation_node/share/translation_node/cmake/rosidl_cmake_export_typesupport_targets-extras.cmake
-- Installing: /home/shibin/ros2_ws/install/translation_node/share/translation_node/cmake/ament_cmake_export_dependencies-extras.cmake
-- Installing: /home/shibin/ros2_ws/install/translation_node/share/translation_node/cmake/rosidl_cmake_export_typesupport_libraries-extras.cmake
-- Installing: /home/shibin/ros2_ws/install/translation_node/share/translation_node/cmake/translation_nodeConfig.cmake
-- Installing: /home/shibin/ros2_ws/install/translation_node/share/translation_node/cmake/translation_nodeConfig-version.cmake
-- Installing: /home/shibin/ros2_ws/install/translation_node/share/translation_node/package.xml
