[0.268s] Invoking command in '/home/shibin/ros2_ws/build/translation_node': AMENT_PREFIX_PATH=/home/shibin/ros2_ws/install/px4_msgs_old:${AMENT_PREFIX_PATH} CMAKE_PREFIX_PATH=/home/shibin/ros2_ws/install/px4_msgs_old:/home/shibin/ros2_ws/install/px4_msgs:/home/shibin/ros2_ws/install/px4_ros_com:/home/shibin/ros2_ws/install/rrt_package:/home/shibin/ros2_ws/install/px4_offboard:/opt/ros/humble LD_LIBRARY_PATH=/home/shibin/ros2_ws/install/px4_msgs/lib:/home/shibin/ros2_ws/install/px4_ros_com/lib:/opt/ros/humble/opt/rviz_ogre_vendor/lib:/opt/ros/humble/lib/x86_64-linux-gnu:/opt/ros/humble/lib /usr/bin/cmake /home/shibin/ros2_ws/src/translation_node -DCMAKE_INSTALL_PREFIX=/home/shibin/ros2_ws/install/translation_node
[0.335s] -- The C compiler identification is GNU 11.4.0
[0.406s] -- The CXX compiler identification is GNU 11.4.0
[0.413s] -- Detecting C compiler ABI info
[0.474s] -- Detecting C compiler ABI info - done
[0.489s] -- Check for working C compiler: /usr/bin/cc - skipped
[0.489s] -- Detecting C compile features
[0.490s] -- Detecting C compile features - done
[0.494s] -- Detecting CXX compiler ABI info
[0.570s] -- Detecting CXX compiler ABI info - done
[0.586s] -- Check for working CXX compiler: /usr/bin/c++ - skipped
[0.586s] -- Detecting CXX compile features
[0.587s] -- Detecting CXX compile features - done
[0.590s] -- Found ament_cmake: 1.3.11 (/opt/ros/humble/share/ament_cmake/cmake)
[1.001s] -- Found Python3: /usr/bin/python3 (found version "3.10.12") found components: Interpreter 
[1.125s] -- Found rclcpp: 16.0.11 (/opt/ros/humble/share/rclcpp/cmake)
[1.175s] -- Found rosidl_generator_c: 3.1.6 (/opt/ros/humble/share/rosidl_generator_c/cmake)
[1.180s] -- Found rosidl_adapter: 3.1.6 (/opt/ros/humble/share/rosidl_adapter/cmake)
[1.188s] -- Found rosidl_generator_cpp: 3.1.6 (/opt/ros/humble/share/rosidl_generator_cpp/cmake)
[1.201s] -- Using all available rosidl_typesupport_c: rosidl_typesupport_fastrtps_c;rosidl_typesupport_introspection_c
[1.217s] -- Using all available rosidl_typesupport_cpp: rosidl_typesupport_fastrtps_cpp;rosidl_typesupport_introspection_cpp
[1.276s] -- Found rmw_implementation_cmake: 6.1.2 (/opt/ros/humble/share/rmw_implementation_cmake/cmake)
[1.279s] -- Found rmw_fastrtps_cpp: 6.2.7 (/opt/ros/humble/share/rmw_fastrtps_cpp/cmake)
[1.379s] -- Found OpenSSL: /usr/lib/x86_64-linux-gnu/libcrypto.so (found version "3.0.2")  
[1.410s] -- Found FastRTPS: /opt/ros/humble/include  
[1.451s] -- Using RMW implementation 'rmw_fastrtps_cpp' as default
[1.464s] -- Looking for pthread.h
[1.536s] -- Looking for pthread.h - found
[1.536s] -- Performing Test CMAKE_HAVE_LIBC_PTHREAD
[1.603s] -- Performing Test CMAKE_HAVE_LIBC_PTHREAD - Success
[1.604s] -- Found Threads: TRUE  
[1.687s] -- Found px4_msgs: 2.0.1 (/home/shibin/ros2_ws/install/px4_msgs/share/px4_msgs/cmake)
[1.703s] -- Found px4_msgs_old: 2.0.1 (/home/shibin/ros2_ws/install/px4_msgs_old/share/px4_msgs_old/cmake)
[1.708s] [33mCMake Warning at CMakeLists.txt:40 (message):
[1.708s]   Disabling services for ROS humble (API is not supported)
[1.708s] 
[1.708s] [0m
[1.711s] -- Found ament_lint_auto: 0.12.11 (/opt/ros/humble/share/ament_lint_auto/cmake)
[1.715s] -- Found ament_cmake_gtest: 1.3.11 (/opt/ros/humble/share/ament_cmake_gtest/cmake)
[1.718s] -- Found rosidl_default_generators: 1.2.0 (/opt/ros/humble/share/rosidl_default_generators/cmake)
[2.072s] -- Found ament_cmake_ros: 0.10.0 (/opt/ros/humble/share/ament_cmake_ros/cmake)
[2.430s] -- Using all available rosidl_typesupport_c: rosidl_typesupport_fastrtps_c;rosidl_typesupport_introspection_c
[2.561s] -- Using all available rosidl_typesupport_cpp: rosidl_typesupport_fastrtps_cpp;rosidl_typesupport_introspection_cpp
[2.586s] -- Found PythonInterp: /usr/bin/python3 (found suitable version "3.10.12", minimum required is "3.6") 
[2.589s] -- Found python_cmake_module: 0.10.0 (/opt/ros/humble/share/python_cmake_module/cmake)
[2.618s] -- Found PythonLibs: /usr/lib/x86_64-linux-gnu/libpython3.10.so (found suitable version "3.10.12", minimum required is "3.5") 
[2.618s] -- Using PYTHON_EXECUTABLE: /usr/bin/python3
[2.618s] -- Using PYTHON_INCLUDE_DIRS: /usr/include/python3.10
[2.618s] -- Using PYTHON_LIBRARIES: /usr/lib/x86_64-linux-gnu/libpython3.10.so
[2.641s] -- Found PythonExtra: .so  
[2.679s] -- Found gtest sources under '/opt/ros/humble/src/gtest_vendor': C++ tests using 'Google Test' will be built
[2.688s] -- Added test 'copyright' to check source files copyright and LICENSE
[2.690s] -- Added test 'cppcheck' to perform static code analysis on C / C++ code
[2.691s] -- Configured cppcheck include dirs: /home/shibin/ros2_ws/src/translation_node/src
[2.691s] -- Configured cppcheck exclude dirs and/or files: 
[2.692s] -- Added test 'cpplint' to check C / C++ code against the Google style
[2.692s] -- Configured cpplint exclude dirs and/or files: 
[2.694s] -- Added test 'lint_cmake' to check CMake code style
[2.696s] -- Added test 'uncrustify' to check C / C++ code style
[2.696s] -- Configured uncrustify additional arguments: 
[2.696s] -- Added test 'xmllint' to check XML markup files
[2.704s] -- Configuring done
[2.750s] -- Generating done
[2.765s] -- Build files have been written to: /home/shibin/ros2_ws/build/translation_node
[2.777s] Invoked command in '/home/shibin/ros2_ws/build/translation_node' returned '0': AMENT_PREFIX_PATH=/home/shibin/ros2_ws/install/px4_msgs_old:${AMENT_PREFIX_PATH} CMAKE_PREFIX_PATH=/home/shibin/ros2_ws/install/px4_msgs_old:/home/shibin/ros2_ws/install/px4_msgs:/home/shibin/ros2_ws/install/px4_ros_com:/home/shibin/ros2_ws/install/rrt_package:/home/shibin/ros2_ws/install/px4_offboard:/opt/ros/humble LD_LIBRARY_PATH=/home/shibin/ros2_ws/install/px4_msgs/lib:/home/shibin/ros2_ws/install/px4_ros_com/lib:/opt/ros/humble/opt/rviz_ogre_vendor/lib:/opt/ros/humble/lib/x86_64-linux-gnu:/opt/ros/humble/lib /usr/bin/cmake /home/shibin/ros2_ws/src/translation_node -DCMAKE_INSTALL_PREFIX=/home/shibin/ros2_ws/install/translation_node
[2.779s] Invoking command in '/home/shibin/ros2_ws/build/translation_node': AMENT_PREFIX_PATH=/home/shibin/ros2_ws/install/px4_msgs_old:${AMENT_PREFIX_PATH} CMAKE_PREFIX_PATH=/home/shibin/ros2_ws/install/px4_msgs_old:/home/shibin/ros2_ws/install/px4_msgs:/home/shibin/ros2_ws/install/px4_ros_com:/home/shibin/ros2_ws/install/rrt_package:/home/shibin/ros2_ws/install/px4_offboard:/opt/ros/humble LD_LIBRARY_PATH=/home/shibin/ros2_ws/install/px4_msgs/lib:/home/shibin/ros2_ws/install/px4_ros_com/lib:/opt/ros/humble/opt/rviz_ogre_vendor/lib:/opt/ros/humble/lib/x86_64-linux-gnu:/opt/ros/humble/lib /usr/bin/cmake --build /home/shibin/ros2_ws/build/translation_node -- -j8 -l8
[2.820s] [  1%] [34m[1mGenerating C code for ROS interfaces[0m
[2.833s] [  3%] [32mBuilding CXX object CMakeFiles/translation_node_lib.dir/src/monitor.cpp.o[0m
[2.833s] [  4%] [32mBuilding CXX object gtest/CMakeFiles/gtest.dir/src/gtest-all.cc.o[0m
[2.833s] [  6%] [32mBuilding CXX object CMakeFiles/translation_node_lib.dir/src/pub_sub_graph.cpp.o[0m
[2.834s] [  8%] [32mBuilding CXX object CMakeFiles/translation_node_lib.dir/src/service_graph.cpp.o[0m
[2.834s] [  9%] [32mBuilding CXX object gtest/CMakeFiles/gtest_main.dir/src/gtest_main.cc.o[0m
[2.838s] [ 11%] [34m[1mGenerating C++ code for ROS interfaces[0m
[2.846s] [ 11%] Built target ament_cmake_python_copy_translation_node
[2.857s] [ 12%] [32mBuilding CXX object CMakeFiles/translation_node_lib.dir/src/translations.cpp.o[0m
[3.883s] [ 12%] Built target translation_node__cpp
[3.884s] [ 14%] [32mBuilding C object CMakeFiles/translation_node__rosidl_generator_c.dir/rosidl_generator_c/translation_node/srv/detail/test_v0__functions.c.o[0m
[3.896s] [ 16%] [32mBuilding C object CMakeFiles/translation_node__rosidl_generator_c.dir/rosidl_generator_c/translation_node/srv/detail/test_v1__functions.c.o[0m
[4.030s] [ 17%] [32mBuilding C object CMakeFiles/translation_node__rosidl_generator_c.dir/rosidl_generator_c/translation_node/srv/detail/test_v2__functions.c.o[0m
[4.172s] [ 19%] [32m[1mLinking C shared library libtranslation_node__rosidl_generator_c.so[0m
[4.287s] [ 19%] Built target translation_node__rosidl_generator_c
[4.307s] [ 20%] [34m[1mGenerating C++ type support dispatch for ROS interfaces[0m
[4.561s] running egg_info
[4.613s] creating translation_node.egg-info
[4.617s] writing translation_node.egg-info/PKG-INFO
[4.618s] writing dependency_links to translation_node.egg-info/dependency_links.txt
[4.620s] writing top-level names to translation_node.egg-info/top_level.txt
[4.621s] writing manifest file 'translation_node.egg-info/SOURCES.txt'
[4.749s] reading manifest file 'translation_node.egg-info/SOURCES.txt'
[4.752s] writing manifest file 'translation_node.egg-info/SOURCES.txt'
[4.820s] [ 20%] Built target ament_cmake_python_build_translation_node_egg
[4.838s] [ 22%] [34m[1mGenerating C type support for eProsima Fast-RTPS[0m
[5.109s] [ 24%] [32mBuilding CXX object CMakeFiles/translation_node__rosidl_typesupport_cpp.dir/rosidl_typesupport_cpp/translation_node/srv/test_v0__type_support.cpp.o[0m
[5.125s] [ 25%] [32m[1mLinking CXX static library libgtest_main.a[0m
[5.193s] [ 25%] Built target gtest_main
[5.218s] [ 27%] [34m[1mGenerating C++ type support for eProsima Fast-RTPS[0m
[5.574s] [ 29%] [32mBuilding CXX object CMakeFiles/translation_node__rosidl_typesupport_cpp.dir/rosidl_typesupport_cpp/translation_node/srv/test_v1__type_support.cpp.o[0m
[5.817s] [ 30%] [32mBuilding CXX object CMakeFiles/translation_node__rosidl_typesupport_fastrtps_c.dir/rosidl_typesupport_fastrtps_c/translation_node/srv/detail/test_v0__type_support_c.cpp.o[0m
[6.046s] [ 32%] [32mBuilding CXX object CMakeFiles/translation_node__rosidl_typesupport_cpp.dir/rosidl_typesupport_cpp/translation_node/srv/test_v2__type_support.cpp.o[0m
[6.145s] [ 33%] [32mBuilding CXX object CMakeFiles/translation_node__rosidl_typesupport_fastrtps_cpp.dir/rosidl_typesupport_fastrtps_cpp/translation_node/srv/detail/dds_fastrtps/test_v0__type_support.cpp.o[0m
[6.520s] [ 35%] [32m[1mLinking CXX shared library libtranslation_node__rosidl_typesupport_cpp.so[0m
[6.521s] [ 37%] [32mBuilding CXX object CMakeFiles/translation_node__rosidl_typesupport_fastrtps_c.dir/rosidl_typesupport_fastrtps_c/translation_node/srv/detail/test_v1__type_support_c.cpp.o[0m
[6.593s] [ 37%] Built target translation_node__rosidl_typesupport_cpp
[6.603s] [ 38%] [32mBuilding CXX object CMakeFiles/translation_node__rosidl_typesupport_fastrtps_c.dir/rosidl_typesupport_fastrtps_c/translation_node/srv/detail/test_v2__type_support_c.cpp.o[0m
[7.009s] [ 40%] [32mBuilding CXX object CMakeFiles/translation_node__rosidl_typesupport_fastrtps_cpp.dir/rosidl_typesupport_fastrtps_cpp/translation_node/srv/detail/dds_fastrtps/test_v1__type_support.cpp.o[0m
[7.272s] [ 41%] [32mBuilding CXX object CMakeFiles/translation_node__rosidl_typesupport_fastrtps_cpp.dir/rosidl_typesupport_fastrtps_cpp/translation_node/srv/detail/dds_fastrtps/test_v2__type_support.cpp.o[0m
[7.318s] [ 43%] [32m[1mLinking CXX shared library libtranslation_node__rosidl_typesupport_fastrtps_c.so[0m
[7.519s] [ 43%] Built target translation_node__rosidl_typesupport_fastrtps_c
[7.537s] [ 45%] [34m[1mGenerating C introspection for ROS interfaces[0m
[7.894s] [ 46%] [34m[1mGenerating C type support dispatch for ROS interfaces[0m
[8.159s] [ 48%] [32m[1mLinking CXX shared library libtranslation_node__rosidl_typesupport_fastrtps_cpp.so[0m
[8.304s] [ 48%] Built target translation_node__rosidl_typesupport_fastrtps_cpp
[8.319s] [ 50%] [34m[1mGenerating C++ introspection for ROS interfaces[0m
[8.558s] [ 51%] [32mBuilding C object CMakeFiles/translation_node__rosidl_typesupport_introspection_c.dir/rosidl_typesupport_introspection_c/translation_node/srv/detail/test_v0__type_support.c.o[0m
[8.650s] [ 53%] [32mBuilding C object CMakeFiles/translation_node__rosidl_typesupport_introspection_c.dir/rosidl_typesupport_introspection_c/translation_node/srv/detail/test_v1__type_support.c.o[0m
[8.670s] [ 54%] [32mBuilding CXX object CMakeFiles/translation_node__rosidl_typesupport_c.dir/rosidl_typesupport_c/translation_node/srv/test_v0__type_support.cpp.o[0m
[8.712s] [ 56%] [32mBuilding C object CMakeFiles/translation_node__rosidl_typesupport_introspection_c.dir/rosidl_typesupport_introspection_c/translation_node/srv/detail/test_v2__type_support.c.o[0m
[8.737s] [ 58%] [32mBuilding CXX object CMakeFiles/translation_node__rosidl_typesupport_c.dir/rosidl_typesupport_c/translation_node/srv/test_v1__type_support.cpp.o[0m
[8.763s] [ 59%] [32m[1mLinking C shared library libtranslation_node__rosidl_typesupport_introspection_c.so[0m
[8.776s] [ 61%] [32mBuilding CXX object CMakeFiles/translation_node__rosidl_typesupport_c.dir/rosidl_typesupport_c/translation_node/srv/test_v2__type_support.cpp.o[0m
[8.810s] [ 61%] Built target translation_node__rosidl_typesupport_introspection_c
[8.821s] [ 62%] [32m[1mLinking CXX shared library libtranslation_node__rosidl_typesupport_c.so[0m
[8.890s] [ 62%] Built target translation_node__rosidl_typesupport_c
[9.048s] [ 64%] [32mBuilding CXX object CMakeFiles/translation_node__rosidl_typesupport_introspection_cpp.dir/rosidl_typesupport_introspection_cpp/translation_node/srv/detail/test_v1__type_support.cpp.o[0m
[9.048s] [ 66%] [32mBuilding CXX object CMakeFiles/translation_node__rosidl_typesupport_introspection_cpp.dir/rosidl_typesupport_introspection_cpp/translation_node/srv/detail/test_v0__type_support.cpp.o[0m
[9.050s] [ 67%] [32mBuilding CXX object CMakeFiles/translation_node__rosidl_typesupport_introspection_cpp.dir/rosidl_typesupport_introspection_cpp/translation_node/srv/detail/test_v2__type_support.cpp.o[0m
[9.708s] [ 69%] [32m[1mLinking CXX shared library libtranslation_node__rosidl_typesupport_introspection_cpp.so[0m
[9.751s] [ 69%] Built target translation_node__rosidl_typesupport_introspection_cpp
[9.772s] [ 69%] Built target translation_node
[9.792s] [ 70%] [34m[1mGenerating Python code for ROS interfaces[0m
[9.845s] [ 72%] [32m[1mLinking CXX static library libgtest.a[0m
[9.909s] [ 72%] Built target gtest
[10.605s] [ 72%] Built target translation_node__py
[10.625s] [ 75%] [32mBuilding C object CMakeFiles/translation_node__rosidl_generator_py.dir/rosidl_generator_py/translation_node/srv/_test_v2_s.c.o[0m
[10.625s] [ 75%] [32mBuilding C object CMakeFiles/translation_node__rosidl_generator_py.dir/rosidl_generator_py/translation_node/srv/_test_v1_s.c.o[0m
[10.628s] [ 77%] [32mBuilding C object CMakeFiles/translation_node__rosidl_generator_py.dir/rosidl_generator_py/translation_node/srv/_test_v0_s.c.o[0m
[10.794s] [ 79%] [32m[1mLinking C shared library rosidl_generator_py/translation_node/libtranslation_node__rosidl_generator_py.so[0m
[10.838s] [ 79%] Built target translation_node__rosidl_generator_py
[10.858s] [ 83%] [32mBuilding C object CMakeFiles/translation_node__rosidl_typesupport_c__pyext.dir/rosidl_generator_py/translation_node/_translation_node_s.ep.rosidl_typesupport_c.c.o[0m
[10.858s] [ 83%] [32mBuilding C object CMakeFiles/translation_node__rosidl_typesupport_fastrtps_c__pyext.dir/rosidl_generator_py/translation_node/_translation_node_s.ep.rosidl_typesupport_fastrtps_c.c.o[0m
[10.858s] [ 83%] [32mBuilding C object CMakeFiles/translation_node__rosidl_typesupport_introspection_c__pyext.dir/rosidl_generator_py/translation_node/_translation_node_s.ep.rosidl_typesupport_introspection_c.c.o[0m
[10.865s] [ 85%] [32m[1mLinking CXX static library libtranslation_node_lib.a[0m
[10.925s] [ 85%] Built target translation_node_lib
[10.945s] [ 87%] [32mBuilding CXX object CMakeFiles/translation_node_bin.dir/src/main.cpp.o[0m
[10.948s] [ 88%] [32mBuilding CXX object CMakeFiles/translation_node_unit_tests.dir/test/graph.cpp.o[0m
[10.950s] [ 91%] [32mBuilding CXX object CMakeFiles/translation_node_unit_tests.dir/test/pub_sub.cpp.o[0m
[10.951s] [ 91%] [32mBuilding CXX object CMakeFiles/translation_node_unit_tests.dir/test/main.cpp.o[0m
[10.989s] [ 93%] [32m[1mLinking C shared library rosidl_generator_py/translation_node/translation_node_s__rosidl_typesupport_fastrtps_c.cpython-310-x86_64-linux-gnu.so[0m
[11.027s] [ 95%] [32m[1mLinking C shared library rosidl_generator_py/translation_node/translation_node_s__rosidl_typesupport_introspection_c.cpython-310-x86_64-linux-gnu.so[0m
[11.030s] [ 96%] [32m[1mLinking C shared library rosidl_generator_py/translation_node/translation_node_s__rosidl_typesupport_c.cpython-310-x86_64-linux-gnu.so[0m
[11.036s] [ 96%] Built target translation_node__rosidl_typesupport_fastrtps_c__pyext
[11.070s] [ 96%] Built target translation_node__rosidl_typesupport_c__pyext
[11.077s] [ 96%] Built target translation_node__rosidl_typesupport_introspection_c__pyext
[15.237s] [ 98%] [32m[1mLinking CXX executable translation_node_bin[0m
[15.640s] [ 98%] Built target translation_node_bin
[60.829s] [100%] [32m[1mLinking CXX executable translation_node_unit_tests[0m
[64.559s] [100%] Built target translation_node_unit_tests
[64.572s] Invoked command in '/home/shibin/ros2_ws/build/translation_node' returned '0': AMENT_PREFIX_PATH=/home/shibin/ros2_ws/install/px4_msgs_old:${AMENT_PREFIX_PATH} CMAKE_PREFIX_PATH=/home/shibin/ros2_ws/install/px4_msgs_old:/home/shibin/ros2_ws/install/px4_msgs:/home/shibin/ros2_ws/install/px4_ros_com:/home/shibin/ros2_ws/install/rrt_package:/home/shibin/ros2_ws/install/px4_offboard:/opt/ros/humble LD_LIBRARY_PATH=/home/shibin/ros2_ws/install/px4_msgs/lib:/home/shibin/ros2_ws/install/px4_ros_com/lib:/opt/ros/humble/opt/rviz_ogre_vendor/lib:/opt/ros/humble/lib/x86_64-linux-gnu:/opt/ros/humble/lib /usr/bin/cmake --build /home/shibin/ros2_ws/build/translation_node -- -j8 -l8
[64.575s] Invoking command in '/home/shibin/ros2_ws/build/translation_node': AMENT_PREFIX_PATH=/home/shibin/ros2_ws/install/px4_msgs_old:${AMENT_PREFIX_PATH} CMAKE_PREFIX_PATH=/home/shibin/ros2_ws/install/px4_msgs_old:/home/shibin/ros2_ws/install/px4_msgs:/home/shibin/ros2_ws/install/px4_ros_com:/home/shibin/ros2_ws/install/rrt_package:/home/shibin/ros2_ws/install/px4_offboard:/opt/ros/humble LD_LIBRARY_PATH=/home/shibin/ros2_ws/install/px4_msgs/lib:/home/shibin/ros2_ws/install/px4_ros_com/lib:/opt/ros/humble/opt/rviz_ogre_vendor/lib:/opt/ros/humble/lib/x86_64-linux-gnu:/opt/ros/humble/lib /usr/bin/cmake --install /home/shibin/ros2_ws/build/translation_node
[64.582s] -- Install configuration: ""
[64.583s] -- Installing: /home/shibin/ros2_ws/install/translation_node/lib/translation_node/translation_node_bin
[64.587s] -- Set runtime path of "/home/shibin/ros2_ws/install/translation_node/lib/translation_node/translation_node_bin" to ""
[64.588s] -- Installing: /home/shibin/ros2_ws/install/translation_node/share/ament_index/resource_index/rosidl_interfaces/translation_node
[64.588s] -- Installing: /home/shibin/ros2_ws/install/translation_node/include/translation_node/translation_node
[64.589s] -- Installing: /home/shibin/ros2_ws/install/translation_node/include/translation_node/translation_node/msg
[64.589s] -- Installing: /home/shibin/ros2_ws/install/translation_node/include/translation_node/translation_node/msg/rosidl_generator_c__visibility_control.h
[64.589s] -- Installing: /home/shibin/ros2_ws/install/translation_node/include/translation_node/translation_node/srv
[64.589s] -- Installing: /home/shibin/ros2_ws/install/translation_node/include/translation_node/translation_node/srv/test_v0.h
[64.590s] -- Installing: /home/shibin/ros2_ws/install/translation_node/include/translation_node/translation_node/srv/test_v2.h
[64.590s] -- Installing: /home/shibin/ros2_ws/install/translation_node/include/translation_node/translation_node/srv/detail
[64.590s] -- Installing: /home/shibin/ros2_ws/install/translation_node/include/translation_node/translation_node/srv/detail/test_v2__type_support.h
[64.590s] -- Installing: /home/shibin/ros2_ws/install/translation_node/include/translation_node/translation_node/srv/detail/test_v1__functions.h
[64.590s] -- Installing: /home/shibin/ros2_ws/install/translation_node/include/translation_node/translation_node/srv/detail/test_v0__type_support.h
[64.591s] -- Installing: /home/shibin/ros2_ws/install/translation_node/include/translation_node/translation_node/srv/detail/test_v0__functions.h
[64.591s] -- Installing: /home/shibin/ros2_ws/install/translation_node/include/translation_node/translation_node/srv/detail/test_v2__functions.h
[64.591s] -- Installing: /home/shibin/ros2_ws/install/translation_node/include/translation_node/translation_node/srv/detail/test_v1__struct.h
[64.591s] -- Installing: /home/shibin/ros2_ws/install/translation_node/include/translation_node/translation_node/srv/detail/test_v0__functions.c
[64.591s] -- Installing: /home/shibin/ros2_ws/install/translation_node/include/translation_node/translation_node/srv/detail/test_v1__functions.c
[64.592s] -- Installing: /home/shibin/ros2_ws/install/translation_node/include/translation_node/translation_node/srv/detail/test_v0__struct.h
[64.592s] -- Installing: /home/shibin/ros2_ws/install/translation_node/include/translation_node/translation_node/srv/detail/test_v1__type_support.h
[64.592s] -- Installing: /home/shibin/ros2_ws/install/translation_node/include/translation_node/translation_node/srv/detail/test_v2__functions.c
[64.592s] -- Installing: /home/shibin/ros2_ws/install/translation_node/include/translation_node/translation_node/srv/detail/test_v2__struct.h
[64.592s] -- Installing: /home/shibin/ros2_ws/install/translation_node/include/translation_node/translation_node/srv/test_v1.h
[64.594s] -- Installing: /home/shibin/ros2_ws/install/translation_node/share/translation_node/environment/library_path.sh
[64.594s] -- Installing: /home/shibin/ros2_ws/install/translation_node/share/translation_node/environment/library_path.dsv
[64.595s] -- Installing: /home/shibin/ros2_ws/install/translation_node/lib/libtranslation_node__rosidl_generator_c.so
[64.595s] -- Set runtime path of "/home/shibin/ros2_ws/install/translation_node/lib/libtranslation_node__rosidl_generator_c.so" to ""
[64.595s] -- Up-to-date: /home/shibin/ros2_ws/install/translation_node/include/translation_node/translation_node
[64.596s] -- Up-to-date: /home/shibin/ros2_ws/install/translation_node/include/translation_node/translation_node/msg
[64.596s] -- Installing: /home/shibin/ros2_ws/install/translation_node/include/translation_node/translation_node/msg/rosidl_typesupport_fastrtps_c__visibility_control.h
[64.596s] -- Up-to-date: /home/shibin/ros2_ws/install/translation_node/include/translation_node/translation_node/srv
[64.596s] -- Up-to-date: /home/shibin/ros2_ws/install/translation_node/include/translation_node/translation_node/srv/detail
[64.596s] -- Installing: /home/shibin/ros2_ws/install/translation_node/include/translation_node/translation_node/srv/detail/test_v2__rosidl_typesupport_fastrtps_c.h
[64.596s] -- Installing: /home/shibin/ros2_ws/install/translation_node/include/translation_node/translation_node/srv/detail/test_v0__rosidl_typesupport_fastrtps_c.h
[64.597s] -- Installing: /home/shibin/ros2_ws/install/translation_node/include/translation_node/translation_node/srv/detail/test_v1__rosidl_typesupport_fastrtps_c.h
[64.597s] -- Installing: /home/shibin/ros2_ws/install/translation_node/lib/libtranslation_node__rosidl_typesupport_fastrtps_c.so
[64.597s] -- Set runtime path of "/home/shibin/ros2_ws/install/translation_node/lib/libtranslation_node__rosidl_typesupport_fastrtps_c.so" to ""
[64.597s] -- Up-to-date: /home/shibin/ros2_ws/install/translation_node/include/translation_node/translation_node
[64.598s] -- Up-to-date: /home/shibin/ros2_ws/install/translation_node/include/translation_node/translation_node/msg
[64.598s] -- Installing: /home/shibin/ros2_ws/install/translation_node/include/translation_node/translation_node/msg/rosidl_generator_cpp__visibility_control.hpp
[64.598s] -- Up-to-date: /home/shibin/ros2_ws/install/translation_node/include/translation_node/translation_node/srv
[64.598s] -- Installing: /home/shibin/ros2_ws/install/translation_node/include/translation_node/translation_node/srv/test_v0.hpp
[64.598s] -- Installing: /home/shibin/ros2_ws/install/translation_node/include/translation_node/translation_node/srv/test_v2.hpp
[64.599s] -- Up-to-date: /home/shibin/ros2_ws/install/translation_node/include/translation_node/translation_node/srv/detail
[64.599s] -- Installing: /home/shibin/ros2_ws/install/translation_node/include/translation_node/translation_node/srv/detail/test_v1__builder.hpp
[64.599s] -- Installing: /home/shibin/ros2_ws/install/translation_node/include/translation_node/translation_node/srv/detail/test_v0__struct.hpp
[64.599s] -- Installing: /home/shibin/ros2_ws/install/translation_node/include/translation_node/translation_node/srv/detail/test_v2__traits.hpp
[64.599s] -- Installing: /home/shibin/ros2_ws/install/translation_node/include/translation_node/translation_node/srv/detail/test_v0__type_support.hpp
[64.600s] -- Installing: /home/shibin/ros2_ws/install/translation_node/include/translation_node/translation_node/srv/detail/test_v1__traits.hpp
[64.600s] -- Installing: /home/shibin/ros2_ws/install/translation_node/include/translation_node/translation_node/srv/detail/test_v0__builder.hpp
[64.600s] -- Installing: /home/shibin/ros2_ws/install/translation_node/include/translation_node/translation_node/srv/detail/test_v1__struct.hpp
[64.600s] -- Installing: /home/shibin/ros2_ws/install/translation_node/include/translation_node/translation_node/srv/detail/test_v2__builder.hpp
[64.601s] -- Installing: /home/shibin/ros2_ws/install/translation_node/include/translation_node/translation_node/srv/detail/test_v1__type_support.hpp
[64.601s] -- Installing: /home/shibin/ros2_ws/install/translation_node/include/translation_node/translation_node/srv/detail/test_v2__type_support.hpp
[64.601s] -- Installing: /home/shibin/ros2_ws/install/translation_node/include/translation_node/translation_node/srv/detail/test_v2__struct.hpp
[64.601s] -- Installing: /home/shibin/ros2_ws/install/translation_node/include/translation_node/translation_node/srv/detail/test_v0__traits.hpp
[64.601s] -- Installing: /home/shibin/ros2_ws/install/translation_node/include/translation_node/translation_node/srv/test_v1.hpp
[64.602s] -- Up-to-date: /home/shibin/ros2_ws/install/translation_node/include/translation_node/translation_node
[64.602s] -- Up-to-date: /home/shibin/ros2_ws/install/translation_node/include/translation_node/translation_node/msg
[64.602s] -- Installing: /home/shibin/ros2_ws/install/translation_node/include/translation_node/translation_node/msg/rosidl_typesupport_fastrtps_cpp__visibility_control.h
[64.602s] -- Up-to-date: /home/shibin/ros2_ws/install/translation_node/include/translation_node/translation_node/srv
[64.602s] -- Up-to-date: /home/shibin/ros2_ws/install/translation_node/include/translation_node/translation_node/srv/detail
[64.602s] -- Installing: /home/shibin/ros2_ws/install/translation_node/include/translation_node/translation_node/srv/detail/test_v2__rosidl_typesupport_fastrtps_cpp.hpp
[64.602s] -- Installing: /home/shibin/ros2_ws/install/translation_node/include/translation_node/translation_node/srv/detail/test_v1__rosidl_typesupport_fastrtps_cpp.hpp
[64.603s] -- Installing: /home/shibin/ros2_ws/install/translation_node/include/translation_node/translation_node/srv/detail/test_v0__rosidl_typesupport_fastrtps_cpp.hpp
[64.603s] -- Installing: /home/shibin/ros2_ws/install/translation_node/include/translation_node/translation_node/srv/detail/dds_fastrtps
[64.603s] -- Installing: /home/shibin/ros2_ws/install/translation_node/lib/libtranslation_node__rosidl_typesupport_fastrtps_cpp.so
[64.604s] -- Set runtime path of "/home/shibin/ros2_ws/install/translation_node/lib/libtranslation_node__rosidl_typesupport_fastrtps_cpp.so" to ""
[64.604s] -- Up-to-date: /home/shibin/ros2_ws/install/translation_node/include/translation_node/translation_node
[64.604s] -- Up-to-date: /home/shibin/ros2_ws/install/translation_node/include/translation_node/translation_node/msg
[64.604s] -- Installing: /home/shibin/ros2_ws/install/translation_node/include/translation_node/translation_node/msg/rosidl_typesupport_introspection_c__visibility_control.h
[64.604s] -- Up-to-date: /home/shibin/ros2_ws/install/translation_node/include/translation_node/translation_node/srv
[64.604s] -- Up-to-date: /home/shibin/ros2_ws/install/translation_node/include/translation_node/translation_node/srv/detail
[64.604s] -- Installing: /home/shibin/ros2_ws/install/translation_node/include/translation_node/translation_node/srv/detail/test_v2__type_support.c
[64.605s] -- Installing: /home/shibin/ros2_ws/install/translation_node/include/translation_node/translation_node/srv/detail/test_v0__rosidl_typesupport_introspection_c.h
[64.605s] -- Installing: /home/shibin/ros2_ws/install/translation_node/include/translation_node/translation_node/srv/detail/test_v1__type_support.c
[64.605s] -- Installing: /home/shibin/ros2_ws/install/translation_node/include/translation_node/translation_node/srv/detail/test_v1__rosidl_typesupport_introspection_c.h
[64.605s] -- Installing: /home/shibin/ros2_ws/install/translation_node/include/translation_node/translation_node/srv/detail/test_v2__rosidl_typesupport_introspection_c.h
[64.605s] -- Installing: /home/shibin/ros2_ws/install/translation_node/include/translation_node/translation_node/srv/detail/test_v0__type_support.c
[64.606s] -- Installing: /home/shibin/ros2_ws/install/translation_node/lib/libtranslation_node__rosidl_typesupport_introspection_c.so
[64.606s] -- Set runtime path of "/home/shibin/ros2_ws/install/translation_node/lib/libtranslation_node__rosidl_typesupport_introspection_c.so" to ""
[64.606s] -- Installing: /home/shibin/ros2_ws/install/translation_node/lib/libtranslation_node__rosidl_typesupport_c.so
[64.606s] -- Set runtime path of "/home/shibin/ros2_ws/install/translation_node/lib/libtranslation_node__rosidl_typesupport_c.so" to ""
[64.606s] -- Up-to-date: /home/shibin/ros2_ws/install/translation_node/include/translation_node/translation_node
[64.606s] -- Up-to-date: /home/shibin/ros2_ws/install/translation_node/include/translation_node/translation_node/srv
[64.607s] -- Up-to-date: /home/shibin/ros2_ws/install/translation_node/include/translation_node/translation_node/srv/detail
[64.607s] -- Installing: /home/shibin/ros2_ws/install/translation_node/include/translation_node/translation_node/srv/detail/test_v1__type_support.cpp
[64.607s] -- Installing: /home/shibin/ros2_ws/install/translation_node/include/translation_node/translation_node/srv/detail/test_v0__type_support.cpp
[64.607s] -- Installing: /home/shibin/ros2_ws/install/translation_node/include/translation_node/translation_node/srv/detail/test_v2__type_support.cpp
[64.607s] -- Installing: /home/shibin/ros2_ws/install/translation_node/include/translation_node/translation_node/srv/detail/test_v2__rosidl_typesupport_introspection_cpp.hpp
[64.607s] -- Installing: /home/shibin/ros2_ws/install/translation_node/include/translation_node/translation_node/srv/detail/test_v0__rosidl_typesupport_introspection_cpp.hpp
[64.608s] -- Installing: /home/shibin/ros2_ws/install/translation_node/include/translation_node/translation_node/srv/detail/test_v1__rosidl_typesupport_introspection_cpp.hpp
[64.608s] -- Installing: /home/shibin/ros2_ws/install/translation_node/lib/libtranslation_node__rosidl_typesupport_introspection_cpp.so
[64.608s] -- Set runtime path of "/home/shibin/ros2_ws/install/translation_node/lib/libtranslation_node__rosidl_typesupport_introspection_cpp.so" to ""
[64.608s] -- Installing: /home/shibin/ros2_ws/install/translation_node/lib/libtranslation_node__rosidl_typesupport_cpp.so
[64.609s] -- Set runtime path of "/home/shibin/ros2_ws/install/translation_node/lib/libtranslation_node__rosidl_typesupport_cpp.so" to ""
[64.609s] -- Installing: /home/shibin/ros2_ws/install/translation_node/share/translation_node/environment/pythonpath.sh
[64.609s] -- Installing: /home/shibin/ros2_ws/install/translation_node/share/translation_node/environment/pythonpath.dsv
[64.609s] -- Installing: /home/shibin/ros2_ws/install/translation_node/local/lib/python3.10/dist-packages/translation_node-0.0.0-py3.10.egg-info
[64.610s] -- Installing: /home/shibin/ros2_ws/install/translation_node/local/lib/python3.10/dist-packages/translation_node-0.0.0-py3.10.egg-info/SOURCES.txt
[64.610s] -- Installing: /home/shibin/ros2_ws/install/translation_node/local/lib/python3.10/dist-packages/translation_node-0.0.0-py3.10.egg-info/dependency_links.txt
[64.610s] -- Installing: /home/shibin/ros2_ws/install/translation_node/local/lib/python3.10/dist-packages/translation_node-0.0.0-py3.10.egg-info/top_level.txt
[64.610s] -- Installing: /home/shibin/ros2_ws/install/translation_node/local/lib/python3.10/dist-packages/translation_node-0.0.0-py3.10.egg-info/PKG-INFO
[64.611s] -- Installing: /home/shibin/ros2_ws/install/translation_node/local/lib/python3.10/dist-packages/translation_node
[64.611s] -- Installing: /home/shibin/ros2_ws/install/translation_node/local/lib/python3.10/dist-packages/translation_node/_translation_node_s.ep.rosidl_typesupport_fastrtps_c.c
[64.611s] -- Installing: /home/shibin/ros2_ws/install/translation_node/local/lib/python3.10/dist-packages/translation_node/translation_node_s__rosidl_typesupport_c.cpython-310-x86_64-linux-gnu.so
[64.611s] -- Installing: /home/shibin/ros2_ws/install/translation_node/local/lib/python3.10/dist-packages/translation_node/translation_node_s__rosidl_typesupport_fastrtps_c.cpython-310-x86_64-linux-gnu.so
[64.612s] -- Installing: /home/shibin/ros2_ws/install/translation_node/local/lib/python3.10/dist-packages/translation_node/_translation_node_s.ep.rosidl_typesupport_c.c
[64.612s] -- Installing: /home/shibin/ros2_ws/install/translation_node/local/lib/python3.10/dist-packages/translation_node/srv
[64.612s] -- Installing: /home/shibin/ros2_ws/install/translation_node/local/lib/python3.10/dist-packages/translation_node/srv/_test_v2.py
[64.612s] -- Installing: /home/shibin/ros2_ws/install/translation_node/local/lib/python3.10/dist-packages/translation_node/srv/_test_v0.py
[64.613s] -- Installing: /home/shibin/ros2_ws/install/translation_node/local/lib/python3.10/dist-packages/translation_node/srv/_test_v1.py
[64.613s] -- Installing: /home/shibin/ros2_ws/install/translation_node/local/lib/python3.10/dist-packages/translation_node/srv/_test_v1_s.c
[64.613s] -- Installing: /home/shibin/ros2_ws/install/translation_node/local/lib/python3.10/dist-packages/translation_node/srv/_test_v0_s.c
[64.613s] -- Installing: /home/shibin/ros2_ws/install/translation_node/local/lib/python3.10/dist-packages/translation_node/srv/_test_v2_s.c
[64.614s] -- Installing: /home/shibin/ros2_ws/install/translation_node/local/lib/python3.10/dist-packages/translation_node/srv/__init__.py
[64.614s] -- Installing: /home/shibin/ros2_ws/install/translation_node/local/lib/python3.10/dist-packages/translation_node/translation_node_s__rosidl_typesupport_introspection_c.cpython-310-x86_64-linux-gnu.so
[64.614s] -- Installing: /home/shibin/ros2_ws/install/translation_node/local/lib/python3.10/dist-packages/translation_node/_translation_node_s.ep.rosidl_typesupport_introspection_c.c
[64.615s] -- Installing: /home/shibin/ros2_ws/install/translation_node/local/lib/python3.10/dist-packages/translation_node/__init__.py
[64.615s] -- Installing: /home/shibin/ros2_ws/install/translation_node/local/lib/python3.10/dist-packages/translation_node/libtranslation_node__rosidl_generator_py.so
[64.662s] Listing '/home/shibin/ros2_ws/install/translation_node/local/lib/python3.10/dist-packages/translation_node'...
[64.662s] Compiling '/home/shibin/ros2_ws/install/translation_node/local/lib/python3.10/dist-packages/translation_node/__init__.py'...
[64.662s] Listing '/home/shibin/ros2_ws/install/translation_node/local/lib/python3.10/dist-packages/translation_node/srv'...
[64.662s] Compiling '/home/shibin/ros2_ws/install/translation_node/local/lib/python3.10/dist-packages/translation_node/srv/__init__.py'...
[64.662s] Compiling '/home/shibin/ros2_ws/install/translation_node/local/lib/python3.10/dist-packages/translation_node/srv/_test_v0.py'...
[64.662s] Compiling '/home/shibin/ros2_ws/install/translation_node/local/lib/python3.10/dist-packages/translation_node/srv/_test_v1.py'...
[64.662s] Compiling '/home/shibin/ros2_ws/install/translation_node/local/lib/python3.10/dist-packages/translation_node/srv/_test_v2.py'...
[64.668s] -- Installing: /home/shibin/ros2_ws/install/translation_node/local/lib/python3.10/dist-packages/translation_node/translation_node_s__rosidl_typesupport_fastrtps_c.cpython-310-x86_64-linux-gnu.so
[64.668s] -- Set runtime path of "/home/shibin/ros2_ws/install/translation_node/local/lib/python3.10/dist-packages/translation_node/translation_node_s__rosidl_typesupport_fastrtps_c.cpython-310-x86_64-linux-gnu.so" to ""
[64.669s] -- Installing: /home/shibin/ros2_ws/install/translation_node/local/lib/python3.10/dist-packages/translation_node/translation_node_s__rosidl_typesupport_introspection_c.cpython-310-x86_64-linux-gnu.so
[64.669s] -- Set runtime path of "/home/shibin/ros2_ws/install/translation_node/local/lib/python3.10/dist-packages/translation_node/translation_node_s__rosidl_typesupport_introspection_c.cpython-310-x86_64-linux-gnu.so" to ""
[64.669s] -- Installing: /home/shibin/ros2_ws/install/translation_node/local/lib/python3.10/dist-packages/translation_node/translation_node_s__rosidl_typesupport_c.cpython-310-x86_64-linux-gnu.so
[64.669s] -- Set runtime path of "/home/shibin/ros2_ws/install/translation_node/local/lib/python3.10/dist-packages/translation_node/translation_node_s__rosidl_typesupport_c.cpython-310-x86_64-linux-gnu.so" to ""
[64.669s] -- Installing: /home/shibin/ros2_ws/install/translation_node/lib/libtranslation_node__rosidl_generator_py.so
[64.670s] -- Set runtime path of "/home/shibin/ros2_ws/install/translation_node/lib/libtranslation_node__rosidl_generator_py.so" to ""
[64.670s] -- Installing: /home/shibin/ros2_ws/install/translation_node/share/translation_node/srv/TestV0.idl
[64.671s] -- Installing: /home/shibin/ros2_ws/install/translation_node/share/translation_node/srv/TestV1.idl
[64.671s] -- Installing: /home/shibin/ros2_ws/install/translation_node/share/translation_node/srv/TestV2.idl
[64.671s] -- Installing: /home/shibin/ros2_ws/install/translation_node/share/translation_node/srv/TestV0.srv
[64.672s] -- Installing: /home/shibin/ros2_ws/install/translation_node/share/translation_node/srv/TestV0_Request.msg
[64.672s] -- Installing: /home/shibin/ros2_ws/install/translation_node/share/translation_node/srv/TestV0_Response.msg
[64.673s] -- Installing: /home/shibin/ros2_ws/install/translation_node/share/translation_node/srv/TestV1.srv
[64.673s] -- Installing: /home/shibin/ros2_ws/install/translation_node/share/translation_node/srv/TestV1_Request.msg
[64.673s] -- Installing: /home/shibin/ros2_ws/install/translation_node/share/translation_node/srv/TestV1_Response.msg
[64.673s] -- Installing: /home/shibin/ros2_ws/install/translation_node/share/translation_node/srv/TestV2.srv
[64.674s] -- Installing: /home/shibin/ros2_ws/install/translation_node/share/translation_node/srv/TestV2_Request.msg
[64.674s] -- Installing: /home/shibin/ros2_ws/install/translation_node/share/translation_node/srv/TestV2_Response.msg
[64.675s] -- Installing: /home/shibin/ros2_ws/install/translation_node/share/ament_index/resource_index/package_run_dependencies/translation_node
[64.675s] -- Installing: /home/shibin/ros2_ws/install/translation_node/share/ament_index/resource_index/parent_prefix_path/translation_node
[64.676s] -- Installing: /home/shibin/ros2_ws/install/translation_node/share/translation_node/environment/ament_prefix_path.sh
[64.676s] -- Installing: /home/shibin/ros2_ws/install/translation_node/share/translation_node/environment/ament_prefix_path.dsv
[64.677s] -- Installing: /home/shibin/ros2_ws/install/translation_node/share/translation_node/environment/path.sh
[64.677s] -- Installing: /home/shibin/ros2_ws/install/translation_node/share/translation_node/environment/path.dsv
[64.677s] -- Installing: /home/shibin/ros2_ws/install/translation_node/share/translation_node/local_setup.bash
[64.678s] -- Installing: /home/shibin/ros2_ws/install/translation_node/share/translation_node/local_setup.sh
[64.678s] -- Installing: /home/shibin/ros2_ws/install/translation_node/share/translation_node/local_setup.zsh
[64.678s] -- Installing: /home/shibin/ros2_ws/install/translation_node/share/translation_node/local_setup.dsv
[64.679s] -- Installing: /home/shibin/ros2_ws/install/translation_node/share/translation_node/package.dsv
[64.679s] -- Installing: /home/shibin/ros2_ws/install/translation_node/share/ament_index/resource_index/packages/translation_node
[64.680s] -- Installing: /home/shibin/ros2_ws/install/translation_node/share/translation_node/cmake/export_translation_node__rosidl_generator_cExport.cmake
[64.680s] -- Installing: /home/shibin/ros2_ws/install/translation_node/share/translation_node/cmake/export_translation_node__rosidl_generator_cExport-noconfig.cmake
[64.681s] -- Installing: /home/shibin/ros2_ws/install/translation_node/share/translation_node/cmake/export_translation_node__rosidl_typesupport_fastrtps_cExport.cmake
[64.681s] -- Installing: /home/shibin/ros2_ws/install/translation_node/share/translation_node/cmake/export_translation_node__rosidl_typesupport_fastrtps_cExport-noconfig.cmake
[64.681s] -- Installing: /home/shibin/ros2_ws/install/translation_node/share/translation_node/cmake/export_translation_node__rosidl_generator_cppExport.cmake
[64.682s] -- Installing: /home/shibin/ros2_ws/install/translation_node/share/translation_node/cmake/export_translation_node__rosidl_typesupport_fastrtps_cppExport.cmake
[64.682s] -- Installing: /home/shibin/ros2_ws/install/translation_node/share/translation_node/cmake/export_translation_node__rosidl_typesupport_fastrtps_cppExport-noconfig.cmake
[64.682s] -- Installing: /home/shibin/ros2_ws/install/translation_node/share/translation_node/cmake/translation_node__rosidl_typesupport_introspection_cExport.cmake
[64.682s] -- Installing: /home/shibin/ros2_ws/install/translation_node/share/translation_node/cmake/translation_node__rosidl_typesupport_introspection_cExport-noconfig.cmake
[64.683s] -- Installing: /home/shibin/ros2_ws/install/translation_node/share/translation_node/cmake/translation_node__rosidl_typesupport_cExport.cmake
[64.683s] -- Installing: /home/shibin/ros2_ws/install/translation_node/share/translation_node/cmake/translation_node__rosidl_typesupport_cExport-noconfig.cmake
[64.683s] -- Installing: /home/shibin/ros2_ws/install/translation_node/share/translation_node/cmake/translation_node__rosidl_typesupport_introspection_cppExport.cmake
[64.683s] -- Installing: /home/shibin/ros2_ws/install/translation_node/share/translation_node/cmake/translation_node__rosidl_typesupport_introspection_cppExport-noconfig.cmake
[64.684s] -- Installing: /home/shibin/ros2_ws/install/translation_node/share/translation_node/cmake/translation_node__rosidl_typesupport_cppExport.cmake
[64.684s] -- Installing: /home/shibin/ros2_ws/install/translation_node/share/translation_node/cmake/translation_node__rosidl_typesupport_cppExport-noconfig.cmake
[64.684s] -- Installing: /home/shibin/ros2_ws/install/translation_node/share/translation_node/cmake/export_translation_node__rosidl_generator_pyExport.cmake
[64.685s] -- Installing: /home/shibin/ros2_ws/install/translation_node/share/translation_node/cmake/export_translation_node__rosidl_generator_pyExport-noconfig.cmake
[64.685s] -- Installing: /home/shibin/ros2_ws/install/translation_node/share/translation_node/cmake/rosidl_cmake-extras.cmake
[64.685s] -- Installing: /home/shibin/ros2_ws/install/translation_node/share/translation_node/cmake/ament_cmake_export_include_directories-extras.cmake
[64.686s] -- Installing: /home/shibin/ros2_ws/install/translation_node/share/translation_node/cmake/ament_cmake_export_libraries-extras.cmake
[64.686s] -- Installing: /home/shibin/ros2_ws/install/translation_node/share/translation_node/cmake/ament_cmake_export_targets-extras.cmake
[64.686s] -- Installing: /home/shibin/ros2_ws/install/translation_node/share/translation_node/cmake/rosidl_cmake_export_typesupport_targets-extras.cmake
[64.687s] -- Installing: /home/shibin/ros2_ws/install/translation_node/share/translation_node/cmake/ament_cmake_export_dependencies-extras.cmake
[64.687s] -- Installing: /home/shibin/ros2_ws/install/translation_node/share/translation_node/cmake/rosidl_cmake_export_typesupport_libraries-extras.cmake
[64.688s] -- Installing: /home/shibin/ros2_ws/install/translation_node/share/translation_node/cmake/translation_nodeConfig.cmake
[64.688s] -- Installing: /home/shibin/ros2_ws/install/translation_node/share/translation_node/cmake/translation_nodeConfig-version.cmake
[64.689s] -- Installing: /home/shibin/ros2_ws/install/translation_node/share/translation_node/package.xml
[64.692s] Invoked command in '/home/shibin/ros2_ws/build/translation_node' returned '0': AMENT_PREFIX_PATH=/home/shibin/ros2_ws/install/px4_msgs_old:${AMENT_PREFIX_PATH} CMAKE_PREFIX_PATH=/home/shibin/ros2_ws/install/px4_msgs_old:/home/shibin/ros2_ws/install/px4_msgs:/home/shibin/ros2_ws/install/px4_ros_com:/home/shibin/ros2_ws/install/rrt_package:/home/shibin/ros2_ws/install/px4_offboard:/opt/ros/humble LD_LIBRARY_PATH=/home/shibin/ros2_ws/install/px4_msgs/lib:/home/shibin/ros2_ws/install/px4_ros_com/lib:/opt/ros/humble/opt/rviz_ogre_vendor/lib:/opt/ros/humble/lib/x86_64-linux-gnu:/opt/ros/humble/lib /usr/bin/cmake --install /home/shibin/ros2_ws/build/translation_node
