[0.271s] Invoking command in '/home/shibin/ros2_ws/build/translation_node': CMAKE_PREFIX_PATH=/home/shibin/ros2_ws/install/px4_msgs_old:/home/shibin/ros2_ws/install/px4_msgs:/home/shibin/ros2_ws/install/translation_node:/home/shibin/ros2_ws/install/px4_ros_com:/home/shibin/ros2_ws/install/rrt_package:/home/shibin/ros2_ws/install/px4_offboard:/opt/ros/humble LD_LIBRARY_PATH=/home/shibin/ros2_ws/install/px4_msgs/lib:/home/shibin/ros2_ws/install/translation_node/lib:/home/shibin/ros2_ws/install/px4_ros_com/lib:/opt/ros/humble/opt/rviz_ogre_vendor/lib:/opt/ros/humble/lib/x86_64-linux-gnu:/opt/ros/humble/lib /usr/bin/cmake --build /home/shibin/ros2_ws/build/translation_node -- -j8 -l8
[0.386s] [  3%] Built target gtest
[0.395s] [ 11%] Built target gtest_main
[0.395s] [ 14%] Built target translation_node_lib
[0.396s] [ 16%] Built target translation_node__cpp
[0.396s] [ 24%] Built target translation_node__rosidl_generator_c
[0.400s] [ 24%] Built target ament_cmake_python_copy_translation_node
[0.444s] [ 27%] Built target translation_node_bin
[0.444s] [ 35%] Built target translation_node__rosidl_typesupport_introspection_cpp
[0.450s] [ 43%] Built target translation_node__rosidl_typesupport_cpp
[0.450s] [ 51%] Built target translation_node__rosidl_typesupport_fastrtps_cpp
[0.458s] [ 59%] Built target translation_node__rosidl_typesupport_c
[0.461s] [ 67%] Built target translation_node__rosidl_typesupport_introspection_c
[0.465s] [ 75%] Built target translation_node__rosidl_typesupport_fastrtps_c
[0.496s] [ 82%] Built target translation_node_unit_tests
[0.501s] [ 82%] Built target translation_node
[0.522s] [ 83%] Built target translation_node__py
[0.544s] [ 90%] Built target translation_node__rosidl_generator_py
[0.587s] [ 93%] Built target translation_node__rosidl_typesupport_introspection_c__pyext
[0.596s] [ 96%] Built target translation_node__rosidl_typesupport_fastrtps_c__pyext
[0.596s] [100%] Built target translation_node__rosidl_typesupport_c__pyext
[0.729s] running egg_info
[0.748s] writing translation_node.egg-info/PKG-INFO
[0.749s] writing dependency_links to translation_node.egg-info/dependency_links.txt
[0.749s] writing top-level names to translation_node.egg-info/top_level.txt
[0.816s] reading manifest file 'translation_node.egg-info/SOURCES.txt'
[0.817s] writing manifest file 'translation_node.egg-info/SOURCES.txt'
[0.853s] [100%] Built target ament_cmake_python_build_translation_node_egg
[0.870s] Invoked command in '/home/shibin/ros2_ws/build/translation_node' returned '0': CMAKE_PREFIX_PATH=/home/shibin/ros2_ws/install/px4_msgs_old:/home/shibin/ros2_ws/install/px4_msgs:/home/shibin/ros2_ws/install/translation_node:/home/shibin/ros2_ws/install/px4_ros_com:/home/shibin/ros2_ws/install/rrt_package:/home/shibin/ros2_ws/install/px4_offboard:/opt/ros/humble LD_LIBRARY_PATH=/home/shibin/ros2_ws/install/px4_msgs/lib:/home/shibin/ros2_ws/install/translation_node/lib:/home/shibin/ros2_ws/install/px4_ros_com/lib:/opt/ros/humble/opt/rviz_ogre_vendor/lib:/opt/ros/humble/lib/x86_64-linux-gnu:/opt/ros/humble/lib /usr/bin/cmake --build /home/shibin/ros2_ws/build/translation_node -- -j8 -l8
[0.871s] Invoking command in '/home/shibin/ros2_ws/build/translation_node': CMAKE_PREFIX_PATH=/home/shibin/ros2_ws/install/px4_msgs_old:/home/shibin/ros2_ws/install/px4_msgs:/home/shibin/ros2_ws/install/translation_node:/home/shibin/ros2_ws/install/px4_ros_com:/home/shibin/ros2_ws/install/rrt_package:/home/shibin/ros2_ws/install/px4_offboard:/opt/ros/humble LD_LIBRARY_PATH=/home/shibin/ros2_ws/install/px4_msgs/lib:/home/shibin/ros2_ws/install/translation_node/lib:/home/shibin/ros2_ws/install/px4_ros_com/lib:/opt/ros/humble/opt/rviz_ogre_vendor/lib:/opt/ros/humble/lib/x86_64-linux-gnu:/opt/ros/humble/lib /usr/bin/cmake --install /home/shibin/ros2_ws/build/translation_node
[0.880s] -- Install configuration: ""
[0.880s] -- Up-to-date: /home/shibin/ros2_ws/install/translation_node/lib/translation_node/translation_node_bin
[0.880s] -- Up-to-date: /home/shibin/ros2_ws/install/translation_node/share/ament_index/resource_index/rosidl_interfaces/translation_node
[0.880s] -- Up-to-date: /home/shibin/ros2_ws/install/translation_node/include/translation_node/translation_node
[0.880s] -- Up-to-date: /home/shibin/ros2_ws/install/translation_node/include/translation_node/translation_node/msg
[0.881s] -- Up-to-date: /home/shibin/ros2_ws/install/translation_node/include/translation_node/translation_node/msg/rosidl_generator_c__visibility_control.h
[0.881s] -- Up-to-date: /home/shibin/ros2_ws/install/translation_node/include/translation_node/translation_node/srv
[0.881s] -- Up-to-date: /home/shibin/ros2_ws/install/translation_node/include/translation_node/translation_node/srv/test_v0.h
[0.881s] -- Up-to-date: /home/shibin/ros2_ws/install/translation_node/include/translation_node/translation_node/srv/test_v2.h
[0.881s] -- Up-to-date: /home/shibin/ros2_ws/install/translation_node/include/translation_node/translation_node/srv/detail
[0.881s] -- Up-to-date: /home/shibin/ros2_ws/install/translation_node/include/translation_node/translation_node/srv/detail/test_v2__type_support.h
[0.881s] -- Up-to-date: /home/shibin/ros2_ws/install/translation_node/include/translation_node/translation_node/srv/detail/test_v1__functions.h
[0.881s] -- Up-to-date: /home/shibin/ros2_ws/install/translation_node/include/translation_node/translation_node/srv/detail/test_v0__type_support.h
[0.882s] -- Up-to-date: /home/shibin/ros2_ws/install/translation_node/include/translation_node/translation_node/srv/detail/test_v0__functions.h
[0.882s] -- Up-to-date: /home/shibin/ros2_ws/install/translation_node/include/translation_node/translation_node/srv/detail/test_v2__functions.h
[0.882s] -- Up-to-date: /home/shibin/ros2_ws/install/translation_node/include/translation_node/translation_node/srv/detail/test_v1__struct.h
[0.882s] -- Up-to-date: /home/shibin/ros2_ws/install/translation_node/include/translation_node/translation_node/srv/detail/test_v0__functions.c
[0.882s] -- Up-to-date: /home/shibin/ros2_ws/install/translation_node/include/translation_node/translation_node/srv/detail/test_v1__functions.c
[0.882s] -- Up-to-date: /home/shibin/ros2_ws/install/translation_node/include/translation_node/translation_node/srv/detail/test_v0__struct.h
[0.882s] -- Up-to-date: /home/shibin/ros2_ws/install/translation_node/include/translation_node/translation_node/srv/detail/test_v1__type_support.h
[0.882s] -- Up-to-date: /home/shibin/ros2_ws/install/translation_node/include/translation_node/translation_node/srv/detail/test_v2__functions.c
[0.883s] -- Up-to-date: /home/shibin/ros2_ws/install/translation_node/include/translation_node/translation_node/srv/detail/test_v2__struct.h
[0.883s] -- Up-to-date: /home/shibin/ros2_ws/install/translation_node/include/translation_node/translation_node/srv/test_v1.h
[0.883s] -- Up-to-date: /home/shibin/ros2_ws/install/translation_node/share/translation_node/environment/library_path.sh
[0.883s] -- Up-to-date: /home/shibin/ros2_ws/install/translation_node/share/translation_node/environment/library_path.dsv
[0.883s] -- Up-to-date: /home/shibin/ros2_ws/install/translation_node/lib/libtranslation_node__rosidl_generator_c.so
[0.883s] -- Up-to-date: /home/shibin/ros2_ws/install/translation_node/include/translation_node/translation_node
[0.883s] -- Up-to-date: /home/shibin/ros2_ws/install/translation_node/include/translation_node/translation_node/msg
[0.883s] -- Up-to-date: /home/shibin/ros2_ws/install/translation_node/include/translation_node/translation_node/msg/rosidl_typesupport_fastrtps_c__visibility_control.h
[0.884s] -- Up-to-date: /home/shibin/ros2_ws/install/translation_node/include/translation_node/translation_node/srv
[0.884s] -- Up-to-date: /home/shibin/ros2_ws/install/translation_node/include/translation_node/translation_node/srv/detail
[0.884s] -- Up-to-date: /home/shibin/ros2_ws/install/translation_node/include/translation_node/translation_node/srv/detail/test_v2__rosidl_typesupport_fastrtps_c.h
[0.884s] -- Up-to-date: /home/shibin/ros2_ws/install/translation_node/include/translation_node/translation_node/srv/detail/test_v0__rosidl_typesupport_fastrtps_c.h
[0.884s] -- Up-to-date: /home/shibin/ros2_ws/install/translation_node/include/translation_node/translation_node/srv/detail/test_v1__rosidl_typesupport_fastrtps_c.h
[0.884s] -- Up-to-date: /home/shibin/ros2_ws/install/translation_node/lib/libtranslation_node__rosidl_typesupport_fastrtps_c.so
[0.884s] -- Up-to-date: /home/shibin/ros2_ws/install/translation_node/include/translation_node/translation_node
[0.884s] -- Up-to-date: /home/shibin/ros2_ws/install/translation_node/include/translation_node/translation_node/msg
[0.885s] -- Up-to-date: /home/shibin/ros2_ws/install/translation_node/include/translation_node/translation_node/msg/rosidl_generator_cpp__visibility_control.hpp
[0.885s] -- Up-to-date: /home/shibin/ros2_ws/install/translation_node/include/translation_node/translation_node/srv
[0.885s] -- Up-to-date: /home/shibin/ros2_ws/install/translation_node/include/translation_node/translation_node/srv/test_v0.hpp
[0.885s] -- Up-to-date: /home/shibin/ros2_ws/install/translation_node/include/translation_node/translation_node/srv/test_v2.hpp
[0.885s] -- Up-to-date: /home/shibin/ros2_ws/install/translation_node/include/translation_node/translation_node/srv/detail
[0.885s] -- Up-to-date: /home/shibin/ros2_ws/install/translation_node/include/translation_node/translation_node/srv/detail/test_v1__builder.hpp
[0.885s] -- Up-to-date: /home/shibin/ros2_ws/install/translation_node/include/translation_node/translation_node/srv/detail/test_v0__struct.hpp
[0.885s] -- Up-to-date: /home/shibin/ros2_ws/install/translation_node/include/translation_node/translation_node/srv/detail/test_v2__traits.hpp
[0.885s] -- Up-to-date: /home/shibin/ros2_ws/install/translation_node/include/translation_node/translation_node/srv/detail/test_v0__type_support.hpp
[0.885s] -- Up-to-date: /home/shibin/ros2_ws/install/translation_node/include/translation_node/translation_node/srv/detail/test_v1__traits.hpp
[0.886s] -- Up-to-date: /home/shibin/ros2_ws/install/translation_node/include/translation_node/translation_node/srv/detail/test_v0__builder.hpp
[0.886s] -- Up-to-date: /home/shibin/ros2_ws/install/translation_node/include/translation_node/translation_node/srv/detail/test_v1__struct.hpp
[0.886s] -- Up-to-date: /home/shibin/ros2_ws/install/translation_node/include/translation_node/translation_node/srv/detail/test_v2__builder.hpp
[0.886s] -- Up-to-date: /home/shibin/ros2_ws/install/translation_node/include/translation_node/translation_node/srv/detail/test_v1__type_support.hpp
[0.886s] -- Up-to-date: /home/shibin/ros2_ws/install/translation_node/include/translation_node/translation_node/srv/detail/test_v2__type_support.hpp
[0.886s] -- Up-to-date: /home/shibin/ros2_ws/install/translation_node/include/translation_node/translation_node/srv/detail/test_v2__struct.hpp
[0.886s] -- Up-to-date: /home/shibin/ros2_ws/install/translation_node/include/translation_node/translation_node/srv/detail/test_v0__traits.hpp
[0.887s] -- Up-to-date: /home/shibin/ros2_ws/install/translation_node/include/translation_node/translation_node/srv/test_v1.hpp
[0.887s] -- Up-to-date: /home/shibin/ros2_ws/install/translation_node/include/translation_node/translation_node
[0.887s] -- Up-to-date: /home/shibin/ros2_ws/install/translation_node/include/translation_node/translation_node/msg
[0.887s] -- Up-to-date: /home/shibin/ros2_ws/install/translation_node/include/translation_node/translation_node/msg/rosidl_typesupport_fastrtps_cpp__visibility_control.h
[0.887s] -- Up-to-date: /home/shibin/ros2_ws/install/translation_node/include/translation_node/translation_node/srv
[0.887s] -- Up-to-date: /home/shibin/ros2_ws/install/translation_node/include/translation_node/translation_node/srv/detail
[0.887s] -- Up-to-date: /home/shibin/ros2_ws/install/translation_node/include/translation_node/translation_node/srv/detail/test_v2__rosidl_typesupport_fastrtps_cpp.hpp
[0.887s] -- Up-to-date: /home/shibin/ros2_ws/install/translation_node/include/translation_node/translation_node/srv/detail/test_v1__rosidl_typesupport_fastrtps_cpp.hpp
[0.887s] -- Up-to-date: /home/shibin/ros2_ws/install/translation_node/include/translation_node/translation_node/srv/detail/test_v0__rosidl_typesupport_fastrtps_cpp.hpp
[0.888s] -- Up-to-date: /home/shibin/ros2_ws/install/translation_node/include/translation_node/translation_node/srv/detail/dds_fastrtps
[0.888s] -- Up-to-date: /home/shibin/ros2_ws/install/translation_node/lib/libtranslation_node__rosidl_typesupport_fastrtps_cpp.so
[0.888s] -- Up-to-date: /home/shibin/ros2_ws/install/translation_node/include/translation_node/translation_node
[0.888s] -- Up-to-date: /home/shibin/ros2_ws/install/translation_node/include/translation_node/translation_node/msg
[0.888s] -- Up-to-date: /home/shibin/ros2_ws/install/translation_node/include/translation_node/translation_node/msg/rosidl_typesupport_introspection_c__visibility_control.h
[0.888s] -- Up-to-date: /home/shibin/ros2_ws/install/translation_node/include/translation_node/translation_node/srv
[0.888s] -- Up-to-date: /home/shibin/ros2_ws/install/translation_node/include/translation_node/translation_node/srv/detail
[0.888s] -- Up-to-date: /home/shibin/ros2_ws/install/translation_node/include/translation_node/translation_node/srv/detail/test_v2__type_support.c
[0.888s] -- Up-to-date: /home/shibin/ros2_ws/install/translation_node/include/translation_node/translation_node/srv/detail/test_v0__rosidl_typesupport_introspection_c.h
[0.889s] -- Up-to-date: /home/shibin/ros2_ws/install/translation_node/include/translation_node/translation_node/srv/detail/test_v1__type_support.c
[0.889s] -- Up-to-date: /home/shibin/ros2_ws/install/translation_node/include/translation_node/translation_node/srv/detail/test_v1__rosidl_typesupport_introspection_c.h
[0.889s] -- Up-to-date: /home/shibin/ros2_ws/install/translation_node/include/translation_node/translation_node/srv/detail/test_v2__rosidl_typesupport_introspection_c.h
[0.889s] -- Up-to-date: /home/shibin/ros2_ws/install/translation_node/include/translation_node/translation_node/srv/detail/test_v0__type_support.c
[0.889s] -- Up-to-date: /home/shibin/ros2_ws/install/translation_node/lib/libtranslation_node__rosidl_typesupport_introspection_c.so
[0.890s] -- Up-to-date: /home/shibin/ros2_ws/install/translation_node/lib/libtranslation_node__rosidl_typesupport_c.so
[0.890s] -- Up-to-date: /home/shibin/ros2_ws/install/translation_node/include/translation_node/translation_node
[0.890s] -- Up-to-date: /home/shibin/ros2_ws/install/translation_node/include/translation_node/translation_node/srv
[0.890s] -- Up-to-date: /home/shibin/ros2_ws/install/translation_node/include/translation_node/translation_node/srv/detail
[0.890s] -- Up-to-date: /home/shibin/ros2_ws/install/translation_node/include/translation_node/translation_node/srv/detail/test_v1__type_support.cpp
[0.890s] -- Up-to-date: /home/shibin/ros2_ws/install/translation_node/include/translation_node/translation_node/srv/detail/test_v0__type_support.cpp
[0.890s] -- Up-to-date: /home/shibin/ros2_ws/install/translation_node/include/translation_node/translation_node/srv/detail/test_v2__type_support.cpp
[0.890s] -- Up-to-date: /home/shibin/ros2_ws/install/translation_node/include/translation_node/translation_node/srv/detail/test_v2__rosidl_typesupport_introspection_cpp.hpp
[0.891s] -- Up-to-date: /home/shibin/ros2_ws/install/translation_node/include/translation_node/translation_node/srv/detail/test_v0__rosidl_typesupport_introspection_cpp.hpp
[0.891s] -- Up-to-date: /home/shibin/ros2_ws/install/translation_node/include/translation_node/translation_node/srv/detail/test_v1__rosidl_typesupport_introspection_cpp.hpp
[0.891s] -- Up-to-date: /home/shibin/ros2_ws/install/translation_node/lib/libtranslation_node__rosidl_typesupport_introspection_cpp.so
[0.891s] -- Up-to-date: /home/shibin/ros2_ws/install/translation_node/lib/libtranslation_node__rosidl_typesupport_cpp.so
[0.891s] -- Up-to-date: /home/shibin/ros2_ws/install/translation_node/share/translation_node/environment/pythonpath.sh
[0.891s] -- Up-to-date: /home/shibin/ros2_ws/install/translation_node/share/translation_node/environment/pythonpath.dsv
[0.891s] -- Up-to-date: /home/shibin/ros2_ws/install/translation_node/local/lib/python3.10/dist-packages/translation_node-0.0.0-py3.10.egg-info
[0.891s] -- Installing: /home/shibin/ros2_ws/install/translation_node/local/lib/python3.10/dist-packages/translation_node-0.0.0-py3.10.egg-info/SOURCES.txt
[0.891s] -- Installing: /home/shibin/ros2_ws/install/translation_node/local/lib/python3.10/dist-packages/translation_node-0.0.0-py3.10.egg-info/dependency_links.txt
[0.891s] -- Installing: /home/shibin/ros2_ws/install/translation_node/local/lib/python3.10/dist-packages/translation_node-0.0.0-py3.10.egg-info/top_level.txt
[0.891s] -- Installing: /home/shibin/ros2_ws/install/translation_node/local/lib/python3.10/dist-packages/translation_node-0.0.0-py3.10.egg-info/PKG-INFO
[0.892s] -- Up-to-date: /home/shibin/ros2_ws/install/translation_node/local/lib/python3.10/dist-packages/translation_node
[0.892s] -- Up-to-date: /home/shibin/ros2_ws/install/translation_node/local/lib/python3.10/dist-packages/translation_node/_translation_node_s.ep.rosidl_typesupport_fastrtps_c.c
[0.892s] -- Up-to-date: /home/shibin/ros2_ws/install/translation_node/local/lib/python3.10/dist-packages/translation_node/translation_node_s__rosidl_typesupport_c.cpython-310-x86_64-linux-gnu.so
[0.892s] -- Up-to-date: /home/shibin/ros2_ws/install/translation_node/local/lib/python3.10/dist-packages/translation_node/translation_node_s__rosidl_typesupport_fastrtps_c.cpython-310-x86_64-linux-gnu.so
[0.892s] -- Up-to-date: /home/shibin/ros2_ws/install/translation_node/local/lib/python3.10/dist-packages/translation_node/_translation_node_s.ep.rosidl_typesupport_c.c
[0.892s] -- Up-to-date: /home/shibin/ros2_ws/install/translation_node/local/lib/python3.10/dist-packages/translation_node/srv
[0.892s] -- Up-to-date: /home/shibin/ros2_ws/install/translation_node/local/lib/python3.10/dist-packages/translation_node/srv/_test_v2.py
[0.892s] -- Up-to-date: /home/shibin/ros2_ws/install/translation_node/local/lib/python3.10/dist-packages/translation_node/srv/_test_v0.py
[0.892s] -- Up-to-date: /home/shibin/ros2_ws/install/translation_node/local/lib/python3.10/dist-packages/translation_node/srv/_test_v1.py
[0.893s] -- Up-to-date: /home/shibin/ros2_ws/install/translation_node/local/lib/python3.10/dist-packages/translation_node/srv/_test_v1_s.c
[0.893s] -- Up-to-date: /home/shibin/ros2_ws/install/translation_node/local/lib/python3.10/dist-packages/translation_node/srv/_test_v0_s.c
[0.893s] -- Up-to-date: /home/shibin/ros2_ws/install/translation_node/local/lib/python3.10/dist-packages/translation_node/srv/_test_v2_s.c
[0.893s] -- Up-to-date: /home/shibin/ros2_ws/install/translation_node/local/lib/python3.10/dist-packages/translation_node/srv/__init__.py
[0.893s] -- Up-to-date: /home/shibin/ros2_ws/install/translation_node/local/lib/python3.10/dist-packages/translation_node/translation_node_s__rosidl_typesupport_introspection_c.cpython-310-x86_64-linux-gnu.so
[0.893s] -- Up-to-date: /home/shibin/ros2_ws/install/translation_node/local/lib/python3.10/dist-packages/translation_node/_translation_node_s.ep.rosidl_typesupport_introspection_c.c
[0.893s] -- Up-to-date: /home/shibin/ros2_ws/install/translation_node/local/lib/python3.10/dist-packages/translation_node/__init__.py
[0.893s] -- Up-to-date: /home/shibin/ros2_ws/install/translation_node/local/lib/python3.10/dist-packages/translation_node/libtranslation_node__rosidl_generator_py.so
[0.942s] Listing '/home/shibin/ros2_ws/install/translation_node/local/lib/python3.10/dist-packages/translation_node'...
[0.942s] Listing '/home/shibin/ros2_ws/install/translation_node/local/lib/python3.10/dist-packages/translation_node/srv'...
[0.949s] -- Up-to-date: /home/shibin/ros2_ws/install/translation_node/local/lib/python3.10/dist-packages/translation_node/translation_node_s__rosidl_typesupport_fastrtps_c.cpython-310-x86_64-linux-gnu.so
[0.949s] -- Up-to-date: /home/shibin/ros2_ws/install/translation_node/local/lib/python3.10/dist-packages/translation_node/translation_node_s__rosidl_typesupport_introspection_c.cpython-310-x86_64-linux-gnu.so
[0.950s] -- Up-to-date: /home/shibin/ros2_ws/install/translation_node/local/lib/python3.10/dist-packages/translation_node/translation_node_s__rosidl_typesupport_c.cpython-310-x86_64-linux-gnu.so
[0.951s] -- Up-to-date: /home/shibin/ros2_ws/install/translation_node/lib/libtranslation_node__rosidl_generator_py.so
[0.951s] -- Up-to-date: /home/shibin/ros2_ws/install/translation_node/share/translation_node/srv/TestV0.idl
[0.951s] -- Up-to-date: /home/shibin/ros2_ws/install/translation_node/share/translation_node/srv/TestV1.idl
[0.951s] -- Up-to-date: /home/shibin/ros2_ws/install/translation_node/share/translation_node/srv/TestV2.idl
[0.951s] -- Up-to-date: /home/shibin/ros2_ws/install/translation_node/share/translation_node/srv/TestV0.srv
[0.951s] -- Up-to-date: /home/shibin/ros2_ws/install/translation_node/share/translation_node/srv/TestV0_Request.msg
[0.952s] -- Up-to-date: /home/shibin/ros2_ws/install/translation_node/share/translation_node/srv/TestV0_Response.msg
[0.952s] -- Up-to-date: /home/shibin/ros2_ws/install/translation_node/share/translation_node/srv/TestV1.srv
[0.952s] -- Up-to-date: /home/shibin/ros2_ws/install/translation_node/share/translation_node/srv/TestV1_Request.msg
[0.952s] -- Up-to-date: /home/shibin/ros2_ws/install/translation_node/share/translation_node/srv/TestV1_Response.msg
[0.952s] -- Up-to-date: /home/shibin/ros2_ws/install/translation_node/share/translation_node/srv/TestV2.srv
[0.952s] -- Up-to-date: /home/shibin/ros2_ws/install/translation_node/share/translation_node/srv/TestV2_Request.msg
[0.952s] -- Up-to-date: /home/shibin/ros2_ws/install/translation_node/share/translation_node/srv/TestV2_Response.msg
[0.952s] -- Up-to-date: /home/shibin/ros2_ws/install/translation_node/share/ament_index/resource_index/package_run_dependencies/translation_node
[0.952s] -- Up-to-date: /home/shibin/ros2_ws/install/translation_node/share/ament_index/resource_index/parent_prefix_path/translation_node
[0.952s] -- Up-to-date: /home/shibin/ros2_ws/install/translation_node/share/translation_node/environment/ament_prefix_path.sh
[0.952s] -- Up-to-date: /home/shibin/ros2_ws/install/translation_node/share/translation_node/environment/ament_prefix_path.dsv
[0.952s] -- Up-to-date: /home/shibin/ros2_ws/install/translation_node/share/translation_node/environment/path.sh
[0.952s] -- Up-to-date: /home/shibin/ros2_ws/install/translation_node/share/translation_node/environment/path.dsv
[0.952s] -- Up-to-date: /home/shibin/ros2_ws/install/translation_node/share/translation_node/local_setup.bash
[0.953s] -- Up-to-date: /home/shibin/ros2_ws/install/translation_node/share/translation_node/local_setup.sh
[0.953s] -- Up-to-date: /home/shibin/ros2_ws/install/translation_node/share/translation_node/local_setup.zsh
[0.953s] -- Up-to-date: /home/shibin/ros2_ws/install/translation_node/share/translation_node/local_setup.dsv
[0.953s] -- Installing: /home/shibin/ros2_ws/install/translation_node/share/translation_node/package.dsv
[0.953s] -- Up-to-date: /home/shibin/ros2_ws/install/translation_node/share/ament_index/resource_index/packages/translation_node
[0.953s] -- Up-to-date: /home/shibin/ros2_ws/install/translation_node/share/translation_node/cmake/export_translation_node__rosidl_generator_cExport.cmake
[0.953s] -- Up-to-date: /home/shibin/ros2_ws/install/translation_node/share/translation_node/cmake/export_translation_node__rosidl_generator_cExport-noconfig.cmake
[0.953s] -- Up-to-date: /home/shibin/ros2_ws/install/translation_node/share/translation_node/cmake/export_translation_node__rosidl_typesupport_fastrtps_cExport.cmake
[0.953s] -- Up-to-date: /home/shibin/ros2_ws/install/translation_node/share/translation_node/cmake/export_translation_node__rosidl_typesupport_fastrtps_cExport-noconfig.cmake
[0.953s] -- Up-to-date: /home/shibin/ros2_ws/install/translation_node/share/translation_node/cmake/export_translation_node__rosidl_generator_cppExport.cmake
[0.953s] -- Up-to-date: /home/shibin/ros2_ws/install/translation_node/share/translation_node/cmake/export_translation_node__rosidl_typesupport_fastrtps_cppExport.cmake
[0.953s] -- Up-to-date: /home/shibin/ros2_ws/install/translation_node/share/translation_node/cmake/export_translation_node__rosidl_typesupport_fastrtps_cppExport-noconfig.cmake
[0.954s] -- Up-to-date: /home/shibin/ros2_ws/install/translation_node/share/translation_node/cmake/translation_node__rosidl_typesupport_introspection_cExport.cmake
[0.954s] -- Up-to-date: /home/shibin/ros2_ws/install/translation_node/share/translation_node/cmake/translation_node__rosidl_typesupport_introspection_cExport-noconfig.cmake
[0.954s] -- Up-to-date: /home/shibin/ros2_ws/install/translation_node/share/translation_node/cmake/translation_node__rosidl_typesupport_cExport.cmake
[0.954s] -- Up-to-date: /home/shibin/ros2_ws/install/translation_node/share/translation_node/cmake/translation_node__rosidl_typesupport_cExport-noconfig.cmake
[0.954s] -- Up-to-date: /home/shibin/ros2_ws/install/translation_node/share/translation_node/cmake/translation_node__rosidl_typesupport_introspection_cppExport.cmake
[0.954s] -- Up-to-date: /home/shibin/ros2_ws/install/translation_node/share/translation_node/cmake/translation_node__rosidl_typesupport_introspection_cppExport-noconfig.cmake
[0.954s] -- Up-to-date: /home/shibin/ros2_ws/install/translation_node/share/translation_node/cmake/translation_node__rosidl_typesupport_cppExport.cmake
[0.954s] -- Up-to-date: /home/shibin/ros2_ws/install/translation_node/share/translation_node/cmake/translation_node__rosidl_typesupport_cppExport-noconfig.cmake
[0.954s] -- Up-to-date: /home/shibin/ros2_ws/install/translation_node/share/translation_node/cmake/export_translation_node__rosidl_generator_pyExport.cmake
[0.954s] -- Up-to-date: /home/shibin/ros2_ws/install/translation_node/share/translation_node/cmake/export_translation_node__rosidl_generator_pyExport-noconfig.cmake
[0.954s] -- Up-to-date: /home/shibin/ros2_ws/install/translation_node/share/translation_node/cmake/rosidl_cmake-extras.cmake
[0.955s] -- Up-to-date: /home/shibin/ros2_ws/install/translation_node/share/translation_node/cmake/ament_cmake_export_include_directories-extras.cmake
[0.955s] -- Up-to-date: /home/shibin/ros2_ws/install/translation_node/share/translation_node/cmake/ament_cmake_export_libraries-extras.cmake
[0.955s] -- Up-to-date: /home/shibin/ros2_ws/install/translation_node/share/translation_node/cmake/ament_cmake_export_targets-extras.cmake
[0.955s] -- Up-to-date: /home/shibin/ros2_ws/install/translation_node/share/translation_node/cmake/rosidl_cmake_export_typesupport_targets-extras.cmake
[0.955s] -- Up-to-date: /home/shibin/ros2_ws/install/translation_node/share/translation_node/cmake/ament_cmake_export_dependencies-extras.cmake
[0.955s] -- Up-to-date: /home/shibin/ros2_ws/install/translation_node/share/translation_node/cmake/rosidl_cmake_export_typesupport_libraries-extras.cmake
[0.955s] -- Up-to-date: /home/shibin/ros2_ws/install/translation_node/share/translation_node/cmake/translation_nodeConfig.cmake
[0.955s] -- Up-to-date: /home/shibin/ros2_ws/install/translation_node/share/translation_node/cmake/translation_nodeConfig-version.cmake
[0.955s] -- Up-to-date: /home/shibin/ros2_ws/install/translation_node/share/translation_node/package.xml
[0.958s] Invoked command in '/home/shibin/ros2_ws/build/translation_node' returned '0': CMAKE_PREFIX_PATH=/home/shibin/ros2_ws/install/px4_msgs_old:/home/shibin/ros2_ws/install/px4_msgs:/home/shibin/ros2_ws/install/translation_node:/home/shibin/ros2_ws/install/px4_ros_com:/home/shibin/ros2_ws/install/rrt_package:/home/shibin/ros2_ws/install/px4_offboard:/opt/ros/humble LD_LIBRARY_PATH=/home/shibin/ros2_ws/install/px4_msgs/lib:/home/shibin/ros2_ws/install/translation_node/lib:/home/shibin/ros2_ws/install/px4_ros_com/lib:/opt/ros/humble/opt/rviz_ogre_vendor/lib:/opt/ros/humble/lib/x86_64-linux-gnu:/opt/ros/humble/lib /usr/bin/cmake --install /home/shibin/ros2_ws/build/translation_node
