[1.522s] Invoking command in '/home/shibin/ros2_ws/src/px4-offboard': CMAKE_PREFIX_PATH=/home/shibin/ros2_ws/install/px4_msgs:/home/shibin/ros2_ws/install/translation_node:/home/shibin/ros2_ws/install/px4_ros_com:/home/shibin/ros2_ws/install/px4_msgs_old LD_LIBRARY_PATH=/home/shibin/ros2_ws/install/px4_msgs/lib:/home/shibin/ros2_ws/install/translation_node/lib:/home/shibin/ros2_ws/install/px4_ros_com/lib:/opt/ros/humble/opt/rviz_ogre_vendor/lib:/opt/ros/humble/lib/x86_64-linux-gnu:/opt/ros/humble/lib PYTHONPATH=/home/shibin/ros2_ws/build/px4_offboard/prefix_override:/usr/lib/python3/dist-packages/colcon_core/task/python/colcon_distutils_commands:/home/shibin/ros2_ws/install/px4_offboard/lib/python3.10/site-packages:${PYTHONPATH} /usr/bin/python3 -W ignore:setup.py install is deprecated -W ignore:easy_install command is deprecated setup.py egg_info --egg-base ../../build/px4_offboard build --build-base /home/shibin/ros2_ws/build/px4_offboard/build install --record /home/shibin/ros2_ws/build/px4_offboard/install.log --single-version-externally-managed install_data
[2.130s] running egg_info
[2.174s] writing ../../build/px4_offboard/px4_offboard.egg-info/PKG-INFO
[2.179s] writing dependency_links to ../../build/px4_offboard/px4_offboard.egg-info/dependency_links.txt
[2.179s] writing entry points to ../../build/px4_offboard/px4_offboard.egg-info/entry_points.txt
[2.179s] writing requirements to ../../build/px4_offboard/px4_offboard.egg-info/requires.txt
[2.180s] writing top-level names to ../../build/px4_offboard/px4_offboard.egg-info/top_level.txt
[2.256s] reading manifest file '../../build/px4_offboard/px4_offboard.egg-info/SOURCES.txt'
[2.257s] adding license file 'LICENSE'
[2.260s] writing manifest file '../../build/px4_offboard/px4_offboard.egg-info/SOURCES.txt'
[2.260s] running build
[2.260s] running build_py
[2.261s] copying px4_offboard/visualizer.py -> /home/shibin/ros2_ws/build/px4_offboard/build/lib/px4_offboard
[2.262s] copying px4_offboard/__init__.py -> /home/shibin/ros2_ws/build/px4_offboard/build/lib/px4_offboard
[2.263s] copying px4_offboard/offboard_control.py -> /home/shibin/ros2_ws/build/px4_offboard/build/lib/px4_offboard
[2.263s] running install
[2.275s] running install_lib
[2.311s] running install_data
[2.311s] copying resource/px4_offboard -> /home/shibin/ros2_ws/install/px4_offboard/share/ament_index/resource_index/packages
[2.312s] copying resource/visualize.rviz -> /home/shibin/ros2_ws/install/px4_offboard/share/ament_index/resource_index/packages
[2.312s] copying package.xml -> /home/shibin/ros2_ws/install/px4_offboard/share/px4_offboard
[2.313s] copying launch/offboard_position_control.launch.py -> /home/shibin/ros2_ws/install/px4_offboard/share/px4_offboard
[2.313s] copying launch/offboard_hardware_position_control.launch.py -> /home/shibin/ros2_ws/install/px4_offboard/share/px4_offboard
[2.314s] copying launch/visualize.launch.py -> /home/shibin/ros2_ws/install/px4_offboard/share/px4_offboard
[2.314s] copying resource/visualize.rviz -> /home/shibin/ros2_ws/install/px4_offboard/share/px4_offboard
[2.314s] running install_egg_info
[2.355s] removing '/home/shibin/ros2_ws/install/px4_offboard/lib/python3.10/site-packages/px4_offboard-0.0.0-py3.10.egg-info' (and everything under it)
[2.356s] Copying ../../build/px4_offboard/px4_offboard.egg-info to /home/shibin/ros2_ws/install/px4_offboard/lib/python3.10/site-packages/px4_offboard-0.0.0-py3.10.egg-info
[2.357s] running install_scripts
[2.637s] Installing offboard_control script to /home/shibin/ros2_ws/install/px4_offboard/lib/px4_offboard
[2.637s] Installing visualizer script to /home/shibin/ros2_ws/install/px4_offboard/lib/px4_offboard
[2.638s] writing list of installed files to '/home/shibin/ros2_ws/build/px4_offboard/install.log'
[2.683s] Invoked command in '/home/shibin/ros2_ws/src/px4-offboard' returned '0': CMAKE_PREFIX_PATH=/home/shibin/ros2_ws/install/px4_msgs:/home/shibin/ros2_ws/install/translation_node:/home/shibin/ros2_ws/install/px4_ros_com:/home/shibin/ros2_ws/install/px4_msgs_old LD_LIBRARY_PATH=/home/shibin/ros2_ws/install/px4_msgs/lib:/home/shibin/ros2_ws/install/translation_node/lib:/home/shibin/ros2_ws/install/px4_ros_com/lib:/opt/ros/humble/opt/rviz_ogre_vendor/lib:/opt/ros/humble/lib/x86_64-linux-gnu:/opt/ros/humble/lib PYTHONPATH=/home/shibin/ros2_ws/build/px4_offboard/prefix_override:/usr/lib/python3/dist-packages/colcon_core/task/python/colcon_distutils_commands:/home/shibin/ros2_ws/install/px4_offboard/lib/python3.10/site-packages:${PYTHONPATH} /usr/bin/python3 -W ignore:setup.py install is deprecated -W ignore:easy_install command is deprecated setup.py egg_info --egg-base ../../build/px4_offboard build --build-base /home/shibin/ros2_ws/build/px4_offboard/build install --record /home/shibin/ros2_ws/build/px4_offboard/install.log --single-version-externally-managed install_data
