[0.326s] Invoking command in '/home/shibin/ws_sensor_combined/build/px4_ros_com': CMAKE_PREFIX_PATH=/home/shibin/ws_sensor_combined/install/px4_msgs:/home/shibin/ws_sensor_combined/install/px4_ros_com:/home/shibin/project_ws/install/tutorial_interfaces:/home/shibin/ws_sensor_combined/install/rrt_package:/home/shibin/ws_sensor_combined/install/px4_offboard:/home/shibin/ws_sensor_combined/install/gazebo_ros_bridge:/home/shibin/project_ws/install/serp_rl:/home/shibin/project_ws/install/project_pkg:/home/shibin/project_ws/install/drone_simulation:/opt/ros/humble LD_LIBRARY_PATH=/home/shibin/ws_sensor_combined/install/px4_msgs/lib:/home/shibin/ws_sensor_combined/install/px4_ros_com/lib:/home/shibin/project_ws/install/tutorial_interfaces/lib:/opt/ros/humble/opt/rviz_ogre_vendor/lib:/opt/ros/humble/lib/x86_64-linux-gnu:/opt/ros/humble/opt/ortools_vendor/lib:/opt/ros/humble/lib /usr/bin/cmake --build /home/shibin/ws_sensor_combined/build/px4_ros_com -- -j8 -l8
[0.349s] -- Found ament_cmake: 1.3.11 (/opt/ros/humble/share/ament_cmake/cmake)
[0.519s] -- Found builtin_interfaces: 1.2.1 (/opt/ros/humble/share/builtin_interfaces/cmake)
[0.558s] -- Found rosidl_generator_c: 3.1.6 (/opt/ros/humble/share/rosidl_generator_c/cmake)
[0.562s] -- Found rosidl_adapter: 3.1.6 (/opt/ros/humble/share/rosidl_adapter/cmake)
[0.572s] -- Found rosidl_generator_cpp: 3.1.6 (/opt/ros/humble/share/rosidl_generator_cpp/cmake)
[0.589s] -- Using all available rosidl_typesupport_c: rosidl_typesupport_fastrtps_c;rosidl_typesupport_introspection_c
[0.607s] -- Using all available rosidl_typesupport_cpp: rosidl_typesupport_fastrtps_cpp;rosidl_typesupport_introspection_cpp
[0.623s] -- Found eigen3_cmake_module: 0.1.1 (/opt/ros/humble/share/eigen3_cmake_module/cmake)
[0.625s] -- Found geometry_msgs: 4.2.4 (/opt/ros/humble/share/geometry_msgs/cmake)
[0.657s] -- Found px4_msgs: 2.0.1 (/home/shibin/ws_sensor_combined/install/px4_msgs/share/px4_msgs/cmake)
[0.672s] -- Found rclcpp: 16.0.11 (/opt/ros/humble/share/rclcpp/cmake)
[0.712s] -- Found rmw_implementation_cmake: 6.1.2 (/opt/ros/humble/share/rmw_implementation_cmake/cmake)
[0.715s] -- Found rmw_fastrtps_cpp: 6.2.7 (/opt/ros/humble/share/rmw_fastrtps_cpp/cmake)
[0.852s] -- Using RMW implementation 'rmw_fastrtps_cpp' as default
[0.935s] -- Found sensor_msgs: 4.2.4 (/opt/ros/humble/share/sensor_msgs/cmake)
[0.967s] -- Found rclpy: 3.3.15 (/opt/ros/humble/share/rclpy/cmake)
[0.977s] -- Found ament_lint_auto: 0.12.11 (/opt/ros/humble/share/ament_lint_auto/cmake)
[1.081s] -- Configuring done
[1.124s] -- Generating done
[1.142s] -- Build files have been written to: /home/shibin/ws_sensor_combined/build/px4_ros_com
[1.176s] [35m[1mConsolidate compiler generated dependencies of target sensor_combined_listener[0m
[1.178s] [35m[1mConsolidate compiler generated dependencies of target offboard_control[0m
[1.179s] [35m[1mConsolidate compiler generated dependencies of target frame_transforms[0m
[1.179s] [35m[1mConsolidate compiler generated dependencies of target offboard_control_srv[0m
[1.180s] [35m[1mConsolidate compiler generated dependencies of target debug_vect_advertiser[0m
[1.180s] [35m[1mConsolidate compiler generated dependencies of target vehicle_gps_position_listener[0m
[1.208s] [  0%] Built target ament_cmake_python_copy_px4_ros_com
[1.214s] [ 33%] Built target offboard_control
[1.214s] [ 33%] Built target debug_vect_advertiser
[1.215s] [ 50%] Built target vehicle_gps_position_listener
[1.215s] [ 66%] Built target frame_transforms
[1.216s] [ 83%] Built target sensor_combined_listener
[1.220s] [100%] Built target offboard_control_srv
[1.503s] running egg_info
[1.503s] writing px4_ros_com.egg-info/PKG-INFO
[1.504s] writing dependency_links to px4_ros_com.egg-info/dependency_links.txt
[1.504s] writing top-level names to px4_ros_com.egg-info/top_level.txt
[1.507s] reading manifest file 'px4_ros_com.egg-info/SOURCES.txt'
[1.508s] writing manifest file 'px4_ros_com.egg-info/SOURCES.txt'
[1.537s] [100%] Built target ament_cmake_python_build_px4_ros_com_egg
[1.548s] Invoked command in '/home/shibin/ws_sensor_combined/build/px4_ros_com' returned '0': CMAKE_PREFIX_PATH=/home/shibin/ws_sensor_combined/install/px4_msgs:/home/shibin/ws_sensor_combined/install/px4_ros_com:/home/shibin/project_ws/install/tutorial_interfaces:/home/shibin/ws_sensor_combined/install/rrt_package:/home/shibin/ws_sensor_combined/install/px4_offboard:/home/shibin/ws_sensor_combined/install/gazebo_ros_bridge:/home/shibin/project_ws/install/serp_rl:/home/shibin/project_ws/install/project_pkg:/home/shibin/project_ws/install/drone_simulation:/opt/ros/humble LD_LIBRARY_PATH=/home/shibin/ws_sensor_combined/install/px4_msgs/lib:/home/shibin/ws_sensor_combined/install/px4_ros_com/lib:/home/shibin/project_ws/install/tutorial_interfaces/lib:/opt/ros/humble/opt/rviz_ogre_vendor/lib:/opt/ros/humble/lib/x86_64-linux-gnu:/opt/ros/humble/opt/ortools_vendor/lib:/opt/ros/humble/lib /usr/bin/cmake --build /home/shibin/ws_sensor_combined/build/px4_ros_com -- -j8 -l8
[1.549s] Invoking command in '/home/shibin/ws_sensor_combined/build/px4_ros_com': CMAKE_PREFIX_PATH=/home/shibin/ws_sensor_combined/install/px4_msgs:/home/shibin/ws_sensor_combined/install/px4_ros_com:/home/shibin/project_ws/install/tutorial_interfaces:/home/shibin/ws_sensor_combined/install/rrt_package:/home/shibin/ws_sensor_combined/install/px4_offboard:/home/shibin/ws_sensor_combined/install/gazebo_ros_bridge:/home/shibin/project_ws/install/serp_rl:/home/shibin/project_ws/install/project_pkg:/home/shibin/project_ws/install/drone_simulation:/opt/ros/humble LD_LIBRARY_PATH=/home/shibin/ws_sensor_combined/install/px4_msgs/lib:/home/shibin/ws_sensor_combined/install/px4_ros_com/lib:/home/shibin/project_ws/install/tutorial_interfaces/lib:/opt/ros/humble/opt/rviz_ogre_vendor/lib:/opt/ros/humble/lib/x86_64-linux-gnu:/opt/ros/humble/opt/ortools_vendor/lib:/opt/ros/humble/lib /usr/bin/cmake --install /home/shibin/ws_sensor_combined/build/px4_ros_com
[1.556s] -- Install configuration: ""
[1.558s] -- Up-to-date: /home/shibin/ws_sensor_combined/install/px4_ros_com/lib/px4_ros_com/sensor_combined_listener
[1.558s] -- Up-to-date: /home/shibin/ws_sensor_combined/install/px4_ros_com/lib/px4_ros_com/vehicle_gps_position_listener
[1.559s] -- Up-to-date: /home/shibin/ws_sensor_combined/install/px4_ros_com/lib/px4_ros_com/debug_vect_advertiser
[1.560s] -- Up-to-date: /home/shibin/ws_sensor_combined/install/px4_ros_com/lib/px4_ros_com/offboard_control
[1.561s] -- Up-to-date: /home/shibin/ws_sensor_combined/install/px4_ros_com/lib/px4_ros_com/offboard_control_srv
[1.561s] -- Up-to-date: /home/shibin/ws_sensor_combined/install/px4_ros_com/share/px4_ros_com/environment/library_path.sh
[1.561s] -- Installing: /home/shibin/ws_sensor_combined/install/px4_ros_com/share/px4_ros_com/environment/library_path.dsv
[1.561s] -- Up-to-date: /home/shibin/ws_sensor_combined/install/px4_ros_com/include/px4_ros_com
[1.561s] -- Up-to-date: /home/shibin/ws_sensor_combined/install/px4_ros_com/include/px4_ros_com/frame_transforms.h
[1.562s] -- Up-to-date: /home/shibin/ws_sensor_combined/install/px4_ros_com/lib/libframe_transforms.so
[1.562s] -- Up-to-date: /home/shibin/ws_sensor_combined/install/px4_ros_com/share/px4_ros_com//launch
[1.562s] -- Up-to-date: /home/shibin/ws_sensor_combined/install/px4_ros_com/share/px4_ros_com//launch/offboard_avoidance.launch.py
[1.562s] -- Up-to-date: /home/shibin/ws_sensor_combined/install/px4_ros_com/share/px4_ros_com//launch/offboard_control_launch.yaml
[1.562s] -- Up-to-date: /home/shibin/ws_sensor_combined/install/px4_ros_com/share/px4_ros_com//launch/sensor_combined_listener.launch.py
[1.562s] -- Up-to-date: /home/shibin/ws_sensor_combined/install/px4_ros_com/share/px4_ros_com//test
[1.563s] -- Up-to-date: /home/shibin/ws_sensor_combined/install/px4_ros_com/share/px4_ros_com//test/pipeline_io_test.py
[1.563s] -- Up-to-date: /home/shibin/ws_sensor_combined/install/px4_ros_com/share/px4_ros_com//test/test_output.py
[1.563s] -- Up-to-date: /home/shibin/ws_sensor_combined/install/px4_ros_com/share/px4_ros_com//test/test_input.py
[1.563s] -- Up-to-date: /home/shibin/ws_sensor_combined/install/px4_ros_com/share/px4_ros_com//test/__init__.py
[1.563s] -- Up-to-date: /home/shibin/ws_sensor_combined/install/px4_ros_com/share/px4_ros_com//config
[1.563s] -- Up-to-date: /home/shibin/ws_sensor_combined/install/px4_ros_com/share/px4_ros_com//config/gz_bridge.yaml
[1.563s] -- Up-to-date: /home/shibin/ws_sensor_combined/install/px4_ros_com/share/px4_ros_com/environment/pythonpath.sh
[1.563s] -- Installing: /home/shibin/ws_sensor_combined/install/px4_ros_com/share/px4_ros_com/environment/pythonpath.dsv
[1.563s] -- Up-to-date: /home/shibin/ws_sensor_combined/install/px4_ros_com/local/lib/python3.10/dist-packages/px4_ros_com-0.1.0-py3.10.egg-info
[1.563s] -- Installing: /home/shibin/ws_sensor_combined/install/px4_ros_com/local/lib/python3.10/dist-packages/px4_ros_com-0.1.0-py3.10.egg-info/top_level.txt
[1.563s] -- Installing: /home/shibin/ws_sensor_combined/install/px4_ros_com/local/lib/python3.10/dist-packages/px4_ros_com-0.1.0-py3.10.egg-info/PKG-INFO
[1.563s] -- Installing: /home/shibin/ws_sensor_combined/install/px4_ros_com/local/lib/python3.10/dist-packages/px4_ros_com-0.1.0-py3.10.egg-info/SOURCES.txt
[1.563s] -- Installing: /home/shibin/ws_sensor_combined/install/px4_ros_com/local/lib/python3.10/dist-packages/px4_ros_com-0.1.0-py3.10.egg-info/dependency_links.txt
[1.564s] -- Up-to-date: /home/shibin/ws_sensor_combined/install/px4_ros_com/local/lib/python3.10/dist-packages/px4_ros_com
[1.564s] -- Up-to-date: /home/shibin/ws_sensor_combined/install/px4_ros_com/local/lib/python3.10/dist-packages/px4_ros_com/module_to_import.py
[1.564s] -- Up-to-date: /home/shibin/ws_sensor_combined/install/px4_ros_com/local/lib/python3.10/dist-packages/px4_ros_com/__init__.py
[1.603s] Listing '/home/shibin/ws_sensor_combined/install/px4_ros_com/local/lib/python3.10/dist-packages/px4_ros_com'...
[1.610s] -- Up-to-date: /home/shibin/ws_sensor_combined/install/px4_ros_com/lib/px4_ros_com/offboard_control.py
[1.610s] -- Up-to-date: /home/shibin/ws_sensor_combined/install/px4_ros_com/lib/px4_ros_com/obstacle_avoidance.py
[1.610s] -- Up-to-date: /home/shibin/ws_sensor_combined/install/px4_ros_com/lib/px4_ros_com/offboard_newposition.py
[1.610s] -- Up-to-date: /home/shibin/ws_sensor_combined/install/px4_ros_com/lib/px4_ros_com/path_planning_node.py
[1.610s] -- Up-to-date: /home/shibin/ws_sensor_combined/install/px4_ros_com/lib/px4_ros_com/takeoff_node.py
[1.611s] -- Up-to-date: /home/shibin/ws_sensor_combined/install/px4_ros_com/share/ament_index/resource_index/package_run_dependencies/px4_ros_com
[1.611s] -- Installing: /home/shibin/ws_sensor_combined/install/px4_ros_com/share/ament_index/resource_index/parent_prefix_path/px4_ros_com
[1.611s] -- Up-to-date: /home/shibin/ws_sensor_combined/install/px4_ros_com/share/px4_ros_com/environment/ament_prefix_path.sh
[1.611s] -- Installing: /home/shibin/ws_sensor_combined/install/px4_ros_com/share/px4_ros_com/environment/ament_prefix_path.dsv
[1.611s] -- Up-to-date: /home/shibin/ws_sensor_combined/install/px4_ros_com/share/px4_ros_com/environment/path.sh
[1.611s] -- Installing: /home/shibin/ws_sensor_combined/install/px4_ros_com/share/px4_ros_com/environment/path.dsv
[1.611s] -- Up-to-date: /home/shibin/ws_sensor_combined/install/px4_ros_com/share/px4_ros_com/local_setup.bash
[1.612s] -- Up-to-date: /home/shibin/ws_sensor_combined/install/px4_ros_com/share/px4_ros_com/local_setup.sh
[1.612s] -- Up-to-date: /home/shibin/ws_sensor_combined/install/px4_ros_com/share/px4_ros_com/local_setup.zsh
[1.612s] -- Installing: /home/shibin/ws_sensor_combined/install/px4_ros_com/share/px4_ros_com/local_setup.dsv
[1.612s] -- Installing: /home/shibin/ws_sensor_combined/install/px4_ros_com/share/px4_ros_com/package.dsv
[1.612s] -- Up-to-date: /home/shibin/ws_sensor_combined/install/px4_ros_com/share/ament_index/resource_index/packages/px4_ros_com
[1.612s] -- Up-to-date: /home/shibin/ws_sensor_combined/install/px4_ros_com/share/px4_ros_com/cmake/export_frame_transformsExport.cmake
[1.612s] -- Up-to-date: /home/shibin/ws_sensor_combined/install/px4_ros_com/share/px4_ros_com/cmake/export_frame_transformsExport-noconfig.cmake
[1.612s] -- Up-to-date: /home/shibin/ws_sensor_combined/install/px4_ros_com/share/px4_ros_com/cmake/ament_cmake_export_dependencies-extras.cmake
[1.612s] -- Up-to-date: /home/shibin/ws_sensor_combined/install/px4_ros_com/share/px4_ros_com/cmake/ament_cmake_export_targets-extras.cmake
[1.613s] -- Up-to-date: /home/shibin/ws_sensor_combined/install/px4_ros_com/share/px4_ros_com/cmake/ament_cmake_export_include_directories-extras.cmake
[1.613s] -- Up-to-date: /home/shibin/ws_sensor_combined/install/px4_ros_com/share/px4_ros_com/cmake/ament_cmake_export_libraries-extras.cmake
[1.613s] -- Up-to-date: /home/shibin/ws_sensor_combined/install/px4_ros_com/share/px4_ros_com/cmake/px4_ros_comConfig.cmake
[1.613s] -- Up-to-date: /home/shibin/ws_sensor_combined/install/px4_ros_com/share/px4_ros_com/cmake/px4_ros_comConfig-version.cmake
[1.613s] -- Up-to-date: /home/shibin/ws_sensor_combined/install/px4_ros_com/share/px4_ros_com/package.xml
[1.615s] Invoked command in '/home/shibin/ws_sensor_combined/build/px4_ros_com' returned '0': CMAKE_PREFIX_PATH=/home/shibin/ws_sensor_combined/install/px4_msgs:/home/shibin/ws_sensor_combined/install/px4_ros_com:/home/shibin/project_ws/install/tutorial_interfaces:/home/shibin/ws_sensor_combined/install/rrt_package:/home/shibin/ws_sensor_combined/install/px4_offboard:/home/shibin/ws_sensor_combined/install/gazebo_ros_bridge:/home/shibin/project_ws/install/serp_rl:/home/shibin/project_ws/install/project_pkg:/home/shibin/project_ws/install/drone_simulation:/opt/ros/humble LD_LIBRARY_PATH=/home/shibin/ws_sensor_combined/install/px4_msgs/lib:/home/shibin/ws_sensor_combined/install/px4_ros_com/lib:/home/shibin/project_ws/install/tutorial_interfaces/lib:/opt/ros/humble/opt/rviz_ogre_vendor/lib:/opt/ros/humble/lib/x86_64-linux-gnu:/opt/ros/humble/opt/ortools_vendor/lib:/opt/ros/humble/lib /usr/bin/cmake --install /home/shibin/ws_sensor_combined/build/px4_ros_com
