[7.050s] Invoking command in '/home/shibin/ws_sensor_combined/src/rrt_package': PYTHONPATH=/home/shibin/ws_sensor_combined/build/rrt_package/prefix_override:/usr/lib/python3/dist-packages/colcon_core/task/python/colcon_distutils_commands:/home/shibin/ws_sensor_combined/install/rrt_package/lib/python3.10/site-packages:${PYTHONPATH} /usr/bin/python3 -W ignore:setup.py install is deprecated -W ignore:easy_install command is deprecated setup.py egg_info --egg-base ../../build/rrt_package build --build-base /home/shibin/ws_sensor_combined/build/rrt_package/build install --record /home/shibin/ws_sensor_combined/build/rrt_package/install.log --single-version-externally-managed install_data
[9.144s] running egg_info
[9.147s] writing ../../build/rrt_package/rrt_package.egg-info/PKG-INFO
[9.148s] writing dependency_links to ../../build/rrt_package/rrt_package.egg-info/dependency_links.txt
[9.149s] writing entry points to ../../build/rrt_package/rrt_package.egg-info/entry_points.txt
[9.151s] writing requirements to ../../build/rrt_package/rrt_package.egg-info/requires.txt
[9.152s] writing top-level names to ../../build/rrt_package/rrt_package.egg-info/top_level.txt
[9.163s] reading manifest file '../../build/rrt_package/rrt_package.egg-info/SOURCES.txt'
[9.165s] adding license file 'LICENSE'
[9.169s] writing manifest file '../../build/rrt_package/rrt_package.egg-info/SOURCES.txt'
[9.170s] running build
[9.170s] running build_py
[9.173s] running install
[9.174s] running install_lib
[9.184s] running install_data
[9.185s] running install_egg_info
[9.197s] removing '/home/shibin/ws_sensor_combined/install/rrt_package/lib/python3.10/site-packages/rrt_package-0.0.0-py3.10.egg-info' (and everything under it)
[9.199s] Copying ../../build/rrt_package/rrt_package.egg-info to /home/shibin/ws_sensor_combined/install/rrt_package/lib/python3.10/site-packages/rrt_package-0.0.0-py3.10.egg-info
[9.205s] running install_scripts
[9.366s] Installing my_node script to /home/shibin/ws_sensor_combined/install/rrt_package/lib/rrt_package
[9.368s] writing list of installed files to '/home/shibin/ws_sensor_combined/build/rrt_package/install.log'
[9.512s] Invoked command in '/home/shibin/ws_sensor_combined/src/rrt_package' returned '0': PYTHONPATH=/home/shibin/ws_sensor_combined/build/rrt_package/prefix_override:/usr/lib/python3/dist-packages/colcon_core/task/python/colcon_distutils_commands:/home/shibin/ws_sensor_combined/install/rrt_package/lib/python3.10/site-packages:${PYTHONPATH} /usr/bin/python3 -W ignore:setup.py install is deprecated -W ignore:easy_install command is deprecated setup.py egg_info --egg-base ../../build/rrt_package build --build-base /home/shibin/ws_sensor_combined/build/rrt_package/build install --record /home/shibin/ws_sensor_combined/build/rrt_package/install.log --single-version-externally-managed install_data
