[4.279s] Invoking command in '/home/shibin/ws_sensor_combined/src/rrt_package': PYTHONPATH=/home/shibin/ws_sensor_combined/build/rrt_package/prefix_override:/usr/lib/python3/dist-packages/colcon_core/task/python/colcon_distutils_commands:/home/shibin/ws_sensor_combined/install/rrt_package/lib/python3.10/site-packages:${PYTHONPATH} /usr/bin/python3 -W ignore:setup.py install is deprecated -W ignore:easy_install command is deprecated setup.py egg_info --egg-base ../../build/rrt_package build --build-base /home/shibin/ws_sensor_combined/build/rrt_package/build install --record /home/shibin/ws_sensor_combined/build/rrt_package/install.log --single-version-externally-managed install_data
[5.016s] running egg_info
[5.018s] writing ../../build/rrt_package/rrt_package.egg-info/PKG-INFO
[5.019s] writing dependency_links to ../../build/rrt_package/rrt_package.egg-info/dependency_links.txt
[5.021s] writing entry points to ../../build/rrt_package/rrt_package.egg-info/entry_points.txt
[5.022s] writing requirements to ../../build/rrt_package/rrt_package.egg-info/requires.txt
[5.022s] writing top-level names to ../../build/rrt_package/rrt_package.egg-info/top_level.txt
[5.024s] reading manifest file '../../build/rrt_package/rrt_package.egg-info/SOURCES.txt'
[5.025s] adding license file 'LICENSE'
[5.027s] writing manifest file '../../build/rrt_package/rrt_package.egg-info/SOURCES.txt'
[5.030s] running build
[5.031s] running build_py
[5.031s] copying rrt_package/my_node.py -> /home/shibin/ws_sensor_combined/build/rrt_package/build/lib/rrt_package
[5.031s] running install
[5.031s] running install_lib
[5.033s] copying /home/shibin/ws_sensor_combined/build/rrt_package/build/lib/rrt_package/my_node.py -> /home/shibin/ws_sensor_combined/install/rrt_package/lib/python3.10/site-packages/rrt_package
[5.035s] byte-compiling /home/shibin/ws_sensor_combined/install/rrt_package/lib/python3.10/site-packages/rrt_package/my_node.py to my_node.cpython-310.pyc
[5.044s] running install_data
[5.046s] running install_egg_info
[5.050s] removing '/home/shibin/ws_sensor_combined/install/rrt_package/lib/python3.10/site-packages/rrt_package-0.0.0-py3.10.egg-info' (and everything under it)
[5.051s] Copying ../../build/rrt_package/rrt_package.egg-info to /home/shibin/ws_sensor_combined/install/rrt_package/lib/python3.10/site-packages/rrt_package-0.0.0-py3.10.egg-info
[5.058s] running install_scripts
[5.103s] Installing my_node script to /home/shibin/ws_sensor_combined/install/rrt_package/lib/rrt_package
[5.104s] writing list of installed files to '/home/shibin/ws_sensor_combined/build/rrt_package/install.log'
[5.158s] Invoked command in '/home/shibin/ws_sensor_combined/src/rrt_package' returned '0': PYTHONPATH=/home/shibin/ws_sensor_combined/build/rrt_package/prefix_override:/usr/lib/python3/dist-packages/colcon_core/task/python/colcon_distutils_commands:/home/shibin/ws_sensor_combined/install/rrt_package/lib/python3.10/site-packages:${PYTHONPATH} /usr/bin/python3 -W ignore:setup.py install is deprecated -W ignore:easy_install command is deprecated setup.py egg_info --egg-base ../../build/rrt_package build --build-base /home/shibin/ws_sensor_combined/build/rrt_package/build install --record /home/shibin/ws_sensor_combined/build/rrt_package/install.log --single-version-externally-managed install_data
