[0.706s] Invoking command in '/home/shibin/ros2_ws/build/px4_ros_com': CMAKE_PREFIX_PATH=/home/shibin/ros2_ws/install/px4_msgs:/home/shibin/ros2_ws/install/px4_ros_com:/home/shibin/ros2_ws/install/rrt_package:/home/shibin/ros2_ws/install/px4_offboard:/opt/ros/humble LD_LIBRARY_PATH=/home/shibin/ros2_ws/install/px4_msgs/lib:/home/shibin/ros2_ws/install/px4_ros_com/lib:/opt/ros/humble/opt/rviz_ogre_vendor/lib:/opt/ros/humble/lib/x86_64-linux-gnu:/opt/ros/humble/lib /usr/bin/cmake --build /home/shibin/ros2_ws/build/px4_ros_com -- -j8 -l8
[0.924s] [ 33%] Built target offboard_control
[0.925s] [ 33%] Built target vehicle_gps_position_listener
[0.925s] [ 50%] Built target frame_transforms
[0.944s] [ 66%] Built target sensor_combined_listener
[0.958s] [ 66%] Built target ament_cmake_python_copy_px4_ros_com
[0.972s] [ 83%] Built target offboard_control_srv
[0.992s] [100%] Built target debug_vect_advertiser
[1.684s] running egg_info
[1.750s] writing px4_ros_com.egg-info/PKG-INFO
[1.750s] writing dependency_links to px4_ros_com.egg-info/dependency_links.txt
[1.750s] writing top-level names to px4_ros_com.egg-info/top_level.txt
[1.926s] reading manifest file 'px4_ros_com.egg-info/SOURCES.txt'
[1.930s] writing manifest file 'px4_ros_com.egg-info/SOURCES.txt'
[2.011s] [100%] Built target ament_cmake_python_build_px4_ros_com_egg
[2.042s] Invoked command in '/home/shibin/ros2_ws/build/px4_ros_com' returned '0': CMAKE_PREFIX_PATH=/home/shibin/ros2_ws/install/px4_msgs:/home/shibin/ros2_ws/install/px4_ros_com:/home/shibin/ros2_ws/install/rrt_package:/home/shibin/ros2_ws/install/px4_offboard:/opt/ros/humble LD_LIBRARY_PATH=/home/shibin/ros2_ws/install/px4_msgs/lib:/home/shibin/ros2_ws/install/px4_ros_com/lib:/opt/ros/humble/opt/rviz_ogre_vendor/lib:/opt/ros/humble/lib/x86_64-linux-gnu:/opt/ros/humble/lib /usr/bin/cmake --build /home/shibin/ros2_ws/build/px4_ros_com -- -j8 -l8
[2.047s] Invoking command in '/home/shibin/ros2_ws/build/px4_ros_com': CMAKE_PREFIX_PATH=/home/shibin/ros2_ws/install/px4_msgs:/home/shibin/ros2_ws/install/px4_ros_com:/home/shibin/ros2_ws/install/rrt_package:/home/shibin/ros2_ws/install/px4_offboard:/opt/ros/humble LD_LIBRARY_PATH=/home/shibin/ros2_ws/install/px4_msgs/lib:/home/shibin/ros2_ws/install/px4_ros_com/lib:/opt/ros/humble/opt/rviz_ogre_vendor/lib:/opt/ros/humble/lib/x86_64-linux-gnu:/opt/ros/humble/lib /usr/bin/cmake --install /home/shibin/ros2_ws/build/px4_ros_com
[2.070s] -- Install configuration: ""
[2.071s] -- Up-to-date: /home/shibin/ros2_ws/install/px4_ros_com/lib/px4_ros_com/sensor_combined_listener
[2.072s] -- Up-to-date: /home/shibin/ros2_ws/install/px4_ros_com/lib/px4_ros_com/vehicle_gps_position_listener
[2.075s] -- Up-to-date: /home/shibin/ros2_ws/install/px4_ros_com/lib/px4_ros_com/debug_vect_advertiser
[2.076s] -- Up-to-date: /home/shibin/ros2_ws/install/px4_ros_com/lib/px4_ros_com/offboard_control
[2.076s] -- Up-to-date: /home/shibin/ros2_ws/install/px4_ros_com/lib/px4_ros_com/offboard_control_srv
[2.076s] -- Up-to-date: /home/shibin/ros2_ws/install/px4_ros_com/share/px4_ros_com/environment/library_path.sh
[2.076s] -- Up-to-date: /home/shibin/ros2_ws/install/px4_ros_com/share/px4_ros_com/environment/library_path.dsv
[2.076s] -- Up-to-date: /home/shibin/ros2_ws/install/px4_ros_com/include/px4_ros_com
[2.078s] -- Up-to-date: /home/shibin/ros2_ws/install/px4_ros_com/include/px4_ros_com/frame_transforms.h
[2.078s] -- Up-to-date: /home/shibin/ros2_ws/install/px4_ros_com/lib/libframe_transforms.so
[2.078s] -- Up-to-date: /home/shibin/ros2_ws/install/px4_ros_com/share/px4_ros_com//launch
[2.079s] -- Up-to-date: /home/shibin/ros2_ws/install/px4_ros_com/share/px4_ros_com//launch/sensor_combined_listener.launch.py
[2.079s] -- Up-to-date: /home/shibin/ros2_ws/install/px4_ros_com/share/px4_ros_com//launch/offboard_control_launch.yaml
[2.079s] -- Up-to-date: /home/shibin/ros2_ws/install/px4_ros_com/share/px4_ros_com//test
[2.079s] -- Up-to-date: /home/shibin/ros2_ws/install/px4_ros_com/share/px4_ros_com//test/test_input.py
[2.079s] -- Up-to-date: /home/shibin/ros2_ws/install/px4_ros_com/share/px4_ros_com//test/pipeline_io_test.py
[2.079s] -- Up-to-date: /home/shibin/ros2_ws/install/px4_ros_com/share/px4_ros_com//test/__init__.py
[2.079s] -- Up-to-date: /home/shibin/ros2_ws/install/px4_ros_com/share/px4_ros_com//test/test_output.py
[2.080s] -- Up-to-date: /home/shibin/ros2_ws/install/px4_ros_com/share/px4_ros_com/environment/pythonpath.sh
[2.080s] -- Up-to-date: /home/shibin/ros2_ws/install/px4_ros_com/share/px4_ros_com/environment/pythonpath.dsv
[2.080s] -- Up-to-date: /home/shibin/ros2_ws/install/px4_ros_com/local/lib/python3.10/dist-packages/px4_ros_com-0.1.0-py3.10.egg-info
[2.080s] -- Installing: /home/shibin/ros2_ws/install/px4_ros_com/local/lib/python3.10/dist-packages/px4_ros_com-0.1.0-py3.10.egg-info/SOURCES.txt
[2.080s] -- Installing: /home/shibin/ros2_ws/install/px4_ros_com/local/lib/python3.10/dist-packages/px4_ros_com-0.1.0-py3.10.egg-info/dependency_links.txt
[2.080s] -- Installing: /home/shibin/ros2_ws/install/px4_ros_com/local/lib/python3.10/dist-packages/px4_ros_com-0.1.0-py3.10.egg-info/top_level.txt
[2.080s] -- Installing: /home/shibin/ros2_ws/install/px4_ros_com/local/lib/python3.10/dist-packages/px4_ros_com-0.1.0-py3.10.egg-info/PKG-INFO
[2.081s] -- Up-to-date: /home/shibin/ros2_ws/install/px4_ros_com/local/lib/python3.10/dist-packages/px4_ros_com
[2.081s] -- Up-to-date: /home/shibin/ros2_ws/install/px4_ros_com/local/lib/python3.10/dist-packages/px4_ros_com/module_to_import.py
[2.081s] -- Up-to-date: /home/shibin/ros2_ws/install/px4_ros_com/local/lib/python3.10/dist-packages/px4_ros_com/__init__.py
[2.185s] Listing '/home/shibin/ros2_ws/install/px4_ros_com/local/lib/python3.10/dist-packages/px4_ros_com'...
[2.203s] -- Up-to-date: /home/shibin/ros2_ws/install/px4_ros_com/lib/px4_ros_com/offboard_control.py
[2.203s] -- Up-to-date: /home/shibin/ros2_ws/install/px4_ros_com/share/ament_index/resource_index/package_run_dependencies/px4_ros_com
[2.203s] -- Up-to-date: /home/shibin/ros2_ws/install/px4_ros_com/share/ament_index/resource_index/parent_prefix_path/px4_ros_com
[2.204s] -- Up-to-date: /home/shibin/ros2_ws/install/px4_ros_com/share/px4_ros_com/environment/ament_prefix_path.sh
[2.205s] -- Up-to-date: /home/shibin/ros2_ws/install/px4_ros_com/share/px4_ros_com/environment/ament_prefix_path.dsv
[2.205s] -- Up-to-date: /home/shibin/ros2_ws/install/px4_ros_com/share/px4_ros_com/environment/path.sh
[2.205s] -- Up-to-date: /home/shibin/ros2_ws/install/px4_ros_com/share/px4_ros_com/environment/path.dsv
[2.206s] -- Up-to-date: /home/shibin/ros2_ws/install/px4_ros_com/share/px4_ros_com/local_setup.bash
[2.206s] -- Up-to-date: /home/shibin/ros2_ws/install/px4_ros_com/share/px4_ros_com/local_setup.sh
[2.206s] -- Up-to-date: /home/shibin/ros2_ws/install/px4_ros_com/share/px4_ros_com/local_setup.zsh
[2.206s] -- Up-to-date: /home/shibin/ros2_ws/install/px4_ros_com/share/px4_ros_com/local_setup.dsv
[2.207s] -- Installing: /home/shibin/ros2_ws/install/px4_ros_com/share/px4_ros_com/package.dsv
[2.207s] -- Up-to-date: /home/shibin/ros2_ws/install/px4_ros_com/share/ament_index/resource_index/packages/px4_ros_com
[2.207s] -- Up-to-date: /home/shibin/ros2_ws/install/px4_ros_com/share/px4_ros_com/cmake/export_frame_transformsExport.cmake
[2.207s] -- Up-to-date: /home/shibin/ros2_ws/install/px4_ros_com/share/px4_ros_com/cmake/export_frame_transformsExport-noconfig.cmake
[2.207s] -- Up-to-date: /home/shibin/ros2_ws/install/px4_ros_com/share/px4_ros_com/cmake/ament_cmake_export_dependencies-extras.cmake
[2.207s] -- Up-to-date: /home/shibin/ros2_ws/install/px4_ros_com/share/px4_ros_com/cmake/ament_cmake_export_targets-extras.cmake
[2.208s] -- Up-to-date: /home/shibin/ros2_ws/install/px4_ros_com/share/px4_ros_com/cmake/ament_cmake_export_include_directories-extras.cmake
[2.208s] -- Up-to-date: /home/shibin/ros2_ws/install/px4_ros_com/share/px4_ros_com/cmake/ament_cmake_export_libraries-extras.cmake
[2.208s] -- Up-to-date: /home/shibin/ros2_ws/install/px4_ros_com/share/px4_ros_com/cmake/px4_ros_comConfig.cmake
[2.208s] -- Up-to-date: /home/shibin/ros2_ws/install/px4_ros_com/share/px4_ros_com/cmake/px4_ros_comConfig-version.cmake
[2.209s] -- Up-to-date: /home/shibin/ros2_ws/install/px4_ros_com/share/px4_ros_com/package.xml
[2.212s] Invoked command in '/home/shibin/ros2_ws/build/px4_ros_com' returned '0': CMAKE_PREFIX_PATH=/home/shibin/ros2_ws/install/px4_msgs:/home/shibin/ros2_ws/install/px4_ros_com:/home/shibin/ros2_ws/install/rrt_package:/home/shibin/ros2_ws/install/px4_offboard:/opt/ros/humble LD_LIBRARY_PATH=/home/shibin/ros2_ws/install/px4_msgs/lib:/home/shibin/ros2_ws/install/px4_ros_com/lib:/opt/ros/humble/opt/rviz_ogre_vendor/lib:/opt/ros/humble/lib/x86_64-linux-gnu:/opt/ros/humble/lib /usr/bin/cmake --install /home/shibin/ros2_ws/build/px4_ros_com
