[1.011s] Invoking command in '/home/shibin/ws_sensor_combined/src/px4-offboard': CMAKE_PREFIX_PATH=/home/shibin/ws_sensor_combined/install/px4_msgs:/home/shibin/ws_sensor_combined/install/px4_ros_com:/home/shibin/project_ws/install/tutorial_interfaces LD_LIBRARY_PATH=/home/shibin/ws_sensor_combined/install/px4_msgs/lib:/home/shibin/ws_sensor_combined/install/px4_ros_com/lib:/home/shibin/project_ws/install/tutorial_interfaces/lib:/opt/ros/humble/opt/rviz_ogre_vendor/lib:/opt/ros/humble/lib/x86_64-linux-gnu:/opt/ros/humble/opt/ortools_vendor/lib:/opt/ros/humble/lib PYTHONPATH=/home/shibin/ws_sensor_combined/build/px4_offboard/prefix_override:/usr/lib/python3/dist-packages/colcon_core/task/python/colcon_distutils_commands:/home/shibin/ws_sensor_combined/install/px4_offboard/lib/python3.10/site-packages:${PYTHONPATH} /usr/bin/python3 -W ignore:setup.py install is deprecated -W ignore:easy_install command is deprecated setup.py egg_info --egg-base ../../build/px4_offboard build --build-base /home/shibin/ws_sensor_combined/build/px4_offboard/build install --record /home/shibin/ws_sensor_combined/build/px4_offboard/install.log --single-version-externally-managed install_data
[1.329s] running egg_info
[1.329s] creating ../../build/px4_offboard/px4_offboard.egg-info
[1.329s] writing ../../build/px4_offboard/px4_offboard.egg-info/PKG-INFO
[1.329s] writing dependency_links to ../../build/px4_offboard/px4_offboard.egg-info/dependency_links.txt
[1.330s] writing entry points to ../../build/px4_offboard/px4_offboard.egg-info/entry_points.txt
[1.330s] writing requirements to ../../build/px4_offboard/px4_offboard.egg-info/requires.txt
[1.330s] writing top-level names to ../../build/px4_offboard/px4_offboard.egg-info/top_level.txt
[1.330s] writing manifest file '../../build/px4_offboard/px4_offboard.egg-info/SOURCES.txt'
[1.332s] reading manifest file '../../build/px4_offboard/px4_offboard.egg-info/SOURCES.txt'
[1.332s] adding license file 'LICENSE'
[1.333s] writing manifest file '../../build/px4_offboard/px4_offboard.egg-info/SOURCES.txt'
[1.333s] running build
[1.333s] running build_py
[1.333s] creating /home/shibin/ws_sensor_combined/build/px4_offboard/build
[1.333s] creating /home/shibin/ws_sensor_combined/build/px4_offboard/build/lib
[1.333s] creating /home/shibin/ws_sensor_combined/build/px4_offboard/build/lib/px4_offboard
[1.334s] copying px4_offboard/visualizer.py -> /home/shibin/ws_sensor_combined/build/px4_offboard/build/lib/px4_offboard
[1.334s] copying px4_offboard/__init__.py -> /home/shibin/ws_sensor_combined/build/px4_offboard/build/lib/px4_offboard
[1.334s] copying px4_offboard/offboard_control.py -> /home/shibin/ws_sensor_combined/build/px4_offboard/build/lib/px4_offboard
[1.334s] running install
[1.334s] running install_lib
[1.335s] creating /home/shibin/ws_sensor_combined/install/px4_offboard/lib/python3.10/site-packages/px4_offboard
[1.335s] copying /home/shibin/ws_sensor_combined/build/px4_offboard/build/lib/px4_offboard/visualizer.py -> /home/shibin/ws_sensor_combined/install/px4_offboard/lib/python3.10/site-packages/px4_offboard
[1.335s] copying /home/shibin/ws_sensor_combined/build/px4_offboard/build/lib/px4_offboard/__init__.py -> /home/shibin/ws_sensor_combined/install/px4_offboard/lib/python3.10/site-packages/px4_offboard
[1.335s] copying /home/shibin/ws_sensor_combined/build/px4_offboard/build/lib/px4_offboard/offboard_control.py -> /home/shibin/ws_sensor_combined/install/px4_offboard/lib/python3.10/site-packages/px4_offboard
[1.336s] byte-compiling /home/shibin/ws_sensor_combined/install/px4_offboard/lib/python3.10/site-packages/px4_offboard/visualizer.py to visualizer.cpython-310.pyc
[1.337s] byte-compiling /home/shibin/ws_sensor_combined/install/px4_offboard/lib/python3.10/site-packages/px4_offboard/__init__.py to __init__.cpython-310.pyc
[1.337s] byte-compiling /home/shibin/ws_sensor_combined/install/px4_offboard/lib/python3.10/site-packages/px4_offboard/offboard_control.py to offboard_control.cpython-310.pyc
[1.338s] running install_data
[1.338s] creating /home/shibin/ws_sensor_combined/install/px4_offboard/share/ament_index
[1.338s] creating /home/shibin/ws_sensor_combined/install/px4_offboard/share/ament_index/resource_index
[1.338s] creating /home/shibin/ws_sensor_combined/install/px4_offboard/share/ament_index/resource_index/packages
[1.339s] copying resource/px4_offboard -> /home/shibin/ws_sensor_combined/install/px4_offboard/share/ament_index/resource_index/packages
[1.339s] copying resource/visualize.rviz -> /home/shibin/ws_sensor_combined/install/px4_offboard/share/ament_index/resource_index/packages
[1.339s] copying package.xml -> /home/shibin/ws_sensor_combined/install/px4_offboard/share/px4_offboard
[1.339s] copying launch/offboard_position_control.launch.py -> /home/shibin/ws_sensor_combined/install/px4_offboard/share/px4_offboard
[1.339s] copying launch/visualize.launch.py -> /home/shibin/ws_sensor_combined/install/px4_offboard/share/px4_offboard
[1.339s] copying launch/offboard_hardware_position_control.launch.py -> /home/shibin/ws_sensor_combined/install/px4_offboard/share/px4_offboard
[1.339s] copying resource/visualize.rviz -> /home/shibin/ws_sensor_combined/install/px4_offboard/share/px4_offboard
[1.339s] running install_egg_info
[1.341s] Copying ../../build/px4_offboard/px4_offboard.egg-info to /home/shibin/ws_sensor_combined/install/px4_offboard/lib/python3.10/site-packages/px4_offboard-0.0.0-py3.10.egg-info
[1.342s] running install_scripts
[1.362s] Installing offboard_control script to /home/shibin/ws_sensor_combined/install/px4_offboard/lib/px4_offboard
[1.362s] Installing visualizer script to /home/shibin/ws_sensor_combined/install/px4_offboard/lib/px4_offboard
[1.363s] writing list of installed files to '/home/shibin/ws_sensor_combined/build/px4_offboard/install.log'
[1.387s] Invoked command in '/home/shibin/ws_sensor_combined/src/px4-offboard' returned '0': CMAKE_PREFIX_PATH=/home/shibin/ws_sensor_combined/install/px4_msgs:/home/shibin/ws_sensor_combined/install/px4_ros_com:/home/shibin/project_ws/install/tutorial_interfaces LD_LIBRARY_PATH=/home/shibin/ws_sensor_combined/install/px4_msgs/lib:/home/shibin/ws_sensor_combined/install/px4_ros_com/lib:/home/shibin/project_ws/install/tutorial_interfaces/lib:/opt/ros/humble/opt/rviz_ogre_vendor/lib:/opt/ros/humble/lib/x86_64-linux-gnu:/opt/ros/humble/opt/ortools_vendor/lib:/opt/ros/humble/lib PYTHONPATH=/home/shibin/ws_sensor_combined/build/px4_offboard/prefix_override:/usr/lib/python3/dist-packages/colcon_core/task/python/colcon_distutils_commands:/home/shibin/ws_sensor_combined/install/px4_offboard/lib/python3.10/site-packages:${PYTHONPATH} /usr/bin/python3 -W ignore:setup.py install is deprecated -W ignore:easy_install command is deprecated setup.py egg_info --egg-base ../../build/px4_offboard build --build-base /home/shibin/ws_sensor_combined/build/px4_offboard/build install --record /home/shibin/ws_sensor_combined/build/px4_offboard/install.log --single-version-externally-managed install_data
