[0.201s] DEBUG:colcon:Command line arguments: ['/usr/bin/colcon', 'build']
[0.202s] DEBUG:colcon:Parsed command line arguments: Namespace(log_base=None, log_level=None, verb_name='build', build_base='build', install_base='install', merge_install=False, symlink_install=False, test_result_base=None, continue_on_error=False, executor='parallel', parallel_workers=8, event_handlers=None, ignore_user_meta=False, metas=['./colcon.meta'], base_paths=['.'], packages_ignore=None, packages_ignore_regex=None, paths=None, packages_up_to=None, packages_up_to_regex=None, packages_above=None, packages_above_and_dependencies=None, packages_above_depth=None, packages_select_by_dep=None, packages_skip_by_dep=None, packages_skip_up_to=None, packages_select_build_failed=False, packages_skip_build_finished=False, packages_select_test_failures=False, packages_skip_test_passed=False, packages_select=None, packages_skip=None, packages_select_regex=None, packages_skip_regex=None, packages_start=None, packages_end=None, allow_overriding=[], cmake_args=None, cmake_target=None, cmake_target_skip_unavailable=False, cmake_clean_cache=False, cmake_clean_first=False, cmake_force_configure=False, ament_cmake_args=None, catkin_cmake_args=None, catkin_skip_building_tests=False, mixin_files=None, mixin=None, verb_parser=<colcon_mixin.mixin.mixin_argument.MixinArgumentDecorator object at 0x7f476aba0550>, verb_extension=<colcon_core.verb.build.BuildVerb object at 0x7f476acb5510>, main=<bound method BuildVerb.main of <colcon_core.verb.build.BuildVerb object at 0x7f476acb5510>>, mixin_verb=('build',))
[0.538s] Level 1:colcon.colcon_core.package_discovery:discover_packages(colcon_meta) check parameters
[0.538s] Level 1:colcon.colcon_core.package_discovery:discover_packages(recursive) check parameters
[0.538s] Level 1:colcon.colcon_core.package_discovery:discover_packages(ignore) check parameters
[0.538s] Level 1:colcon.colcon_core.package_discovery:discover_packages(path) check parameters
[0.538s] Level 1:colcon.colcon_core.package_discovery:discover_packages(colcon_meta) discover
[0.538s] Level 1:colcon.colcon_core.package_discovery:discover_packages(recursive) discover
[0.538s] INFO:colcon.colcon_core.package_discovery:Crawling recursively for packages in '/home/shibin/ws_sensor_combined'
[0.538s] Level 1:colcon.colcon_core.package_identification:_identify(.) by extensions ['ignore', 'ignore_ament_install']
[0.538s] Level 1:colcon.colcon_core.package_identification:_identify(.) by extension 'ignore'
[0.538s] Level 1:colcon.colcon_core.package_identification:_identify(.) by extension 'ignore_ament_install'
[0.538s] Level 1:colcon.colcon_core.package_identification:_identify(.) by extensions ['colcon_pkg']
[0.538s] Level 1:colcon.colcon_core.package_identification:_identify(.) by extension 'colcon_pkg'
[0.539s] Level 1:colcon.colcon_core.package_identification:_identify(.) by extensions ['colcon_meta']
[0.539s] Level 1:colcon.colcon_core.package_identification:_identify(.) by extension 'colcon_meta'
[0.539s] Level 1:colcon.colcon_core.package_identification:_identify(.) by extensions ['ros']
[0.539s] Level 1:colcon.colcon_core.package_identification:_identify(.) by extension 'ros'
[0.553s] Level 1:colcon.colcon_core.package_identification:_identify(.) by extensions ['cmake', 'python']
[0.553s] Level 1:colcon.colcon_core.package_identification:_identify(.) by extension 'cmake'
[0.553s] Level 1:colcon.colcon_core.package_identification:_identify(.) by extension 'python'
[0.553s] Level 1:colcon.colcon_core.package_identification:_identify(.) by extensions ['python_setup_py']
[0.553s] Level 1:colcon.colcon_core.package_identification:_identify(.) by extension 'python_setup_py'
[0.553s] Level 1:colcon.colcon_core.package_identification:_identify(build) by extensions ['ignore', 'ignore_ament_install']
[0.553s] Level 1:colcon.colcon_core.package_identification:_identify(build) by extension 'ignore'
[0.553s] Level 1:colcon.colcon_core.package_identification:_identify(build) ignored
[0.554s] Level 1:colcon.colcon_core.package_identification:_identify(install) by extensions ['ignore', 'ignore_ament_install']
[0.554s] Level 1:colcon.colcon_core.package_identification:_identify(install) by extension 'ignore'
[0.554s] Level 1:colcon.colcon_core.package_identification:_identify(install) ignored
[0.554s] Level 1:colcon.colcon_core.package_identification:_identify(log) by extensions ['ignore', 'ignore_ament_install']
[0.554s] Level 1:colcon.colcon_core.package_identification:_identify(log) by extension 'ignore'
[0.554s] Level 1:colcon.colcon_core.package_identification:_identify(log) ignored
[0.554s] Level 1:colcon.colcon_core.package_identification:_identify(src) by extensions ['ignore', 'ignore_ament_install']
[0.554s] Level 1:colcon.colcon_core.package_identification:_identify(src) by extension 'ignore'
[0.554s] Level 1:colcon.colcon_core.package_identification:_identify(src) by extension 'ignore_ament_install'
[0.554s] Level 1:colcon.colcon_core.package_identification:_identify(src) by extensions ['colcon_pkg']
[0.554s] Level 1:colcon.colcon_core.package_identification:_identify(src) by extension 'colcon_pkg'
[0.554s] Level 1:colcon.colcon_core.package_identification:_identify(src) by extensions ['colcon_meta']
[0.554s] Level 1:colcon.colcon_core.package_identification:_identify(src) by extension 'colcon_meta'
[0.554s] Level 1:colcon.colcon_core.package_identification:_identify(src) by extensions ['ros']
[0.554s] Level 1:colcon.colcon_core.package_identification:_identify(src) by extension 'ros'
[0.555s] Level 1:colcon.colcon_core.package_identification:_identify(src) by extensions ['cmake', 'python']
[0.555s] Level 1:colcon.colcon_core.package_identification:_identify(src) by extension 'cmake'
[0.555s] Level 1:colcon.colcon_core.package_identification:_identify(src) by extension 'python'
[0.555s] Level 1:colcon.colcon_core.package_identification:_identify(src) by extensions ['python_setup_py']
[0.555s] Level 1:colcon.colcon_core.package_identification:_identify(src) by extension 'python_setup_py'
[0.555s] Level 1:colcon.colcon_core.package_identification:_identify(src/gazebo_ros_bridge) by extensions ['ignore', 'ignore_ament_install']
[0.555s] Level 1:colcon.colcon_core.package_identification:_identify(src/gazebo_ros_bridge) by extension 'ignore'
[0.555s] Level 1:colcon.colcon_core.package_identification:_identify(src/gazebo_ros_bridge) by extension 'ignore_ament_install'
[0.555s] Level 1:colcon.colcon_core.package_identification:_identify(src/gazebo_ros_bridge) by extensions ['colcon_pkg']
[0.555s] Level 1:colcon.colcon_core.package_identification:_identify(src/gazebo_ros_bridge) by extension 'colcon_pkg'
[0.555s] Level 1:colcon.colcon_core.package_identification:_identify(src/gazebo_ros_bridge) by extensions ['colcon_meta']
[0.555s] Level 1:colcon.colcon_core.package_identification:_identify(src/gazebo_ros_bridge) by extension 'colcon_meta'
[0.555s] Level 1:colcon.colcon_core.package_identification:_identify(src/gazebo_ros_bridge) by extensions ['ros']
[0.555s] Level 1:colcon.colcon_core.package_identification:_identify(src/gazebo_ros_bridge) by extension 'ros'
[0.559s] DEBUG:colcon.colcon_core.package_identification:Package 'src/gazebo_ros_bridge' with type 'ros.ament_python' and name 'gazebo_ros_bridge'
[0.559s] Level 1:colcon.colcon_core.package_identification:_identify(src/px4-offboard) by extensions ['ignore', 'ignore_ament_install']
[0.559s] Level 1:colcon.colcon_core.package_identification:_identify(src/px4-offboard) by extension 'ignore'
[0.559s] Level 1:colcon.colcon_core.package_identification:_identify(src/px4-offboard) by extension 'ignore_ament_install'
[0.559s] Level 1:colcon.colcon_core.package_identification:_identify(src/px4-offboard) by extensions ['colcon_pkg']
[0.559s] Level 1:colcon.colcon_core.package_identification:_identify(src/px4-offboard) by extension 'colcon_pkg'
[0.559s] Level 1:colcon.colcon_core.package_identification:_identify(src/px4-offboard) by extensions ['colcon_meta']
[0.559s] Level 1:colcon.colcon_core.package_identification:_identify(src/px4-offboard) by extension 'colcon_meta'
[0.559s] Level 1:colcon.colcon_core.package_identification:_identify(src/px4-offboard) by extensions ['ros']
[0.560s] Level 1:colcon.colcon_core.package_identification:_identify(src/px4-offboard) by extension 'ros'
[0.560s] DEBUG:colcon.colcon_core.package_identification:Package 'src/px4-offboard' with type 'ros.ament_python' and name 'px4_offboard'
[0.560s] Level 1:colcon.colcon_core.package_identification:_identify(src/px4_msgs) by extensions ['ignore', 'ignore_ament_install']
[0.561s] Level 1:colcon.colcon_core.package_identification:_identify(src/px4_msgs) by extension 'ignore'
[0.561s] Level 1:colcon.colcon_core.package_identification:_identify(src/px4_msgs) by extension 'ignore_ament_install'
[0.561s] Level 1:colcon.colcon_core.package_identification:_identify(src/px4_msgs) by extensions ['colcon_pkg']
[0.561s] Level 1:colcon.colcon_core.package_identification:_identify(src/px4_msgs) by extension 'colcon_pkg'
[0.561s] Level 1:colcon.colcon_core.package_identification:_identify(src/px4_msgs) by extensions ['colcon_meta']
[0.561s] Level 1:colcon.colcon_core.package_identification:_identify(src/px4_msgs) by extension 'colcon_meta'
[0.561s] Level 1:colcon.colcon_core.package_identification:_identify(src/px4_msgs) by extensions ['ros']
[0.561s] Level 1:colcon.colcon_core.package_identification:_identify(src/px4_msgs) by extension 'ros'
[0.562s] DEBUG:colcon.colcon_core.package_identification:Package 'src/px4_msgs' with type 'ros.ament_cmake' and name 'px4_msgs'
[0.562s] Level 1:colcon.colcon_core.package_identification:_identify(src/px4_ros_com) by extensions ['ignore', 'ignore_ament_install']
[0.562s] Level 1:colcon.colcon_core.package_identification:_identify(src/px4_ros_com) by extension 'ignore'
[0.562s] Level 1:colcon.colcon_core.package_identification:_identify(src/px4_ros_com) by extension 'ignore_ament_install'
[0.562s] Level 1:colcon.colcon_core.package_identification:_identify(src/px4_ros_com) by extensions ['colcon_pkg']
[0.562s] Level 1:colcon.colcon_core.package_identification:_identify(src/px4_ros_com) by extension 'colcon_pkg'
[0.562s] Level 1:colcon.colcon_core.package_identification:_identify(src/px4_ros_com) by extensions ['colcon_meta']
[0.562s] Level 1:colcon.colcon_core.package_identification:_identify(src/px4_ros_com) by extension 'colcon_meta'
[0.562s] Level 1:colcon.colcon_core.package_identification:_identify(src/px4_ros_com) by extensions ['ros']
[0.562s] Level 1:colcon.colcon_core.package_identification:_identify(src/px4_ros_com) by extension 'ros'
[0.564s] DEBUG:colcon.colcon_core.package_identification:Package 'src/px4_ros_com' with type 'ros.ament_cmake' and name 'px4_ros_com'
[0.564s] Level 1:colcon.colcon_core.package_identification:_identify(src/rrt_package) by extensions ['ignore', 'ignore_ament_install']
[0.564s] Level 1:colcon.colcon_core.package_identification:_identify(src/rrt_package) by extension 'ignore'
[0.564s] Level 1:colcon.colcon_core.package_identification:_identify(src/rrt_package) by extension 'ignore_ament_install'
[0.564s] Level 1:colcon.colcon_core.package_identification:_identify(src/rrt_package) by extensions ['colcon_pkg']
[0.564s] Level 1:colcon.colcon_core.package_identification:_identify(src/rrt_package) by extension 'colcon_pkg'
[0.564s] Level 1:colcon.colcon_core.package_identification:_identify(src/rrt_package) by extensions ['colcon_meta']
[0.564s] Level 1:colcon.colcon_core.package_identification:_identify(src/rrt_package) by extension 'colcon_meta'
[0.564s] Level 1:colcon.colcon_core.package_identification:_identify(src/rrt_package) by extensions ['ros']
[0.564s] Level 1:colcon.colcon_core.package_identification:_identify(src/rrt_package) by extension 'ros'
[0.565s] DEBUG:colcon.colcon_core.package_identification:Package 'src/rrt_package' with type 'ros.ament_python' and name 'rrt_package'
[0.565s] Level 1:colcon.colcon_core.package_discovery:discover_packages(recursive) using defaults
[0.565s] Level 1:colcon.colcon_core.package_discovery:discover_packages(ignore) discover
[0.565s] Level 1:colcon.colcon_core.package_discovery:discover_packages(ignore) using defaults
[0.565s] Level 1:colcon.colcon_core.package_discovery:discover_packages(path) discover
[0.565s] Level 1:colcon.colcon_core.package_discovery:discover_packages(path) using defaults
[0.592s] Level 1:colcon.colcon_core.package_discovery:discover_packages(prefix_path) check parameters
[0.592s] Level 1:colcon.colcon_core.package_discovery:discover_packages(prefix_path) discover
[0.596s] DEBUG:colcon.colcon_installed_package_information.package_discovery:Found 5 installed packages in /home/shibin/project_ws/install
[0.596s] DEBUG:colcon.colcon_installed_package_information.package_discovery:Found 5 installed packages in /home/shibin/ws_sensor_combined/install
[0.598s] DEBUG:colcon.colcon_installed_package_information.package_discovery:Found 378 installed packages in /opt/ros/humble
[0.600s] Level 1:colcon.colcon_core.package_discovery:discover_packages(prefix_path) using defaults
[0.652s] Level 5:colcon.colcon_core.verb:set package 'gazebo_ros_bridge' build argument 'cmake_args' from command line to 'None'
[0.652s] Level 5:colcon.colcon_core.verb:set package 'gazebo_ros_bridge' build argument 'cmake_target' from command line to 'None'
[0.652s] Level 5:colcon.colcon_core.verb:set package 'gazebo_ros_bridge' build argument 'cmake_target_skip_unavailable' from command line to 'False'
[0.652s] Level 5:colcon.colcon_core.verb:set package 'gazebo_ros_bridge' build argument 'cmake_clean_cache' from command line to 'False'
[0.652s] Level 5:colcon.colcon_core.verb:set package 'gazebo_ros_bridge' build argument 'cmake_clean_first' from command line to 'False'
[0.652s] Level 5:colcon.colcon_core.verb:set package 'gazebo_ros_bridge' build argument 'cmake_force_configure' from command line to 'False'
[0.652s] Level 5:colcon.colcon_core.verb:set package 'gazebo_ros_bridge' build argument 'ament_cmake_args' from command line to 'None'
[0.652s] Level 5:colcon.colcon_core.verb:set package 'gazebo_ros_bridge' build argument 'catkin_cmake_args' from command line to 'None'
[0.652s] Level 5:colcon.colcon_core.verb:set package 'gazebo_ros_bridge' build argument 'catkin_skip_building_tests' from command line to 'False'
[0.652s] DEBUG:colcon.colcon_core.verb:Building package 'gazebo_ros_bridge' with the following arguments: {'ament_cmake_args': None, 'build_base': '/home/shibin/ws_sensor_combined/build/gazebo_ros_bridge', 'catkin_cmake_args': None, 'catkin_skip_building_tests': False, 'cmake_args': None, 'cmake_clean_cache': False, 'cmake_clean_first': False, 'cmake_force_configure': False, 'cmake_target': None, 'cmake_target_skip_unavailable': False, 'install_base': '/home/shibin/ws_sensor_combined/install/gazebo_ros_bridge', 'merge_install': False, 'path': '/home/shibin/ws_sensor_combined/src/gazebo_ros_bridge', 'symlink_install': False, 'test_result_base': None}
[0.653s] Level 5:colcon.colcon_core.verb:set package 'px4_msgs' build argument 'cmake_args' from command line to 'None'
[0.653s] Level 5:colcon.colcon_core.verb:set package 'px4_msgs' build argument 'cmake_target' from command line to 'None'
[0.653s] Level 5:colcon.colcon_core.verb:set package 'px4_msgs' build argument 'cmake_target_skip_unavailable' from command line to 'False'
[0.653s] Level 5:colcon.colcon_core.verb:set package 'px4_msgs' build argument 'cmake_clean_cache' from command line to 'False'
[0.653s] Level 5:colcon.colcon_core.verb:set package 'px4_msgs' build argument 'cmake_clean_first' from command line to 'False'
[0.653s] Level 5:colcon.colcon_core.verb:set package 'px4_msgs' build argument 'cmake_force_configure' from command line to 'False'
[0.653s] Level 5:colcon.colcon_core.verb:set package 'px4_msgs' build argument 'ament_cmake_args' from command line to 'None'
[0.653s] Level 5:colcon.colcon_core.verb:set package 'px4_msgs' build argument 'catkin_cmake_args' from command line to 'None'
[0.653s] Level 5:colcon.colcon_core.verb:set package 'px4_msgs' build argument 'catkin_skip_building_tests' from command line to 'False'
[0.653s] DEBUG:colcon.colcon_core.verb:Building package 'px4_msgs' with the following arguments: {'ament_cmake_args': None, 'build_base': '/home/shibin/ws_sensor_combined/build/px4_msgs', 'catkin_cmake_args': None, 'catkin_skip_building_tests': False, 'cmake_args': None, 'cmake_clean_cache': False, 'cmake_clean_first': False, 'cmake_force_configure': False, 'cmake_target': None, 'cmake_target_skip_unavailable': False, 'install_base': '/home/shibin/ws_sensor_combined/install/px4_msgs', 'merge_install': False, 'path': '/home/shibin/ws_sensor_combined/src/px4_msgs', 'symlink_install': False, 'test_result_base': None}
[0.653s] Level 5:colcon.colcon_core.verb:set package 'rrt_package' build argument 'cmake_args' from command line to 'None'
[0.653s] Level 5:colcon.colcon_core.verb:set package 'rrt_package' build argument 'cmake_target' from command line to 'None'
[0.653s] Level 5:colcon.colcon_core.verb:set package 'rrt_package' build argument 'cmake_target_skip_unavailable' from command line to 'False'
[0.653s] Level 5:colcon.colcon_core.verb:set package 'rrt_package' build argument 'cmake_clean_cache' from command line to 'False'
[0.653s] Level 5:colcon.colcon_core.verb:set package 'rrt_package' build argument 'cmake_clean_first' from command line to 'False'
[0.653s] Level 5:colcon.colcon_core.verb:set package 'rrt_package' build argument 'cmake_force_configure' from command line to 'False'
[0.653s] Level 5:colcon.colcon_core.verb:set package 'rrt_package' build argument 'ament_cmake_args' from command line to 'None'
[0.653s] Level 5:colcon.colcon_core.verb:set package 'rrt_package' build argument 'catkin_cmake_args' from command line to 'None'
[0.653s] Level 5:colcon.colcon_core.verb:set package 'rrt_package' build argument 'catkin_skip_building_tests' from command line to 'False'
[0.653s] DEBUG:colcon.colcon_core.verb:Building package 'rrt_package' with the following arguments: {'ament_cmake_args': None, 'build_base': '/home/shibin/ws_sensor_combined/build/rrt_package', 'catkin_cmake_args': None, 'catkin_skip_building_tests': False, 'cmake_args': None, 'cmake_clean_cache': False, 'cmake_clean_first': False, 'cmake_force_configure': False, 'cmake_target': None, 'cmake_target_skip_unavailable': False, 'install_base': '/home/shibin/ws_sensor_combined/install/rrt_package', 'merge_install': False, 'path': '/home/shibin/ws_sensor_combined/src/rrt_package', 'symlink_install': False, 'test_result_base': None}
[0.654s] Level 5:colcon.colcon_core.verb:set package 'px4_offboard' build argument 'cmake_args' from command line to 'None'
[0.654s] Level 5:colcon.colcon_core.verb:set package 'px4_offboard' build argument 'cmake_target' from command line to 'None'
[0.654s] Level 5:colcon.colcon_core.verb:set package 'px4_offboard' build argument 'cmake_target_skip_unavailable' from command line to 'False'
[0.654s] Level 5:colcon.colcon_core.verb:set package 'px4_offboard' build argument 'cmake_clean_cache' from command line to 'False'
[0.654s] Level 5:colcon.colcon_core.verb:set package 'px4_offboard' build argument 'cmake_clean_first' from command line to 'False'
[0.654s] Level 5:colcon.colcon_core.verb:set package 'px4_offboard' build argument 'cmake_force_configure' from command line to 'False'
[0.654s] Level 5:colcon.colcon_core.verb:set package 'px4_offboard' build argument 'ament_cmake_args' from command line to 'None'
[0.654s] Level 5:colcon.colcon_core.verb:set package 'px4_offboard' build argument 'catkin_cmake_args' from command line to 'None'
[0.654s] Level 5:colcon.colcon_core.verb:set package 'px4_offboard' build argument 'catkin_skip_building_tests' from command line to 'False'
[0.654s] DEBUG:colcon.colcon_core.verb:Building package 'px4_offboard' with the following arguments: {'ament_cmake_args': None, 'build_base': '/home/shibin/ws_sensor_combined/build/px4_offboard', 'catkin_cmake_args': None, 'catkin_skip_building_tests': False, 'cmake_args': None, 'cmake_clean_cache': False, 'cmake_clean_first': False, 'cmake_force_configure': False, 'cmake_target': None, 'cmake_target_skip_unavailable': False, 'install_base': '/home/shibin/ws_sensor_combined/install/px4_offboard', 'merge_install': False, 'path': '/home/shibin/ws_sensor_combined/src/px4-offboard', 'symlink_install': False, 'test_result_base': None}
[0.654s] Level 5:colcon.colcon_core.verb:set package 'px4_ros_com' build argument 'cmake_args' from command line to 'None'
[0.654s] Level 5:colcon.colcon_core.verb:set package 'px4_ros_com' build argument 'cmake_target' from command line to 'None'
[0.654s] Level 5:colcon.colcon_core.verb:set package 'px4_ros_com' build argument 'cmake_target_skip_unavailable' from command line to 'False'
[0.654s] Level 5:colcon.colcon_core.verb:set package 'px4_ros_com' build argument 'cmake_clean_cache' from command line to 'False'
[0.654s] Level 5:colcon.colcon_core.verb:set package 'px4_ros_com' build argument 'cmake_clean_first' from command line to 'False'
[0.654s] Level 5:colcon.colcon_core.verb:set package 'px4_ros_com' build argument 'cmake_force_configure' from command line to 'False'
[0.654s] Level 5:colcon.colcon_core.verb:set package 'px4_ros_com' build argument 'ament_cmake_args' from command line to 'None'
[0.654s] Level 5:colcon.colcon_core.verb:set package 'px4_ros_com' build argument 'catkin_cmake_args' from command line to 'None'
[0.654s] Level 5:colcon.colcon_core.verb:set package 'px4_ros_com' build argument 'catkin_skip_building_tests' from command line to 'False'
[0.654s] DEBUG:colcon.colcon_core.verb:Building package 'px4_ros_com' with the following arguments: {'ament_cmake_args': None, 'build_base': '/home/shibin/ws_sensor_combined/build/px4_ros_com', 'catkin_cmake_args': None, 'catkin_skip_building_tests': False, 'cmake_args': None, 'cmake_clean_cache': False, 'cmake_clean_first': False, 'cmake_force_configure': False, 'cmake_target': None, 'cmake_target_skip_unavailable': False, 'install_base': '/home/shibin/ws_sensor_combined/install/px4_ros_com', 'merge_install': False, 'path': '/home/shibin/ws_sensor_combined/src/px4_ros_com', 'symlink_install': False, 'test_result_base': None}
[0.655s] INFO:colcon.colcon_core.executor:Executing jobs using 'parallel' executor
[0.655s] DEBUG:colcon.colcon_parallel_executor.executor.parallel:run_until_complete
[0.656s] INFO:colcon.colcon_ros.task.ament_cmake.build:Building ROS package in '/home/shibin/ws_sensor_combined/src/px4_msgs' with build type 'ament_cmake'
[0.656s] INFO:colcon.colcon_cmake.task.cmake.build:Building CMake package in '/home/shibin/ws_sensor_combined/src/px4_msgs'
[0.659s] INFO:colcon.colcon_core.plugin_system:Skipping extension 'colcon_core.shell.bat': Not used on non-Windows systems
[0.659s] INFO:colcon.colcon_core.shell:Skip shell extension 'powershell' for command environment: Not usable outside of PowerShell
[0.659s] DEBUG:colcon.colcon_core.shell:Skip shell extension 'dsv' for command environment
[0.664s] INFO:colcon.colcon_ros.task.ament_python.build:Building ROS package in '/home/shibin/ws_sensor_combined/src/gazebo_ros_bridge' with build type 'ament_python'
[0.665s] Level 1:colcon.colcon_core.shell:create_environment_hook('gazebo_ros_bridge', 'ament_prefix_path')
[0.665s] INFO:colcon.colcon_core.shell:Creating environment hook '/home/shibin/ws_sensor_combined/install/gazebo_ros_bridge/share/gazebo_ros_bridge/hook/ament_prefix_path.ps1'
[0.666s] INFO:colcon.colcon_core.shell:Creating environment descriptor '/home/shibin/ws_sensor_combined/install/gazebo_ros_bridge/share/gazebo_ros_bridge/hook/ament_prefix_path.dsv'
[0.666s] INFO:colcon.colcon_core.shell:Creating environment hook '/home/shibin/ws_sensor_combined/install/gazebo_ros_bridge/share/gazebo_ros_bridge/hook/ament_prefix_path.sh'
[0.667s] INFO:colcon.colcon_core.shell:Skip shell extension 'powershell' for command environment: Not usable outside of PowerShell
[0.668s] DEBUG:colcon.colcon_core.shell:Skip shell extension 'dsv' for command environment
[0.672s] INFO:colcon.colcon_ros.task.ament_python.build:Building ROS package in '/home/shibin/ws_sensor_combined/src/rrt_package' with build type 'ament_python'
[0.672s] Level 1:colcon.colcon_core.shell:create_environment_hook('rrt_package', 'ament_prefix_path')
[0.673s] INFO:colcon.colcon_core.shell:Creating environment hook '/home/shibin/ws_sensor_combined/install/rrt_package/share/rrt_package/hook/ament_prefix_path.ps1'
[0.674s] INFO:colcon.colcon_core.shell:Creating environment descriptor '/home/shibin/ws_sensor_combined/install/rrt_package/share/rrt_package/hook/ament_prefix_path.dsv'
[0.674s] INFO:colcon.colcon_core.shell:Creating environment hook '/home/shibin/ws_sensor_combined/install/rrt_package/share/rrt_package/hook/ament_prefix_path.sh'
[0.675s] INFO:colcon.colcon_core.shell:Skip shell extension 'powershell' for command environment: Not usable outside of PowerShell
[0.675s] DEBUG:colcon.colcon_core.shell:Skip shell extension 'dsv' for command environment
[0.684s] DEBUG:colcon.colcon_core.event_handler.log_command:Invoking command in '/home/shibin/ws_sensor_combined/build/px4_msgs': CMAKE_PREFIX_PATH=${CMAKE_PREFIX_PATH}:/home/shibin/ws_sensor_combined/install/rrt_package:/home/shibin/ws_sensor_combined/install/px4_offboard:/home/shibin/ws_sensor_combined/install/gazebo_ros_bridge:/home/shibin/project_ws/install/serp_rl:/home/shibin/project_ws/install/project_pkg:/home/shibin/project_ws/install/drone_simulation:/opt/ros/humble /usr/bin/cmake --build /home/shibin/ws_sensor_combined/build/px4_msgs -- -j8 -l8
[1.036s] INFO:colcon.colcon_core.task.python.build:Building Python package in '/home/shibin/ws_sensor_combined/src/gazebo_ros_bridge'
[1.037s] INFO:colcon.colcon_core.shell:Skip shell extension 'powershell' for command environment: Not usable outside of PowerShell
[1.037s] DEBUG:colcon.colcon_core.shell:Skip shell extension 'dsv' for command environment
[1.382s] INFO:colcon.colcon_core.task.python.build:Building Python package in '/home/shibin/ws_sensor_combined/src/rrt_package'
[1.382s] INFO:colcon.colcon_core.shell:Skip shell extension 'powershell' for command environment: Not usable outside of PowerShell
[1.382s] DEBUG:colcon.colcon_core.shell:Skip shell extension 'dsv' for command environment
[2.011s] DEBUG:colcon.colcon_core.event_handler.log_command:Invoking command in '/home/shibin/ws_sensor_combined/src/gazebo_ros_bridge': PYTHONPATH=/home/shibin/ws_sensor_combined/build/gazebo_ros_bridge/prefix_override:/usr/lib/python3/dist-packages/colcon_core/task/python/colcon_distutils_commands:/home/shibin/ws_sensor_combined/install/gazebo_ros_bridge/lib/python3.10/site-packages:${PYTHONPATH} /usr/bin/python3 -W ignore:setup.py install is deprecated -W ignore:easy_install command is deprecated setup.py egg_info --egg-base ../../build/gazebo_ros_bridge build --build-base /home/shibin/ws_sensor_combined/build/gazebo_ros_bridge/build install --record /home/shibin/ws_sensor_combined/build/gazebo_ros_bridge/install.log --single-version-externally-managed install_data
[2.018s] DEBUG:colcon.colcon_core.event_handler.log_command:Invoking command in '/home/shibin/ws_sensor_combined/src/rrt_package': PYTHONPATH=/home/shibin/ws_sensor_combined/build/rrt_package/prefix_override:/usr/lib/python3/dist-packages/colcon_core/task/python/colcon_distutils_commands:/home/shibin/ws_sensor_combined/install/rrt_package/lib/python3.10/site-packages:${PYTHONPATH} /usr/bin/python3 -W ignore:setup.py install is deprecated -W ignore:easy_install command is deprecated setup.py egg_info --egg-base ../../build/rrt_package build --build-base /home/shibin/ws_sensor_combined/build/rrt_package/build install --record /home/shibin/ws_sensor_combined/build/rrt_package/install.log --single-version-externally-managed install_data
[2.313s] DEBUG:colcon.colcon_core.event_handler.log_command:Invoked command in '/home/shibin/ws_sensor_combined/build/px4_msgs' returned '0': CMAKE_PREFIX_PATH=${CMAKE_PREFIX_PATH}:/home/shibin/ws_sensor_combined/install/rrt_package:/home/shibin/ws_sensor_combined/install/px4_offboard:/home/shibin/ws_sensor_combined/install/gazebo_ros_bridge:/home/shibin/project_ws/install/serp_rl:/home/shibin/project_ws/install/project_pkg:/home/shibin/project_ws/install/drone_simulation:/opt/ros/humble /usr/bin/cmake --build /home/shibin/ws_sensor_combined/build/px4_msgs -- -j8 -l8
[2.323s] DEBUG:colcon.colcon_core.event_handler.log_command:Invoking command in '/home/shibin/ws_sensor_combined/build/px4_msgs': CMAKE_PREFIX_PATH=${CMAKE_PREFIX_PATH}:/home/shibin/ws_sensor_combined/install/rrt_package:/home/shibin/ws_sensor_combined/install/px4_offboard:/home/shibin/ws_sensor_combined/install/gazebo_ros_bridge:/home/shibin/project_ws/install/serp_rl:/home/shibin/project_ws/install/project_pkg:/home/shibin/project_ws/install/drone_simulation:/opt/ros/humble /usr/bin/cmake --install /home/shibin/ws_sensor_combined/build/px4_msgs
[2.495s] Level 1:colcon.colcon_core.environment:create_environment_scripts_only(px4_msgs)
[2.496s] DEBUG:colcon.colcon_core.event_handler.log_command:Invoked command in '/home/shibin/ws_sensor_combined/build/px4_msgs' returned '0': CMAKE_PREFIX_PATH=${CMAKE_PREFIX_PATH}:/home/shibin/ws_sensor_combined/install/rrt_package:/home/shibin/ws_sensor_combined/install/px4_offboard:/home/shibin/ws_sensor_combined/install/gazebo_ros_bridge:/home/shibin/project_ws/install/serp_rl:/home/shibin/project_ws/install/project_pkg:/home/shibin/project_ws/install/drone_simulation:/opt/ros/humble /usr/bin/cmake --install /home/shibin/ws_sensor_combined/build/px4_msgs
[2.500s] Level 1:colcon.colcon_core.environment:checking '/home/shibin/ws_sensor_combined/install/px4_msgs' for CMake module files
[2.501s] Level 1:colcon.colcon_core.environment:checking '/home/shibin/ws_sensor_combined/install/px4_msgs' for CMake config files
[2.524s] Level 1:colcon.colcon_core.shell:create_environment_hook('px4_msgs', 'cmake_prefix_path')
[2.524s] INFO:colcon.colcon_core.shell:Creating environment hook '/home/shibin/ws_sensor_combined/install/px4_msgs/share/px4_msgs/hook/cmake_prefix_path.ps1'
[2.525s] INFO:colcon.colcon_core.shell:Creating environment descriptor '/home/shibin/ws_sensor_combined/install/px4_msgs/share/px4_msgs/hook/cmake_prefix_path.dsv'
[2.525s] INFO:colcon.colcon_core.shell:Creating environment hook '/home/shibin/ws_sensor_combined/install/px4_msgs/share/px4_msgs/hook/cmake_prefix_path.sh'
[2.526s] Level 1:colcon.colcon_core.environment:checking '/home/shibin/ws_sensor_combined/install/px4_msgs/lib'
[2.526s] Level 1:colcon.colcon_core.shell:create_environment_hook('px4_msgs', 'ld_library_path_lib')
[2.526s] INFO:colcon.colcon_core.shell:Creating environment hook '/home/shibin/ws_sensor_combined/install/px4_msgs/share/px4_msgs/hook/ld_library_path_lib.ps1'
[2.527s] INFO:colcon.colcon_core.shell:Creating environment descriptor '/home/shibin/ws_sensor_combined/install/px4_msgs/share/px4_msgs/hook/ld_library_path_lib.dsv'
[2.527s] INFO:colcon.colcon_core.shell:Creating environment hook '/home/shibin/ws_sensor_combined/install/px4_msgs/share/px4_msgs/hook/ld_library_path_lib.sh'
[2.527s] Level 1:colcon.colcon_core.environment:checking '/home/shibin/ws_sensor_combined/install/px4_msgs/bin'
[2.527s] Level 1:colcon.colcon_core.environment:checking '/home/shibin/ws_sensor_combined/install/px4_msgs/lib/pkgconfig/px4_msgs.pc'
[2.528s] Level 1:colcon.colcon_core.environment:checking '/home/shibin/ws_sensor_combined/install/px4_msgs/lib/python3.10/site-packages'
[2.528s] Level 1:colcon.colcon_core.environment:checking '/home/shibin/ws_sensor_combined/install/px4_msgs/bin'
[2.528s] INFO:colcon.colcon_core.shell:Creating package script '/home/shibin/ws_sensor_combined/install/px4_msgs/share/px4_msgs/package.ps1'
[2.529s] INFO:colcon.colcon_core.shell:Creating package descriptor '/home/shibin/ws_sensor_combined/install/px4_msgs/share/px4_msgs/package.dsv'
[2.530s] INFO:colcon.colcon_core.shell:Creating package script '/home/shibin/ws_sensor_combined/install/px4_msgs/share/px4_msgs/package.sh'
[2.531s] INFO:colcon.colcon_core.shell:Creating package script '/home/shibin/ws_sensor_combined/install/px4_msgs/share/px4_msgs/package.bash'
[2.532s] INFO:colcon.colcon_core.shell:Creating package script '/home/shibin/ws_sensor_combined/install/px4_msgs/share/px4_msgs/package.zsh'
[2.533s] Level 1:colcon.colcon_core.environment:create_file_with_runtime_dependencies(/home/shibin/ws_sensor_combined/install/px4_msgs/share/colcon-core/packages/px4_msgs)
[2.533s] Level 1:colcon.colcon_core.environment:create_environment_scripts_only(px4_msgs)
[2.533s] Level 1:colcon.colcon_core.environment:checking '/home/shibin/ws_sensor_combined/install/px4_msgs' for CMake module files
[2.534s] Level 1:colcon.colcon_core.environment:checking '/home/shibin/ws_sensor_combined/install/px4_msgs' for CMake config files
[2.555s] Level 1:colcon.colcon_core.shell:create_environment_hook('px4_msgs', 'cmake_prefix_path')
[2.555s] INFO:colcon.colcon_core.shell:Creating environment hook '/home/shibin/ws_sensor_combined/install/px4_msgs/share/px4_msgs/hook/cmake_prefix_path.ps1'
[2.556s] INFO:colcon.colcon_core.shell:Creating environment descriptor '/home/shibin/ws_sensor_combined/install/px4_msgs/share/px4_msgs/hook/cmake_prefix_path.dsv'
[2.556s] INFO:colcon.colcon_core.shell:Creating environment hook '/home/shibin/ws_sensor_combined/install/px4_msgs/share/px4_msgs/hook/cmake_prefix_path.sh'
[2.557s] Level 1:colcon.colcon_core.environment:checking '/home/shibin/ws_sensor_combined/install/px4_msgs/lib'
[2.557s] Level 1:colcon.colcon_core.shell:create_environment_hook('px4_msgs', 'ld_library_path_lib')
[2.557s] INFO:colcon.colcon_core.shell:Creating environment hook '/home/shibin/ws_sensor_combined/install/px4_msgs/share/px4_msgs/hook/ld_library_path_lib.ps1'
[2.557s] INFO:colcon.colcon_core.shell:Creating environment descriptor '/home/shibin/ws_sensor_combined/install/px4_msgs/share/px4_msgs/hook/ld_library_path_lib.dsv'
[2.558s] INFO:colcon.colcon_core.shell:Creating environment hook '/home/shibin/ws_sensor_combined/install/px4_msgs/share/px4_msgs/hook/ld_library_path_lib.sh'
[2.558s] Level 1:colcon.colcon_core.environment:checking '/home/shibin/ws_sensor_combined/install/px4_msgs/bin'
[2.558s] Level 1:colcon.colcon_core.environment:checking '/home/shibin/ws_sensor_combined/install/px4_msgs/lib/pkgconfig/px4_msgs.pc'
[2.558s] Level 1:colcon.colcon_core.environment:checking '/home/shibin/ws_sensor_combined/install/px4_msgs/lib/python3.10/site-packages'
[2.558s] Level 1:colcon.colcon_core.environment:checking '/home/shibin/ws_sensor_combined/install/px4_msgs/bin'
[2.559s] INFO:colcon.colcon_core.shell:Creating package script '/home/shibin/ws_sensor_combined/install/px4_msgs/share/px4_msgs/package.ps1'
[2.559s] INFO:colcon.colcon_core.shell:Creating package descriptor '/home/shibin/ws_sensor_combined/install/px4_msgs/share/px4_msgs/package.dsv'
[2.560s] INFO:colcon.colcon_core.shell:Creating package script '/home/shibin/ws_sensor_combined/install/px4_msgs/share/px4_msgs/package.sh'
[2.560s] INFO:colcon.colcon_core.shell:Creating package script '/home/shibin/ws_sensor_combined/install/px4_msgs/share/px4_msgs/package.bash'
[2.561s] INFO:colcon.colcon_core.shell:Creating package script '/home/shibin/ws_sensor_combined/install/px4_msgs/share/px4_msgs/package.zsh'
[2.561s] Level 1:colcon.colcon_core.environment:create_file_with_runtime_dependencies(/home/shibin/ws_sensor_combined/install/px4_msgs/share/colcon-core/packages/px4_msgs)
[2.562s] INFO:colcon.colcon_ros.task.ament_python.build:Building ROS package in '/home/shibin/ws_sensor_combined/src/px4-offboard' with build type 'ament_python'
[2.562s] Level 1:colcon.colcon_core.shell:create_environment_hook('px4_offboard', 'ament_prefix_path')
[2.562s] INFO:colcon.colcon_core.shell:Creating environment hook '/home/shibin/ws_sensor_combined/install/px4_offboard/share/px4_offboard/hook/ament_prefix_path.ps1'
[2.563s] INFO:colcon.colcon_core.shell:Creating environment descriptor '/home/shibin/ws_sensor_combined/install/px4_offboard/share/px4_offboard/hook/ament_prefix_path.dsv'
[2.563s] INFO:colcon.colcon_core.shell:Creating environment hook '/home/shibin/ws_sensor_combined/install/px4_offboard/share/px4_offboard/hook/ament_prefix_path.sh'
[2.564s] INFO:colcon.colcon_core.shell:Skip shell extension 'powershell' for command environment: Not usable outside of PowerShell
[2.564s] DEBUG:colcon.colcon_core.shell:Skip shell extension 'dsv' for command environment
[2.568s] INFO:colcon.colcon_ros.task.ament_cmake.build:Building ROS package in '/home/shibin/ws_sensor_combined/src/px4_ros_com' with build type 'ament_cmake'
[2.569s] INFO:colcon.colcon_cmake.task.cmake.build:Building CMake package in '/home/shibin/ws_sensor_combined/src/px4_ros_com'
[2.569s] INFO:colcon.colcon_core.shell:Skip shell extension 'powershell' for command environment: Not usable outside of PowerShell
[2.569s] DEBUG:colcon.colcon_core.shell:Skip shell extension 'dsv' for command environment
[2.576s] Level 1:colcon.colcon_core.environment:checking '/home/shibin/ws_sensor_combined/install/gazebo_ros_bridge' for CMake module files
[2.577s] DEBUG:colcon.colcon_core.event_handler.log_command:Invoked command in '/home/shibin/ws_sensor_combined/src/gazebo_ros_bridge' returned '0': PYTHONPATH=/home/shibin/ws_sensor_combined/build/gazebo_ros_bridge/prefix_override:/usr/lib/python3/dist-packages/colcon_core/task/python/colcon_distutils_commands:/home/shibin/ws_sensor_combined/install/gazebo_ros_bridge/lib/python3.10/site-packages:${PYTHONPATH} /usr/bin/python3 -W ignore:setup.py install is deprecated -W ignore:easy_install command is deprecated setup.py egg_info --egg-base ../../build/gazebo_ros_bridge build --build-base /home/shibin/ws_sensor_combined/build/gazebo_ros_bridge/build install --record /home/shibin/ws_sensor_combined/build/gazebo_ros_bridge/install.log --single-version-externally-managed install_data
[2.577s] Level 1:colcon.colcon_core.environment:checking '/home/shibin/ws_sensor_combined/install/gazebo_ros_bridge' for CMake config files
[2.578s] Level 1:colcon.colcon_core.environment:checking '/home/shibin/ws_sensor_combined/install/gazebo_ros_bridge/lib'
[2.578s] Level 1:colcon.colcon_core.environment:checking '/home/shibin/ws_sensor_combined/install/gazebo_ros_bridge/bin'
[2.578s] Level 1:colcon.colcon_core.environment:checking '/home/shibin/ws_sensor_combined/install/gazebo_ros_bridge/lib/pkgconfig/gazebo_ros_bridge.pc'
[2.578s] Level 1:colcon.colcon_core.environment:checking '/home/shibin/ws_sensor_combined/install/gazebo_ros_bridge/lib/python3.10/site-packages'
[2.579s] Level 1:colcon.colcon_core.shell:create_environment_hook('gazebo_ros_bridge', 'pythonpath')
[2.579s] INFO:colcon.colcon_core.shell:Creating environment hook '/home/shibin/ws_sensor_combined/install/gazebo_ros_bridge/share/gazebo_ros_bridge/hook/pythonpath.ps1'
[2.579s] INFO:colcon.colcon_core.shell:Creating environment descriptor '/home/shibin/ws_sensor_combined/install/gazebo_ros_bridge/share/gazebo_ros_bridge/hook/pythonpath.dsv'
[2.580s] INFO:colcon.colcon_core.shell:Creating environment hook '/home/shibin/ws_sensor_combined/install/gazebo_ros_bridge/share/gazebo_ros_bridge/hook/pythonpath.sh'
[2.580s] Level 1:colcon.colcon_core.environment:checking '/home/shibin/ws_sensor_combined/install/gazebo_ros_bridge/bin'
[2.580s] Level 1:colcon.colcon_core.environment:create_environment_scripts_only(gazebo_ros_bridge)
[2.581s] INFO:colcon.colcon_core.shell:Creating package script '/home/shibin/ws_sensor_combined/install/gazebo_ros_bridge/share/gazebo_ros_bridge/package.ps1'
[2.581s] INFO:colcon.colcon_core.shell:Creating package descriptor '/home/shibin/ws_sensor_combined/install/gazebo_ros_bridge/share/gazebo_ros_bridge/package.dsv'
[2.582s] INFO:colcon.colcon_core.shell:Creating package script '/home/shibin/ws_sensor_combined/install/gazebo_ros_bridge/share/gazebo_ros_bridge/package.sh'
[2.582s] INFO:colcon.colcon_core.shell:Creating package script '/home/shibin/ws_sensor_combined/install/gazebo_ros_bridge/share/gazebo_ros_bridge/package.bash'
[2.582s] INFO:colcon.colcon_core.shell:Creating package script '/home/shibin/ws_sensor_combined/install/gazebo_ros_bridge/share/gazebo_ros_bridge/package.zsh'
[2.583s] Level 1:colcon.colcon_core.environment:create_file_with_runtime_dependencies(/home/shibin/ws_sensor_combined/install/gazebo_ros_bridge/share/colcon-core/packages/gazebo_ros_bridge)
[2.584s] Level 1:colcon.colcon_core.environment:checking '/home/shibin/ws_sensor_combined/install/rrt_package' for CMake module files
[2.585s] DEBUG:colcon.colcon_core.event_handler.log_command:Invoked command in '/home/shibin/ws_sensor_combined/src/rrt_package' returned '0': PYTHONPATH=/home/shibin/ws_sensor_combined/build/rrt_package/prefix_override:/usr/lib/python3/dist-packages/colcon_core/task/python/colcon_distutils_commands:/home/shibin/ws_sensor_combined/install/rrt_package/lib/python3.10/site-packages:${PYTHONPATH} /usr/bin/python3 -W ignore:setup.py install is deprecated -W ignore:easy_install command is deprecated setup.py egg_info --egg-base ../../build/rrt_package build --build-base /home/shibin/ws_sensor_combined/build/rrt_package/build install --record /home/shibin/ws_sensor_combined/build/rrt_package/install.log --single-version-externally-managed install_data
[2.585s] Level 1:colcon.colcon_core.environment:checking '/home/shibin/ws_sensor_combined/install/rrt_package' for CMake config files
[2.585s] Level 1:colcon.colcon_core.environment:checking '/home/shibin/ws_sensor_combined/install/rrt_package/lib'
[2.585s] Level 1:colcon.colcon_core.environment:checking '/home/shibin/ws_sensor_combined/install/rrt_package/bin'
[2.586s] Level 1:colcon.colcon_core.environment:checking '/home/shibin/ws_sensor_combined/install/rrt_package/lib/pkgconfig/rrt_package.pc'
[2.586s] Level 1:colcon.colcon_core.environment:checking '/home/shibin/ws_sensor_combined/install/rrt_package/lib/python3.10/site-packages'
[2.586s] Level 1:colcon.colcon_core.shell:create_environment_hook('rrt_package', 'pythonpath')
[2.586s] INFO:colcon.colcon_core.shell:Creating environment hook '/home/shibin/ws_sensor_combined/install/rrt_package/share/rrt_package/hook/pythonpath.ps1'
[2.586s] INFO:colcon.colcon_core.shell:Creating environment descriptor '/home/shibin/ws_sensor_combined/install/rrt_package/share/rrt_package/hook/pythonpath.dsv'
[2.587s] INFO:colcon.colcon_core.shell:Creating environment hook '/home/shibin/ws_sensor_combined/install/rrt_package/share/rrt_package/hook/pythonpath.sh'
[2.588s] Level 1:colcon.colcon_core.environment:checking '/home/shibin/ws_sensor_combined/install/rrt_package/bin'
[2.588s] Level 1:colcon.colcon_core.environment:create_environment_scripts_only(rrt_package)
[2.588s] INFO:colcon.colcon_core.shell:Creating package script '/home/shibin/ws_sensor_combined/install/rrt_package/share/rrt_package/package.ps1'
[2.589s] INFO:colcon.colcon_core.shell:Creating package descriptor '/home/shibin/ws_sensor_combined/install/rrt_package/share/rrt_package/package.dsv'
[2.590s] INFO:colcon.colcon_core.shell:Creating package script '/home/shibin/ws_sensor_combined/install/rrt_package/share/rrt_package/package.sh'
[2.590s] INFO:colcon.colcon_core.shell:Creating package script '/home/shibin/ws_sensor_combined/install/rrt_package/share/rrt_package/package.bash'
[2.591s] INFO:colcon.colcon_core.shell:Creating package script '/home/shibin/ws_sensor_combined/install/rrt_package/share/rrt_package/package.zsh'
[2.591s] Level 1:colcon.colcon_core.environment:create_file_with_runtime_dependencies(/home/shibin/ws_sensor_combined/install/rrt_package/share/colcon-core/packages/rrt_package)
[2.984s] INFO:colcon.colcon_core.task.python.build:Building Python package in '/home/shibin/ws_sensor_combined/src/px4-offboard'
[2.985s] INFO:colcon.colcon_core.shell:Skip shell extension 'powershell' for command environment: Not usable outside of PowerShell
[2.985s] DEBUG:colcon.colcon_core.shell:Skip shell extension 'dsv' for command environment
[3.000s] DEBUG:colcon.colcon_core.event_handler.log_command:Invoking command in '/home/shibin/ws_sensor_combined/build/px4_ros_com': CMAKE_PREFIX_PATH=/home/shibin/ws_sensor_combined/install/px4_msgs:/home/shibin/ws_sensor_combined/install/px4_ros_com:/home/shibin/project_ws/install/tutorial_interfaces:/home/shibin/ws_sensor_combined/install/rrt_package:/home/shibin/ws_sensor_combined/install/px4_offboard:/home/shibin/ws_sensor_combined/install/gazebo_ros_bridge:/home/shibin/project_ws/install/serp_rl:/home/shibin/project_ws/install/project_pkg:/home/shibin/project_ws/install/drone_simulation:/opt/ros/humble LD_LIBRARY_PATH=/home/shibin/ws_sensor_combined/install/px4_msgs/lib:/home/shibin/ws_sensor_combined/install/px4_ros_com/lib:/home/shibin/project_ws/install/tutorial_interfaces/lib:/opt/ros/humble/opt/rviz_ogre_vendor/lib:/opt/ros/humble/lib/x86_64-linux-gnu:/opt/ros/humble/opt/ortools_vendor/lib:/opt/ros/humble/lib /usr/bin/cmake --build /home/shibin/ws_sensor_combined/build/px4_ros_com -- -j8 -l8
[3.605s] DEBUG:colcon.colcon_core.event_handler.log_command:Invoking command in '/home/shibin/ws_sensor_combined/src/px4-offboard': CMAKE_PREFIX_PATH=/home/shibin/ws_sensor_combined/install/px4_msgs:/home/shibin/ws_sensor_combined/install/px4_ros_com:/home/shibin/project_ws/install/tutorial_interfaces LD_LIBRARY_PATH=/home/shibin/ws_sensor_combined/install/px4_msgs/lib:/home/shibin/ws_sensor_combined/install/px4_ros_com/lib:/home/shibin/project_ws/install/tutorial_interfaces/lib:/opt/ros/humble/opt/rviz_ogre_vendor/lib:/opt/ros/humble/lib/x86_64-linux-gnu:/opt/ros/humble/opt/ortools_vendor/lib:/opt/ros/humble/lib PYTHONPATH=/home/shibin/ws_sensor_combined/build/px4_offboard/prefix_override:/usr/lib/python3/dist-packages/colcon_core/task/python/colcon_distutils_commands:/home/shibin/ws_sensor_combined/install/px4_offboard/lib/python3.10/site-packages:${PYTHONPATH} /usr/bin/python3 -W ignore:setup.py install is deprecated -W ignore:easy_install command is deprecated setup.py egg_info --egg-base ../../build/px4_offboard build --build-base /home/shibin/ws_sensor_combined/build/px4_offboard/build install --record /home/shibin/ws_sensor_combined/build/px4_offboard/install.log --single-version-externally-managed install_data
[3.656s] DEBUG:colcon.colcon_core.event_handler.log_command:Invoked command in '/home/shibin/ws_sensor_combined/build/px4_ros_com' returned '0': CMAKE_PREFIX_PATH=/home/shibin/ws_sensor_combined/install/px4_msgs:/home/shibin/ws_sensor_combined/install/px4_ros_com:/home/shibin/project_ws/install/tutorial_interfaces:/home/shibin/ws_sensor_combined/install/rrt_package:/home/shibin/ws_sensor_combined/install/px4_offboard:/home/shibin/ws_sensor_combined/install/gazebo_ros_bridge:/home/shibin/project_ws/install/serp_rl:/home/shibin/project_ws/install/project_pkg:/home/shibin/project_ws/install/drone_simulation:/opt/ros/humble LD_LIBRARY_PATH=/home/shibin/ws_sensor_combined/install/px4_msgs/lib:/home/shibin/ws_sensor_combined/install/px4_ros_com/lib:/home/shibin/project_ws/install/tutorial_interfaces/lib:/opt/ros/humble/opt/rviz_ogre_vendor/lib:/opt/ros/humble/lib/x86_64-linux-gnu:/opt/ros/humble/opt/ortools_vendor/lib:/opt/ros/humble/lib /usr/bin/cmake --build /home/shibin/ws_sensor_combined/build/px4_ros_com -- -j8 -l8
[3.658s] DEBUG:colcon.colcon_core.event_handler.log_command:Invoking command in '/home/shibin/ws_sensor_combined/build/px4_ros_com': CMAKE_PREFIX_PATH=/home/shibin/ws_sensor_combined/install/px4_msgs:/home/shibin/ws_sensor_combined/install/px4_ros_com:/home/shibin/project_ws/install/tutorial_interfaces:/home/shibin/ws_sensor_combined/install/rrt_package:/home/shibin/ws_sensor_combined/install/px4_offboard:/home/shibin/ws_sensor_combined/install/gazebo_ros_bridge:/home/shibin/project_ws/install/serp_rl:/home/shibin/project_ws/install/project_pkg:/home/shibin/project_ws/install/drone_simulation:/opt/ros/humble LD_LIBRARY_PATH=/home/shibin/ws_sensor_combined/install/px4_msgs/lib:/home/shibin/ws_sensor_combined/install/px4_ros_com/lib:/home/shibin/project_ws/install/tutorial_interfaces/lib:/opt/ros/humble/opt/rviz_ogre_vendor/lib:/opt/ros/humble/lib/x86_64-linux-gnu:/opt/ros/humble/opt/ortools_vendor/lib:/opt/ros/humble/lib /usr/bin/cmake --install /home/shibin/ws_sensor_combined/build/px4_ros_com
[3.717s] Level 1:colcon.colcon_core.environment:create_environment_scripts_only(px4_ros_com)
[3.717s] Level 1:colcon.colcon_core.environment:checking '/home/shibin/ws_sensor_combined/install/px4_ros_com' for CMake module files
[3.718s] DEBUG:colcon.colcon_core.event_handler.log_command:Invoked command in '/home/shibin/ws_sensor_combined/build/px4_ros_com' returned '0': CMAKE_PREFIX_PATH=/home/shibin/ws_sensor_combined/install/px4_msgs:/home/shibin/ws_sensor_combined/install/px4_ros_com:/home/shibin/project_ws/install/tutorial_interfaces:/home/shibin/ws_sensor_combined/install/rrt_package:/home/shibin/ws_sensor_combined/install/px4_offboard:/home/shibin/ws_sensor_combined/install/gazebo_ros_bridge:/home/shibin/project_ws/install/serp_rl:/home/shibin/project_ws/install/project_pkg:/home/shibin/project_ws/install/drone_simulation:/opt/ros/humble LD_LIBRARY_PATH=/home/shibin/ws_sensor_combined/install/px4_msgs/lib:/home/shibin/ws_sensor_combined/install/px4_ros_com/lib:/home/shibin/project_ws/install/tutorial_interfaces/lib:/opt/ros/humble/opt/rviz_ogre_vendor/lib:/opt/ros/humble/lib/x86_64-linux-gnu:/opt/ros/humble/opt/ortools_vendor/lib:/opt/ros/humble/lib /usr/bin/cmake --install /home/shibin/ws_sensor_combined/build/px4_ros_com
[3.718s] Level 1:colcon.colcon_core.environment:checking '/home/shibin/ws_sensor_combined/install/px4_ros_com' for CMake config files
[3.719s] Level 1:colcon.colcon_core.shell:create_environment_hook('px4_ros_com', 'cmake_prefix_path')
[3.719s] INFO:colcon.colcon_core.shell:Creating environment hook '/home/shibin/ws_sensor_combined/install/px4_ros_com/share/px4_ros_com/hook/cmake_prefix_path.ps1'
[3.720s] INFO:colcon.colcon_core.shell:Creating environment descriptor '/home/shibin/ws_sensor_combined/install/px4_ros_com/share/px4_ros_com/hook/cmake_prefix_path.dsv'
[3.720s] INFO:colcon.colcon_core.shell:Creating environment hook '/home/shibin/ws_sensor_combined/install/px4_ros_com/share/px4_ros_com/hook/cmake_prefix_path.sh'
[3.721s] Level 1:colcon.colcon_core.environment:checking '/home/shibin/ws_sensor_combined/install/px4_ros_com/lib'
[3.721s] Level 1:colcon.colcon_core.shell:create_environment_hook('px4_ros_com', 'ld_library_path_lib')
[3.721s] INFO:colcon.colcon_core.shell:Creating environment hook '/home/shibin/ws_sensor_combined/install/px4_ros_com/share/px4_ros_com/hook/ld_library_path_lib.ps1'
[3.721s] INFO:colcon.colcon_core.shell:Creating environment descriptor '/home/shibin/ws_sensor_combined/install/px4_ros_com/share/px4_ros_com/hook/ld_library_path_lib.dsv'
[3.722s] INFO:colcon.colcon_core.shell:Creating environment hook '/home/shibin/ws_sensor_combined/install/px4_ros_com/share/px4_ros_com/hook/ld_library_path_lib.sh'
[3.722s] Level 1:colcon.colcon_core.environment:checking '/home/shibin/ws_sensor_combined/install/px4_ros_com/bin'
[3.722s] Level 1:colcon.colcon_core.environment:checking '/home/shibin/ws_sensor_combined/install/px4_ros_com/lib/pkgconfig/px4_ros_com.pc'
[3.723s] Level 1:colcon.colcon_core.environment:checking '/home/shibin/ws_sensor_combined/install/px4_ros_com/lib/python3.10/site-packages'
[3.723s] Level 1:colcon.colcon_core.environment:checking '/home/shibin/ws_sensor_combined/install/px4_ros_com/bin'
[3.723s] INFO:colcon.colcon_core.shell:Creating package script '/home/shibin/ws_sensor_combined/install/px4_ros_com/share/px4_ros_com/package.ps1'
[3.724s] INFO:colcon.colcon_core.shell:Creating package descriptor '/home/shibin/ws_sensor_combined/install/px4_ros_com/share/px4_ros_com/package.dsv'
[3.724s] INFO:colcon.colcon_core.shell:Creating package script '/home/shibin/ws_sensor_combined/install/px4_ros_com/share/px4_ros_com/package.sh'
[3.725s] INFO:colcon.colcon_core.shell:Creating package script '/home/shibin/ws_sensor_combined/install/px4_ros_com/share/px4_ros_com/package.bash'
[3.725s] INFO:colcon.colcon_core.shell:Creating package script '/home/shibin/ws_sensor_combined/install/px4_ros_com/share/px4_ros_com/package.zsh'
[3.725s] Level 1:colcon.colcon_core.environment:create_file_with_runtime_dependencies(/home/shibin/ws_sensor_combined/install/px4_ros_com/share/colcon-core/packages/px4_ros_com)
[3.726s] Level 1:colcon.colcon_core.environment:create_environment_scripts_only(px4_ros_com)
[3.726s] Level 1:colcon.colcon_core.environment:checking '/home/shibin/ws_sensor_combined/install/px4_ros_com' for CMake module files
[3.727s] Level 1:colcon.colcon_core.environment:checking '/home/shibin/ws_sensor_combined/install/px4_ros_com' for CMake config files
[3.727s] Level 1:colcon.colcon_core.shell:create_environment_hook('px4_ros_com', 'cmake_prefix_path')
[3.728s] INFO:colcon.colcon_core.shell:Creating environment hook '/home/shibin/ws_sensor_combined/install/px4_ros_com/share/px4_ros_com/hook/cmake_prefix_path.ps1'
[3.728s] INFO:colcon.colcon_core.shell:Creating environment descriptor '/home/shibin/ws_sensor_combined/install/px4_ros_com/share/px4_ros_com/hook/cmake_prefix_path.dsv'
[3.729s] INFO:colcon.colcon_core.shell:Creating environment hook '/home/shibin/ws_sensor_combined/install/px4_ros_com/share/px4_ros_com/hook/cmake_prefix_path.sh'
[3.729s] Level 1:colcon.colcon_core.environment:checking '/home/shibin/ws_sensor_combined/install/px4_ros_com/lib'
[3.729s] Level 1:colcon.colcon_core.shell:create_environment_hook('px4_ros_com', 'ld_library_path_lib')
[3.729s] INFO:colcon.colcon_core.shell:Creating environment hook '/home/shibin/ws_sensor_combined/install/px4_ros_com/share/px4_ros_com/hook/ld_library_path_lib.ps1'
[3.730s] INFO:colcon.colcon_core.shell:Creating environment descriptor '/home/shibin/ws_sensor_combined/install/px4_ros_com/share/px4_ros_com/hook/ld_library_path_lib.dsv'
[3.730s] INFO:colcon.colcon_core.shell:Creating environment hook '/home/shibin/ws_sensor_combined/install/px4_ros_com/share/px4_ros_com/hook/ld_library_path_lib.sh'
[3.731s] Level 1:colcon.colcon_core.environment:checking '/home/shibin/ws_sensor_combined/install/px4_ros_com/bin'
[3.731s] Level 1:colcon.colcon_core.environment:checking '/home/shibin/ws_sensor_combined/install/px4_ros_com/lib/pkgconfig/px4_ros_com.pc'
[3.731s] Level 1:colcon.colcon_core.environment:checking '/home/shibin/ws_sensor_combined/install/px4_ros_com/lib/python3.10/site-packages'
[3.731s] Level 1:colcon.colcon_core.environment:checking '/home/shibin/ws_sensor_combined/install/px4_ros_com/bin'
[3.731s] INFO:colcon.colcon_core.shell:Creating package script '/home/shibin/ws_sensor_combined/install/px4_ros_com/share/px4_ros_com/package.ps1'
[3.732s] INFO:colcon.colcon_core.shell:Creating package descriptor '/home/shibin/ws_sensor_combined/install/px4_ros_com/share/px4_ros_com/package.dsv'
[3.732s] INFO:colcon.colcon_core.shell:Creating package script '/home/shibin/ws_sensor_combined/install/px4_ros_com/share/px4_ros_com/package.sh'
[3.733s] INFO:colcon.colcon_core.shell:Creating package script '/home/shibin/ws_sensor_combined/install/px4_ros_com/share/px4_ros_com/package.bash'
[3.733s] INFO:colcon.colcon_core.shell:Creating package script '/home/shibin/ws_sensor_combined/install/px4_ros_com/share/px4_ros_com/package.zsh'
[3.734s] Level 1:colcon.colcon_core.environment:create_file_with_runtime_dependencies(/home/shibin/ws_sensor_combined/install/px4_ros_com/share/colcon-core/packages/px4_ros_com)
[3.985s] Level 1:colcon.colcon_core.environment:checking '/home/shibin/ws_sensor_combined/install/px4_offboard' for CMake module files
[3.986s] DEBUG:colcon.colcon_core.event_handler.log_command:Invoked command in '/home/shibin/ws_sensor_combined/src/px4-offboard' returned '0': CMAKE_PREFIX_PATH=/home/shibin/ws_sensor_combined/install/px4_msgs:/home/shibin/ws_sensor_combined/install/px4_ros_com:/home/shibin/project_ws/install/tutorial_interfaces LD_LIBRARY_PATH=/home/shibin/ws_sensor_combined/install/px4_msgs/lib:/home/shibin/ws_sensor_combined/install/px4_ros_com/lib:/home/shibin/project_ws/install/tutorial_interfaces/lib:/opt/ros/humble/opt/rviz_ogre_vendor/lib:/opt/ros/humble/lib/x86_64-linux-gnu:/opt/ros/humble/opt/ortools_vendor/lib:/opt/ros/humble/lib PYTHONPATH=/home/shibin/ws_sensor_combined/build/px4_offboard/prefix_override:/usr/lib/python3/dist-packages/colcon_core/task/python/colcon_distutils_commands:/home/shibin/ws_sensor_combined/install/px4_offboard/lib/python3.10/site-packages:${PYTHONPATH} /usr/bin/python3 -W ignore:setup.py install is deprecated -W ignore:easy_install command is deprecated setup.py egg_info --egg-base ../../build/px4_offboard build --build-base /home/shibin/ws_sensor_combined/build/px4_offboard/build install --record /home/shibin/ws_sensor_combined/build/px4_offboard/install.log --single-version-externally-managed install_data
[3.986s] Level 1:colcon.colcon_core.environment:checking '/home/shibin/ws_sensor_combined/install/px4_offboard' for CMake config files
[3.987s] Level 1:colcon.colcon_core.environment:checking '/home/shibin/ws_sensor_combined/install/px4_offboard/lib'
[3.987s] Level 1:colcon.colcon_core.environment:checking '/home/shibin/ws_sensor_combined/install/px4_offboard/bin'
[3.987s] Level 1:colcon.colcon_core.environment:checking '/home/shibin/ws_sensor_combined/install/px4_offboard/lib/pkgconfig/px4_offboard.pc'
[3.987s] Level 1:colcon.colcon_core.environment:checking '/home/shibin/ws_sensor_combined/install/px4_offboard/lib/python3.10/site-packages'
[3.987s] Level 1:colcon.colcon_core.shell:create_environment_hook('px4_offboard', 'pythonpath')
[3.988s] INFO:colcon.colcon_core.shell:Creating environment hook '/home/shibin/ws_sensor_combined/install/px4_offboard/share/px4_offboard/hook/pythonpath.ps1'
[3.988s] INFO:colcon.colcon_core.shell:Creating environment descriptor '/home/shibin/ws_sensor_combined/install/px4_offboard/share/px4_offboard/hook/pythonpath.dsv'
[3.989s] INFO:colcon.colcon_core.shell:Creating environment hook '/home/shibin/ws_sensor_combined/install/px4_offboard/share/px4_offboard/hook/pythonpath.sh'
[3.990s] Level 1:colcon.colcon_core.environment:checking '/home/shibin/ws_sensor_combined/install/px4_offboard/bin'
[3.990s] Level 1:colcon.colcon_core.environment:create_environment_scripts_only(px4_offboard)
[3.990s] INFO:colcon.colcon_core.shell:Creating package script '/home/shibin/ws_sensor_combined/install/px4_offboard/share/px4_offboard/package.ps1'
[3.991s] INFO:colcon.colcon_core.shell:Creating package descriptor '/home/shibin/ws_sensor_combined/install/px4_offboard/share/px4_offboard/package.dsv'
[3.992s] INFO:colcon.colcon_core.shell:Creating package script '/home/shibin/ws_sensor_combined/install/px4_offboard/share/px4_offboard/package.sh'
[3.992s] INFO:colcon.colcon_core.shell:Creating package script '/home/shibin/ws_sensor_combined/install/px4_offboard/share/px4_offboard/package.bash'
[3.993s] INFO:colcon.colcon_core.shell:Creating package script '/home/shibin/ws_sensor_combined/install/px4_offboard/share/px4_offboard/package.zsh'
[3.993s] Level 1:colcon.colcon_core.environment:create_file_with_runtime_dependencies(/home/shibin/ws_sensor_combined/install/px4_offboard/share/colcon-core/packages/px4_offboard)
[3.993s] DEBUG:colcon.colcon_parallel_executor.executor.parallel:closing loop
[3.994s] DEBUG:colcon.colcon_parallel_executor.executor.parallel:loop closed
[3.994s] DEBUG:colcon.colcon_parallel_executor.executor.parallel:run_until_complete finished with '0'
[3.994s] DEBUG:colcon.colcon_core.event_reactor:joining thread
[4.004s] INFO:colcon.colcon_core.plugin_system:Skipping extension 'colcon_notification.desktop_notification.terminal_notifier': Not used on non-Darwin systems
[4.004s] INFO:colcon.colcon_core.plugin_system:Skipping extension 'colcon_notification.desktop_notification.win32': Not used on non-Windows systems
[4.005s] INFO:colcon.colcon_notification.desktop_notification:Sending desktop notification using 'notify2'
[4.047s] DEBUG:colcon.colcon_core.event_reactor:joined thread
[4.047s] INFO:colcon.colcon_core.shell:Creating prefix script '/home/shibin/ws_sensor_combined/install/local_setup.ps1'
[4.049s] INFO:colcon.colcon_core.shell:Creating prefix util module '/home/shibin/ws_sensor_combined/install/_local_setup_util_ps1.py'
[4.050s] INFO:colcon.colcon_core.shell:Creating prefix chain script '/home/shibin/ws_sensor_combined/install/setup.ps1'
[4.052s] INFO:colcon.colcon_core.shell:Creating prefix script '/home/shibin/ws_sensor_combined/install/local_setup.sh'
[4.053s] INFO:colcon.colcon_core.shell:Creating prefix util module '/home/shibin/ws_sensor_combined/install/_local_setup_util_sh.py'
[4.054s] INFO:colcon.colcon_core.shell:Creating prefix chain script '/home/shibin/ws_sensor_combined/install/setup.sh'
[4.056s] INFO:colcon.colcon_core.shell:Creating prefix script '/home/shibin/ws_sensor_combined/install/local_setup.bash'
[4.057s] INFO:colcon.colcon_core.shell:Creating prefix chain script '/home/shibin/ws_sensor_combined/install/setup.bash'
[4.058s] INFO:colcon.colcon_core.shell:Creating prefix script '/home/shibin/ws_sensor_combined/install/local_setup.zsh'
[4.059s] INFO:colcon.colcon_core.shell:Creating prefix chain script '/home/shibin/ws_sensor_combined/install/setup.zsh'
