[6.953s] Invoking command in '/home/shibin/ws_sensor_combined/src/gazebo_ros_bridge': PYTHONPATH=/home/shibin/ws_sensor_combined/build/gazebo_ros_bridge/prefix_override:/usr/lib/python3/dist-packages/colcon_core/task/python/colcon_distutils_commands:/home/shibin/ws_sensor_combined/install/gazebo_ros_bridge/lib/python3.10/site-packages:${PYTHONPATH} /usr/bin/python3 -W ignore:setup.py install is deprecated -W ignore:easy_install command is deprecated setup.py egg_info --egg-base ../../build/gazebo_ros_bridge build --build-base /home/shibin/ws_sensor_combined/build/gazebo_ros_bridge/build install --record /home/shibin/ws_sensor_combined/build/gazebo_ros_bridge/install.log --single-version-externally-managed install_data
[9.186s] running egg_info
[9.200s] writing ../../build/gazebo_ros_bridge/gazebo_ros_bridge.egg-info/PKG-INFO
[9.204s] writing dependency_links to ../../build/gazebo_ros_bridge/gazebo_ros_bridge.egg-info/dependency_links.txt
[9.212s] writing entry points to ../../build/gazebo_ros_bridge/gazebo_ros_bridge.egg-info/entry_points.txt
[9.220s] writing requirements to ../../build/gazebo_ros_bridge/gazebo_ros_bridge.egg-info/requires.txt
[9.223s] writing top-level names to ../../build/gazebo_ros_bridge/gazebo_ros_bridge.egg-info/top_level.txt
[9.250s] reading manifest file '../../build/gazebo_ros_bridge/gazebo_ros_bridge.egg-info/SOURCES.txt'
[9.251s] writing manifest file '../../build/gazebo_ros_bridge/gazebo_ros_bridge.egg-info/SOURCES.txt'
[9.255s] running build
[9.255s] running build_py
[9.257s] running install
[9.258s] running install_lib
[9.259s] running install_data
[9.259s] running install_egg_info
[9.306s] removing '/home/shibin/ws_sensor_combined/install/gazebo_ros_bridge/lib/python3.10/site-packages/gazebo_ros_bridge-0.0.0-py3.10.egg-info' (and everything under it)
[9.307s] Copying ../../build/gazebo_ros_bridge/gazebo_ros_bridge.egg-info to /home/shibin/ws_sensor_combined/install/gazebo_ros_bridge/lib/python3.10/site-packages/gazebo_ros_bridge-0.0.0-py3.10.egg-info
[9.310s] running install_scripts
[9.415s] writing list of installed files to '/home/shibin/ws_sensor_combined/build/gazebo_ros_bridge/install.log'
[9.548s] Invoked command in '/home/shibin/ws_sensor_combined/src/gazebo_ros_bridge' returned '0': PYTHONPATH=/home/shibin/ws_sensor_combined/build/gazebo_ros_bridge/prefix_override:/usr/lib/python3/dist-packages/colcon_core/task/python/colcon_distutils_commands:/home/shibin/ws_sensor_combined/install/gazebo_ros_bridge/lib/python3.10/site-packages:${PYTHONPATH} /usr/bin/python3 -W ignore:setup.py install is deprecated -W ignore:easy_install command is deprecated setup.py egg_info --egg-base ../../build/gazebo_ros_bridge build --build-base /home/shibin/ws_sensor_combined/build/gazebo_ros_bridge/build install --record /home/shibin/ws_sensor_combined/build/gazebo_ros_bridge/install.log --single-version-externally-managed install_data
