[6.551s] Invoking command in '/home/shibin/ws_sensor_combined/src/rrt_package': PYTHONPATH=/home/shibin/ws_sensor_combined/build/rrt_package/prefix_override:/usr/lib/python3/dist-packages/colcon_core/task/python/colcon_distutils_commands:/home/shibin/ws_sensor_combined/install/rrt_package/lib/python3.10/site-packages:${PYTHONPATH} /usr/bin/python3 -W ignore:setup.py install is deprecated -W ignore:easy_install command is deprecated setup.py egg_info --egg-base ../../build/rrt_package build --build-base /home/shibin/ws_sensor_combined/build/rrt_package/build install --record /home/shibin/ws_sensor_combined/build/rrt_package/install.log --single-version-externally-managed install_data
[8.285s] running egg_info
[8.291s] writing ../../build/rrt_package/rrt_package.egg-info/PKG-INFO
[8.292s] writing dependency_links to ../../build/rrt_package/rrt_package.egg-info/dependency_links.txt
[8.292s] writing entry points to ../../build/rrt_package/rrt_package.egg-info/entry_points.txt
[8.293s] writing requirements to ../../build/rrt_package/rrt_package.egg-info/requires.txt
[8.293s] writing top-level names to ../../build/rrt_package/rrt_package.egg-info/top_level.txt
[8.301s] reading manifest file '../../build/rrt_package/rrt_package.egg-info/SOURCES.txt'
[8.303s] adding license file 'LICENSE'
[8.306s] writing manifest file '../../build/rrt_package/rrt_package.egg-info/SOURCES.txt'
[8.307s] running build
[8.309s] running build_py
[8.309s] copying rrt_package/my_node2.py -> /home/shibin/ws_sensor_combined/build/rrt_package/build/lib/rrt_package
[8.311s] running install
[8.311s] running install_lib
[8.315s] copying /home/shibin/ws_sensor_combined/build/rrt_package/build/lib/rrt_package/my_node2.py -> /home/shibin/ws_sensor_combined/install/rrt_package/lib/python3.10/site-packages/rrt_package
[8.319s] byte-compiling /home/shibin/ws_sensor_combined/install/rrt_package/lib/python3.10/site-packages/rrt_package/my_node2.py to my_node2.cpython-310.pyc
[8.331s] running install_data
[8.331s] running install_egg_info
[8.341s] removing '/home/shibin/ws_sensor_combined/install/rrt_package/lib/python3.10/site-packages/rrt_package-0.0.0-py3.10.egg-info' (and everything under it)
[8.342s] Copying ../../build/rrt_package/rrt_package.egg-info to /home/shibin/ws_sensor_combined/install/rrt_package/lib/python3.10/site-packages/rrt_package-0.0.0-py3.10.egg-info
[8.348s] running install_scripts
[8.451s] Installing my_node script to /home/shibin/ws_sensor_combined/install/rrt_package/lib/rrt_package
[8.451s] Installing my_node2 script to /home/shibin/ws_sensor_combined/install/rrt_package/lib/rrt_package
[8.453s] writing list of installed files to '/home/shibin/ws_sensor_combined/build/rrt_package/install.log'
[8.581s] Invoked command in '/home/shibin/ws_sensor_combined/src/rrt_package' returned '0': PYTHONPATH=/home/shibin/ws_sensor_combined/build/rrt_package/prefix_override:/usr/lib/python3/dist-packages/colcon_core/task/python/colcon_distutils_commands:/home/shibin/ws_sensor_combined/install/rrt_package/lib/python3.10/site-packages:${PYTHONPATH} /usr/bin/python3 -W ignore:setup.py install is deprecated -W ignore:easy_install command is deprecated setup.py egg_info --egg-base ../../build/rrt_package build --build-base /home/shibin/ws_sensor_combined/build/rrt_package/build install --record /home/shibin/ws_sensor_combined/build/rrt_package/install.log --single-version-externally-managed install_data
