[0.026s] Invoking command in '/home/shibin/ros2_ws/build/px4_msgs_old': CMAKE_PREFIX_PATH=${CMAKE_PREFIX_PATH}:/home/shibin/ros2_ws/install/rrt_package:/home/shibin/ros2_ws/install/px4_offboard:/opt/ros/humble /usr/bin/cmake --build /home/shibin/ros2_ws/build/px4_msgs_old -- -j8 -l8
[0.291s] Invoked command in '/home/shibin/ros2_ws/build/px4_msgs_old' returned '0': CMAKE_PREFIX_PATH=${CMAKE_PREFIX_PATH}:/home/shibin/ros2_ws/install/rrt_package:/home/shibin/ros2_ws/install/px4_offboard:/opt/ros/humble /usr/bin/cmake --build /home/shibin/ros2_ws/build/px4_msgs_old -- -j8 -l8
[0.302s] Invoking command in '/home/shibin/ros2_ws/build/px4_msgs_old': CMAKE_PREFIX_PATH=${CMAKE_PREFIX_PATH}:/home/shibin/ros2_ws/install/rrt_package:/home/shibin/ros2_ws/install/px4_offboard:/opt/ros/humble /usr/bin/cmake --install /home/shibin/ros2_ws/build/px4_msgs_old
[0.312s] -- Install configuration: ""
[0.312s] -- Up-to-date: /home/shibin/ros2_ws/install/px4_msgs_old/share/ament_index/resource_index/package_run_dependencies/px4_msgs_old
[0.312s] -- Up-to-date: /home/shibin/ros2_ws/install/px4_msgs_old/share/ament_index/resource_index/parent_prefix_path/px4_msgs_old
[0.313s] -- Up-to-date: /home/shibin/ros2_ws/install/px4_msgs_old/share/px4_msgs_old/environment/ament_prefix_path.sh
[0.313s] -- Up-to-date: /home/shibin/ros2_ws/install/px4_msgs_old/share/px4_msgs_old/environment/ament_prefix_path.dsv
[0.313s] -- Up-to-date: /home/shibin/ros2_ws/install/px4_msgs_old/share/px4_msgs_old/environment/path.sh
[0.313s] -- Up-to-date: /home/shibin/ros2_ws/install/px4_msgs_old/share/px4_msgs_old/environment/path.dsv
[0.313s] -- Up-to-date: /home/shibin/ros2_ws/install/px4_msgs_old/share/px4_msgs_old/local_setup.bash
[0.313s] -- Up-to-date: /home/shibin/ros2_ws/install/px4_msgs_old/share/px4_msgs_old/local_setup.sh
[0.313s] -- Up-to-date: /home/shibin/ros2_ws/install/px4_msgs_old/share/px4_msgs_old/local_setup.zsh
[0.313s] -- Up-to-date: /home/shibin/ros2_ws/install/px4_msgs_old/share/px4_msgs_old/local_setup.dsv
[0.313s] -- Installing: /home/shibin/ros2_ws/install/px4_msgs_old/share/px4_msgs_old/package.dsv
[0.313s] -- Up-to-date: /home/shibin/ros2_ws/install/px4_msgs_old/share/ament_index/resource_index/packages/px4_msgs_old
[0.313s] -- Up-to-date: /home/shibin/ros2_ws/install/px4_msgs_old/share/px4_msgs_old/cmake/ament_cmake_export_dependencies-extras.cmake
[0.314s] -- Up-to-date: /home/shibin/ros2_ws/install/px4_msgs_old/share/px4_msgs_old/cmake/px4_msgs_oldConfig.cmake
[0.314s] -- Up-to-date: /home/shibin/ros2_ws/install/px4_msgs_old/share/px4_msgs_old/cmake/px4_msgs_oldConfig-version.cmake
[0.314s] -- Up-to-date: /home/shibin/ros2_ws/install/px4_msgs_old/share/px4_msgs_old/package.xml
[0.315s] Invoked command in '/home/shibin/ros2_ws/build/px4_msgs_old' returned '0': CMAKE_PREFIX_PATH=${CMAKE_PREFIX_PATH}:/home/shibin/ros2_ws/install/rrt_package:/home/shibin/ros2_ws/install/px4_offboard:/opt/ros/humble /usr/bin/cmake --install /home/shibin/ros2_ws/build/px4_msgs_old
