[6.546s] Invoking command in '/home/shibin/ws_sensor_combined/src/gazebo_ros_bridge': PYTHONPATH=/home/shibin/ws_sensor_combined/build/gazebo_ros_bridge/prefix_override:/usr/lib/python3/dist-packages/colcon_core/task/python/colcon_distutils_commands:/home/shibin/ws_sensor_combined/install/gazebo_ros_bridge/lib/python3.10/site-packages:${PYTHONPATH} /usr/bin/python3 -W ignore:setup.py install is deprecated -W ignore:easy_install command is deprecated setup.py egg_info --egg-base ../../build/gazebo_ros_bridge build --build-base /home/shibin/ws_sensor_combined/build/gazebo_ros_bridge/build install --record /home/shibin/ws_sensor_combined/build/gazebo_ros_bridge/install.log --single-version-externally-managed install_data
[8.439s] running egg_info
[8.444s] writing ../../build/gazebo_ros_bridge/gazebo_ros_bridge.egg-info/PKG-INFO
[8.444s] writing dependency_links to ../../build/gazebo_ros_bridge/gazebo_ros_bridge.egg-info/dependency_links.txt
[8.445s] writing entry points to ../../build/gazebo_ros_bridge/gazebo_ros_bridge.egg-info/entry_points.txt
[8.447s] writing requirements to ../../build/gazebo_ros_bridge/gazebo_ros_bridge.egg-info/requires.txt
[8.447s] writing top-level names to ../../build/gazebo_ros_bridge/gazebo_ros_bridge.egg-info/top_level.txt
[8.456s] reading manifest file '../../build/gazebo_ros_bridge/gazebo_ros_bridge.egg-info/SOURCES.txt'
[8.462s] writing manifest file '../../build/gazebo_ros_bridge/gazebo_ros_bridge.egg-info/SOURCES.txt'
[8.463s] running build
[8.463s] running build_py
[8.464s] running install
[8.468s] running install_lib
[8.473s] running install_data
[8.474s] running install_egg_info
[8.484s] removing '/home/shibin/ws_sensor_combined/install/gazebo_ros_bridge/lib/python3.10/site-packages/gazebo_ros_bridge-0.0.0-py3.10.egg-info' (and everything under it)
[8.486s] Copying ../../build/gazebo_ros_bridge/gazebo_ros_bridge.egg-info to /home/shibin/ws_sensor_combined/install/gazebo_ros_bridge/lib/python3.10/site-packages/gazebo_ros_bridge-0.0.0-py3.10.egg-info
[8.491s] running install_scripts
[8.627s] writing list of installed files to '/home/shibin/ws_sensor_combined/build/gazebo_ros_bridge/install.log'
[8.767s] Invoked command in '/home/shibin/ws_sensor_combined/src/gazebo_ros_bridge' returned '0': PYTHONPATH=/home/shibin/ws_sensor_combined/build/gazebo_ros_bridge/prefix_override:/usr/lib/python3/dist-packages/colcon_core/task/python/colcon_distutils_commands:/home/shibin/ws_sensor_combined/install/gazebo_ros_bridge/lib/python3.10/site-packages:${PYTHONPATH} /usr/bin/python3 -W ignore:setup.py install is deprecated -W ignore:easy_install command is deprecated setup.py egg_info --egg-base ../../build/gazebo_ros_bridge build --build-base /home/shibin/ws_sensor_combined/build/gazebo_ros_bridge/build install --record /home/shibin/ws_sensor_combined/build/gazebo_ros_bridge/install.log --single-version-externally-managed install_data
