[1.994s] Invoking command in '/home/shibin/ros2_ws/src/rrt_package': PYTHONPATH=/home/shibin/ros2_ws/build/rrt_package/prefix_override:/usr/lib/python3/dist-packages/colcon_core/task/python/colcon_distutils_commands:/home/shibin/ros2_ws/install/rrt_package/lib/python3.10/site-packages:${PYTHONPATH} /usr/bin/python3 -W ignore:setup.py install is deprecated -W ignore:easy_install command is deprecated setup.py egg_info --egg-base ../../build/rrt_package build --build-base /home/shibin/ros2_ws/build/rrt_package/build install --record /home/shibin/ros2_ws/build/rrt_package/install.log --single-version-externally-managed install_data
[2.736s] running egg_info
[2.798s] writing ../../build/rrt_package/rrt_package.egg-info/PKG-INFO
[2.800s] writing dependency_links to ../../build/rrt_package/rrt_package.egg-info/dependency_links.txt
[2.801s] writing entry points to ../../build/rrt_package/rrt_package.egg-info/entry_points.txt
[2.803s] writing requirements to ../../build/rrt_package/rrt_package.egg-info/requires.txt
[2.803s] writing top-level names to ../../build/rrt_package/rrt_package.egg-info/top_level.txt
[2.903s] reading manifest file '../../build/rrt_package/rrt_package.egg-info/SOURCES.txt'
[2.904s] adding license file 'LICENSE'
[2.907s] writing manifest file '../../build/rrt_package/rrt_package.egg-info/SOURCES.txt'
[2.907s] running build
[2.907s] running build_py
[2.908s] copying rrt_package/my_node2.py -> /home/shibin/ros2_ws/build/rrt_package/build/lib/rrt_package
[2.912s] copying rrt_package/lidar_data_node.py -> /home/shibin/ros2_ws/build/rrt_package/build/lib/rrt_package
[2.912s] copying rrt_package/my_node4.py -> /home/shibin/ros2_ws/build/rrt_package/build/lib/rrt_package
[2.913s] copying rrt_package/my_node.py -> /home/shibin/ros2_ws/build/rrt_package/build/lib/rrt_package
[2.914s] copying rrt_package/mynode3.py -> /home/shibin/ros2_ws/build/rrt_package/build/lib/rrt_package
[2.915s] copying rrt_package/__init__.py -> /home/shibin/ros2_ws/build/rrt_package/build/lib/rrt_package
[2.917s] running install
[2.930s] running install_lib
[2.972s] copying /home/shibin/ros2_ws/build/rrt_package/build/lib/rrt_package/mynode3.py -> /home/shibin/ros2_ws/install/rrt_package/lib/python3.10/site-packages/rrt_package
[2.975s] byte-compiling /home/shibin/ros2_ws/install/rrt_package/lib/python3.10/site-packages/rrt_package/mynode3.py to mynode3.cpython-310.pyc
[2.979s] running install_data
[2.980s] copying resource/rrt_package -> /home/shibin/ros2_ws/install/rrt_package/share/ament_index/resource_index/packages
[2.981s] copying package.xml -> /home/shibin/ros2_ws/install/rrt_package/share/rrt_package
[2.982s] running install_egg_info
[3.038s] removing '/home/shibin/ros2_ws/install/rrt_package/lib/python3.10/site-packages/rrt_package-0.0.0-py3.10.egg-info' (and everything under it)
[3.038s] Copying ../../build/rrt_package/rrt_package.egg-info to /home/shibin/ros2_ws/install/rrt_package/lib/python3.10/site-packages/rrt_package-0.0.0-py3.10.egg-info
[3.041s] running install_scripts
[3.490s] Installing lidar_data_node script to /home/shibin/ros2_ws/install/rrt_package/lib/rrt_package
[3.495s] Installing my_node script to /home/shibin/ros2_ws/install/rrt_package/lib/rrt_package
[3.496s] Installing my_node2 script to /home/shibin/ros2_ws/install/rrt_package/lib/rrt_package
[3.498s] Installing my_node4 script to /home/shibin/ros2_ws/install/rrt_package/lib/rrt_package
[3.498s] Installing mynode3 script to /home/shibin/ros2_ws/install/rrt_package/lib/rrt_package
[3.498s] writing list of installed files to '/home/shibin/ros2_ws/build/rrt_package/install.log'
[3.631s] Invoked command in '/home/shibin/ros2_ws/src/rrt_package' returned '0': PYTHONPATH=/home/shibin/ros2_ws/build/rrt_package/prefix_override:/usr/lib/python3/dist-packages/colcon_core/task/python/colcon_distutils_commands:/home/shibin/ros2_ws/install/rrt_package/lib/python3.10/site-packages:${PYTHONPATH} /usr/bin/python3 -W ignore:setup.py install is deprecated -W ignore:easy_install command is deprecated setup.py egg_info --egg-base ../../build/rrt_package build --build-base /home/shibin/ros2_ws/build/rrt_package/build install --record /home/shibin/ros2_ws/build/rrt_package/install.log --single-version-externally-managed install_data
