[0.141s] DEBUG:colcon:Command line arguments: ['/usr/bin/colcon', 'build']
[0.141s] DEBUG:colcon:Parsed command line arguments: Namespace(log_base=None, log_level=None, verb_name='build', build_base='build', install_base='install', merge_install=False, symlink_install=False, test_result_base=None, continue_on_error=False, executor='parallel', parallel_workers=8, event_handlers=None, ignore_user_meta=False, metas=['./colcon.meta'], base_paths=['.'], packages_ignore=None, packages_ignore_regex=None, paths=None, packages_up_to=None, packages_up_to_regex=None, packages_above=None, packages_above_and_dependencies=None, packages_above_depth=None, packages_select_by_dep=None, packages_skip_by_dep=None, packages_skip_up_to=None, packages_select_build_failed=False, packages_skip_build_finished=False, packages_select_test_failures=False, packages_skip_test_passed=False, packages_select=None, packages_skip=None, packages_select_regex=None, packages_skip_regex=None, packages_start=None, packages_end=None, allow_overriding=[], cmake_args=None, cmake_target=None, cmake_target_skip_unavailable=False, cmake_clean_cache=False, cmake_clean_first=False, cmake_force_configure=False, ament_cmake_args=None, catkin_cmake_args=None, catkin_skip_building_tests=False, mixin_files=None, mixin=None, verb_parser=<colcon_mixin.mixin.mixin_argument.MixinArgumentDecorator object at 0x74c6a6963ee0>, verb_extension=<colcon_core.verb.build.BuildVerb object at 0x74c6a6aa8e50>, main=<bound method BuildVerb.main of <colcon_core.verb.build.BuildVerb object at 0x74c6a6aa8e50>>, mixin_verb=('build',))
[0.368s] Level 1:colcon.colcon_core.package_discovery:discover_packages(colcon_meta) check parameters
[0.368s] Level 1:colcon.colcon_core.package_discovery:discover_packages(recursive) check parameters
[0.368s] Level 1:colcon.colcon_core.package_discovery:discover_packages(ignore) check parameters
[0.368s] Level 1:colcon.colcon_core.package_discovery:discover_packages(path) check parameters
[0.368s] Level 1:colcon.colcon_core.package_discovery:discover_packages(colcon_meta) discover
[0.368s] Level 1:colcon.colcon_core.package_discovery:discover_packages(recursive) discover
[0.368s] INFO:colcon.colcon_core.package_discovery:Crawling recursively for packages in '/home/shibin/ws_sensor_combined'
[0.368s] Level 1:colcon.colcon_core.package_identification:_identify(.) by extensions ['ignore', 'ignore_ament_install']
[0.369s] Level 1:colcon.colcon_core.package_identification:_identify(.) by extension 'ignore'
[0.369s] Level 1:colcon.colcon_core.package_identification:_identify(.) by extension 'ignore_ament_install'
[0.369s] Level 1:colcon.colcon_core.package_identification:_identify(.) by extensions ['colcon_pkg']
[0.369s] Level 1:colcon.colcon_core.package_identification:_identify(.) by extension 'colcon_pkg'
[0.369s] Level 1:colcon.colcon_core.package_identification:_identify(.) by extensions ['colcon_meta']
[0.369s] Level 1:colcon.colcon_core.package_identification:_identify(.) by extension 'colcon_meta'
[0.369s] Level 1:colcon.colcon_core.package_identification:_identify(.) by extensions ['ros']
[0.369s] Level 1:colcon.colcon_core.package_identification:_identify(.) by extension 'ros'
[0.381s] Level 1:colcon.colcon_core.package_identification:_identify(.) by extensions ['cmake', 'python']
[0.381s] Level 1:colcon.colcon_core.package_identification:_identify(.) by extension 'cmake'
[0.381s] Level 1:colcon.colcon_core.package_identification:_identify(.) by extension 'python'
[0.381s] Level 1:colcon.colcon_core.package_identification:_identify(.) by extensions ['python_setup_py']
[0.381s] Level 1:colcon.colcon_core.package_identification:_identify(.) by extension 'python_setup_py'
[0.381s] Level 1:colcon.colcon_core.package_identification:_identify(build) by extensions ['ignore', 'ignore_ament_install']
[0.381s] Level 1:colcon.colcon_core.package_identification:_identify(build) by extension 'ignore'
[0.381s] Level 1:colcon.colcon_core.package_identification:_identify(build) ignored
[0.381s] Level 1:colcon.colcon_core.package_identification:_identify(install) by extensions ['ignore', 'ignore_ament_install']
[0.381s] Level 1:colcon.colcon_core.package_identification:_identify(install) by extension 'ignore'
[0.381s] Level 1:colcon.colcon_core.package_identification:_identify(install) ignored
[0.381s] Level 1:colcon.colcon_core.package_identification:_identify(log) by extensions ['ignore', 'ignore_ament_install']
[0.382s] Level 1:colcon.colcon_core.package_identification:_identify(log) by extension 'ignore'
[0.382s] Level 1:colcon.colcon_core.package_identification:_identify(log) ignored
[0.382s] Level 1:colcon.colcon_core.package_identification:_identify(src) by extensions ['ignore', 'ignore_ament_install']
[0.382s] Level 1:colcon.colcon_core.package_identification:_identify(src) by extension 'ignore'
[0.382s] Level 1:colcon.colcon_core.package_identification:_identify(src) by extension 'ignore_ament_install'
[0.382s] Level 1:colcon.colcon_core.package_identification:_identify(src) by extensions ['colcon_pkg']
[0.382s] Level 1:colcon.colcon_core.package_identification:_identify(src) by extension 'colcon_pkg'
[0.382s] Level 1:colcon.colcon_core.package_identification:_identify(src) by extensions ['colcon_meta']
[0.382s] Level 1:colcon.colcon_core.package_identification:_identify(src) by extension 'colcon_meta'
[0.382s] Level 1:colcon.colcon_core.package_identification:_identify(src) by extensions ['ros']
[0.382s] Level 1:colcon.colcon_core.package_identification:_identify(src) by extension 'ros'
[0.382s] Level 1:colcon.colcon_core.package_identification:_identify(src) by extensions ['cmake', 'python']
[0.382s] Level 1:colcon.colcon_core.package_identification:_identify(src) by extension 'cmake'
[0.382s] Level 1:colcon.colcon_core.package_identification:_identify(src) by extension 'python'
[0.382s] Level 1:colcon.colcon_core.package_identification:_identify(src) by extensions ['python_setup_py']
[0.382s] Level 1:colcon.colcon_core.package_identification:_identify(src) by extension 'python_setup_py'
[0.382s] Level 1:colcon.colcon_core.package_identification:_identify(src/gazebo_ros_bridge) by extensions ['ignore', 'ignore_ament_install']
[0.383s] Level 1:colcon.colcon_core.package_identification:_identify(src/gazebo_ros_bridge) by extension 'ignore'
[0.383s] Level 1:colcon.colcon_core.package_identification:_identify(src/gazebo_ros_bridge) by extension 'ignore_ament_install'
[0.383s] Level 1:colcon.colcon_core.package_identification:_identify(src/gazebo_ros_bridge) by extensions ['colcon_pkg']
[0.383s] Level 1:colcon.colcon_core.package_identification:_identify(src/gazebo_ros_bridge) by extension 'colcon_pkg'
[0.383s] Level 1:colcon.colcon_core.package_identification:_identify(src/gazebo_ros_bridge) by extensions ['colcon_meta']
[0.383s] Level 1:colcon.colcon_core.package_identification:_identify(src/gazebo_ros_bridge) by extension 'colcon_meta'
[0.383s] Level 1:colcon.colcon_core.package_identification:_identify(src/gazebo_ros_bridge) by extensions ['ros']
[0.383s] Level 1:colcon.colcon_core.package_identification:_identify(src/gazebo_ros_bridge) by extension 'ros'
[0.385s] DEBUG:colcon.colcon_core.package_identification:Package 'src/gazebo_ros_bridge' with type 'ros.ament_python' and name 'gazebo_ros_bridge'
[0.386s] Level 1:colcon.colcon_core.package_identification:_identify(src/px4-offboard) by extensions ['ignore', 'ignore_ament_install']
[0.386s] Level 1:colcon.colcon_core.package_identification:_identify(src/px4-offboard) by extension 'ignore'
[0.386s] Level 1:colcon.colcon_core.package_identification:_identify(src/px4-offboard) by extension 'ignore_ament_install'
[0.386s] Level 1:colcon.colcon_core.package_identification:_identify(src/px4-offboard) by extensions ['colcon_pkg']
[0.386s] Level 1:colcon.colcon_core.package_identification:_identify(src/px4-offboard) by extension 'colcon_pkg'
[0.386s] Level 1:colcon.colcon_core.package_identification:_identify(src/px4-offboard) by extensions ['colcon_meta']
[0.386s] Level 1:colcon.colcon_core.package_identification:_identify(src/px4-offboard) by extension 'colcon_meta'
[0.386s] Level 1:colcon.colcon_core.package_identification:_identify(src/px4-offboard) by extensions ['ros']
[0.386s] Level 1:colcon.colcon_core.package_identification:_identify(src/px4-offboard) by extension 'ros'
[0.387s] DEBUG:colcon.colcon_core.package_identification:Package 'src/px4-offboard' with type 'ros.ament_python' and name 'px4_offboard'
[0.387s] Level 1:colcon.colcon_core.package_identification:_identify(src/px4_msgs) by extensions ['ignore', 'ignore_ament_install']
[0.387s] Level 1:colcon.colcon_core.package_identification:_identify(src/px4_msgs) by extension 'ignore'
[0.387s] Level 1:colcon.colcon_core.package_identification:_identify(src/px4_msgs) by extension 'ignore_ament_install'
[0.387s] Level 1:colcon.colcon_core.package_identification:_identify(src/px4_msgs) by extensions ['colcon_pkg']
[0.387s] Level 1:colcon.colcon_core.package_identification:_identify(src/px4_msgs) by extension 'colcon_pkg'
[0.387s] Level 1:colcon.colcon_core.package_identification:_identify(src/px4_msgs) by extensions ['colcon_meta']
[0.387s] Level 1:colcon.colcon_core.package_identification:_identify(src/px4_msgs) by extension 'colcon_meta'
[0.387s] Level 1:colcon.colcon_core.package_identification:_identify(src/px4_msgs) by extensions ['ros']
[0.387s] Level 1:colcon.colcon_core.package_identification:_identify(src/px4_msgs) by extension 'ros'
[0.388s] DEBUG:colcon.colcon_core.package_identification:Package 'src/px4_msgs' with type 'ros.ament_cmake' and name 'px4_msgs'
[0.388s] Level 1:colcon.colcon_core.package_identification:_identify(src/px4_ros_com) by extensions ['ignore', 'ignore_ament_install']
[0.388s] Level 1:colcon.colcon_core.package_identification:_identify(src/px4_ros_com) by extension 'ignore'
[0.388s] Level 1:colcon.colcon_core.package_identification:_identify(src/px4_ros_com) by extension 'ignore_ament_install'
[0.388s] Level 1:colcon.colcon_core.package_identification:_identify(src/px4_ros_com) by extensions ['colcon_pkg']
[0.388s] Level 1:colcon.colcon_core.package_identification:_identify(src/px4_ros_com) by extension 'colcon_pkg'
[0.388s] Level 1:colcon.colcon_core.package_identification:_identify(src/px4_ros_com) by extensions ['colcon_meta']
[0.388s] Level 1:colcon.colcon_core.package_identification:_identify(src/px4_ros_com) by extension 'colcon_meta'
[0.388s] Level 1:colcon.colcon_core.package_identification:_identify(src/px4_ros_com) by extensions ['ros']
[0.389s] Level 1:colcon.colcon_core.package_identification:_identify(src/px4_ros_com) by extension 'ros'
[0.390s] DEBUG:colcon.colcon_core.package_identification:Package 'src/px4_ros_com' with type 'ros.ament_cmake' and name 'px4_ros_com'
[0.390s] Level 1:colcon.colcon_core.package_identification:_identify(src/rrt_package) by extensions ['ignore', 'ignore_ament_install']
[0.390s] Level 1:colcon.colcon_core.package_identification:_identify(src/rrt_package) by extension 'ignore'
[0.390s] Level 1:colcon.colcon_core.package_identification:_identify(src/rrt_package) by extension 'ignore_ament_install'
[0.390s] Level 1:colcon.colcon_core.package_identification:_identify(src/rrt_package) by extensions ['colcon_pkg']
[0.390s] Level 1:colcon.colcon_core.package_identification:_identify(src/rrt_package) by extension 'colcon_pkg'
[0.390s] Level 1:colcon.colcon_core.package_identification:_identify(src/rrt_package) by extensions ['colcon_meta']
[0.390s] Level 1:colcon.colcon_core.package_identification:_identify(src/rrt_package) by extension 'colcon_meta'
[0.390s] Level 1:colcon.colcon_core.package_identification:_identify(src/rrt_package) by extensions ['ros']
[0.390s] Level 1:colcon.colcon_core.package_identification:_identify(src/rrt_package) by extension 'ros'
[0.391s] DEBUG:colcon.colcon_core.package_identification:Package 'src/rrt_package' with type 'ros.ament_python' and name 'rrt_package'
[0.391s] Level 1:colcon.colcon_core.package_discovery:discover_packages(recursive) using defaults
[0.391s] Level 1:colcon.colcon_core.package_discovery:discover_packages(ignore) discover
[0.391s] Level 1:colcon.colcon_core.package_discovery:discover_packages(ignore) using defaults
[0.391s] Level 1:colcon.colcon_core.package_discovery:discover_packages(path) discover
[0.391s] Level 1:colcon.colcon_core.package_discovery:discover_packages(path) using defaults
[0.416s] Level 1:colcon.colcon_core.package_discovery:discover_packages(prefix_path) check parameters
[0.416s] Level 1:colcon.colcon_core.package_discovery:discover_packages(prefix_path) discover
[0.418s] DEBUG:colcon.colcon_installed_package_information.package_discovery:Found 5 installed packages in /home/shibin/project_ws/install
[0.419s] DEBUG:colcon.colcon_installed_package_information.package_discovery:Found 5 installed packages in /home/shibin/ws_sensor_combined/install
[0.421s] DEBUG:colcon.colcon_installed_package_information.package_discovery:Found 378 installed packages in /opt/ros/humble
[0.423s] Level 1:colcon.colcon_core.package_discovery:discover_packages(prefix_path) using defaults
[0.473s] Level 5:colcon.colcon_core.verb:set package 'gazebo_ros_bridge' build argument 'cmake_args' from command line to 'None'
[0.473s] Level 5:colcon.colcon_core.verb:set package 'gazebo_ros_bridge' build argument 'cmake_target' from command line to 'None'
[0.473s] Level 5:colcon.colcon_core.verb:set package 'gazebo_ros_bridge' build argument 'cmake_target_skip_unavailable' from command line to 'False'
[0.473s] Level 5:colcon.colcon_core.verb:set package 'gazebo_ros_bridge' build argument 'cmake_clean_cache' from command line to 'False'
[0.473s] Level 5:colcon.colcon_core.verb:set package 'gazebo_ros_bridge' build argument 'cmake_clean_first' from command line to 'False'
[0.473s] Level 5:colcon.colcon_core.verb:set package 'gazebo_ros_bridge' build argument 'cmake_force_configure' from command line to 'False'
[0.473s] Level 5:colcon.colcon_core.verb:set package 'gazebo_ros_bridge' build argument 'ament_cmake_args' from command line to 'None'
[0.473s] Level 5:colcon.colcon_core.verb:set package 'gazebo_ros_bridge' build argument 'catkin_cmake_args' from command line to 'None'
[0.473s] Level 5:colcon.colcon_core.verb:set package 'gazebo_ros_bridge' build argument 'catkin_skip_building_tests' from command line to 'False'
[0.473s] DEBUG:colcon.colcon_core.verb:Building package 'gazebo_ros_bridge' with the following arguments: {'ament_cmake_args': None, 'build_base': '/home/shibin/ws_sensor_combined/build/gazebo_ros_bridge', 'catkin_cmake_args': None, 'catkin_skip_building_tests': False, 'cmake_args': None, 'cmake_clean_cache': False, 'cmake_clean_first': False, 'cmake_force_configure': False, 'cmake_target': None, 'cmake_target_skip_unavailable': False, 'install_base': '/home/shibin/ws_sensor_combined/install/gazebo_ros_bridge', 'merge_install': False, 'path': '/home/shibin/ws_sensor_combined/src/gazebo_ros_bridge', 'symlink_install': False, 'test_result_base': None}
[0.473s] Level 5:colcon.colcon_core.verb:set package 'px4_msgs' build argument 'cmake_args' from command line to 'None'
[0.473s] Level 5:colcon.colcon_core.verb:set package 'px4_msgs' build argument 'cmake_target' from command line to 'None'
[0.473s] Level 5:colcon.colcon_core.verb:set package 'px4_msgs' build argument 'cmake_target_skip_unavailable' from command line to 'False'
[0.473s] Level 5:colcon.colcon_core.verb:set package 'px4_msgs' build argument 'cmake_clean_cache' from command line to 'False'
[0.474s] Level 5:colcon.colcon_core.verb:set package 'px4_msgs' build argument 'cmake_clean_first' from command line to 'False'
[0.474s] Level 5:colcon.colcon_core.verb:set package 'px4_msgs' build argument 'cmake_force_configure' from command line to 'False'
[0.474s] Level 5:colcon.colcon_core.verb:set package 'px4_msgs' build argument 'ament_cmake_args' from command line to 'None'
[0.474s] Level 5:colcon.colcon_core.verb:set package 'px4_msgs' build argument 'catkin_cmake_args' from command line to 'None'
[0.474s] Level 5:colcon.colcon_core.verb:set package 'px4_msgs' build argument 'catkin_skip_building_tests' from command line to 'False'
[0.474s] DEBUG:colcon.colcon_core.verb:Building package 'px4_msgs' with the following arguments: {'ament_cmake_args': None, 'build_base': '/home/shibin/ws_sensor_combined/build/px4_msgs', 'catkin_cmake_args': None, 'catkin_skip_building_tests': False, 'cmake_args': None, 'cmake_clean_cache': False, 'cmake_clean_first': False, 'cmake_force_configure': False, 'cmake_target': None, 'cmake_target_skip_unavailable': False, 'install_base': '/home/shibin/ws_sensor_combined/install/px4_msgs', 'merge_install': False, 'path': '/home/shibin/ws_sensor_combined/src/px4_msgs', 'symlink_install': False, 'test_result_base': None}
[0.474s] Level 5:colcon.colcon_core.verb:set package 'rrt_package' build argument 'cmake_args' from command line to 'None'
[0.474s] Level 5:colcon.colcon_core.verb:set package 'rrt_package' build argument 'cmake_target' from command line to 'None'
[0.474s] Level 5:colcon.colcon_core.verb:set package 'rrt_package' build argument 'cmake_target_skip_unavailable' from command line to 'False'
[0.474s] Level 5:colcon.colcon_core.verb:set package 'rrt_package' build argument 'cmake_clean_cache' from command line to 'False'
[0.474s] Level 5:colcon.colcon_core.verb:set package 'rrt_package' build argument 'cmake_clean_first' from command line to 'False'
[0.474s] Level 5:colcon.colcon_core.verb:set package 'rrt_package' build argument 'cmake_force_configure' from command line to 'False'
[0.474s] Level 5:colcon.colcon_core.verb:set package 'rrt_package' build argument 'ament_cmake_args' from command line to 'None'
[0.474s] Level 5:colcon.colcon_core.verb:set package 'rrt_package' build argument 'catkin_cmake_args' from command line to 'None'
[0.474s] Level 5:colcon.colcon_core.verb:set package 'rrt_package' build argument 'catkin_skip_building_tests' from command line to 'False'
[0.474s] DEBUG:colcon.colcon_core.verb:Building package 'rrt_package' with the following arguments: {'ament_cmake_args': None, 'build_base': '/home/shibin/ws_sensor_combined/build/rrt_package', 'catkin_cmake_args': None, 'catkin_skip_building_tests': False, 'cmake_args': None, 'cmake_clean_cache': False, 'cmake_clean_first': False, 'cmake_force_configure': False, 'cmake_target': None, 'cmake_target_skip_unavailable': False, 'install_base': '/home/shibin/ws_sensor_combined/install/rrt_package', 'merge_install': False, 'path': '/home/shibin/ws_sensor_combined/src/rrt_package', 'symlink_install': False, 'test_result_base': None}
[0.475s] Level 5:colcon.colcon_core.verb:set package 'px4_offboard' build argument 'cmake_args' from command line to 'None'
[0.475s] Level 5:colcon.colcon_core.verb:set package 'px4_offboard' build argument 'cmake_target' from command line to 'None'
[0.475s] Level 5:colcon.colcon_core.verb:set package 'px4_offboard' build argument 'cmake_target_skip_unavailable' from command line to 'False'
[0.475s] Level 5:colcon.colcon_core.verb:set package 'px4_offboard' build argument 'cmake_clean_cache' from command line to 'False'
[0.475s] Level 5:colcon.colcon_core.verb:set package 'px4_offboard' build argument 'cmake_clean_first' from command line to 'False'
[0.475s] Level 5:colcon.colcon_core.verb:set package 'px4_offboard' build argument 'cmake_force_configure' from command line to 'False'
[0.475s] Level 5:colcon.colcon_core.verb:set package 'px4_offboard' build argument 'ament_cmake_args' from command line to 'None'
[0.475s] Level 5:colcon.colcon_core.verb:set package 'px4_offboard' build argument 'catkin_cmake_args' from command line to 'None'
[0.475s] Level 5:colcon.colcon_core.verb:set package 'px4_offboard' build argument 'catkin_skip_building_tests' from command line to 'False'
[0.475s] DEBUG:colcon.colcon_core.verb:Building package 'px4_offboard' with the following arguments: {'ament_cmake_args': None, 'build_base': '/home/shibin/ws_sensor_combined/build/px4_offboard', 'catkin_cmake_args': None, 'catkin_skip_building_tests': False, 'cmake_args': None, 'cmake_clean_cache': False, 'cmake_clean_first': False, 'cmake_force_configure': False, 'cmake_target': None, 'cmake_target_skip_unavailable': False, 'install_base': '/home/shibin/ws_sensor_combined/install/px4_offboard', 'merge_install': False, 'path': '/home/shibin/ws_sensor_combined/src/px4-offboard', 'symlink_install': False, 'test_result_base': None}
[0.475s] Level 5:colcon.colcon_core.verb:set package 'px4_ros_com' build argument 'cmake_args' from command line to 'None'
[0.475s] Level 5:colcon.colcon_core.verb:set package 'px4_ros_com' build argument 'cmake_target' from command line to 'None'
[0.475s] Level 5:colcon.colcon_core.verb:set package 'px4_ros_com' build argument 'cmake_target_skip_unavailable' from command line to 'False'
[0.475s] Level 5:colcon.colcon_core.verb:set package 'px4_ros_com' build argument 'cmake_clean_cache' from command line to 'False'
[0.475s] Level 5:colcon.colcon_core.verb:set package 'px4_ros_com' build argument 'cmake_clean_first' from command line to 'False'
[0.475s] Level 5:colcon.colcon_core.verb:set package 'px4_ros_com' build argument 'cmake_force_configure' from command line to 'False'
[0.475s] Level 5:colcon.colcon_core.verb:set package 'px4_ros_com' build argument 'ament_cmake_args' from command line to 'None'
[0.475s] Level 5:colcon.colcon_core.verb:set package 'px4_ros_com' build argument 'catkin_cmake_args' from command line to 'None'
[0.475s] Level 5:colcon.colcon_core.verb:set package 'px4_ros_com' build argument 'catkin_skip_building_tests' from command line to 'False'
[0.475s] DEBUG:colcon.colcon_core.verb:Building package 'px4_ros_com' with the following arguments: {'ament_cmake_args': None, 'build_base': '/home/shibin/ws_sensor_combined/build/px4_ros_com', 'catkin_cmake_args': None, 'catkin_skip_building_tests': False, 'cmake_args': None, 'cmake_clean_cache': False, 'cmake_clean_first': False, 'cmake_force_configure': False, 'cmake_target': None, 'cmake_target_skip_unavailable': False, 'install_base': '/home/shibin/ws_sensor_combined/install/px4_ros_com', 'merge_install': False, 'path': '/home/shibin/ws_sensor_combined/src/px4_ros_com', 'symlink_install': False, 'test_result_base': None}
[0.476s] INFO:colcon.colcon_core.executor:Executing jobs using 'parallel' executor
[0.477s] DEBUG:colcon.colcon_parallel_executor.executor.parallel:run_until_complete
[0.477s] INFO:colcon.colcon_ros.task.ament_cmake.build:Building ROS package in '/home/shibin/ws_sensor_combined/src/px4_msgs' with build type 'ament_cmake'
[0.477s] INFO:colcon.colcon_cmake.task.cmake.build:Building CMake package in '/home/shibin/ws_sensor_combined/src/px4_msgs'
[0.479s] INFO:colcon.colcon_core.plugin_system:Skipping extension 'colcon_core.shell.bat': Not used on non-Windows systems
[0.479s] INFO:colcon.colcon_core.shell:Skip shell extension 'powershell' for command environment: Not usable outside of PowerShell
[0.479s] DEBUG:colcon.colcon_core.shell:Skip shell extension 'dsv' for command environment
[0.484s] INFO:colcon.colcon_ros.task.ament_python.build:Building ROS package in '/home/shibin/ws_sensor_combined/src/gazebo_ros_bridge' with build type 'ament_python'
[0.484s] Level 1:colcon.colcon_core.shell:create_environment_hook('gazebo_ros_bridge', 'ament_prefix_path')
[0.485s] INFO:colcon.colcon_core.shell:Creating environment hook '/home/shibin/ws_sensor_combined/install/gazebo_ros_bridge/share/gazebo_ros_bridge/hook/ament_prefix_path.ps1'
[0.485s] INFO:colcon.colcon_core.shell:Creating environment descriptor '/home/shibin/ws_sensor_combined/install/gazebo_ros_bridge/share/gazebo_ros_bridge/hook/ament_prefix_path.dsv'
[0.486s] INFO:colcon.colcon_core.shell:Creating environment hook '/home/shibin/ws_sensor_combined/install/gazebo_ros_bridge/share/gazebo_ros_bridge/hook/ament_prefix_path.sh'
[0.487s] INFO:colcon.colcon_core.shell:Skip shell extension 'powershell' for command environment: Not usable outside of PowerShell
[0.487s] DEBUG:colcon.colcon_core.shell:Skip shell extension 'dsv' for command environment
[0.492s] INFO:colcon.colcon_ros.task.ament_python.build:Building ROS package in '/home/shibin/ws_sensor_combined/src/rrt_package' with build type 'ament_python'
[0.492s] Level 1:colcon.colcon_core.shell:create_environment_hook('rrt_package', 'ament_prefix_path')
[0.492s] INFO:colcon.colcon_core.shell:Creating environment hook '/home/shibin/ws_sensor_combined/install/rrt_package/share/rrt_package/hook/ament_prefix_path.ps1'
[0.493s] INFO:colcon.colcon_core.shell:Creating environment descriptor '/home/shibin/ws_sensor_combined/install/rrt_package/share/rrt_package/hook/ament_prefix_path.dsv'
[0.494s] INFO:colcon.colcon_core.shell:Creating environment hook '/home/shibin/ws_sensor_combined/install/rrt_package/share/rrt_package/hook/ament_prefix_path.sh'
[0.494s] INFO:colcon.colcon_core.shell:Skip shell extension 'powershell' for command environment: Not usable outside of PowerShell
[0.495s] DEBUG:colcon.colcon_core.shell:Skip shell extension 'dsv' for command environment
[0.503s] DEBUG:colcon.colcon_core.event_handler.log_command:Invoking command in '/home/shibin/ws_sensor_combined/build/px4_msgs': CMAKE_PREFIX_PATH=${CMAKE_PREFIX_PATH}:/home/shibin/ws_sensor_combined/install/gazebo_ros_bridge:/home/shibin/project_ws/install/serp_rl:/home/shibin/project_ws/install/project_pkg:/home/shibin/project_ws/install/drone_simulation:/opt/ros/humble /usr/bin/cmake --build /home/shibin/ws_sensor_combined/build/px4_msgs -- -j8 -l8
[0.847s] INFO:colcon.colcon_core.task.python.build:Building Python package in '/home/shibin/ws_sensor_combined/src/gazebo_ros_bridge'
[0.847s] INFO:colcon.colcon_core.shell:Skip shell extension 'powershell' for command environment: Not usable outside of PowerShell
[0.847s] DEBUG:colcon.colcon_core.shell:Skip shell extension 'dsv' for command environment
[1.200s] INFO:colcon.colcon_core.task.python.build:Building Python package in '/home/shibin/ws_sensor_combined/src/rrt_package'
[1.200s] INFO:colcon.colcon_core.shell:Skip shell extension 'powershell' for command environment: Not usable outside of PowerShell
[1.200s] DEBUG:colcon.colcon_core.shell:Skip shell extension 'dsv' for command environment
[1.761s] DEBUG:colcon.colcon_core.event_handler.log_command:Invoking command in '/home/shibin/ws_sensor_combined/src/gazebo_ros_bridge': PYTHONPATH=/home/shibin/ws_sensor_combined/build/gazebo_ros_bridge/prefix_override:/usr/lib/python3/dist-packages/colcon_core/task/python/colcon_distutils_commands:/home/shibin/ws_sensor_combined/install/gazebo_ros_bridge/lib/python3.10/site-packages:${PYTHONPATH} /usr/bin/python3 -W ignore:setup.py install is deprecated -W ignore:easy_install command is deprecated setup.py egg_info --egg-base ../../build/gazebo_ros_bridge build --build-base /home/shibin/ws_sensor_combined/build/gazebo_ros_bridge/build install --record /home/shibin/ws_sensor_combined/build/gazebo_ros_bridge/install.log --single-version-externally-managed install_data
[1.773s] DEBUG:colcon.colcon_core.event_handler.log_command:Invoking command in '/home/shibin/ws_sensor_combined/src/rrt_package': PYTHONPATH=/home/shibin/ws_sensor_combined/build/rrt_package/prefix_override:/usr/lib/python3/dist-packages/colcon_core/task/python/colcon_distutils_commands:/home/shibin/ws_sensor_combined/install/rrt_package/lib/python3.10/site-packages:${PYTHONPATH} /usr/bin/python3 -W ignore:setup.py install is deprecated -W ignore:easy_install command is deprecated setup.py egg_info --egg-base ../../build/rrt_package build --build-base /home/shibin/ws_sensor_combined/build/rrt_package/build install --record /home/shibin/ws_sensor_combined/build/rrt_package/install.log --single-version-externally-managed install_data
[2.104s] DEBUG:colcon.colcon_core.event_handler.log_command:Invoked command in '/home/shibin/ws_sensor_combined/build/px4_msgs' returned '0': CMAKE_PREFIX_PATH=${CMAKE_PREFIX_PATH}:/home/shibin/ws_sensor_combined/install/gazebo_ros_bridge:/home/shibin/project_ws/install/serp_rl:/home/shibin/project_ws/install/project_pkg:/home/shibin/project_ws/install/drone_simulation:/opt/ros/humble /usr/bin/cmake --build /home/shibin/ws_sensor_combined/build/px4_msgs -- -j8 -l8
[2.114s] DEBUG:colcon.colcon_core.event_handler.log_command:Invoking command in '/home/shibin/ws_sensor_combined/build/px4_msgs': CMAKE_PREFIX_PATH=${CMAKE_PREFIX_PATH}:/home/shibin/ws_sensor_combined/install/gazebo_ros_bridge:/home/shibin/project_ws/install/serp_rl:/home/shibin/project_ws/install/project_pkg:/home/shibin/project_ws/install/drone_simulation:/opt/ros/humble /usr/bin/cmake --install /home/shibin/ws_sensor_combined/build/px4_msgs
[2.287s] Level 1:colcon.colcon_core.environment:create_environment_scripts_only(px4_msgs)
[2.287s] DEBUG:colcon.colcon_core.event_handler.log_command:Invoked command in '/home/shibin/ws_sensor_combined/build/px4_msgs' returned '0': CMAKE_PREFIX_PATH=${CMAKE_PREFIX_PATH}:/home/shibin/ws_sensor_combined/install/gazebo_ros_bridge:/home/shibin/project_ws/install/serp_rl:/home/shibin/project_ws/install/project_pkg:/home/shibin/project_ws/install/drone_simulation:/opt/ros/humble /usr/bin/cmake --install /home/shibin/ws_sensor_combined/build/px4_msgs
[2.290s] Level 1:colcon.colcon_core.environment:checking '/home/shibin/ws_sensor_combined/install/px4_msgs' for CMake module files
[2.291s] Level 1:colcon.colcon_core.environment:checking '/home/shibin/ws_sensor_combined/install/px4_msgs' for CMake config files
[2.317s] Level 1:colcon.colcon_core.shell:create_environment_hook('px4_msgs', 'cmake_prefix_path')
[2.318s] INFO:colcon.colcon_core.shell:Creating environment hook '/home/shibin/ws_sensor_combined/install/px4_msgs/share/px4_msgs/hook/cmake_prefix_path.ps1'
[2.318s] INFO:colcon.colcon_core.shell:Creating environment descriptor '/home/shibin/ws_sensor_combined/install/px4_msgs/share/px4_msgs/hook/cmake_prefix_path.dsv'
[2.319s] INFO:colcon.colcon_core.shell:Creating environment hook '/home/shibin/ws_sensor_combined/install/px4_msgs/share/px4_msgs/hook/cmake_prefix_path.sh'
[2.319s] Level 1:colcon.colcon_core.environment:checking '/home/shibin/ws_sensor_combined/install/px4_msgs/lib'
[2.319s] Level 1:colcon.colcon_core.shell:create_environment_hook('px4_msgs', 'ld_library_path_lib')
[2.320s] INFO:colcon.colcon_core.shell:Creating environment hook '/home/shibin/ws_sensor_combined/install/px4_msgs/share/px4_msgs/hook/ld_library_path_lib.ps1'
[2.320s] INFO:colcon.colcon_core.shell:Creating environment descriptor '/home/shibin/ws_sensor_combined/install/px4_msgs/share/px4_msgs/hook/ld_library_path_lib.dsv'
[2.321s] INFO:colcon.colcon_core.shell:Creating environment hook '/home/shibin/ws_sensor_combined/install/px4_msgs/share/px4_msgs/hook/ld_library_path_lib.sh'
[2.321s] Level 1:colcon.colcon_core.environment:checking '/home/shibin/ws_sensor_combined/install/px4_msgs/bin'
[2.321s] Level 1:colcon.colcon_core.environment:checking '/home/shibin/ws_sensor_combined/install/px4_msgs/lib/pkgconfig/px4_msgs.pc'
[2.321s] Level 1:colcon.colcon_core.environment:checking '/home/shibin/ws_sensor_combined/install/px4_msgs/lib/python3.10/site-packages'
[2.322s] Level 1:colcon.colcon_core.environment:checking '/home/shibin/ws_sensor_combined/install/px4_msgs/bin'
[2.322s] INFO:colcon.colcon_core.shell:Creating package script '/home/shibin/ws_sensor_combined/install/px4_msgs/share/px4_msgs/package.ps1'
[2.323s] INFO:colcon.colcon_core.shell:Creating package descriptor '/home/shibin/ws_sensor_combined/install/px4_msgs/share/px4_msgs/package.dsv'
[2.324s] INFO:colcon.colcon_core.shell:Creating package script '/home/shibin/ws_sensor_combined/install/px4_msgs/share/px4_msgs/package.sh'
[2.325s] INFO:colcon.colcon_core.shell:Creating package script '/home/shibin/ws_sensor_combined/install/px4_msgs/share/px4_msgs/package.bash'
[2.325s] INFO:colcon.colcon_core.shell:Creating package script '/home/shibin/ws_sensor_combined/install/px4_msgs/share/px4_msgs/package.zsh'
[2.326s] Level 1:colcon.colcon_core.environment:create_file_with_runtime_dependencies(/home/shibin/ws_sensor_combined/install/px4_msgs/share/colcon-core/packages/px4_msgs)
[2.327s] Level 1:colcon.colcon_core.environment:create_environment_scripts_only(px4_msgs)
[2.327s] Level 1:colcon.colcon_core.environment:checking '/home/shibin/ws_sensor_combined/install/px4_msgs' for CMake module files
[2.328s] Level 1:colcon.colcon_core.environment:checking '/home/shibin/ws_sensor_combined/install/px4_msgs' for CMake config files
[2.350s] Level 1:colcon.colcon_core.shell:create_environment_hook('px4_msgs', 'cmake_prefix_path')
[2.350s] INFO:colcon.colcon_core.shell:Creating environment hook '/home/shibin/ws_sensor_combined/install/px4_msgs/share/px4_msgs/hook/cmake_prefix_path.ps1'
[2.351s] INFO:colcon.colcon_core.shell:Creating environment descriptor '/home/shibin/ws_sensor_combined/install/px4_msgs/share/px4_msgs/hook/cmake_prefix_path.dsv'
[2.351s] INFO:colcon.colcon_core.shell:Creating environment hook '/home/shibin/ws_sensor_combined/install/px4_msgs/share/px4_msgs/hook/cmake_prefix_path.sh'
[2.351s] Level 1:colcon.colcon_core.environment:checking '/home/shibin/ws_sensor_combined/install/px4_msgs/lib'
[2.351s] Level 1:colcon.colcon_core.shell:create_environment_hook('px4_msgs', 'ld_library_path_lib')
[2.352s] INFO:colcon.colcon_core.shell:Creating environment hook '/home/shibin/ws_sensor_combined/install/px4_msgs/share/px4_msgs/hook/ld_library_path_lib.ps1'
[2.352s] INFO:colcon.colcon_core.shell:Creating environment descriptor '/home/shibin/ws_sensor_combined/install/px4_msgs/share/px4_msgs/hook/ld_library_path_lib.dsv'
[2.352s] INFO:colcon.colcon_core.shell:Creating environment hook '/home/shibin/ws_sensor_combined/install/px4_msgs/share/px4_msgs/hook/ld_library_path_lib.sh'
[2.353s] Level 1:colcon.colcon_core.environment:checking '/home/shibin/ws_sensor_combined/install/px4_msgs/bin'
[2.353s] Level 1:colcon.colcon_core.environment:checking '/home/shibin/ws_sensor_combined/install/px4_msgs/lib/pkgconfig/px4_msgs.pc'
[2.353s] Level 1:colcon.colcon_core.environment:checking '/home/shibin/ws_sensor_combined/install/px4_msgs/lib/python3.10/site-packages'
[2.353s] Level 1:colcon.colcon_core.environment:checking '/home/shibin/ws_sensor_combined/install/px4_msgs/bin'
[2.354s] INFO:colcon.colcon_core.shell:Creating package script '/home/shibin/ws_sensor_combined/install/px4_msgs/share/px4_msgs/package.ps1'
[2.354s] INFO:colcon.colcon_core.shell:Creating package descriptor '/home/shibin/ws_sensor_combined/install/px4_msgs/share/px4_msgs/package.dsv'
[2.355s] INFO:colcon.colcon_core.shell:Creating package script '/home/shibin/ws_sensor_combined/install/px4_msgs/share/px4_msgs/package.sh'
[2.355s] INFO:colcon.colcon_core.shell:Creating package script '/home/shibin/ws_sensor_combined/install/px4_msgs/share/px4_msgs/package.bash'
[2.356s] INFO:colcon.colcon_core.shell:Creating package script '/home/shibin/ws_sensor_combined/install/px4_msgs/share/px4_msgs/package.zsh'
[2.356s] Level 1:colcon.colcon_core.environment:create_file_with_runtime_dependencies(/home/shibin/ws_sensor_combined/install/px4_msgs/share/colcon-core/packages/px4_msgs)
[2.356s] INFO:colcon.colcon_ros.task.ament_python.build:Building ROS package in '/home/shibin/ws_sensor_combined/src/px4-offboard' with build type 'ament_python'
[2.356s] Level 1:colcon.colcon_core.shell:create_environment_hook('px4_offboard', 'ament_prefix_path')
[2.357s] INFO:colcon.colcon_core.shell:Creating environment hook '/home/shibin/ws_sensor_combined/install/px4_offboard/share/px4_offboard/hook/ament_prefix_path.ps1'
[2.357s] INFO:colcon.colcon_core.shell:Creating environment descriptor '/home/shibin/ws_sensor_combined/install/px4_offboard/share/px4_offboard/hook/ament_prefix_path.dsv'
[2.358s] INFO:colcon.colcon_core.shell:Creating environment hook '/home/shibin/ws_sensor_combined/install/px4_offboard/share/px4_offboard/hook/ament_prefix_path.sh'
[2.358s] INFO:colcon.colcon_core.shell:Skip shell extension 'powershell' for command environment: Not usable outside of PowerShell
[2.358s] DEBUG:colcon.colcon_core.shell:Skip shell extension 'dsv' for command environment
[2.363s] INFO:colcon.colcon_ros.task.ament_cmake.build:Building ROS package in '/home/shibin/ws_sensor_combined/src/px4_ros_com' with build type 'ament_cmake'
[2.363s] INFO:colcon.colcon_cmake.task.cmake.build:Building CMake package in '/home/shibin/ws_sensor_combined/src/px4_ros_com'
[2.364s] INFO:colcon.colcon_core.shell:Skip shell extension 'powershell' for command environment: Not usable outside of PowerShell
[2.364s] DEBUG:colcon.colcon_core.shell:Skip shell extension 'dsv' for command environment
[2.372s] Level 1:colcon.colcon_core.environment:checking '/home/shibin/ws_sensor_combined/install/gazebo_ros_bridge' for CMake module files
[2.373s] DEBUG:colcon.colcon_core.event_handler.log_command:Invoked command in '/home/shibin/ws_sensor_combined/src/gazebo_ros_bridge' returned '0': PYTHONPATH=/home/shibin/ws_sensor_combined/build/gazebo_ros_bridge/prefix_override:/usr/lib/python3/dist-packages/colcon_core/task/python/colcon_distutils_commands:/home/shibin/ws_sensor_combined/install/gazebo_ros_bridge/lib/python3.10/site-packages:${PYTHONPATH} /usr/bin/python3 -W ignore:setup.py install is deprecated -W ignore:easy_install command is deprecated setup.py egg_info --egg-base ../../build/gazebo_ros_bridge build --build-base /home/shibin/ws_sensor_combined/build/gazebo_ros_bridge/build install --record /home/shibin/ws_sensor_combined/build/gazebo_ros_bridge/install.log --single-version-externally-managed install_data
[2.374s] Level 1:colcon.colcon_core.environment:checking '/home/shibin/ws_sensor_combined/install/gazebo_ros_bridge' for CMake config files
[2.374s] Level 1:colcon.colcon_core.environment:checking '/home/shibin/ws_sensor_combined/install/gazebo_ros_bridge/lib'
[2.375s] Level 1:colcon.colcon_core.environment:checking '/home/shibin/ws_sensor_combined/install/gazebo_ros_bridge/bin'
[2.375s] Level 1:colcon.colcon_core.environment:checking '/home/shibin/ws_sensor_combined/install/gazebo_ros_bridge/lib/pkgconfig/gazebo_ros_bridge.pc'
[2.375s] Level 1:colcon.colcon_core.environment:checking '/home/shibin/ws_sensor_combined/install/gazebo_ros_bridge/lib/python3.10/site-packages'
[2.375s] Level 1:colcon.colcon_core.shell:create_environment_hook('gazebo_ros_bridge', 'pythonpath')
[2.376s] INFO:colcon.colcon_core.shell:Creating environment hook '/home/shibin/ws_sensor_combined/install/gazebo_ros_bridge/share/gazebo_ros_bridge/hook/pythonpath.ps1'
[2.376s] INFO:colcon.colcon_core.shell:Creating environment descriptor '/home/shibin/ws_sensor_combined/install/gazebo_ros_bridge/share/gazebo_ros_bridge/hook/pythonpath.dsv'
[2.377s] INFO:colcon.colcon_core.shell:Creating environment hook '/home/shibin/ws_sensor_combined/install/gazebo_ros_bridge/share/gazebo_ros_bridge/hook/pythonpath.sh'
[2.378s] Level 1:colcon.colcon_core.environment:checking '/home/shibin/ws_sensor_combined/install/gazebo_ros_bridge/bin'
[2.378s] Level 1:colcon.colcon_core.environment:create_environment_scripts_only(gazebo_ros_bridge)
[2.379s] INFO:colcon.colcon_core.shell:Creating package script '/home/shibin/ws_sensor_combined/install/gazebo_ros_bridge/share/gazebo_ros_bridge/package.ps1'
[2.380s] INFO:colcon.colcon_core.shell:Creating package descriptor '/home/shibin/ws_sensor_combined/install/gazebo_ros_bridge/share/gazebo_ros_bridge/package.dsv'
[2.380s] INFO:colcon.colcon_core.shell:Creating package script '/home/shibin/ws_sensor_combined/install/gazebo_ros_bridge/share/gazebo_ros_bridge/package.sh'
[2.381s] INFO:colcon.colcon_core.shell:Creating package script '/home/shibin/ws_sensor_combined/install/gazebo_ros_bridge/share/gazebo_ros_bridge/package.bash'
[2.381s] INFO:colcon.colcon_core.shell:Creating package script '/home/shibin/ws_sensor_combined/install/gazebo_ros_bridge/share/gazebo_ros_bridge/package.zsh'
[2.382s] Level 1:colcon.colcon_core.environment:create_file_with_runtime_dependencies(/home/shibin/ws_sensor_combined/install/gazebo_ros_bridge/share/colcon-core/packages/gazebo_ros_bridge)
[2.382s] Level 1:colcon.colcon_core.environment:checking '/home/shibin/ws_sensor_combined/install/rrt_package' for CMake module files
[2.383s] Level 1:colcon.colcon_core.environment:checking '/home/shibin/ws_sensor_combined/install/rrt_package' for CMake config files
[2.383s] DEBUG:colcon.colcon_core.event_handler.log_command:Invoked command in '/home/shibin/ws_sensor_combined/src/rrt_package' returned '0': PYTHONPATH=/home/shibin/ws_sensor_combined/build/rrt_package/prefix_override:/usr/lib/python3/dist-packages/colcon_core/task/python/colcon_distutils_commands:/home/shibin/ws_sensor_combined/install/rrt_package/lib/python3.10/site-packages:${PYTHONPATH} /usr/bin/python3 -W ignore:setup.py install is deprecated -W ignore:easy_install command is deprecated setup.py egg_info --egg-base ../../build/rrt_package build --build-base /home/shibin/ws_sensor_combined/build/rrt_package/build install --record /home/shibin/ws_sensor_combined/build/rrt_package/install.log --single-version-externally-managed install_data
[2.384s] Level 1:colcon.colcon_core.environment:checking '/home/shibin/ws_sensor_combined/install/rrt_package/lib'
[2.384s] Level 1:colcon.colcon_core.environment:checking '/home/shibin/ws_sensor_combined/install/rrt_package/bin'
[2.384s] Level 1:colcon.colcon_core.environment:checking '/home/shibin/ws_sensor_combined/install/rrt_package/lib/pkgconfig/rrt_package.pc'
[2.384s] Level 1:colcon.colcon_core.environment:checking '/home/shibin/ws_sensor_combined/install/rrt_package/lib/python3.10/site-packages'
[2.384s] Level 1:colcon.colcon_core.shell:create_environment_hook('rrt_package', 'pythonpath')
[2.384s] INFO:colcon.colcon_core.shell:Creating environment hook '/home/shibin/ws_sensor_combined/install/rrt_package/share/rrt_package/hook/pythonpath.ps1'
[2.385s] INFO:colcon.colcon_core.shell:Creating environment descriptor '/home/shibin/ws_sensor_combined/install/rrt_package/share/rrt_package/hook/pythonpath.dsv'
[2.385s] INFO:colcon.colcon_core.shell:Creating environment hook '/home/shibin/ws_sensor_combined/install/rrt_package/share/rrt_package/hook/pythonpath.sh'
[2.386s] Level 1:colcon.colcon_core.environment:checking '/home/shibin/ws_sensor_combined/install/rrt_package/bin'
[2.386s] Level 1:colcon.colcon_core.environment:create_environment_scripts_only(rrt_package)
[2.386s] INFO:colcon.colcon_core.shell:Creating package script '/home/shibin/ws_sensor_combined/install/rrt_package/share/rrt_package/package.ps1'
[2.387s] INFO:colcon.colcon_core.shell:Creating package descriptor '/home/shibin/ws_sensor_combined/install/rrt_package/share/rrt_package/package.dsv'
[2.387s] INFO:colcon.colcon_core.shell:Creating package script '/home/shibin/ws_sensor_combined/install/rrt_package/share/rrt_package/package.sh'
[2.388s] INFO:colcon.colcon_core.shell:Creating package script '/home/shibin/ws_sensor_combined/install/rrt_package/share/rrt_package/package.bash'
[2.389s] INFO:colcon.colcon_core.shell:Creating package script '/home/shibin/ws_sensor_combined/install/rrt_package/share/rrt_package/package.zsh'
[2.389s] Level 1:colcon.colcon_core.environment:create_file_with_runtime_dependencies(/home/shibin/ws_sensor_combined/install/rrt_package/share/colcon-core/packages/rrt_package)
[2.769s] INFO:colcon.colcon_core.task.python.build:Building Python package in '/home/shibin/ws_sensor_combined/src/px4-offboard'
[2.769s] INFO:colcon.colcon_core.shell:Skip shell extension 'powershell' for command environment: Not usable outside of PowerShell
[2.769s] DEBUG:colcon.colcon_core.shell:Skip shell extension 'dsv' for command environment
[2.780s] DEBUG:colcon.colcon_core.event_handler.log_command:Invoking command in '/home/shibin/ws_sensor_combined/build/px4_ros_com': CMAKE_PREFIX_PATH=/home/shibin/ws_sensor_combined/install/px4_msgs:/home/shibin/ws_sensor_combined/install/px4_ros_com:/home/shibin/project_ws/install/tutorial_interfaces:/home/shibin/ws_sensor_combined/install/gazebo_ros_bridge:/home/shibin/project_ws/install/serp_rl:/home/shibin/project_ws/install/project_pkg:/home/shibin/project_ws/install/drone_simulation:/opt/ros/humble LD_LIBRARY_PATH=/home/shibin/ws_sensor_combined/install/px4_msgs/lib:/home/shibin/ws_sensor_combined/install/px4_ros_com/lib:/home/shibin/project_ws/install/tutorial_interfaces/lib:/opt/ros/humble/opt/rviz_ogre_vendor/lib:/opt/ros/humble/lib/x86_64-linux-gnu:/opt/ros/humble/opt/ortools_vendor/lib:/opt/ros/humble/lib /usr/bin/cmake --build /home/shibin/ws_sensor_combined/build/px4_ros_com -- -j8 -l8
[3.309s] DEBUG:colcon.colcon_core.event_handler.log_command:Invoked command in '/home/shibin/ws_sensor_combined/build/px4_ros_com' returned '0': CMAKE_PREFIX_PATH=/home/shibin/ws_sensor_combined/install/px4_msgs:/home/shibin/ws_sensor_combined/install/px4_ros_com:/home/shibin/project_ws/install/tutorial_interfaces:/home/shibin/ws_sensor_combined/install/gazebo_ros_bridge:/home/shibin/project_ws/install/serp_rl:/home/shibin/project_ws/install/project_pkg:/home/shibin/project_ws/install/drone_simulation:/opt/ros/humble LD_LIBRARY_PATH=/home/shibin/ws_sensor_combined/install/px4_msgs/lib:/home/shibin/ws_sensor_combined/install/px4_ros_com/lib:/home/shibin/project_ws/install/tutorial_interfaces/lib:/opt/ros/humble/opt/rviz_ogre_vendor/lib:/opt/ros/humble/lib/x86_64-linux-gnu:/opt/ros/humble/opt/ortools_vendor/lib:/opt/ros/humble/lib /usr/bin/cmake --build /home/shibin/ws_sensor_combined/build/px4_ros_com -- -j8 -l8
[3.312s] DEBUG:colcon.colcon_core.event_handler.log_command:Invoking command in '/home/shibin/ws_sensor_combined/build/px4_ros_com': CMAKE_PREFIX_PATH=/home/shibin/ws_sensor_combined/install/px4_msgs:/home/shibin/ws_sensor_combined/install/px4_ros_com:/home/shibin/project_ws/install/tutorial_interfaces:/home/shibin/ws_sensor_combined/install/gazebo_ros_bridge:/home/shibin/project_ws/install/serp_rl:/home/shibin/project_ws/install/project_pkg:/home/shibin/project_ws/install/drone_simulation:/opt/ros/humble LD_LIBRARY_PATH=/home/shibin/ws_sensor_combined/install/px4_msgs/lib:/home/shibin/ws_sensor_combined/install/px4_ros_com/lib:/home/shibin/project_ws/install/tutorial_interfaces/lib:/opt/ros/humble/opt/rviz_ogre_vendor/lib:/opt/ros/humble/lib/x86_64-linux-gnu:/opt/ros/humble/opt/ortools_vendor/lib:/opt/ros/humble/lib /usr/bin/cmake --install /home/shibin/ws_sensor_combined/build/px4_ros_com
[3.321s] DEBUG:colcon.colcon_core.event_handler.log_command:Invoking command in '/home/shibin/ws_sensor_combined/src/px4-offboard': CMAKE_PREFIX_PATH=/home/shibin/ws_sensor_combined/install/px4_msgs:/home/shibin/ws_sensor_combined/install/px4_ros_com:/home/shibin/project_ws/install/tutorial_interfaces LD_LIBRARY_PATH=/home/shibin/ws_sensor_combined/install/px4_msgs/lib:/home/shibin/ws_sensor_combined/install/px4_ros_com/lib:/home/shibin/project_ws/install/tutorial_interfaces/lib:/opt/ros/humble/opt/rviz_ogre_vendor/lib:/opt/ros/humble/lib/x86_64-linux-gnu:/opt/ros/humble/opt/ortools_vendor/lib:/opt/ros/humble/lib PYTHONPATH=/home/shibin/ws_sensor_combined/build/px4_offboard/prefix_override:/usr/lib/python3/dist-packages/colcon_core/task/python/colcon_distutils_commands:/home/shibin/ws_sensor_combined/install/px4_offboard/lib/python3.10/site-packages:${PYTHONPATH} /usr/bin/python3 -W ignore:setup.py install is deprecated -W ignore:easy_install command is deprecated setup.py egg_info --egg-base ../../build/px4_offboard build --build-base /home/shibin/ws_sensor_combined/build/px4_offboard/build install --record /home/shibin/ws_sensor_combined/build/px4_offboard/install.log --single-version-externally-managed install_data
[3.372s] Level 1:colcon.colcon_core.environment:create_environment_scripts_only(px4_ros_com)
[3.372s] Level 1:colcon.colcon_core.environment:checking '/home/shibin/ws_sensor_combined/install/px4_ros_com' for CMake module files
[3.373s] DEBUG:colcon.colcon_core.event_handler.log_command:Invoked command in '/home/shibin/ws_sensor_combined/build/px4_ros_com' returned '0': CMAKE_PREFIX_PATH=/home/shibin/ws_sensor_combined/install/px4_msgs:/home/shibin/ws_sensor_combined/install/px4_ros_com:/home/shibin/project_ws/install/tutorial_interfaces:/home/shibin/ws_sensor_combined/install/gazebo_ros_bridge:/home/shibin/project_ws/install/serp_rl:/home/shibin/project_ws/install/project_pkg:/home/shibin/project_ws/install/drone_simulation:/opt/ros/humble LD_LIBRARY_PATH=/home/shibin/ws_sensor_combined/install/px4_msgs/lib:/home/shibin/ws_sensor_combined/install/px4_ros_com/lib:/home/shibin/project_ws/install/tutorial_interfaces/lib:/opt/ros/humble/opt/rviz_ogre_vendor/lib:/opt/ros/humble/lib/x86_64-linux-gnu:/opt/ros/humble/opt/ortools_vendor/lib:/opt/ros/humble/lib /usr/bin/cmake --install /home/shibin/ws_sensor_combined/build/px4_ros_com
[3.374s] Level 1:colcon.colcon_core.environment:checking '/home/shibin/ws_sensor_combined/install/px4_ros_com' for CMake config files
[3.375s] Level 1:colcon.colcon_core.shell:create_environment_hook('px4_ros_com', 'cmake_prefix_path')
[3.375s] INFO:colcon.colcon_core.shell:Creating environment hook '/home/shibin/ws_sensor_combined/install/px4_ros_com/share/px4_ros_com/hook/cmake_prefix_path.ps1'
[3.376s] INFO:colcon.colcon_core.shell:Creating environment descriptor '/home/shibin/ws_sensor_combined/install/px4_ros_com/share/px4_ros_com/hook/cmake_prefix_path.dsv'
[3.376s] INFO:colcon.colcon_core.shell:Creating environment hook '/home/shibin/ws_sensor_combined/install/px4_ros_com/share/px4_ros_com/hook/cmake_prefix_path.sh'
[3.377s] Level 1:colcon.colcon_core.environment:checking '/home/shibin/ws_sensor_combined/install/px4_ros_com/lib'
[3.377s] Level 1:colcon.colcon_core.shell:create_environment_hook('px4_ros_com', 'ld_library_path_lib')
[3.378s] INFO:colcon.colcon_core.shell:Creating environment hook '/home/shibin/ws_sensor_combined/install/px4_ros_com/share/px4_ros_com/hook/ld_library_path_lib.ps1'
[3.378s] INFO:colcon.colcon_core.shell:Creating environment descriptor '/home/shibin/ws_sensor_combined/install/px4_ros_com/share/px4_ros_com/hook/ld_library_path_lib.dsv'
[3.379s] INFO:colcon.colcon_core.shell:Creating environment hook '/home/shibin/ws_sensor_combined/install/px4_ros_com/share/px4_ros_com/hook/ld_library_path_lib.sh'
[3.379s] Level 1:colcon.colcon_core.environment:checking '/home/shibin/ws_sensor_combined/install/px4_ros_com/bin'
[3.379s] Level 1:colcon.colcon_core.environment:checking '/home/shibin/ws_sensor_combined/install/px4_ros_com/lib/pkgconfig/px4_ros_com.pc'
[3.380s] Level 1:colcon.colcon_core.environment:checking '/home/shibin/ws_sensor_combined/install/px4_ros_com/lib/python3.10/site-packages'
[3.380s] Level 1:colcon.colcon_core.environment:checking '/home/shibin/ws_sensor_combined/install/px4_ros_com/bin'
[3.381s] INFO:colcon.colcon_core.shell:Creating package script '/home/shibin/ws_sensor_combined/install/px4_ros_com/share/px4_ros_com/package.ps1'
[3.381s] INFO:colcon.colcon_core.shell:Creating package descriptor '/home/shibin/ws_sensor_combined/install/px4_ros_com/share/px4_ros_com/package.dsv'
[3.382s] INFO:colcon.colcon_core.shell:Creating package script '/home/shibin/ws_sensor_combined/install/px4_ros_com/share/px4_ros_com/package.sh'
[3.383s] INFO:colcon.colcon_core.shell:Creating package script '/home/shibin/ws_sensor_combined/install/px4_ros_com/share/px4_ros_com/package.bash'
[3.383s] INFO:colcon.colcon_core.shell:Creating package script '/home/shibin/ws_sensor_combined/install/px4_ros_com/share/px4_ros_com/package.zsh'
[3.384s] Level 1:colcon.colcon_core.environment:create_file_with_runtime_dependencies(/home/shibin/ws_sensor_combined/install/px4_ros_com/share/colcon-core/packages/px4_ros_com)
[3.385s] Level 1:colcon.colcon_core.environment:create_environment_scripts_only(px4_ros_com)
[3.385s] Level 1:colcon.colcon_core.environment:checking '/home/shibin/ws_sensor_combined/install/px4_ros_com' for CMake module files
[3.386s] Level 1:colcon.colcon_core.environment:checking '/home/shibin/ws_sensor_combined/install/px4_ros_com' for CMake config files
[3.387s] Level 1:colcon.colcon_core.shell:create_environment_hook('px4_ros_com', 'cmake_prefix_path')
[3.387s] INFO:colcon.colcon_core.shell:Creating environment hook '/home/shibin/ws_sensor_combined/install/px4_ros_com/share/px4_ros_com/hook/cmake_prefix_path.ps1'
[3.388s] INFO:colcon.colcon_core.shell:Creating environment descriptor '/home/shibin/ws_sensor_combined/install/px4_ros_com/share/px4_ros_com/hook/cmake_prefix_path.dsv'
[3.389s] INFO:colcon.colcon_core.shell:Creating environment hook '/home/shibin/ws_sensor_combined/install/px4_ros_com/share/px4_ros_com/hook/cmake_prefix_path.sh'
[3.389s] Level 1:colcon.colcon_core.environment:checking '/home/shibin/ws_sensor_combined/install/px4_ros_com/lib'
[3.390s] Level 1:colcon.colcon_core.shell:create_environment_hook('px4_ros_com', 'ld_library_path_lib')
[3.390s] INFO:colcon.colcon_core.shell:Creating environment hook '/home/shibin/ws_sensor_combined/install/px4_ros_com/share/px4_ros_com/hook/ld_library_path_lib.ps1'
[3.391s] INFO:colcon.colcon_core.shell:Creating environment descriptor '/home/shibin/ws_sensor_combined/install/px4_ros_com/share/px4_ros_com/hook/ld_library_path_lib.dsv'
[3.391s] INFO:colcon.colcon_core.shell:Creating environment hook '/home/shibin/ws_sensor_combined/install/px4_ros_com/share/px4_ros_com/hook/ld_library_path_lib.sh'
[3.392s] Level 1:colcon.colcon_core.environment:checking '/home/shibin/ws_sensor_combined/install/px4_ros_com/bin'
[3.392s] Level 1:colcon.colcon_core.environment:checking '/home/shibin/ws_sensor_combined/install/px4_ros_com/lib/pkgconfig/px4_ros_com.pc'
[3.392s] Level 1:colcon.colcon_core.environment:checking '/home/shibin/ws_sensor_combined/install/px4_ros_com/lib/python3.10/site-packages'
[3.392s] Level 1:colcon.colcon_core.environment:checking '/home/shibin/ws_sensor_combined/install/px4_ros_com/bin'
[3.393s] INFO:colcon.colcon_core.shell:Creating package script '/home/shibin/ws_sensor_combined/install/px4_ros_com/share/px4_ros_com/package.ps1'
[3.393s] INFO:colcon.colcon_core.shell:Creating package descriptor '/home/shibin/ws_sensor_combined/install/px4_ros_com/share/px4_ros_com/package.dsv'
[3.394s] INFO:colcon.colcon_core.shell:Creating package script '/home/shibin/ws_sensor_combined/install/px4_ros_com/share/px4_ros_com/package.sh'
[3.395s] INFO:colcon.colcon_core.shell:Creating package script '/home/shibin/ws_sensor_combined/install/px4_ros_com/share/px4_ros_com/package.bash'
[3.395s] INFO:colcon.colcon_core.shell:Creating package script '/home/shibin/ws_sensor_combined/install/px4_ros_com/share/px4_ros_com/package.zsh'
[3.396s] Level 1:colcon.colcon_core.environment:create_file_with_runtime_dependencies(/home/shibin/ws_sensor_combined/install/px4_ros_com/share/colcon-core/packages/px4_ros_com)
[3.696s] Level 1:colcon.colcon_core.environment:checking '/home/shibin/ws_sensor_combined/install/px4_offboard' for CMake module files
[3.697s] DEBUG:colcon.colcon_core.event_handler.log_command:Invoked command in '/home/shibin/ws_sensor_combined/src/px4-offboard' returned '0': CMAKE_PREFIX_PATH=/home/shibin/ws_sensor_combined/install/px4_msgs:/home/shibin/ws_sensor_combined/install/px4_ros_com:/home/shibin/project_ws/install/tutorial_interfaces LD_LIBRARY_PATH=/home/shibin/ws_sensor_combined/install/px4_msgs/lib:/home/shibin/ws_sensor_combined/install/px4_ros_com/lib:/home/shibin/project_ws/install/tutorial_interfaces/lib:/opt/ros/humble/opt/rviz_ogre_vendor/lib:/opt/ros/humble/lib/x86_64-linux-gnu:/opt/ros/humble/opt/ortools_vendor/lib:/opt/ros/humble/lib PYTHONPATH=/home/shibin/ws_sensor_combined/build/px4_offboard/prefix_override:/usr/lib/python3/dist-packages/colcon_core/task/python/colcon_distutils_commands:/home/shibin/ws_sensor_combined/install/px4_offboard/lib/python3.10/site-packages:${PYTHONPATH} /usr/bin/python3 -W ignore:setup.py install is deprecated -W ignore:easy_install command is deprecated setup.py egg_info --egg-base ../../build/px4_offboard build --build-base /home/shibin/ws_sensor_combined/build/px4_offboard/build install --record /home/shibin/ws_sensor_combined/build/px4_offboard/install.log --single-version-externally-managed install_data
[3.697s] Level 1:colcon.colcon_core.environment:checking '/home/shibin/ws_sensor_combined/install/px4_offboard' for CMake config files
[3.698s] Level 1:colcon.colcon_core.environment:checking '/home/shibin/ws_sensor_combined/install/px4_offboard/lib'
[3.698s] Level 1:colcon.colcon_core.environment:checking '/home/shibin/ws_sensor_combined/install/px4_offboard/bin'
[3.698s] Level 1:colcon.colcon_core.environment:checking '/home/shibin/ws_sensor_combined/install/px4_offboard/lib/pkgconfig/px4_offboard.pc'
[3.698s] Level 1:colcon.colcon_core.environment:checking '/home/shibin/ws_sensor_combined/install/px4_offboard/lib/python3.10/site-packages'
[3.698s] Level 1:colcon.colcon_core.shell:create_environment_hook('px4_offboard', 'pythonpath')
[3.698s] INFO:colcon.colcon_core.shell:Creating environment hook '/home/shibin/ws_sensor_combined/install/px4_offboard/share/px4_offboard/hook/pythonpath.ps1'
[3.699s] INFO:colcon.colcon_core.shell:Creating environment descriptor '/home/shibin/ws_sensor_combined/install/px4_offboard/share/px4_offboard/hook/pythonpath.dsv'
[3.699s] INFO:colcon.colcon_core.shell:Creating environment hook '/home/shibin/ws_sensor_combined/install/px4_offboard/share/px4_offboard/hook/pythonpath.sh'
[3.700s] Level 1:colcon.colcon_core.environment:checking '/home/shibin/ws_sensor_combined/install/px4_offboard/bin'
[3.700s] Level 1:colcon.colcon_core.environment:create_environment_scripts_only(px4_offboard)
[3.700s] INFO:colcon.colcon_core.shell:Creating package script '/home/shibin/ws_sensor_combined/install/px4_offboard/share/px4_offboard/package.ps1'
[3.701s] INFO:colcon.colcon_core.shell:Creating package descriptor '/home/shibin/ws_sensor_combined/install/px4_offboard/share/px4_offboard/package.dsv'
[3.701s] INFO:colcon.colcon_core.shell:Creating package script '/home/shibin/ws_sensor_combined/install/px4_offboard/share/px4_offboard/package.sh'
[3.702s] INFO:colcon.colcon_core.shell:Creating package script '/home/shibin/ws_sensor_combined/install/px4_offboard/share/px4_offboard/package.bash'
[3.702s] INFO:colcon.colcon_core.shell:Creating package script '/home/shibin/ws_sensor_combined/install/px4_offboard/share/px4_offboard/package.zsh'
[3.703s] Level 1:colcon.colcon_core.environment:create_file_with_runtime_dependencies(/home/shibin/ws_sensor_combined/install/px4_offboard/share/colcon-core/packages/px4_offboard)
[3.703s] DEBUG:colcon.colcon_parallel_executor.executor.parallel:closing loop
[3.703s] DEBUG:colcon.colcon_parallel_executor.executor.parallel:loop closed
[3.703s] DEBUG:colcon.colcon_parallel_executor.executor.parallel:run_until_complete finished with '0'
[3.703s] DEBUG:colcon.colcon_core.event_reactor:joining thread
[3.709s] INFO:colcon.colcon_core.plugin_system:Skipping extension 'colcon_notification.desktop_notification.terminal_notifier': Not used on non-Darwin systems
[3.709s] INFO:colcon.colcon_core.plugin_system:Skipping extension 'colcon_notification.desktop_notification.win32': Not used on non-Windows systems
[3.709s] INFO:colcon.colcon_notification.desktop_notification:Sending desktop notification using 'notify2'
[3.722s] DEBUG:colcon.colcon_core.event_reactor:joined thread
[3.722s] INFO:colcon.colcon_core.shell:Creating prefix script '/home/shibin/ws_sensor_combined/install/local_setup.ps1'
[3.723s] INFO:colcon.colcon_core.shell:Creating prefix util module '/home/shibin/ws_sensor_combined/install/_local_setup_util_ps1.py'
[3.725s] INFO:colcon.colcon_core.shell:Creating prefix chain script '/home/shibin/ws_sensor_combined/install/setup.ps1'
[3.727s] INFO:colcon.colcon_core.shell:Creating prefix script '/home/shibin/ws_sensor_combined/install/local_setup.sh'
[3.727s] INFO:colcon.colcon_core.shell:Creating prefix util module '/home/shibin/ws_sensor_combined/install/_local_setup_util_sh.py'
[3.728s] INFO:colcon.colcon_core.shell:Creating prefix chain script '/home/shibin/ws_sensor_combined/install/setup.sh'
[3.729s] INFO:colcon.colcon_core.shell:Creating prefix script '/home/shibin/ws_sensor_combined/install/local_setup.bash'
[3.730s] INFO:colcon.colcon_core.shell:Creating prefix chain script '/home/shibin/ws_sensor_combined/install/setup.bash'
[3.732s] INFO:colcon.colcon_core.shell:Creating prefix script '/home/shibin/ws_sensor_combined/install/local_setup.zsh'
[3.732s] INFO:colcon.colcon_core.shell:Creating prefix chain script '/home/shibin/ws_sensor_combined/install/setup.zsh'
