[0.992s] Invoking command in '/home/shibin/ros2_ws/src/rrt_package': PYTHONPATH=/home/shibin/ros2_ws/build/rrt_package/prefix_override:/usr/lib/python3/dist-packages/colcon_core/task/python/colcon_distutils_commands:/home/shibin/ros2_ws/install/rrt_package/lib/python3.10/site-packages:${PYTHONPATH} /usr/bin/python3 -W ignore:setup.py install is deprecated -W ignore:easy_install command is deprecated setup.py egg_info --egg-base ../../build/rrt_package build --build-base /home/shibin/ros2_ws/build/rrt_package/build install --record /home/shibin/ros2_ws/build/rrt_package/install.log --single-version-externally-managed install_data
[1.371s] running egg_info
[1.389s] writing ../../build/rrt_package/rrt_package.egg-info/PKG-INFO
[1.389s] writing dependency_links to ../../build/rrt_package/rrt_package.egg-info/dependency_links.txt
[1.390s] writing entry points to ../../build/rrt_package/rrt_package.egg-info/entry_points.txt
[1.390s] writing requirements to ../../build/rrt_package/rrt_package.egg-info/requires.txt
[1.390s] writing top-level names to ../../build/rrt_package/rrt_package.egg-info/top_level.txt
[1.440s] reading manifest file '../../build/rrt_package/rrt_package.egg-info/SOURCES.txt'
[1.441s] adding license file 'LICENSE'
[1.443s] writing manifest file '../../build/rrt_package/rrt_package.egg-info/SOURCES.txt'
[1.443s] running build
[1.444s] running build_py
[1.444s] copying rrt_package/my_node2.py -> /home/shibin/ros2_ws/build/rrt_package/build/lib/rrt_package
[1.445s] copying rrt_package/lidar_data_node.py -> /home/shibin/ros2_ws/build/rrt_package/build/lib/rrt_package
[1.448s] copying rrt_package/my_node4.py -> /home/shibin/ros2_ws/build/rrt_package/build/lib/rrt_package
[1.448s] copying rrt_package/my_node.py -> /home/shibin/ros2_ws/build/rrt_package/build/lib/rrt_package
[1.448s] copying rrt_package/mynode3.py -> /home/shibin/ros2_ws/build/rrt_package/build/lib/rrt_package
[1.449s] copying rrt_package/__init__.py -> /home/shibin/ros2_ws/build/rrt_package/build/lib/rrt_package
[1.449s] running install
[1.456s] running install_lib
[1.476s] running install_data
[1.476s] copying resource/rrt_package -> /home/shibin/ros2_ws/install/rrt_package/share/ament_index/resource_index/packages
[1.476s] copying package.xml -> /home/shibin/ros2_ws/install/rrt_package/share/rrt_package
[1.476s] running install_egg_info
[1.495s] removing '/home/shibin/ros2_ws/install/rrt_package/lib/python3.10/site-packages/rrt_package-0.0.0-py3.10.egg-info' (and everything under it)
[1.496s] Copying ../../build/rrt_package/rrt_package.egg-info to /home/shibin/ros2_ws/install/rrt_package/lib/python3.10/site-packages/rrt_package-0.0.0-py3.10.egg-info
[1.496s] running install_scripts
[1.840s] Installing lidar_data_node script to /home/shibin/ros2_ws/install/rrt_package/lib/rrt_package
[1.841s] Installing my_node script to /home/shibin/ros2_ws/install/rrt_package/lib/rrt_package
[1.841s] Installing my_node2 script to /home/shibin/ros2_ws/install/rrt_package/lib/rrt_package
[1.841s] Installing my_node4 script to /home/shibin/ros2_ws/install/rrt_package/lib/rrt_package
[1.842s] Installing mynode3 script to /home/shibin/ros2_ws/install/rrt_package/lib/rrt_package
[1.843s] writing list of installed files to '/home/shibin/ros2_ws/build/rrt_package/install.log'
[1.887s] Invoked command in '/home/shibin/ros2_ws/src/rrt_package' returned '0': PYTHONPATH=/home/shibin/ros2_ws/build/rrt_package/prefix_override:/usr/lib/python3/dist-packages/colcon_core/task/python/colcon_distutils_commands:/home/shibin/ros2_ws/install/rrt_package/lib/python3.10/site-packages:${PYTHONPATH} /usr/bin/python3 -W ignore:setup.py install is deprecated -W ignore:easy_install command is deprecated setup.py egg_info --egg-base ../../build/rrt_package build --build-base /home/shibin/ros2_ws/build/rrt_package/build install --record /home/shibin/ros2_ws/build/rrt_package/install.log --single-version-externally-managed install_data
