[0.133s] DEBUG:colcon:Command line arguments: ['/usr/bin/colcon', 'build']
[0.133s] DEBUG:colcon:Parsed command line arguments: Namespace(log_base=None, log_level=None, verb_name='build', build_base='build', install_base='install', merge_install=False, symlink_install=False, test_result_base=None, continue_on_error=False, executor='parallel', parallel_workers=8, event_handlers=None, ignore_user_meta=False, metas=['./colcon.meta'], base_paths=['.'], packages_ignore=None, packages_ignore_regex=None, paths=None, packages_up_to=None, packages_up_to_regex=None, packages_above=None, packages_above_and_dependencies=None, packages_above_depth=None, packages_select_by_dep=None, packages_skip_by_dep=None, packages_skip_up_to=None, packages_select_build_failed=False, packages_skip_build_finished=False, packages_select_test_failures=False, packages_skip_test_passed=False, packages_select=None, packages_skip=None, packages_select_regex=None, packages_skip_regex=None, packages_start=None, packages_end=None, allow_overriding=[], cmake_args=None, cmake_target=None, cmake_target_skip_unavailable=False, cmake_clean_cache=False, cmake_clean_first=False, cmake_force_configure=False, ament_cmake_args=None, catkin_cmake_args=None, catkin_skip_building_tests=False, mixin_files=None, mixin=None, verb_parser=<colcon_mixin.mixin.mixin_argument.MixinArgumentDecorator object at 0x70920ca5bc10>, verb_extension=<colcon_core.verb.build.BuildVerb object at 0x70920cba8b80>, main=<bound method BuildVerb.main of <colcon_core.verb.build.BuildVerb object at 0x70920cba8b80>>, mixin_verb=('build',))
[0.369s] Level 1:colcon.colcon_core.package_discovery:discover_packages(colcon_meta) check parameters
[0.369s] Level 1:colcon.colcon_core.package_discovery:discover_packages(recursive) check parameters
[0.369s] Level 1:colcon.colcon_core.package_discovery:discover_packages(ignore) check parameters
[0.369s] Level 1:colcon.colcon_core.package_discovery:discover_packages(path) check parameters
[0.369s] Level 1:colcon.colcon_core.package_discovery:discover_packages(colcon_meta) discover
[0.369s] Level 1:colcon.colcon_core.package_discovery:discover_packages(recursive) discover
[0.369s] INFO:colcon.colcon_core.package_discovery:Crawling recursively for packages in '/home/shibin/ws_sensor_combined'
[0.370s] Level 1:colcon.colcon_core.package_identification:_identify(.) by extensions ['ignore', 'ignore_ament_install']
[0.370s] Level 1:colcon.colcon_core.package_identification:_identify(.) by extension 'ignore'
[0.370s] Level 1:colcon.colcon_core.package_identification:_identify(.) by extension 'ignore_ament_install'
[0.370s] Level 1:colcon.colcon_core.package_identification:_identify(.) by extensions ['colcon_pkg']
[0.370s] Level 1:colcon.colcon_core.package_identification:_identify(.) by extension 'colcon_pkg'
[0.370s] Level 1:colcon.colcon_core.package_identification:_identify(.) by extensions ['colcon_meta']
[0.370s] Level 1:colcon.colcon_core.package_identification:_identify(.) by extension 'colcon_meta'
[0.370s] Level 1:colcon.colcon_core.package_identification:_identify(.) by extensions ['ros']
[0.370s] Level 1:colcon.colcon_core.package_identification:_identify(.) by extension 'ros'
[0.382s] Level 1:colcon.colcon_core.package_identification:_identify(.) by extensions ['cmake', 'python']
[0.382s] Level 1:colcon.colcon_core.package_identification:_identify(.) by extension 'cmake'
[0.382s] Level 1:colcon.colcon_core.package_identification:_identify(.) by extension 'python'
[0.382s] Level 1:colcon.colcon_core.package_identification:_identify(.) by extensions ['python_setup_py']
[0.382s] Level 1:colcon.colcon_core.package_identification:_identify(.) by extension 'python_setup_py'
[0.383s] Level 1:colcon.colcon_core.package_identification:_identify(build) by extensions ['ignore', 'ignore_ament_install']
[0.383s] Level 1:colcon.colcon_core.package_identification:_identify(build) by extension 'ignore'
[0.383s] Level 1:colcon.colcon_core.package_identification:_identify(build) ignored
[0.383s] Level 1:colcon.colcon_core.package_identification:_identify(install) by extensions ['ignore', 'ignore_ament_install']
[0.383s] Level 1:colcon.colcon_core.package_identification:_identify(install) by extension 'ignore'
[0.383s] Level 1:colcon.colcon_core.package_identification:_identify(install) ignored
[0.383s] Level 1:colcon.colcon_core.package_identification:_identify(log) by extensions ['ignore', 'ignore_ament_install']
[0.383s] Level 1:colcon.colcon_core.package_identification:_identify(log) by extension 'ignore'
[0.383s] Level 1:colcon.colcon_core.package_identification:_identify(log) ignored
[0.383s] Level 1:colcon.colcon_core.package_identification:_identify(src) by extensions ['ignore', 'ignore_ament_install']
[0.383s] Level 1:colcon.colcon_core.package_identification:_identify(src) by extension 'ignore'
[0.383s] Level 1:colcon.colcon_core.package_identification:_identify(src) by extension 'ignore_ament_install'
[0.383s] Level 1:colcon.colcon_core.package_identification:_identify(src) by extensions ['colcon_pkg']
[0.383s] Level 1:colcon.colcon_core.package_identification:_identify(src) by extension 'colcon_pkg'
[0.384s] Level 1:colcon.colcon_core.package_identification:_identify(src) by extensions ['colcon_meta']
[0.384s] Level 1:colcon.colcon_core.package_identification:_identify(src) by extension 'colcon_meta'
[0.384s] Level 1:colcon.colcon_core.package_identification:_identify(src) by extensions ['ros']
[0.384s] Level 1:colcon.colcon_core.package_identification:_identify(src) by extension 'ros'
[0.384s] Level 1:colcon.colcon_core.package_identification:_identify(src) by extensions ['cmake', 'python']
[0.384s] Level 1:colcon.colcon_core.package_identification:_identify(src) by extension 'cmake'
[0.384s] Level 1:colcon.colcon_core.package_identification:_identify(src) by extension 'python'
[0.384s] Level 1:colcon.colcon_core.package_identification:_identify(src) by extensions ['python_setup_py']
[0.384s] Level 1:colcon.colcon_core.package_identification:_identify(src) by extension 'python_setup_py'
[0.384s] Level 1:colcon.colcon_core.package_identification:_identify(src/px4_msgs) by extensions ['ignore', 'ignore_ament_install']
[0.384s] Level 1:colcon.colcon_core.package_identification:_identify(src/px4_msgs) by extension 'ignore'
[0.384s] Level 1:colcon.colcon_core.package_identification:_identify(src/px4_msgs) by extension 'ignore_ament_install'
[0.384s] Level 1:colcon.colcon_core.package_identification:_identify(src/px4_msgs) by extensions ['colcon_pkg']
[0.384s] Level 1:colcon.colcon_core.package_identification:_identify(src/px4_msgs) by extension 'colcon_pkg'
[0.384s] Level 1:colcon.colcon_core.package_identification:_identify(src/px4_msgs) by extensions ['colcon_meta']
[0.384s] Level 1:colcon.colcon_core.package_identification:_identify(src/px4_msgs) by extension 'colcon_meta'
[0.384s] Level 1:colcon.colcon_core.package_identification:_identify(src/px4_msgs) by extensions ['ros']
[0.384s] Level 1:colcon.colcon_core.package_identification:_identify(src/px4_msgs) by extension 'ros'
[0.387s] DEBUG:colcon.colcon_core.package_identification:Package 'src/px4_msgs' with type 'ros.ament_cmake' and name 'px4_msgs'
[0.387s] Level 1:colcon.colcon_core.package_identification:_identify(src/px4_ros_com) by extensions ['ignore', 'ignore_ament_install']
[0.387s] Level 1:colcon.colcon_core.package_identification:_identify(src/px4_ros_com) by extension 'ignore'
[0.388s] Level 1:colcon.colcon_core.package_identification:_identify(src/px4_ros_com) by extension 'ignore_ament_install'
[0.388s] Level 1:colcon.colcon_core.package_identification:_identify(src/px4_ros_com) by extensions ['colcon_pkg']
[0.388s] Level 1:colcon.colcon_core.package_identification:_identify(src/px4_ros_com) by extension 'colcon_pkg'
[0.388s] Level 1:colcon.colcon_core.package_identification:_identify(src/px4_ros_com) by extensions ['colcon_meta']
[0.388s] Level 1:colcon.colcon_core.package_identification:_identify(src/px4_ros_com) by extension 'colcon_meta'
[0.388s] Level 1:colcon.colcon_core.package_identification:_identify(src/px4_ros_com) by extensions ['ros']
[0.388s] Level 1:colcon.colcon_core.package_identification:_identify(src/px4_ros_com) by extension 'ros'
[0.389s] DEBUG:colcon.colcon_core.package_identification:Package 'src/px4_ros_com' with type 'ros.ament_cmake' and name 'px4_ros_com'
[0.389s] Level 1:colcon.colcon_core.package_discovery:discover_packages(recursive) using defaults
[0.389s] Level 1:colcon.colcon_core.package_discovery:discover_packages(ignore) discover
[0.389s] Level 1:colcon.colcon_core.package_discovery:discover_packages(ignore) using defaults
[0.389s] Level 1:colcon.colcon_core.package_discovery:discover_packages(path) discover
[0.389s] Level 1:colcon.colcon_core.package_discovery:discover_packages(path) using defaults
[0.416s] Level 1:colcon.colcon_core.package_discovery:discover_packages(prefix_path) check parameters
[0.416s] Level 1:colcon.colcon_core.package_discovery:discover_packages(prefix_path) discover
[0.418s] DEBUG:colcon.colcon_installed_package_information.package_discovery:Found 5 installed packages in /home/shibin/project_ws/install
[0.419s] DEBUG:colcon.colcon_installed_package_information.package_discovery:Found 2 installed packages in /home/shibin/ws_sensor_combined/install
[0.422s] DEBUG:colcon.colcon_installed_package_information.package_discovery:Found 378 installed packages in /opt/ros/humble
[0.425s] Level 1:colcon.colcon_core.package_discovery:discover_packages(prefix_path) using defaults
[0.477s] Level 5:colcon.colcon_core.verb:set package 'px4_msgs' build argument 'cmake_args' from command line to 'None'
[0.477s] Level 5:colcon.colcon_core.verb:set package 'px4_msgs' build argument 'cmake_target' from command line to 'None'
[0.477s] Level 5:colcon.colcon_core.verb:set package 'px4_msgs' build argument 'cmake_target_skip_unavailable' from command line to 'False'
[0.477s] Level 5:colcon.colcon_core.verb:set package 'px4_msgs' build argument 'cmake_clean_cache' from command line to 'False'
[0.477s] Level 5:colcon.colcon_core.verb:set package 'px4_msgs' build argument 'cmake_clean_first' from command line to 'False'
[0.477s] Level 5:colcon.colcon_core.verb:set package 'px4_msgs' build argument 'cmake_force_configure' from command line to 'False'
[0.477s] Level 5:colcon.colcon_core.verb:set package 'px4_msgs' build argument 'ament_cmake_args' from command line to 'None'
[0.477s] Level 5:colcon.colcon_core.verb:set package 'px4_msgs' build argument 'catkin_cmake_args' from command line to 'None'
[0.477s] Level 5:colcon.colcon_core.verb:set package 'px4_msgs' build argument 'catkin_skip_building_tests' from command line to 'False'
[0.478s] DEBUG:colcon.colcon_core.verb:Building package 'px4_msgs' with the following arguments: {'ament_cmake_args': None, 'build_base': '/home/shibin/ws_sensor_combined/build/px4_msgs', 'catkin_cmake_args': None, 'catkin_skip_building_tests': False, 'cmake_args': None, 'cmake_clean_cache': False, 'cmake_clean_first': False, 'cmake_force_configure': False, 'cmake_target': None, 'cmake_target_skip_unavailable': False, 'install_base': '/home/shibin/ws_sensor_combined/install/px4_msgs', 'merge_install': False, 'path': '/home/shibin/ws_sensor_combined/src/px4_msgs', 'symlink_install': False, 'test_result_base': None}
[0.478s] Level 5:colcon.colcon_core.verb:set package 'px4_ros_com' build argument 'cmake_args' from command line to 'None'
[0.478s] Level 5:colcon.colcon_core.verb:set package 'px4_ros_com' build argument 'cmake_target' from command line to 'None'
[0.478s] Level 5:colcon.colcon_core.verb:set package 'px4_ros_com' build argument 'cmake_target_skip_unavailable' from command line to 'False'
[0.478s] Level 5:colcon.colcon_core.verb:set package 'px4_ros_com' build argument 'cmake_clean_cache' from command line to 'False'
[0.478s] Level 5:colcon.colcon_core.verb:set package 'px4_ros_com' build argument 'cmake_clean_first' from command line to 'False'
[0.478s] Level 5:colcon.colcon_core.verb:set package 'px4_ros_com' build argument 'cmake_force_configure' from command line to 'False'
[0.478s] Level 5:colcon.colcon_core.verb:set package 'px4_ros_com' build argument 'ament_cmake_args' from command line to 'None'
[0.478s] Level 5:colcon.colcon_core.verb:set package 'px4_ros_com' build argument 'catkin_cmake_args' from command line to 'None'
[0.478s] Level 5:colcon.colcon_core.verb:set package 'px4_ros_com' build argument 'catkin_skip_building_tests' from command line to 'False'
[0.478s] DEBUG:colcon.colcon_core.verb:Building package 'px4_ros_com' with the following arguments: {'ament_cmake_args': None, 'build_base': '/home/shibin/ws_sensor_combined/build/px4_ros_com', 'catkin_cmake_args': None, 'catkin_skip_building_tests': False, 'cmake_args': None, 'cmake_clean_cache': False, 'cmake_clean_first': False, 'cmake_force_configure': False, 'cmake_target': None, 'cmake_target_skip_unavailable': False, 'install_base': '/home/shibin/ws_sensor_combined/install/px4_ros_com', 'merge_install': False, 'path': '/home/shibin/ws_sensor_combined/src/px4_ros_com', 'symlink_install': False, 'test_result_base': None}
[0.478s] INFO:colcon.colcon_core.executor:Executing jobs using 'parallel' executor
[0.479s] DEBUG:colcon.colcon_parallel_executor.executor.parallel:run_until_complete
[0.479s] INFO:colcon.colcon_ros.task.ament_cmake.build:Building ROS package in '/home/shibin/ws_sensor_combined/src/px4_msgs' with build type 'ament_cmake'
[0.480s] INFO:colcon.colcon_cmake.task.cmake.build:Building CMake package in '/home/shibin/ws_sensor_combined/src/px4_msgs'
[0.482s] INFO:colcon.colcon_core.plugin_system:Skipping extension 'colcon_core.shell.bat': Not used on non-Windows systems
[0.482s] INFO:colcon.colcon_core.shell:Skip shell extension 'powershell' for command environment: Not usable outside of PowerShell
[0.482s] DEBUG:colcon.colcon_core.shell:Skip shell extension 'dsv' for command environment
[0.492s] DEBUG:colcon.colcon_core.event_handler.log_command:Invoking command in '/home/shibin/ws_sensor_combined/build/px4_msgs': CMAKE_PREFIX_PATH=${CMAKE_PREFIX_PATH}:/home/shibin/project_ws/install/serp_rl:/home/shibin/project_ws/install/project_pkg:/home/shibin/project_ws/install/drone_simulation:/opt/ros/humble /usr/bin/cmake --build /home/shibin/ws_sensor_combined/build/px4_msgs -- -j8 -l8
[1.832s] DEBUG:colcon.colcon_core.event_handler.log_command:Invoked command in '/home/shibin/ws_sensor_combined/build/px4_msgs' returned '0': CMAKE_PREFIX_PATH=${CMAKE_PREFIX_PATH}:/home/shibin/project_ws/install/serp_rl:/home/shibin/project_ws/install/project_pkg:/home/shibin/project_ws/install/drone_simulation:/opt/ros/humble /usr/bin/cmake --build /home/shibin/ws_sensor_combined/build/px4_msgs -- -j8 -l8
[1.842s] DEBUG:colcon.colcon_core.event_handler.log_command:Invoking command in '/home/shibin/ws_sensor_combined/build/px4_msgs': CMAKE_PREFIX_PATH=${CMAKE_PREFIX_PATH}:/home/shibin/project_ws/install/serp_rl:/home/shibin/project_ws/install/project_pkg:/home/shibin/project_ws/install/drone_simulation:/opt/ros/humble /usr/bin/cmake --install /home/shibin/ws_sensor_combined/build/px4_msgs
[1.984s] Level 1:colcon.colcon_core.environment:create_environment_scripts_only(px4_msgs)
[1.985s] DEBUG:colcon.colcon_core.event_handler.log_command:Invoked command in '/home/shibin/ws_sensor_combined/build/px4_msgs' returned '0': CMAKE_PREFIX_PATH=${CMAKE_PREFIX_PATH}:/home/shibin/project_ws/install/serp_rl:/home/shibin/project_ws/install/project_pkg:/home/shibin/project_ws/install/drone_simulation:/opt/ros/humble /usr/bin/cmake --install /home/shibin/ws_sensor_combined/build/px4_msgs
[1.988s] Level 1:colcon.colcon_core.environment:checking '/home/shibin/ws_sensor_combined/install/px4_msgs' for CMake module files
[1.989s] Level 1:colcon.colcon_core.environment:checking '/home/shibin/ws_sensor_combined/install/px4_msgs' for CMake config files
[2.011s] Level 1:colcon.colcon_core.shell:create_environment_hook('px4_msgs', 'cmake_prefix_path')
[2.012s] INFO:colcon.colcon_core.shell:Creating environment hook '/home/shibin/ws_sensor_combined/install/px4_msgs/share/px4_msgs/hook/cmake_prefix_path.ps1'
[2.012s] INFO:colcon.colcon_core.shell:Creating environment descriptor '/home/shibin/ws_sensor_combined/install/px4_msgs/share/px4_msgs/hook/cmake_prefix_path.dsv'
[2.013s] INFO:colcon.colcon_core.shell:Creating environment hook '/home/shibin/ws_sensor_combined/install/px4_msgs/share/px4_msgs/hook/cmake_prefix_path.sh'
[2.014s] Level 1:colcon.colcon_core.environment:checking '/home/shibin/ws_sensor_combined/install/px4_msgs/lib'
[2.014s] Level 1:colcon.colcon_core.shell:create_environment_hook('px4_msgs', 'ld_library_path_lib')
[2.014s] INFO:colcon.colcon_core.shell:Creating environment hook '/home/shibin/ws_sensor_combined/install/px4_msgs/share/px4_msgs/hook/ld_library_path_lib.ps1'
[2.014s] INFO:colcon.colcon_core.shell:Creating environment descriptor '/home/shibin/ws_sensor_combined/install/px4_msgs/share/px4_msgs/hook/ld_library_path_lib.dsv'
[2.015s] INFO:colcon.colcon_core.shell:Creating environment hook '/home/shibin/ws_sensor_combined/install/px4_msgs/share/px4_msgs/hook/ld_library_path_lib.sh'
[2.015s] Level 1:colcon.colcon_core.environment:checking '/home/shibin/ws_sensor_combined/install/px4_msgs/bin'
[2.015s] Level 1:colcon.colcon_core.environment:checking '/home/shibin/ws_sensor_combined/install/px4_msgs/lib/pkgconfig/px4_msgs.pc'
[2.016s] Level 1:colcon.colcon_core.environment:checking '/home/shibin/ws_sensor_combined/install/px4_msgs/lib/python3.10/site-packages'
[2.016s] Level 1:colcon.colcon_core.environment:checking '/home/shibin/ws_sensor_combined/install/px4_msgs/bin'
[2.016s] INFO:colcon.colcon_core.shell:Creating package script '/home/shibin/ws_sensor_combined/install/px4_msgs/share/px4_msgs/package.ps1'
[2.017s] INFO:colcon.colcon_core.shell:Creating package descriptor '/home/shibin/ws_sensor_combined/install/px4_msgs/share/px4_msgs/package.dsv'
[2.018s] INFO:colcon.colcon_core.shell:Creating package script '/home/shibin/ws_sensor_combined/install/px4_msgs/share/px4_msgs/package.sh'
[2.018s] INFO:colcon.colcon_core.shell:Creating package script '/home/shibin/ws_sensor_combined/install/px4_msgs/share/px4_msgs/package.bash'
[2.019s] INFO:colcon.colcon_core.shell:Creating package script '/home/shibin/ws_sensor_combined/install/px4_msgs/share/px4_msgs/package.zsh'
[2.020s] Level 1:colcon.colcon_core.environment:create_file_with_runtime_dependencies(/home/shibin/ws_sensor_combined/install/px4_msgs/share/colcon-core/packages/px4_msgs)
[2.021s] Level 1:colcon.colcon_core.environment:create_environment_scripts_only(px4_msgs)
[2.021s] Level 1:colcon.colcon_core.environment:checking '/home/shibin/ws_sensor_combined/install/px4_msgs' for CMake module files
[2.022s] Level 1:colcon.colcon_core.environment:checking '/home/shibin/ws_sensor_combined/install/px4_msgs' for CMake config files
[2.045s] Level 1:colcon.colcon_core.shell:create_environment_hook('px4_msgs', 'cmake_prefix_path')
[2.046s] INFO:colcon.colcon_core.shell:Creating environment hook '/home/shibin/ws_sensor_combined/install/px4_msgs/share/px4_msgs/hook/cmake_prefix_path.ps1'
[2.047s] INFO:colcon.colcon_core.shell:Creating environment descriptor '/home/shibin/ws_sensor_combined/install/px4_msgs/share/px4_msgs/hook/cmake_prefix_path.dsv'
[2.047s] INFO:colcon.colcon_core.shell:Creating environment hook '/home/shibin/ws_sensor_combined/install/px4_msgs/share/px4_msgs/hook/cmake_prefix_path.sh'
[2.048s] Level 1:colcon.colcon_core.environment:checking '/home/shibin/ws_sensor_combined/install/px4_msgs/lib'
[2.048s] Level 1:colcon.colcon_core.shell:create_environment_hook('px4_msgs', 'ld_library_path_lib')
[2.048s] INFO:colcon.colcon_core.shell:Creating environment hook '/home/shibin/ws_sensor_combined/install/px4_msgs/share/px4_msgs/hook/ld_library_path_lib.ps1'
[2.049s] INFO:colcon.colcon_core.shell:Creating environment descriptor '/home/shibin/ws_sensor_combined/install/px4_msgs/share/px4_msgs/hook/ld_library_path_lib.dsv'
[2.050s] INFO:colcon.colcon_core.shell:Creating environment hook '/home/shibin/ws_sensor_combined/install/px4_msgs/share/px4_msgs/hook/ld_library_path_lib.sh'
[2.051s] Level 1:colcon.colcon_core.environment:checking '/home/shibin/ws_sensor_combined/install/px4_msgs/bin'
[2.051s] Level 1:colcon.colcon_core.environment:checking '/home/shibin/ws_sensor_combined/install/px4_msgs/lib/pkgconfig/px4_msgs.pc'
[2.051s] Level 1:colcon.colcon_core.environment:checking '/home/shibin/ws_sensor_combined/install/px4_msgs/lib/python3.10/site-packages'
[2.051s] Level 1:colcon.colcon_core.environment:checking '/home/shibin/ws_sensor_combined/install/px4_msgs/bin'
[2.052s] INFO:colcon.colcon_core.shell:Creating package script '/home/shibin/ws_sensor_combined/install/px4_msgs/share/px4_msgs/package.ps1'
[2.053s] INFO:colcon.colcon_core.shell:Creating package descriptor '/home/shibin/ws_sensor_combined/install/px4_msgs/share/px4_msgs/package.dsv'
[2.053s] INFO:colcon.colcon_core.shell:Creating package script '/home/shibin/ws_sensor_combined/install/px4_msgs/share/px4_msgs/package.sh'
[2.054s] INFO:colcon.colcon_core.shell:Creating package script '/home/shibin/ws_sensor_combined/install/px4_msgs/share/px4_msgs/package.bash'
[2.055s] INFO:colcon.colcon_core.shell:Creating package script '/home/shibin/ws_sensor_combined/install/px4_msgs/share/px4_msgs/package.zsh'
[2.056s] Level 1:colcon.colcon_core.environment:create_file_with_runtime_dependencies(/home/shibin/ws_sensor_combined/install/px4_msgs/share/colcon-core/packages/px4_msgs)
[2.056s] INFO:colcon.colcon_ros.task.ament_cmake.build:Building ROS package in '/home/shibin/ws_sensor_combined/src/px4_ros_com' with build type 'ament_cmake'
[2.057s] INFO:colcon.colcon_cmake.task.cmake.build:Building CMake package in '/home/shibin/ws_sensor_combined/src/px4_ros_com'
[2.057s] INFO:colcon.colcon_core.shell:Skip shell extension 'powershell' for command environment: Not usable outside of PowerShell
[2.057s] DEBUG:colcon.colcon_core.shell:Skip shell extension 'dsv' for command environment
[2.071s] DEBUG:colcon.colcon_core.event_handler.log_command:Invoking command in '/home/shibin/ws_sensor_combined/build/px4_ros_com': CMAKE_PREFIX_PATH=/home/shibin/ws_sensor_combined/install/px4_msgs:/home/shibin/ws_sensor_combined/install/px4_ros_com:/home/shibin/project_ws/install/tutorial_interfaces:/home/shibin/project_ws/install/serp_rl:/home/shibin/project_ws/install/project_pkg:/home/shibin/project_ws/install/drone_simulation:/opt/ros/humble LD_LIBRARY_PATH=/home/shibin/ws_sensor_combined/install/px4_msgs/lib:/home/shibin/ws_sensor_combined/install/px4_ros_com/lib:/home/shibin/project_ws/install/tutorial_interfaces/lib:/opt/ros/humble/opt/rviz_ogre_vendor/lib:/opt/ros/humble/lib/x86_64-linux-gnu:/opt/ros/humble/opt/ortools_vendor/lib:/opt/ros/humble/lib /usr/bin/cmake --build /home/shibin/ws_sensor_combined/build/px4_ros_com -- -j8 -l8
[2.577s] DEBUG:colcon.colcon_core.event_handler.log_command:Invoked command in '/home/shibin/ws_sensor_combined/build/px4_ros_com' returned '0': CMAKE_PREFIX_PATH=/home/shibin/ws_sensor_combined/install/px4_msgs:/home/shibin/ws_sensor_combined/install/px4_ros_com:/home/shibin/project_ws/install/tutorial_interfaces:/home/shibin/project_ws/install/serp_rl:/home/shibin/project_ws/install/project_pkg:/home/shibin/project_ws/install/drone_simulation:/opt/ros/humble LD_LIBRARY_PATH=/home/shibin/ws_sensor_combined/install/px4_msgs/lib:/home/shibin/ws_sensor_combined/install/px4_ros_com/lib:/home/shibin/project_ws/install/tutorial_interfaces/lib:/opt/ros/humble/opt/rviz_ogre_vendor/lib:/opt/ros/humble/lib/x86_64-linux-gnu:/opt/ros/humble/opt/ortools_vendor/lib:/opt/ros/humble/lib /usr/bin/cmake --build /home/shibin/ws_sensor_combined/build/px4_ros_com -- -j8 -l8
[2.579s] DEBUG:colcon.colcon_core.event_handler.log_command:Invoking command in '/home/shibin/ws_sensor_combined/build/px4_ros_com': CMAKE_PREFIX_PATH=/home/shibin/ws_sensor_combined/install/px4_msgs:/home/shibin/ws_sensor_combined/install/px4_ros_com:/home/shibin/project_ws/install/tutorial_interfaces:/home/shibin/project_ws/install/serp_rl:/home/shibin/project_ws/install/project_pkg:/home/shibin/project_ws/install/drone_simulation:/opt/ros/humble LD_LIBRARY_PATH=/home/shibin/ws_sensor_combined/install/px4_msgs/lib:/home/shibin/ws_sensor_combined/install/px4_ros_com/lib:/home/shibin/project_ws/install/tutorial_interfaces/lib:/opt/ros/humble/opt/rviz_ogre_vendor/lib:/opt/ros/humble/lib/x86_64-linux-gnu:/opt/ros/humble/opt/ortools_vendor/lib:/opt/ros/humble/lib /usr/bin/cmake --install /home/shibin/ws_sensor_combined/build/px4_ros_com
[2.635s] Level 1:colcon.colcon_core.environment:create_environment_scripts_only(px4_ros_com)
[2.635s] Level 1:colcon.colcon_core.environment:checking '/home/shibin/ws_sensor_combined/install/px4_ros_com' for CMake module files
[2.636s] DEBUG:colcon.colcon_core.event_handler.log_command:Invoked command in '/home/shibin/ws_sensor_combined/build/px4_ros_com' returned '0': CMAKE_PREFIX_PATH=/home/shibin/ws_sensor_combined/install/px4_msgs:/home/shibin/ws_sensor_combined/install/px4_ros_com:/home/shibin/project_ws/install/tutorial_interfaces:/home/shibin/project_ws/install/serp_rl:/home/shibin/project_ws/install/project_pkg:/home/shibin/project_ws/install/drone_simulation:/opt/ros/humble LD_LIBRARY_PATH=/home/shibin/ws_sensor_combined/install/px4_msgs/lib:/home/shibin/ws_sensor_combined/install/px4_ros_com/lib:/home/shibin/project_ws/install/tutorial_interfaces/lib:/opt/ros/humble/opt/rviz_ogre_vendor/lib:/opt/ros/humble/lib/x86_64-linux-gnu:/opt/ros/humble/opt/ortools_vendor/lib:/opt/ros/humble/lib /usr/bin/cmake --install /home/shibin/ws_sensor_combined/build/px4_ros_com
[2.636s] Level 1:colcon.colcon_core.environment:checking '/home/shibin/ws_sensor_combined/install/px4_ros_com' for CMake config files
[2.637s] Level 1:colcon.colcon_core.shell:create_environment_hook('px4_ros_com', 'cmake_prefix_path')
[2.637s] INFO:colcon.colcon_core.shell:Creating environment hook '/home/shibin/ws_sensor_combined/install/px4_ros_com/share/px4_ros_com/hook/cmake_prefix_path.ps1'
[2.637s] INFO:colcon.colcon_core.shell:Creating environment descriptor '/home/shibin/ws_sensor_combined/install/px4_ros_com/share/px4_ros_com/hook/cmake_prefix_path.dsv'
[2.638s] INFO:colcon.colcon_core.shell:Creating environment hook '/home/shibin/ws_sensor_combined/install/px4_ros_com/share/px4_ros_com/hook/cmake_prefix_path.sh'
[2.639s] Level 1:colcon.colcon_core.environment:checking '/home/shibin/ws_sensor_combined/install/px4_ros_com/lib'
[2.639s] Level 1:colcon.colcon_core.shell:create_environment_hook('px4_ros_com', 'ld_library_path_lib')
[2.639s] INFO:colcon.colcon_core.shell:Creating environment hook '/home/shibin/ws_sensor_combined/install/px4_ros_com/share/px4_ros_com/hook/ld_library_path_lib.ps1'
[2.639s] INFO:colcon.colcon_core.shell:Creating environment descriptor '/home/shibin/ws_sensor_combined/install/px4_ros_com/share/px4_ros_com/hook/ld_library_path_lib.dsv'
[2.640s] INFO:colcon.colcon_core.shell:Creating environment hook '/home/shibin/ws_sensor_combined/install/px4_ros_com/share/px4_ros_com/hook/ld_library_path_lib.sh'
[2.640s] Level 1:colcon.colcon_core.environment:checking '/home/shibin/ws_sensor_combined/install/px4_ros_com/bin'
[2.640s] Level 1:colcon.colcon_core.environment:checking '/home/shibin/ws_sensor_combined/install/px4_ros_com/lib/pkgconfig/px4_ros_com.pc'
[2.641s] Level 1:colcon.colcon_core.environment:checking '/home/shibin/ws_sensor_combined/install/px4_ros_com/lib/python3.10/site-packages'
[2.641s] Level 1:colcon.colcon_core.environment:checking '/home/shibin/ws_sensor_combined/install/px4_ros_com/bin'
[2.641s] INFO:colcon.colcon_core.shell:Creating package script '/home/shibin/ws_sensor_combined/install/px4_ros_com/share/px4_ros_com/package.ps1'
[2.642s] INFO:colcon.colcon_core.shell:Creating package descriptor '/home/shibin/ws_sensor_combined/install/px4_ros_com/share/px4_ros_com/package.dsv'
[2.642s] INFO:colcon.colcon_core.shell:Creating package script '/home/shibin/ws_sensor_combined/install/px4_ros_com/share/px4_ros_com/package.sh'
[2.643s] INFO:colcon.colcon_core.shell:Creating package script '/home/shibin/ws_sensor_combined/install/px4_ros_com/share/px4_ros_com/package.bash'
[2.643s] INFO:colcon.colcon_core.shell:Creating package script '/home/shibin/ws_sensor_combined/install/px4_ros_com/share/px4_ros_com/package.zsh'
[2.643s] Level 1:colcon.colcon_core.environment:create_file_with_runtime_dependencies(/home/shibin/ws_sensor_combined/install/px4_ros_com/share/colcon-core/packages/px4_ros_com)
[2.644s] Level 1:colcon.colcon_core.environment:create_environment_scripts_only(px4_ros_com)
[2.644s] Level 1:colcon.colcon_core.environment:checking '/home/shibin/ws_sensor_combined/install/px4_ros_com' for CMake module files
[2.645s] Level 1:colcon.colcon_core.environment:checking '/home/shibin/ws_sensor_combined/install/px4_ros_com' for CMake config files
[2.645s] Level 1:colcon.colcon_core.shell:create_environment_hook('px4_ros_com', 'cmake_prefix_path')
[2.646s] INFO:colcon.colcon_core.shell:Creating environment hook '/home/shibin/ws_sensor_combined/install/px4_ros_com/share/px4_ros_com/hook/cmake_prefix_path.ps1'
[2.646s] INFO:colcon.colcon_core.shell:Creating environment descriptor '/home/shibin/ws_sensor_combined/install/px4_ros_com/share/px4_ros_com/hook/cmake_prefix_path.dsv'
[2.646s] INFO:colcon.colcon_core.shell:Creating environment hook '/home/shibin/ws_sensor_combined/install/px4_ros_com/share/px4_ros_com/hook/cmake_prefix_path.sh'
[2.647s] Level 1:colcon.colcon_core.environment:checking '/home/shibin/ws_sensor_combined/install/px4_ros_com/lib'
[2.647s] Level 1:colcon.colcon_core.shell:create_environment_hook('px4_ros_com', 'ld_library_path_lib')
[2.647s] INFO:colcon.colcon_core.shell:Creating environment hook '/home/shibin/ws_sensor_combined/install/px4_ros_com/share/px4_ros_com/hook/ld_library_path_lib.ps1'
[2.647s] INFO:colcon.colcon_core.shell:Creating environment descriptor '/home/shibin/ws_sensor_combined/install/px4_ros_com/share/px4_ros_com/hook/ld_library_path_lib.dsv'
[2.648s] INFO:colcon.colcon_core.shell:Creating environment hook '/home/shibin/ws_sensor_combined/install/px4_ros_com/share/px4_ros_com/hook/ld_library_path_lib.sh'
[2.648s] Level 1:colcon.colcon_core.environment:checking '/home/shibin/ws_sensor_combined/install/px4_ros_com/bin'
[2.648s] Level 1:colcon.colcon_core.environment:checking '/home/shibin/ws_sensor_combined/install/px4_ros_com/lib/pkgconfig/px4_ros_com.pc'
[2.648s] Level 1:colcon.colcon_core.environment:checking '/home/shibin/ws_sensor_combined/install/px4_ros_com/lib/python3.10/site-packages'
[2.649s] Level 1:colcon.colcon_core.environment:checking '/home/shibin/ws_sensor_combined/install/px4_ros_com/bin'
[2.649s] INFO:colcon.colcon_core.shell:Creating package script '/home/shibin/ws_sensor_combined/install/px4_ros_com/share/px4_ros_com/package.ps1'
[2.649s] INFO:colcon.colcon_core.shell:Creating package descriptor '/home/shibin/ws_sensor_combined/install/px4_ros_com/share/px4_ros_com/package.dsv'
[2.650s] INFO:colcon.colcon_core.shell:Creating package script '/home/shibin/ws_sensor_combined/install/px4_ros_com/share/px4_ros_com/package.sh'
[2.650s] INFO:colcon.colcon_core.shell:Creating package script '/home/shibin/ws_sensor_combined/install/px4_ros_com/share/px4_ros_com/package.bash'
[2.651s] INFO:colcon.colcon_core.shell:Creating package script '/home/shibin/ws_sensor_combined/install/px4_ros_com/share/px4_ros_com/package.zsh'
[2.651s] Level 1:colcon.colcon_core.environment:create_file_with_runtime_dependencies(/home/shibin/ws_sensor_combined/install/px4_ros_com/share/colcon-core/packages/px4_ros_com)
[2.652s] DEBUG:colcon.colcon_parallel_executor.executor.parallel:closing loop
[2.652s] DEBUG:colcon.colcon_parallel_executor.executor.parallel:loop closed
[2.652s] DEBUG:colcon.colcon_parallel_executor.executor.parallel:run_until_complete finished with '0'
[2.652s] DEBUG:colcon.colcon_core.event_reactor:joining thread
[2.657s] INFO:colcon.colcon_core.plugin_system:Skipping extension 'colcon_notification.desktop_notification.terminal_notifier': Not used on non-Darwin systems
[2.657s] INFO:colcon.colcon_core.plugin_system:Skipping extension 'colcon_notification.desktop_notification.win32': Not used on non-Windows systems
[2.657s] INFO:colcon.colcon_notification.desktop_notification:Sending desktop notification using 'notify2'
[2.668s] DEBUG:colcon.colcon_core.event_reactor:joined thread
[2.669s] INFO:colcon.colcon_core.shell:Creating prefix script '/home/shibin/ws_sensor_combined/install/local_setup.ps1'
[2.670s] INFO:colcon.colcon_core.shell:Creating prefix util module '/home/shibin/ws_sensor_combined/install/_local_setup_util_ps1.py'
[2.672s] INFO:colcon.colcon_core.shell:Creating prefix chain script '/home/shibin/ws_sensor_combined/install/setup.ps1'
[2.673s] INFO:colcon.colcon_core.shell:Creating prefix script '/home/shibin/ws_sensor_combined/install/local_setup.sh'
[2.674s] INFO:colcon.colcon_core.shell:Creating prefix util module '/home/shibin/ws_sensor_combined/install/_local_setup_util_sh.py'
[2.675s] INFO:colcon.colcon_core.shell:Creating prefix chain script '/home/shibin/ws_sensor_combined/install/setup.sh'
[2.676s] INFO:colcon.colcon_core.shell:Creating prefix script '/home/shibin/ws_sensor_combined/install/local_setup.bash'
[2.677s] INFO:colcon.colcon_core.shell:Creating prefix chain script '/home/shibin/ws_sensor_combined/install/setup.bash'
[2.679s] INFO:colcon.colcon_core.shell:Creating prefix script '/home/shibin/ws_sensor_combined/install/local_setup.zsh'
[2.679s] INFO:colcon.colcon_core.shell:Creating prefix chain script '/home/shibin/ws_sensor_combined/install/setup.zsh'
