[1.320s] Invoking command in '/home/shibin/ws_sensor_combined/src/rrt_package': PYTHONPATH=/home/shibin/ws_sensor_combined/build/rrt_package/prefix_override:/usr/lib/python3/dist-packages/colcon_core/task/python/colcon_distutils_commands:/home/shibin/ws_sensor_combined/install/rrt_package/lib/python3.10/site-packages:${PYTHONPATH} /usr/bin/python3 -W ignore:setup.py install is deprecated -W ignore:easy_install command is deprecated setup.py egg_info --egg-base ../../build/rrt_package build --build-base /home/shibin/ws_sensor_combined/build/rrt_package/build install --record /home/shibin/ws_sensor_combined/build/rrt_package/install.log --single-version-externally-managed install_data
[1.759s] running egg_info
[1.759s] writing ../../build/rrt_package/rrt_package.egg-info/PKG-INFO
[1.760s] writing dependency_links to ../../build/rrt_package/rrt_package.egg-info/dependency_links.txt
[1.760s] writing entry points to ../../build/rrt_package/rrt_package.egg-info/entry_points.txt
[1.760s] writing requirements to ../../build/rrt_package/rrt_package.egg-info/requires.txt
[1.760s] writing top-level names to ../../build/rrt_package/rrt_package.egg-info/top_level.txt
[1.763s] reading manifest file '../../build/rrt_package/rrt_package.egg-info/SOURCES.txt'
[1.763s] adding license file 'LICENSE'
[1.763s] writing manifest file '../../build/rrt_package/rrt_package.egg-info/SOURCES.txt'
[1.764s] running build
[1.764s] running build_py
[1.764s] copying rrt_package/my_node.py -> /home/shibin/ws_sensor_combined/build/rrt_package/build/lib/rrt_package
[1.764s] running install
[1.764s] running install_lib
[1.764s] copying /home/shibin/ws_sensor_combined/build/rrt_package/build/lib/rrt_package/my_node.py -> /home/shibin/ws_sensor_combined/install/rrt_package/lib/python3.10/site-packages/rrt_package
[1.764s] byte-compiling /home/shibin/ws_sensor_combined/install/rrt_package/lib/python3.10/site-packages/rrt_package/my_node.py to my_node.cpython-310.pyc
[1.765s] running install_data
[1.765s] running install_egg_info
[1.765s] removing '/home/shibin/ws_sensor_combined/install/rrt_package/lib/python3.10/site-packages/rrt_package-0.0.0-py3.10.egg-info' (and everything under it)
[1.765s] Copying ../../build/rrt_package/rrt_package.egg-info to /home/shibin/ws_sensor_combined/install/rrt_package/lib/python3.10/site-packages/rrt_package-0.0.0-py3.10.egg-info
[1.765s] running install_scripts
[1.791s] Installing my_node script to /home/shibin/ws_sensor_combined/install/rrt_package/lib/rrt_package
[1.795s] writing list of installed files to '/home/shibin/ws_sensor_combined/build/rrt_package/install.log'
[1.838s] Invoked command in '/home/shibin/ws_sensor_combined/src/rrt_package' returned '0': PYTHONPATH=/home/shibin/ws_sensor_combined/build/rrt_package/prefix_override:/usr/lib/python3/dist-packages/colcon_core/task/python/colcon_distutils_commands:/home/shibin/ws_sensor_combined/install/rrt_package/lib/python3.10/site-packages:${PYTHONPATH} /usr/bin/python3 -W ignore:setup.py install is deprecated -W ignore:easy_install command is deprecated setup.py egg_info --egg-base ../../build/rrt_package build --build-base /home/shibin/ws_sensor_combined/build/rrt_package/build install --record /home/shibin/ws_sensor_combined/build/rrt_package/install.log --single-version-externally-managed install_data
