[2.418s] Invoking command in '/home/shibin/ws_sensor_combined/build/px4_ros_com': CMAKE_PREFIX_PATH=/home/shibin/ws_sensor_combined/install/px4_msgs:/home/shibin/ws_sensor_combined/install/px4_ros_com:/home/shibin/project_ws/install/tutorial_interfaces:/home/shibin/ws_sensor_combined/install/rrt_package:/home/shibin/ws_sensor_combined/install/px4_offboard:/home/shibin/ws_sensor_combined/install/gazebo_ros_bridge:/home/shibin/project_ws/install/serp_rl:/home/shibin/project_ws/install/project_pkg:/home/shibin/project_ws/install/drone_simulation:/opt/ros/humble LD_LIBRARY_PATH=/home/shibin/ws_sensor_combined/install/px4_msgs/lib:/home/shibin/ws_sensor_combined/install/px4_ros_com/lib:/home/shibin/project_ws/install/tutorial_interfaces/lib:/opt/ros/humble/opt/rviz_ogre_vendor/lib:/opt/ros/humble/lib/x86_64-linux-gnu:/opt/ros/humble/opt/ortools_vendor/lib:/opt/ros/humble/lib /usr/bin/cmake --build /home/shibin/ws_sensor_combined/build/px4_ros_com -- -j8 -l8
[2.822s] [ 16%] Built target debug_vect_advertiser
[2.823s] [ 50%] Built target frame_transforms
[2.823s] [ 50%] Built target vehicle_gps_position_listener
[2.839s] [ 66%] Built target sensor_combined_listener
[2.995s] [ 66%] Built target ament_cmake_python_copy_px4_ros_com
[3.025s] [ 83%] Built target offboard_control_srv
[3.058s] [100%] Built target offboard_control
[5.174s] running egg_info
[5.179s] writing px4_ros_com.egg-info/PKG-INFO
[5.180s] writing dependency_links to px4_ros_com.egg-info/dependency_links.txt
[5.181s] writing top-level names to px4_ros_com.egg-info/top_level.txt
[5.197s] reading manifest file 'px4_ros_com.egg-info/SOURCES.txt'
[5.202s] writing manifest file 'px4_ros_com.egg-info/SOURCES.txt'
[5.346s] [100%] Built target ament_cmake_python_build_px4_ros_com_egg
[5.393s] Invoked command in '/home/shibin/ws_sensor_combined/build/px4_ros_com' returned '0': CMAKE_PREFIX_PATH=/home/shibin/ws_sensor_combined/install/px4_msgs:/home/shibin/ws_sensor_combined/install/px4_ros_com:/home/shibin/project_ws/install/tutorial_interfaces:/home/shibin/ws_sensor_combined/install/rrt_package:/home/shibin/ws_sensor_combined/install/px4_offboard:/home/shibin/ws_sensor_combined/install/gazebo_ros_bridge:/home/shibin/project_ws/install/serp_rl:/home/shibin/project_ws/install/project_pkg:/home/shibin/project_ws/install/drone_simulation:/opt/ros/humble LD_LIBRARY_PATH=/home/shibin/ws_sensor_combined/install/px4_msgs/lib:/home/shibin/ws_sensor_combined/install/px4_ros_com/lib:/home/shibin/project_ws/install/tutorial_interfaces/lib:/opt/ros/humble/opt/rviz_ogre_vendor/lib:/opt/ros/humble/lib/x86_64-linux-gnu:/opt/ros/humble/opt/ortools_vendor/lib:/opt/ros/humble/lib /usr/bin/cmake --build /home/shibin/ws_sensor_combined/build/px4_ros_com -- -j8 -l8
[5.405s] Invoking command in '/home/shibin/ws_sensor_combined/build/px4_ros_com': CMAKE_PREFIX_PATH=/home/shibin/ws_sensor_combined/install/px4_msgs:/home/shibin/ws_sensor_combined/install/px4_ros_com:/home/shibin/project_ws/install/tutorial_interfaces:/home/shibin/ws_sensor_combined/install/rrt_package:/home/shibin/ws_sensor_combined/install/px4_offboard:/home/shibin/ws_sensor_combined/install/gazebo_ros_bridge:/home/shibin/project_ws/install/serp_rl:/home/shibin/project_ws/install/project_pkg:/home/shibin/project_ws/install/drone_simulation:/opt/ros/humble LD_LIBRARY_PATH=/home/shibin/ws_sensor_combined/install/px4_msgs/lib:/home/shibin/ws_sensor_combined/install/px4_ros_com/lib:/home/shibin/project_ws/install/tutorial_interfaces/lib:/opt/ros/humble/opt/rviz_ogre_vendor/lib:/opt/ros/humble/lib/x86_64-linux-gnu:/opt/ros/humble/opt/ortools_vendor/lib:/opt/ros/humble/lib /usr/bin/cmake --install /home/shibin/ws_sensor_combined/build/px4_ros_com
[5.437s] -- Install configuration: ""
[5.438s] -- Up-to-date: /home/shibin/ws_sensor_combined/install/px4_ros_com/lib/px4_ros_com/sensor_combined_listener
[5.440s] -- Up-to-date: /home/shibin/ws_sensor_combined/install/px4_ros_com/lib/px4_ros_com/vehicle_gps_position_listener
[5.441s] -- Up-to-date: /home/shibin/ws_sensor_combined/install/px4_ros_com/lib/px4_ros_com/debug_vect_advertiser
[5.442s] -- Up-to-date: /home/shibin/ws_sensor_combined/install/px4_ros_com/lib/px4_ros_com/offboard_control
[5.443s] -- Up-to-date: /home/shibin/ws_sensor_combined/install/px4_ros_com/lib/px4_ros_com/offboard_control_srv
[5.443s] -- Up-to-date: /home/shibin/ws_sensor_combined/install/px4_ros_com/share/px4_ros_com/environment/library_path.sh
[5.444s] -- Up-to-date: /home/shibin/ws_sensor_combined/install/px4_ros_com/share/px4_ros_com/environment/library_path.dsv
[5.445s] -- Up-to-date: /home/shibin/ws_sensor_combined/install/px4_ros_com/include/px4_ros_com
[5.446s] -- Up-to-date: /home/shibin/ws_sensor_combined/install/px4_ros_com/include/px4_ros_com/frame_transforms.h
[5.448s] -- Up-to-date: /home/shibin/ws_sensor_combined/install/px4_ros_com/lib/libframe_transforms.so
[5.449s] -- Up-to-date: /home/shibin/ws_sensor_combined/install/px4_ros_com/share/px4_ros_com//launch
[5.452s] -- Up-to-date: /home/shibin/ws_sensor_combined/install/px4_ros_com/share/px4_ros_com//launch/offboard_avoidance.launch.py
[5.453s] -- Up-to-date: /home/shibin/ws_sensor_combined/install/px4_ros_com/share/px4_ros_com//launch/offboard_control_launch.yaml
[5.454s] -- Up-to-date: /home/shibin/ws_sensor_combined/install/px4_ros_com/share/px4_ros_com//launch/sensor_combined_listener.launch.py
[5.456s] -- Up-to-date: /home/shibin/ws_sensor_combined/install/px4_ros_com/share/px4_ros_com//test
[5.460s] -- Up-to-date: /home/shibin/ws_sensor_combined/install/px4_ros_com/share/px4_ros_com//test/pipeline_io_test.py
[5.460s] -- Up-to-date: /home/shibin/ws_sensor_combined/install/px4_ros_com/share/px4_ros_com//test/test_output.py
[5.461s] -- Up-to-date: /home/shibin/ws_sensor_combined/install/px4_ros_com/share/px4_ros_com//test/test_input.py
[5.461s] -- Up-to-date: /home/shibin/ws_sensor_combined/install/px4_ros_com/share/px4_ros_com//test/__init__.py
[5.462s] -- Up-to-date: /home/shibin/ws_sensor_combined/install/px4_ros_com/share/px4_ros_com//config
[5.463s] -- Up-to-date: /home/shibin/ws_sensor_combined/install/px4_ros_com/share/px4_ros_com//config/gz_bridge.yaml
[5.463s] -- Up-to-date: /home/shibin/ws_sensor_combined/install/px4_ros_com/share/px4_ros_com/environment/pythonpath.sh
[5.464s] -- Up-to-date: /home/shibin/ws_sensor_combined/install/px4_ros_com/share/px4_ros_com/environment/pythonpath.dsv
[5.465s] -- Up-to-date: /home/shibin/ws_sensor_combined/install/px4_ros_com/local/lib/python3.10/dist-packages/px4_ros_com-0.1.0-py3.10.egg-info
[5.466s] -- Installing: /home/shibin/ws_sensor_combined/install/px4_ros_com/local/lib/python3.10/dist-packages/px4_ros_com-0.1.0-py3.10.egg-info/top_level.txt
[5.466s] -- Installing: /home/shibin/ws_sensor_combined/install/px4_ros_com/local/lib/python3.10/dist-packages/px4_ros_com-0.1.0-py3.10.egg-info/PKG-INFO
[5.468s] -- Installing: /home/shibin/ws_sensor_combined/install/px4_ros_com/local/lib/python3.10/dist-packages/px4_ros_com-0.1.0-py3.10.egg-info/SOURCES.txt
[5.469s] -- Installing: /home/shibin/ws_sensor_combined/install/px4_ros_com/local/lib/python3.10/dist-packages/px4_ros_com-0.1.0-py3.10.egg-info/dependency_links.txt
[5.470s] -- Up-to-date: /home/shibin/ws_sensor_combined/install/px4_ros_com/local/lib/python3.10/dist-packages/px4_ros_com
[5.470s] -- Up-to-date: /home/shibin/ws_sensor_combined/install/px4_ros_com/local/lib/python3.10/dist-packages/px4_ros_com/module_to_import.py
[5.471s] -- Up-to-date: /home/shibin/ws_sensor_combined/install/px4_ros_com/local/lib/python3.10/dist-packages/px4_ros_com/__init__.py
[5.679s] Listing '/home/shibin/ws_sensor_combined/install/px4_ros_com/local/lib/python3.10/dist-packages/px4_ros_com'...
[5.709s] -- Up-to-date: /home/shibin/ws_sensor_combined/install/px4_ros_com/lib/px4_ros_com/offboard_control.py
[5.710s] -- Up-to-date: /home/shibin/ws_sensor_combined/install/px4_ros_com/lib/px4_ros_com/obstacle_avoidance.py
[5.711s] -- Up-to-date: /home/shibin/ws_sensor_combined/install/px4_ros_com/lib/px4_ros_com/offboard_newposition.py
[5.711s] -- Up-to-date: /home/shibin/ws_sensor_combined/install/px4_ros_com/lib/px4_ros_com/path_planning_node.py
[5.713s] -- Up-to-date: /home/shibin/ws_sensor_combined/install/px4_ros_com/lib/px4_ros_com/takeoff_node.py
[5.714s] -- Up-to-date: /home/shibin/ws_sensor_combined/install/px4_ros_com/share/ament_index/resource_index/package_run_dependencies/px4_ros_com
[5.715s] -- Up-to-date: /home/shibin/ws_sensor_combined/install/px4_ros_com/share/ament_index/resource_index/parent_prefix_path/px4_ros_com
[5.716s] -- Up-to-date: /home/shibin/ws_sensor_combined/install/px4_ros_com/share/px4_ros_com/environment/ament_prefix_path.sh
[5.716s] -- Up-to-date: /home/shibin/ws_sensor_combined/install/px4_ros_com/share/px4_ros_com/environment/ament_prefix_path.dsv
[5.720s] -- Up-to-date: /home/shibin/ws_sensor_combined/install/px4_ros_com/share/px4_ros_com/environment/path.sh
[5.721s] -- Up-to-date: /home/shibin/ws_sensor_combined/install/px4_ros_com/share/px4_ros_com/environment/path.dsv
[5.722s] -- Up-to-date: /home/shibin/ws_sensor_combined/install/px4_ros_com/share/px4_ros_com/local_setup.bash
[5.723s] -- Up-to-date: /home/shibin/ws_sensor_combined/install/px4_ros_com/share/px4_ros_com/local_setup.sh
[5.723s] -- Up-to-date: /home/shibin/ws_sensor_combined/install/px4_ros_com/share/px4_ros_com/local_setup.zsh
[5.724s] -- Up-to-date: /home/shibin/ws_sensor_combined/install/px4_ros_com/share/px4_ros_com/local_setup.dsv
[5.725s] -- Installing: /home/shibin/ws_sensor_combined/install/px4_ros_com/share/px4_ros_com/package.dsv
[5.725s] -- Up-to-date: /home/shibin/ws_sensor_combined/install/px4_ros_com/share/ament_index/resource_index/packages/px4_ros_com
[5.726s] -- Up-to-date: /home/shibin/ws_sensor_combined/install/px4_ros_com/share/px4_ros_com/cmake/export_frame_transformsExport.cmake
[5.726s] -- Up-to-date: /home/shibin/ws_sensor_combined/install/px4_ros_com/share/px4_ros_com/cmake/export_frame_transformsExport-noconfig.cmake
[5.727s] -- Up-to-date: /home/shibin/ws_sensor_combined/install/px4_ros_com/share/px4_ros_com/cmake/ament_cmake_export_dependencies-extras.cmake
[5.727s] -- Up-to-date: /home/shibin/ws_sensor_combined/install/px4_ros_com/share/px4_ros_com/cmake/ament_cmake_export_targets-extras.cmake
[5.728s] -- Up-to-date: /home/shibin/ws_sensor_combined/install/px4_ros_com/share/px4_ros_com/cmake/ament_cmake_export_include_directories-extras.cmake
[5.728s] -- Up-to-date: /home/shibin/ws_sensor_combined/install/px4_ros_com/share/px4_ros_com/cmake/ament_cmake_export_libraries-extras.cmake
[5.729s] -- Up-to-date: /home/shibin/ws_sensor_combined/install/px4_ros_com/share/px4_ros_com/cmake/px4_ros_comConfig.cmake
[5.729s] -- Up-to-date: /home/shibin/ws_sensor_combined/install/px4_ros_com/share/px4_ros_com/cmake/px4_ros_comConfig-version.cmake
[5.730s] -- Up-to-date: /home/shibin/ws_sensor_combined/install/px4_ros_com/share/px4_ros_com/package.xml
[5.742s] Invoked command in '/home/shibin/ws_sensor_combined/build/px4_ros_com' returned '0': CMAKE_PREFIX_PATH=/home/shibin/ws_sensor_combined/install/px4_msgs:/home/shibin/ws_sensor_combined/install/px4_ros_com:/home/shibin/project_ws/install/tutorial_interfaces:/home/shibin/ws_sensor_combined/install/rrt_package:/home/shibin/ws_sensor_combined/install/px4_offboard:/home/shibin/ws_sensor_combined/install/gazebo_ros_bridge:/home/shibin/project_ws/install/serp_rl:/home/shibin/project_ws/install/project_pkg:/home/shibin/project_ws/install/drone_simulation:/opt/ros/humble LD_LIBRARY_PATH=/home/shibin/ws_sensor_combined/install/px4_msgs/lib:/home/shibin/ws_sensor_combined/install/px4_ros_com/lib:/home/shibin/project_ws/install/tutorial_interfaces/lib:/opt/ros/humble/opt/rviz_ogre_vendor/lib:/opt/ros/humble/lib/x86_64-linux-gnu:/opt/ros/humble/opt/ortools_vendor/lib:/opt/ros/humble/lib /usr/bin/cmake --install /home/shibin/ws_sensor_combined/build/px4_ros_com
