[0.262s] Invoking command in '/home/shibin/ros2_ws/build/px4_ros_com': CMAKE_PREFIX_PATH=/home/shibin/ros2_ws/install/px4_msgs:/home/shibin/ros2_ws/install/px4_ros_com:/home/shibin/ros2_ws/install/rrt_package:/home/shibin/ros2_ws/install/px4_offboard:/opt/ros/humble LD_LIBRARY_PATH=/home/shibin/ros2_ws/install/px4_msgs/lib:/home/shibin/ros2_ws/install/px4_ros_com/lib:/opt/ros/humble/opt/rviz_ogre_vendor/lib:/opt/ros/humble/lib/x86_64-linux-gnu:/opt/ros/humble/lib /usr/bin/cmake --build /home/shibin/ros2_ws/build/px4_ros_com -- -j8 -l8
[0.382s] [  0%] Built target ament_cmake_python_copy_px4_ros_com
[0.396s] [ 16%] Built target debug_vect_advertiser
[0.405s] [ 33%] Built target offboard_control
[0.405s] [ 50%] Built target sensor_combined_listener
[0.412s] [ 83%] Built target offboard_control_srv
[0.418s] [ 66%] Built target frame_transforms
[0.418s] [100%] Built target vehicle_gps_position_listener
[0.752s] running egg_info
[0.771s] writing px4_ros_com.egg-info/PKG-INFO
[0.771s] writing dependency_links to px4_ros_com.egg-info/dependency_links.txt
[0.771s] writing top-level names to px4_ros_com.egg-info/top_level.txt
[0.839s] reading manifest file 'px4_ros_com.egg-info/SOURCES.txt'
[0.840s] writing manifest file 'px4_ros_com.egg-info/SOURCES.txt'
[0.876s] [100%] Built target ament_cmake_python_build_px4_ros_com_egg
[0.887s] Invoked command in '/home/shibin/ros2_ws/build/px4_ros_com' returned '0': CMAKE_PREFIX_PATH=/home/shibin/ros2_ws/install/px4_msgs:/home/shibin/ros2_ws/install/px4_ros_com:/home/shibin/ros2_ws/install/rrt_package:/home/shibin/ros2_ws/install/px4_offboard:/opt/ros/humble LD_LIBRARY_PATH=/home/shibin/ros2_ws/install/px4_msgs/lib:/home/shibin/ros2_ws/install/px4_ros_com/lib:/opt/ros/humble/opt/rviz_ogre_vendor/lib:/opt/ros/humble/lib/x86_64-linux-gnu:/opt/ros/humble/lib /usr/bin/cmake --build /home/shibin/ros2_ws/build/px4_ros_com -- -j8 -l8
[0.889s] Invoking command in '/home/shibin/ros2_ws/build/px4_ros_com': CMAKE_PREFIX_PATH=/home/shibin/ros2_ws/install/px4_msgs:/home/shibin/ros2_ws/install/px4_ros_com:/home/shibin/ros2_ws/install/rrt_package:/home/shibin/ros2_ws/install/px4_offboard:/opt/ros/humble LD_LIBRARY_PATH=/home/shibin/ros2_ws/install/px4_msgs/lib:/home/shibin/ros2_ws/install/px4_ros_com/lib:/opt/ros/humble/opt/rviz_ogre_vendor/lib:/opt/ros/humble/lib/x86_64-linux-gnu:/opt/ros/humble/lib /usr/bin/cmake --install /home/shibin/ros2_ws/build/px4_ros_com
[0.901s] -- Install configuration: ""
[0.901s] -- Up-to-date: /home/shibin/ros2_ws/install/px4_ros_com/lib/px4_ros_com/sensor_combined_listener
[0.903s] -- Up-to-date: /home/shibin/ros2_ws/install/px4_ros_com/lib/px4_ros_com/vehicle_gps_position_listener
[0.905s] -- Up-to-date: /home/shibin/ros2_ws/install/px4_ros_com/lib/px4_ros_com/debug_vect_advertiser
[0.907s] -- Up-to-date: /home/shibin/ros2_ws/install/px4_ros_com/lib/px4_ros_com/offboard_control
[0.908s] -- Up-to-date: /home/shibin/ros2_ws/install/px4_ros_com/lib/px4_ros_com/offboard_control_srv
[0.909s] -- Up-to-date: /home/shibin/ros2_ws/install/px4_ros_com/share/px4_ros_com/environment/library_path.sh
[0.909s] -- Up-to-date: /home/shibin/ros2_ws/install/px4_ros_com/share/px4_ros_com/environment/library_path.dsv
[0.909s] -- Up-to-date: /home/shibin/ros2_ws/install/px4_ros_com/include/px4_ros_com
[0.910s] -- Up-to-date: /home/shibin/ros2_ws/install/px4_ros_com/include/px4_ros_com/frame_transforms.h
[0.911s] -- Up-to-date: /home/shibin/ros2_ws/install/px4_ros_com/lib/libframe_transforms.so
[0.912s] -- Up-to-date: /home/shibin/ros2_ws/install/px4_ros_com/share/px4_ros_com//launch
[0.912s] -- Up-to-date: /home/shibin/ros2_ws/install/px4_ros_com/share/px4_ros_com//launch/sensor_combined_listener.launch.py
[0.912s] -- Up-to-date: /home/shibin/ros2_ws/install/px4_ros_com/share/px4_ros_com//launch/offboard_control_launch.yaml
[0.912s] -- Up-to-date: /home/shibin/ros2_ws/install/px4_ros_com/share/px4_ros_com//test
[0.914s] -- Up-to-date: /home/shibin/ros2_ws/install/px4_ros_com/share/px4_ros_com//test/test_input.py
[0.914s] -- Up-to-date: /home/shibin/ros2_ws/install/px4_ros_com/share/px4_ros_com//test/pipeline_io_test.py
[0.914s] -- Up-to-date: /home/shibin/ros2_ws/install/px4_ros_com/share/px4_ros_com//test/__init__.py
[0.914s] -- Up-to-date: /home/shibin/ros2_ws/install/px4_ros_com/share/px4_ros_com//test/test_output.py
[0.914s] -- Up-to-date: /home/shibin/ros2_ws/install/px4_ros_com/share/px4_ros_com/environment/pythonpath.sh
[0.914s] -- Up-to-date: /home/shibin/ros2_ws/install/px4_ros_com/share/px4_ros_com/environment/pythonpath.dsv
[0.914s] -- Up-to-date: /home/shibin/ros2_ws/install/px4_ros_com/local/lib/python3.10/dist-packages/px4_ros_com-0.1.0-py3.10.egg-info
[0.915s] -- Installing: /home/shibin/ros2_ws/install/px4_ros_com/local/lib/python3.10/dist-packages/px4_ros_com-0.1.0-py3.10.egg-info/SOURCES.txt
[0.916s] -- Installing: /home/shibin/ros2_ws/install/px4_ros_com/local/lib/python3.10/dist-packages/px4_ros_com-0.1.0-py3.10.egg-info/dependency_links.txt
[0.916s] -- Installing: /home/shibin/ros2_ws/install/px4_ros_com/local/lib/python3.10/dist-packages/px4_ros_com-0.1.0-py3.10.egg-info/top_level.txt
[0.916s] -- Installing: /home/shibin/ros2_ws/install/px4_ros_com/local/lib/python3.10/dist-packages/px4_ros_com-0.1.0-py3.10.egg-info/PKG-INFO
[0.917s] -- Up-to-date: /home/shibin/ros2_ws/install/px4_ros_com/local/lib/python3.10/dist-packages/px4_ros_com
[0.917s] -- Up-to-date: /home/shibin/ros2_ws/install/px4_ros_com/local/lib/python3.10/dist-packages/px4_ros_com/module_to_import.py
[0.917s] -- Up-to-date: /home/shibin/ros2_ws/install/px4_ros_com/local/lib/python3.10/dist-packages/px4_ros_com/__init__.py
[0.961s] Listing '/home/shibin/ros2_ws/install/px4_ros_com/local/lib/python3.10/dist-packages/px4_ros_com'...
[0.967s] -- Up-to-date: /home/shibin/ros2_ws/install/px4_ros_com/lib/px4_ros_com/offboard_control.py
[0.967s] -- Up-to-date: /home/shibin/ros2_ws/install/px4_ros_com/share/ament_index/resource_index/package_run_dependencies/px4_ros_com
[0.967s] -- Up-to-date: /home/shibin/ros2_ws/install/px4_ros_com/share/ament_index/resource_index/parent_prefix_path/px4_ros_com
[0.967s] -- Up-to-date: /home/shibin/ros2_ws/install/px4_ros_com/share/px4_ros_com/environment/ament_prefix_path.sh
[0.967s] -- Up-to-date: /home/shibin/ros2_ws/install/px4_ros_com/share/px4_ros_com/environment/ament_prefix_path.dsv
[0.967s] -- Up-to-date: /home/shibin/ros2_ws/install/px4_ros_com/share/px4_ros_com/environment/path.sh
[0.967s] -- Up-to-date: /home/shibin/ros2_ws/install/px4_ros_com/share/px4_ros_com/environment/path.dsv
[0.967s] -- Up-to-date: /home/shibin/ros2_ws/install/px4_ros_com/share/px4_ros_com/local_setup.bash
[0.968s] -- Up-to-date: /home/shibin/ros2_ws/install/px4_ros_com/share/px4_ros_com/local_setup.sh
[0.968s] -- Up-to-date: /home/shibin/ros2_ws/install/px4_ros_com/share/px4_ros_com/local_setup.zsh
[0.968s] -- Up-to-date: /home/shibin/ros2_ws/install/px4_ros_com/share/px4_ros_com/local_setup.dsv
[0.968s] -- Installing: /home/shibin/ros2_ws/install/px4_ros_com/share/px4_ros_com/package.dsv
[0.968s] -- Up-to-date: /home/shibin/ros2_ws/install/px4_ros_com/share/ament_index/resource_index/packages/px4_ros_com
[0.968s] -- Up-to-date: /home/shibin/ros2_ws/install/px4_ros_com/share/px4_ros_com/cmake/export_frame_transformsExport.cmake
[0.968s] -- Up-to-date: /home/shibin/ros2_ws/install/px4_ros_com/share/px4_ros_com/cmake/export_frame_transformsExport-noconfig.cmake
[0.968s] -- Up-to-date: /home/shibin/ros2_ws/install/px4_ros_com/share/px4_ros_com/cmake/ament_cmake_export_dependencies-extras.cmake
[0.969s] -- Up-to-date: /home/shibin/ros2_ws/install/px4_ros_com/share/px4_ros_com/cmake/ament_cmake_export_targets-extras.cmake
[0.969s] -- Up-to-date: /home/shibin/ros2_ws/install/px4_ros_com/share/px4_ros_com/cmake/ament_cmake_export_include_directories-extras.cmake
[0.969s] -- Up-to-date: /home/shibin/ros2_ws/install/px4_ros_com/share/px4_ros_com/cmake/ament_cmake_export_libraries-extras.cmake
[0.969s] -- Up-to-date: /home/shibin/ros2_ws/install/px4_ros_com/share/px4_ros_com/cmake/px4_ros_comConfig.cmake
[0.969s] -- Up-to-date: /home/shibin/ros2_ws/install/px4_ros_com/share/px4_ros_com/cmake/px4_ros_comConfig-version.cmake
[0.969s] -- Up-to-date: /home/shibin/ros2_ws/install/px4_ros_com/share/px4_ros_com/package.xml
[0.971s] Invoked command in '/home/shibin/ros2_ws/build/px4_ros_com' returned '0': CMAKE_PREFIX_PATH=/home/shibin/ros2_ws/install/px4_msgs:/home/shibin/ros2_ws/install/px4_ros_com:/home/shibin/ros2_ws/install/rrt_package:/home/shibin/ros2_ws/install/px4_offboard:/opt/ros/humble LD_LIBRARY_PATH=/home/shibin/ros2_ws/install/px4_msgs/lib:/home/shibin/ros2_ws/install/px4_ros_com/lib:/opt/ros/humble/opt/rviz_ogre_vendor/lib:/opt/ros/humble/lib/x86_64-linux-gnu:/opt/ros/humble/lib /usr/bin/cmake --install /home/shibin/ros2_ws/build/px4_ros_com
