[0.396s] Invoking command in '/home/shibin/ws_sensor_combined/build/px4_ros_com': CMAKE_PREFIX_PATH=/home/shibin/ws_sensor_combined/install/px4_msgs:/home/shibin/ws_sensor_combined/install/px4_ros_com:/home/shibin/project_ws/install/tutorial_interfaces:/home/shibin/ws_sensor_combined/install/rrt_package:/home/shibin/ws_sensor_combined/install/px4_offboard:/home/shibin/ws_sensor_combined/install/gazebo_ros_bridge:/home/shibin/project_ws/install/serp_rl:/home/shibin/project_ws/install/project_pkg:/home/shibin/project_ws/install/drone_simulation:/opt/ros/humble LD_LIBRARY_PATH=/home/shibin/ws_sensor_combined/install/px4_msgs/lib:/home/shibin/ws_sensor_combined/install/px4_ros_com/lib:/home/shibin/project_ws/install/tutorial_interfaces/lib:/opt/ros/humble/opt/rviz_ogre_vendor/lib:/opt/ros/humble/lib/x86_64-linux-gnu:/opt/ros/humble/opt/ortools_vendor/lib:/opt/ros/humble/lib /usr/bin/cmake --build /home/shibin/ws_sensor_combined/build/px4_ros_com -- -j8 -l8
[0.485s] [ 16%] Built target vehicle_gps_position_listener
[0.486s] [ 33%] Built target sensor_combined_listener
[0.486s] [ 50%] Built target debug_vect_advertiser
[0.490s] [ 66%] Built target frame_transforms
[0.491s] [ 83%] Built target offboard_control
[0.493s] [ 83%] Built target ament_cmake_python_copy_px4_ros_com
[0.498s] [100%] Built target offboard_control_srv
[0.902s] running egg_info
[0.903s] writing px4_ros_com.egg-info/PKG-INFO
[0.903s] writing dependency_links to px4_ros_com.egg-info/dependency_links.txt
[0.903s] writing top-level names to px4_ros_com.egg-info/top_level.txt
[0.906s] reading manifest file 'px4_ros_com.egg-info/SOURCES.txt'
[0.907s] writing manifest file 'px4_ros_com.egg-info/SOURCES.txt'
[0.940s] [100%] Built target ament_cmake_python_build_px4_ros_com_egg
[0.951s] Invoked command in '/home/shibin/ws_sensor_combined/build/px4_ros_com' returned '0': CMAKE_PREFIX_PATH=/home/shibin/ws_sensor_combined/install/px4_msgs:/home/shibin/ws_sensor_combined/install/px4_ros_com:/home/shibin/project_ws/install/tutorial_interfaces:/home/shibin/ws_sensor_combined/install/rrt_package:/home/shibin/ws_sensor_combined/install/px4_offboard:/home/shibin/ws_sensor_combined/install/gazebo_ros_bridge:/home/shibin/project_ws/install/serp_rl:/home/shibin/project_ws/install/project_pkg:/home/shibin/project_ws/install/drone_simulation:/opt/ros/humble LD_LIBRARY_PATH=/home/shibin/ws_sensor_combined/install/px4_msgs/lib:/home/shibin/ws_sensor_combined/install/px4_ros_com/lib:/home/shibin/project_ws/install/tutorial_interfaces/lib:/opt/ros/humble/opt/rviz_ogre_vendor/lib:/opt/ros/humble/lib/x86_64-linux-gnu:/opt/ros/humble/opt/ortools_vendor/lib:/opt/ros/humble/lib /usr/bin/cmake --build /home/shibin/ws_sensor_combined/build/px4_ros_com -- -j8 -l8
[0.953s] Invoking command in '/home/shibin/ws_sensor_combined/build/px4_ros_com': CMAKE_PREFIX_PATH=/home/shibin/ws_sensor_combined/install/px4_msgs:/home/shibin/ws_sensor_combined/install/px4_ros_com:/home/shibin/project_ws/install/tutorial_interfaces:/home/shibin/ws_sensor_combined/install/rrt_package:/home/shibin/ws_sensor_combined/install/px4_offboard:/home/shibin/ws_sensor_combined/install/gazebo_ros_bridge:/home/shibin/project_ws/install/serp_rl:/home/shibin/project_ws/install/project_pkg:/home/shibin/project_ws/install/drone_simulation:/opt/ros/humble LD_LIBRARY_PATH=/home/shibin/ws_sensor_combined/install/px4_msgs/lib:/home/shibin/ws_sensor_combined/install/px4_ros_com/lib:/home/shibin/project_ws/install/tutorial_interfaces/lib:/opt/ros/humble/opt/rviz_ogre_vendor/lib:/opt/ros/humble/lib/x86_64-linux-gnu:/opt/ros/humble/opt/ortools_vendor/lib:/opt/ros/humble/lib /usr/bin/cmake --install /home/shibin/ws_sensor_combined/build/px4_ros_com
[0.961s] -- Install configuration: ""
[0.961s] -- Up-to-date: /home/shibin/ws_sensor_combined/install/px4_ros_com/lib/px4_ros_com/sensor_combined_listener
[0.961s] -- Up-to-date: /home/shibin/ws_sensor_combined/install/px4_ros_com/lib/px4_ros_com/vehicle_gps_position_listener
[0.962s] -- Up-to-date: /home/shibin/ws_sensor_combined/install/px4_ros_com/lib/px4_ros_com/debug_vect_advertiser
[0.962s] -- Up-to-date: /home/shibin/ws_sensor_combined/install/px4_ros_com/lib/px4_ros_com/offboard_control
[0.963s] -- Up-to-date: /home/shibin/ws_sensor_combined/install/px4_ros_com/lib/px4_ros_com/offboard_control_srv
[0.963s] -- Up-to-date: /home/shibin/ws_sensor_combined/install/px4_ros_com/share/px4_ros_com/environment/library_path.sh
[0.963s] -- Up-to-date: /home/shibin/ws_sensor_combined/install/px4_ros_com/share/px4_ros_com/environment/library_path.dsv
[0.963s] -- Up-to-date: /home/shibin/ws_sensor_combined/install/px4_ros_com/include/px4_ros_com
[0.964s] -- Up-to-date: /home/shibin/ws_sensor_combined/install/px4_ros_com/include/px4_ros_com/frame_transforms.h
[0.964s] -- Up-to-date: /home/shibin/ws_sensor_combined/install/px4_ros_com/lib/libframe_transforms.so
[0.964s] -- Up-to-date: /home/shibin/ws_sensor_combined/install/px4_ros_com/share/px4_ros_com//launch
[0.964s] -- Up-to-date: /home/shibin/ws_sensor_combined/install/px4_ros_com/share/px4_ros_com//launch/offboard_avoidance.launch.py
[0.964s] -- Up-to-date: /home/shibin/ws_sensor_combined/install/px4_ros_com/share/px4_ros_com//launch/offboard_control_launch.yaml
[0.964s] -- Up-to-date: /home/shibin/ws_sensor_combined/install/px4_ros_com/share/px4_ros_com//launch/sensor_combined_listener.launch.py
[0.964s] -- Up-to-date: /home/shibin/ws_sensor_combined/install/px4_ros_com/share/px4_ros_com//test
[0.964s] -- Up-to-date: /home/shibin/ws_sensor_combined/install/px4_ros_com/share/px4_ros_com//test/pipeline_io_test.py
[0.965s] -- Up-to-date: /home/shibin/ws_sensor_combined/install/px4_ros_com/share/px4_ros_com//test/test_output.py
[0.965s] -- Up-to-date: /home/shibin/ws_sensor_combined/install/px4_ros_com/share/px4_ros_com//test/test_input.py
[0.965s] -- Up-to-date: /home/shibin/ws_sensor_combined/install/px4_ros_com/share/px4_ros_com//test/__init__.py
[0.965s] -- Up-to-date: /home/shibin/ws_sensor_combined/install/px4_ros_com/share/px4_ros_com//config
[0.965s] -- Up-to-date: /home/shibin/ws_sensor_combined/install/px4_ros_com/share/px4_ros_com//config/gz_bridge.yaml
[0.965s] -- Up-to-date: /home/shibin/ws_sensor_combined/install/px4_ros_com/share/px4_ros_com/environment/pythonpath.sh
[0.965s] -- Up-to-date: /home/shibin/ws_sensor_combined/install/px4_ros_com/share/px4_ros_com/environment/pythonpath.dsv
[0.965s] -- Up-to-date: /home/shibin/ws_sensor_combined/install/px4_ros_com/local/lib/python3.10/dist-packages/px4_ros_com-0.1.0-py3.10.egg-info
[0.965s] -- Installing: /home/shibin/ws_sensor_combined/install/px4_ros_com/local/lib/python3.10/dist-packages/px4_ros_com-0.1.0-py3.10.egg-info/top_level.txt
[0.965s] -- Installing: /home/shibin/ws_sensor_combined/install/px4_ros_com/local/lib/python3.10/dist-packages/px4_ros_com-0.1.0-py3.10.egg-info/PKG-INFO
[0.965s] -- Installing: /home/shibin/ws_sensor_combined/install/px4_ros_com/local/lib/python3.10/dist-packages/px4_ros_com-0.1.0-py3.10.egg-info/SOURCES.txt
[0.966s] -- Installing: /home/shibin/ws_sensor_combined/install/px4_ros_com/local/lib/python3.10/dist-packages/px4_ros_com-0.1.0-py3.10.egg-info/dependency_links.txt
[0.966s] -- Up-to-date: /home/shibin/ws_sensor_combined/install/px4_ros_com/local/lib/python3.10/dist-packages/px4_ros_com
[0.966s] -- Up-to-date: /home/shibin/ws_sensor_combined/install/px4_ros_com/local/lib/python3.10/dist-packages/px4_ros_com/module_to_import.py
[0.966s] -- Up-to-date: /home/shibin/ws_sensor_combined/install/px4_ros_com/local/lib/python3.10/dist-packages/px4_ros_com/__init__.py
[1.006s] Listing '/home/shibin/ws_sensor_combined/install/px4_ros_com/local/lib/python3.10/dist-packages/px4_ros_com'...
[1.011s] -- Up-to-date: /home/shibin/ws_sensor_combined/install/px4_ros_com/lib/px4_ros_com/offboard_control.py
[1.011s] -- Up-to-date: /home/shibin/ws_sensor_combined/install/px4_ros_com/lib/px4_ros_com/obstacle_avoidance.py
[1.012s] -- Up-to-date: /home/shibin/ws_sensor_combined/install/px4_ros_com/lib/px4_ros_com/offboard_newposition.py
[1.012s] -- Up-to-date: /home/shibin/ws_sensor_combined/install/px4_ros_com/lib/px4_ros_com/path_planning_node.py
[1.012s] -- Up-to-date: /home/shibin/ws_sensor_combined/install/px4_ros_com/lib/px4_ros_com/takeoff_node.py
[1.012s] -- Up-to-date: /home/shibin/ws_sensor_combined/install/px4_ros_com/share/ament_index/resource_index/package_run_dependencies/px4_ros_com
[1.012s] -- Up-to-date: /home/shibin/ws_sensor_combined/install/px4_ros_com/share/ament_index/resource_index/parent_prefix_path/px4_ros_com
[1.012s] -- Up-to-date: /home/shibin/ws_sensor_combined/install/px4_ros_com/share/px4_ros_com/environment/ament_prefix_path.sh
[1.012s] -- Up-to-date: /home/shibin/ws_sensor_combined/install/px4_ros_com/share/px4_ros_com/environment/ament_prefix_path.dsv
[1.012s] -- Up-to-date: /home/shibin/ws_sensor_combined/install/px4_ros_com/share/px4_ros_com/environment/path.sh
[1.012s] -- Up-to-date: /home/shibin/ws_sensor_combined/install/px4_ros_com/share/px4_ros_com/environment/path.dsv
[1.012s] -- Up-to-date: /home/shibin/ws_sensor_combined/install/px4_ros_com/share/px4_ros_com/local_setup.bash
[1.012s] -- Up-to-date: /home/shibin/ws_sensor_combined/install/px4_ros_com/share/px4_ros_com/local_setup.sh
[1.012s] -- Up-to-date: /home/shibin/ws_sensor_combined/install/px4_ros_com/share/px4_ros_com/local_setup.zsh
[1.012s] -- Up-to-date: /home/shibin/ws_sensor_combined/install/px4_ros_com/share/px4_ros_com/local_setup.dsv
[1.013s] -- Installing: /home/shibin/ws_sensor_combined/install/px4_ros_com/share/px4_ros_com/package.dsv
[1.013s] -- Up-to-date: /home/shibin/ws_sensor_combined/install/px4_ros_com/share/ament_index/resource_index/packages/px4_ros_com
[1.013s] -- Up-to-date: /home/shibin/ws_sensor_combined/install/px4_ros_com/share/px4_ros_com/cmake/export_frame_transformsExport.cmake
[1.013s] -- Up-to-date: /home/shibin/ws_sensor_combined/install/px4_ros_com/share/px4_ros_com/cmake/export_frame_transformsExport-noconfig.cmake
[1.013s] -- Up-to-date: /home/shibin/ws_sensor_combined/install/px4_ros_com/share/px4_ros_com/cmake/ament_cmake_export_dependencies-extras.cmake
[1.013s] -- Up-to-date: /home/shibin/ws_sensor_combined/install/px4_ros_com/share/px4_ros_com/cmake/ament_cmake_export_targets-extras.cmake
[1.013s] -- Up-to-date: /home/shibin/ws_sensor_combined/install/px4_ros_com/share/px4_ros_com/cmake/ament_cmake_export_include_directories-extras.cmake
[1.013s] -- Up-to-date: /home/shibin/ws_sensor_combined/install/px4_ros_com/share/px4_ros_com/cmake/ament_cmake_export_libraries-extras.cmake
[1.013s] -- Up-to-date: /home/shibin/ws_sensor_combined/install/px4_ros_com/share/px4_ros_com/cmake/px4_ros_comConfig.cmake
[1.013s] -- Up-to-date: /home/shibin/ws_sensor_combined/install/px4_ros_com/share/px4_ros_com/cmake/px4_ros_comConfig-version.cmake
[1.013s] -- Up-to-date: /home/shibin/ws_sensor_combined/install/px4_ros_com/share/px4_ros_com/package.xml
[1.016s] Invoked command in '/home/shibin/ws_sensor_combined/build/px4_ros_com' returned '0': CMAKE_PREFIX_PATH=/home/shibin/ws_sensor_combined/install/px4_msgs:/home/shibin/ws_sensor_combined/install/px4_ros_com:/home/shibin/project_ws/install/tutorial_interfaces:/home/shibin/ws_sensor_combined/install/rrt_package:/home/shibin/ws_sensor_combined/install/px4_offboard:/home/shibin/ws_sensor_combined/install/gazebo_ros_bridge:/home/shibin/project_ws/install/serp_rl:/home/shibin/project_ws/install/project_pkg:/home/shibin/project_ws/install/drone_simulation:/opt/ros/humble LD_LIBRARY_PATH=/home/shibin/ws_sensor_combined/install/px4_msgs/lib:/home/shibin/ws_sensor_combined/install/px4_ros_com/lib:/home/shibin/project_ws/install/tutorial_interfaces/lib:/opt/ros/humble/opt/rviz_ogre_vendor/lib:/opt/ros/humble/lib/x86_64-linux-gnu:/opt/ros/humble/opt/ortools_vendor/lib:/opt/ros/humble/lib /usr/bin/cmake --install /home/shibin/ws_sensor_combined/build/px4_ros_com
